[2024-01-04T02:14:47.770+0000] {processor.py:161} INFO - Started process (PID=66) to work on /home/airflow/.local/lib/python3.8/site-packages/airflow/example_dags/example_short_circuit_decorator.py
[2024-01-04T02:14:47.771+0000] {processor.py:830} INFO - Processing file /home/airflow/.local/lib/python3.8/site-packages/airflow/example_dags/example_short_circuit_decorator.py for tasks to queue
[2024-01-04T02:14:47.773+0000] {logging_mixin.py:188} INFO - [2024-01-04T02:14:47.773+0000] {dagbag.py:538} INFO - Filling up the DagBag from /home/airflow/.local/lib/python3.8/site-packages/airflow/example_dags/example_short_circuit_decorator.py
[2024-01-04T02:14:47.787+0000] {processor.py:840} INFO - DAG(s) 'example_short_circuit_decorator' retrieved from /home/airflow/.local/lib/python3.8/site-packages/airflow/example_dags/example_short_circuit_decorator.py
[2024-01-04T02:14:47.933+0000] {logging_mixin.py:188} INFO - [2024-01-04T02:14:47.932+0000] {override.py:1769} INFO - Created Permission View: can edit on DAG:example_short_circuit_decorator
[2024-01-04T02:14:47.951+0000] {logging_mixin.py:188} INFO - [2024-01-04T02:14:47.950+0000] {override.py:1769} INFO - Created Permission View: can read on DAG:example_short_circuit_decorator
[2024-01-04T02:14:47.962+0000] {logging_mixin.py:188} INFO - [2024-01-04T02:14:47.962+0000] {override.py:1769} INFO - Created Permission View: can delete on DAG:example_short_circuit_decorator
[2024-01-04T02:14:47.963+0000] {logging_mixin.py:188} INFO - [2024-01-04T02:14:47.963+0000] {dag.py:3033} INFO - Sync 1 DAGs
[2024-01-04T02:14:47.983+0000] {logging_mixin.py:188} INFO - [2024-01-04T02:14:47.983+0000] {dag.py:3055} INFO - Creating ORM DAG for example_short_circuit_decorator
[2024-01-04T02:14:47.997+0000] {logging_mixin.py:188} INFO - [2024-01-04T02:14:47.997+0000] {dag.py:3820} INFO - Setting next_dagrun for example_short_circuit_decorator to 2024-01-03T00:00:00+00:00, run_after=2024-01-04T00:00:00+00:00
[2024-01-04T02:14:48.013+0000] {processor.py:183} INFO - Processing /home/airflow/.local/lib/python3.8/site-packages/airflow/example_dags/example_short_circuit_decorator.py took 0.246 seconds
[2024-01-04T02:15:18.452+0000] {processor.py:161} INFO - Started process (PID=121) to work on /home/airflow/.local/lib/python3.8/site-packages/airflow/example_dags/example_short_circuit_decorator.py
[2024-01-04T02:15:18.453+0000] {processor.py:830} INFO - Processing file /home/airflow/.local/lib/python3.8/site-packages/airflow/example_dags/example_short_circuit_decorator.py for tasks to queue
[2024-01-04T02:15:18.455+0000] {logging_mixin.py:188} INFO - [2024-01-04T02:15:18.454+0000] {dagbag.py:538} INFO - Filling up the DagBag from /home/airflow/.local/lib/python3.8/site-packages/airflow/example_dags/example_short_circuit_decorator.py
[2024-01-04T02:15:18.461+0000] {processor.py:840} INFO - DAG(s) 'example_short_circuit_decorator' retrieved from /home/airflow/.local/lib/python3.8/site-packages/airflow/example_dags/example_short_circuit_decorator.py
[2024-01-04T02:15:18.479+0000] {logging_mixin.py:188} INFO - [2024-01-04T02:15:18.479+0000] {dag.py:3033} INFO - Sync 1 DAGs
[2024-01-04T02:15:18.497+0000] {logging_mixin.py:188} INFO - [2024-01-04T02:15:18.497+0000] {dag.py:3820} INFO - Setting next_dagrun for example_short_circuit_decorator to 2024-01-03T00:00:00+00:00, run_after=2024-01-04T00:00:00+00:00
[2024-01-04T02:15:18.514+0000] {processor.py:183} INFO - Processing /home/airflow/.local/lib/python3.8/site-packages/airflow/example_dags/example_short_circuit_decorator.py took 0.064 seconds
[2024-01-04T02:15:49.041+0000] {processor.py:161} INFO - Started process (PID=176) to work on /home/airflow/.local/lib/python3.8/site-packages/airflow/example_dags/example_short_circuit_decorator.py
[2024-01-04T02:15:49.042+0000] {processor.py:830} INFO - Processing file /home/airflow/.local/lib/python3.8/site-packages/airflow/example_dags/example_short_circuit_decorator.py for tasks to queue
[2024-01-04T02:15:49.044+0000] {logging_mixin.py:188} INFO - [2024-01-04T02:15:49.044+0000] {dagbag.py:538} INFO - Filling up the DagBag from /home/airflow/.local/lib/python3.8/site-packages/airflow/example_dags/example_short_circuit_decorator.py
[2024-01-04T02:15:49.050+0000] {processor.py:840} INFO - DAG(s) 'example_short_circuit_decorator' retrieved from /home/airflow/.local/lib/python3.8/site-packages/airflow/example_dags/example_short_circuit_decorator.py
[2024-01-04T02:15:49.067+0000] {logging_mixin.py:188} INFO - [2024-01-04T02:15:49.067+0000] {dag.py:3033} INFO - Sync 1 DAGs
[2024-01-04T02:15:49.084+0000] {logging_mixin.py:188} INFO - [2024-01-04T02:15:49.084+0000] {dag.py:3820} INFO - Setting next_dagrun for example_short_circuit_decorator to 2024-01-03T00:00:00+00:00, run_after=2024-01-04T00:00:00+00:00
[2024-01-04T02:15:49.099+0000] {processor.py:183} INFO - Processing /home/airflow/.local/lib/python3.8/site-packages/airflow/example_dags/example_short_circuit_decorator.py took 0.060 seconds
[2024-01-04T02:16:19.279+0000] {processor.py:161} INFO - Started process (PID=231) to work on /home/airflow/.local/lib/python3.8/site-packages/airflow/example_dags/example_short_circuit_decorator.py
[2024-01-04T02:16:19.280+0000] {processor.py:830} INFO - Processing file /home/airflow/.local/lib/python3.8/site-packages/airflow/example_dags/example_short_circuit_decorator.py for tasks to queue
[2024-01-04T02:16:19.282+0000] {logging_mixin.py:188} INFO - [2024-01-04T02:16:19.282+0000] {dagbag.py:538} INFO - Filling up the DagBag from /home/airflow/.local/lib/python3.8/site-packages/airflow/example_dags/example_short_circuit_decorator.py
[2024-01-04T02:16:19.289+0000] {processor.py:840} INFO - DAG(s) 'example_short_circuit_decorator' retrieved from /home/airflow/.local/lib/python3.8/site-packages/airflow/example_dags/example_short_circuit_decorator.py
[2024-01-04T02:16:19.307+0000] {logging_mixin.py:188} INFO - [2024-01-04T02:16:19.307+0000] {dag.py:3033} INFO - Sync 1 DAGs
[2024-01-04T02:16:19.324+0000] {logging_mixin.py:188} INFO - [2024-01-04T02:16:19.324+0000] {dag.py:3820} INFO - Setting next_dagrun for example_short_circuit_decorator to 2024-01-03T00:00:00+00:00, run_after=2024-01-04T00:00:00+00:00
[2024-01-04T02:16:19.341+0000] {processor.py:183} INFO - Processing /home/airflow/.local/lib/python3.8/site-packages/airflow/example_dags/example_short_circuit_decorator.py took 0.064 seconds
[2024-01-04T02:16:49.672+0000] {processor.py:161} INFO - Started process (PID=286) to work on /home/airflow/.local/lib/python3.8/site-packages/airflow/example_dags/example_short_circuit_decorator.py
[2024-01-04T02:16:49.673+0000] {processor.py:830} INFO - Processing file /home/airflow/.local/lib/python3.8/site-packages/airflow/example_dags/example_short_circuit_decorator.py for tasks to queue
[2024-01-04T02:16:49.674+0000] {logging_mixin.py:188} INFO - [2024-01-04T02:16:49.674+0000] {dagbag.py:538} INFO - Filling up the DagBag from /home/airflow/.local/lib/python3.8/site-packages/airflow/example_dags/example_short_circuit_decorator.py
[2024-01-04T02:16:49.681+0000] {processor.py:840} INFO - DAG(s) 'example_short_circuit_decorator' retrieved from /home/airflow/.local/lib/python3.8/site-packages/airflow/example_dags/example_short_circuit_decorator.py
[2024-01-04T02:16:49.704+0000] {logging_mixin.py:188} INFO - [2024-01-04T02:16:49.704+0000] {dag.py:3033} INFO - Sync 1 DAGs
[2024-01-04T02:16:49.721+0000] {logging_mixin.py:188} INFO - [2024-01-04T02:16:49.721+0000] {dag.py:3820} INFO - Setting next_dagrun for example_short_circuit_decorator to 2024-01-03T00:00:00+00:00, run_after=2024-01-04T00:00:00+00:00
[2024-01-04T02:16:49.738+0000] {processor.py:183} INFO - Processing /home/airflow/.local/lib/python3.8/site-packages/airflow/example_dags/example_short_circuit_decorator.py took 0.069 seconds
[2024-01-04T02:17:19.952+0000] {processor.py:161} INFO - Started process (PID=341) to work on /home/airflow/.local/lib/python3.8/site-packages/airflow/example_dags/example_short_circuit_decorator.py
[2024-01-04T02:17:19.953+0000] {processor.py:830} INFO - Processing file /home/airflow/.local/lib/python3.8/site-packages/airflow/example_dags/example_short_circuit_decorator.py for tasks to queue
[2024-01-04T02:17:19.955+0000] {logging_mixin.py:188} INFO - [2024-01-04T02:17:19.955+0000] {dagbag.py:538} INFO - Filling up the DagBag from /home/airflow/.local/lib/python3.8/site-packages/airflow/example_dags/example_short_circuit_decorator.py
[2024-01-04T02:17:19.961+0000] {processor.py:840} INFO - DAG(s) 'example_short_circuit_decorator' retrieved from /home/airflow/.local/lib/python3.8/site-packages/airflow/example_dags/example_short_circuit_decorator.py
[2024-01-04T02:17:19.977+0000] {logging_mixin.py:188} INFO - [2024-01-04T02:17:19.977+0000] {dag.py:3033} INFO - Sync 1 DAGs
[2024-01-04T02:17:19.994+0000] {logging_mixin.py:188} INFO - [2024-01-04T02:17:19.994+0000] {dag.py:3820} INFO - Setting next_dagrun for example_short_circuit_decorator to 2024-01-03T00:00:00+00:00, run_after=2024-01-04T00:00:00+00:00
[2024-01-04T02:17:20.008+0000] {processor.py:183} INFO - Processing /home/airflow/.local/lib/python3.8/site-packages/airflow/example_dags/example_short_circuit_decorator.py took 0.059 seconds
[2024-01-04T02:17:50.943+0000] {processor.py:161} INFO - Started process (PID=396) to work on /home/airflow/.local/lib/python3.8/site-packages/airflow/example_dags/example_short_circuit_decorator.py
[2024-01-04T02:17:50.944+0000] {processor.py:830} INFO - Processing file /home/airflow/.local/lib/python3.8/site-packages/airflow/example_dags/example_short_circuit_decorator.py for tasks to queue
[2024-01-04T02:17:50.946+0000] {logging_mixin.py:188} INFO - [2024-01-04T02:17:50.946+0000] {dagbag.py:538} INFO - Filling up the DagBag from /home/airflow/.local/lib/python3.8/site-packages/airflow/example_dags/example_short_circuit_decorator.py
[2024-01-04T02:17:50.953+0000] {processor.py:840} INFO - DAG(s) 'example_short_circuit_decorator' retrieved from /home/airflow/.local/lib/python3.8/site-packages/airflow/example_dags/example_short_circuit_decorator.py
[2024-01-04T02:17:50.971+0000] {logging_mixin.py:188} INFO - [2024-01-04T02:17:50.971+0000] {dag.py:3033} INFO - Sync 1 DAGs
[2024-01-04T02:17:50.988+0000] {logging_mixin.py:188} INFO - [2024-01-04T02:17:50.988+0000] {dag.py:3820} INFO - Setting next_dagrun for example_short_circuit_decorator to 2024-01-03T00:00:00+00:00, run_after=2024-01-04T00:00:00+00:00
[2024-01-04T02:17:51.004+0000] {processor.py:183} INFO - Processing /home/airflow/.local/lib/python3.8/site-packages/airflow/example_dags/example_short_circuit_decorator.py took 0.063 seconds
[2024-01-04T02:18:21.273+0000] {processor.py:161} INFO - Started process (PID=451) to work on /home/airflow/.local/lib/python3.8/site-packages/airflow/example_dags/example_short_circuit_decorator.py
[2024-01-04T02:18:21.274+0000] {processor.py:830} INFO - Processing file /home/airflow/.local/lib/python3.8/site-packages/airflow/example_dags/example_short_circuit_decorator.py for tasks to queue
[2024-01-04T02:18:21.275+0000] {logging_mixin.py:188} INFO - [2024-01-04T02:18:21.275+0000] {dagbag.py:538} INFO - Filling up the DagBag from /home/airflow/.local/lib/python3.8/site-packages/airflow/example_dags/example_short_circuit_decorator.py
[2024-01-04T02:18:21.282+0000] {processor.py:840} INFO - DAG(s) 'example_short_circuit_decorator' retrieved from /home/airflow/.local/lib/python3.8/site-packages/airflow/example_dags/example_short_circuit_decorator.py
[2024-01-04T02:18:21.300+0000] {logging_mixin.py:188} INFO - [2024-01-04T02:18:21.299+0000] {dag.py:3033} INFO - Sync 1 DAGs
[2024-01-04T02:18:21.317+0000] {logging_mixin.py:188} INFO - [2024-01-04T02:18:21.317+0000] {dag.py:3820} INFO - Setting next_dagrun for example_short_circuit_decorator to 2024-01-03T00:00:00+00:00, run_after=2024-01-04T00:00:00+00:00
[2024-01-04T02:18:21.332+0000] {processor.py:183} INFO - Processing /home/airflow/.local/lib/python3.8/site-packages/airflow/example_dags/example_short_circuit_decorator.py took 0.062 seconds
[2024-01-04T02:18:51.419+0000] {processor.py:161} INFO - Started process (PID=506) to work on /home/airflow/.local/lib/python3.8/site-packages/airflow/example_dags/example_short_circuit_decorator.py
[2024-01-04T02:18:51.419+0000] {processor.py:830} INFO - Processing file /home/airflow/.local/lib/python3.8/site-packages/airflow/example_dags/example_short_circuit_decorator.py for tasks to queue
[2024-01-04T02:18:51.421+0000] {logging_mixin.py:188} INFO - [2024-01-04T02:18:51.421+0000] {dagbag.py:538} INFO - Filling up the DagBag from /home/airflow/.local/lib/python3.8/site-packages/airflow/example_dags/example_short_circuit_decorator.py
[2024-01-04T02:18:51.429+0000] {processor.py:840} INFO - DAG(s) 'example_short_circuit_decorator' retrieved from /home/airflow/.local/lib/python3.8/site-packages/airflow/example_dags/example_short_circuit_decorator.py
[2024-01-04T02:18:51.446+0000] {logging_mixin.py:188} INFO - [2024-01-04T02:18:51.446+0000] {dag.py:3033} INFO - Sync 1 DAGs
[2024-01-04T02:18:51.464+0000] {logging_mixin.py:188} INFO - [2024-01-04T02:18:51.463+0000] {dag.py:3820} INFO - Setting next_dagrun for example_short_circuit_decorator to 2024-01-03T00:00:00+00:00, run_after=2024-01-04T00:00:00+00:00
[2024-01-04T02:18:51.480+0000] {processor.py:183} INFO - Processing /home/airflow/.local/lib/python3.8/site-packages/airflow/example_dags/example_short_circuit_decorator.py took 0.064 seconds
[2024-01-04T02:19:21.649+0000] {processor.py:161} INFO - Started process (PID=561) to work on /home/airflow/.local/lib/python3.8/site-packages/airflow/example_dags/example_short_circuit_decorator.py
[2024-01-04T02:19:21.650+0000] {processor.py:830} INFO - Processing file /home/airflow/.local/lib/python3.8/site-packages/airflow/example_dags/example_short_circuit_decorator.py for tasks to queue
[2024-01-04T02:19:21.652+0000] {logging_mixin.py:188} INFO - [2024-01-04T02:19:21.652+0000] {dagbag.py:538} INFO - Filling up the DagBag from /home/airflow/.local/lib/python3.8/site-packages/airflow/example_dags/example_short_circuit_decorator.py
[2024-01-04T02:19:21.659+0000] {processor.py:840} INFO - DAG(s) 'example_short_circuit_decorator' retrieved from /home/airflow/.local/lib/python3.8/site-packages/airflow/example_dags/example_short_circuit_decorator.py
[2024-01-04T02:19:21.675+0000] {logging_mixin.py:188} INFO - [2024-01-04T02:19:21.674+0000] {dag.py:3033} INFO - Sync 1 DAGs
[2024-01-04T02:19:21.692+0000] {logging_mixin.py:188} INFO - [2024-01-04T02:19:21.692+0000] {dag.py:3820} INFO - Setting next_dagrun for example_short_circuit_decorator to 2024-01-03T00:00:00+00:00, run_after=2024-01-04T00:00:00+00:00
[2024-01-04T02:19:21.707+0000] {processor.py:183} INFO - Processing /home/airflow/.local/lib/python3.8/site-packages/airflow/example_dags/example_short_circuit_decorator.py took 0.060 seconds
[2024-01-04T02:19:51.861+0000] {processor.py:161} INFO - Started process (PID=616) to work on /home/airflow/.local/lib/python3.8/site-packages/airflow/example_dags/example_short_circuit_decorator.py
[2024-01-04T02:19:51.863+0000] {processor.py:830} INFO - Processing file /home/airflow/.local/lib/python3.8/site-packages/airflow/example_dags/example_short_circuit_decorator.py for tasks to queue
[2024-01-04T02:19:51.864+0000] {logging_mixin.py:188} INFO - [2024-01-04T02:19:51.864+0000] {dagbag.py:538} INFO - Filling up the DagBag from /home/airflow/.local/lib/python3.8/site-packages/airflow/example_dags/example_short_circuit_decorator.py
[2024-01-04T02:19:51.871+0000] {processor.py:840} INFO - DAG(s) 'example_short_circuit_decorator' retrieved from /home/airflow/.local/lib/python3.8/site-packages/airflow/example_dags/example_short_circuit_decorator.py
[2024-01-04T02:19:51.887+0000] {logging_mixin.py:188} INFO - [2024-01-04T02:19:51.887+0000] {dag.py:3033} INFO - Sync 1 DAGs
[2024-01-04T02:19:51.903+0000] {logging_mixin.py:188} INFO - [2024-01-04T02:19:51.903+0000] {dag.py:3820} INFO - Setting next_dagrun for example_short_circuit_decorator to 2024-01-03T00:00:00+00:00, run_after=2024-01-04T00:00:00+00:00
[2024-01-04T02:19:51.919+0000] {processor.py:183} INFO - Processing /home/airflow/.local/lib/python3.8/site-packages/airflow/example_dags/example_short_circuit_decorator.py took 0.060 seconds
[2024-01-04T02:20:21.983+0000] {processor.py:161} INFO - Started process (PID=671) to work on /home/airflow/.local/lib/python3.8/site-packages/airflow/example_dags/example_short_circuit_decorator.py
[2024-01-04T02:20:21.984+0000] {processor.py:830} INFO - Processing file /home/airflow/.local/lib/python3.8/site-packages/airflow/example_dags/example_short_circuit_decorator.py for tasks to queue
[2024-01-04T02:20:21.986+0000] {logging_mixin.py:188} INFO - [2024-01-04T02:20:21.986+0000] {dagbag.py:538} INFO - Filling up the DagBag from /home/airflow/.local/lib/python3.8/site-packages/airflow/example_dags/example_short_circuit_decorator.py
[2024-01-04T02:20:21.992+0000] {processor.py:840} INFO - DAG(s) 'example_short_circuit_decorator' retrieved from /home/airflow/.local/lib/python3.8/site-packages/airflow/example_dags/example_short_circuit_decorator.py
[2024-01-04T02:20:22.010+0000] {logging_mixin.py:188} INFO - [2024-01-04T02:20:22.010+0000] {dag.py:3033} INFO - Sync 1 DAGs
[2024-01-04T02:20:22.027+0000] {logging_mixin.py:188} INFO - [2024-01-04T02:20:22.027+0000] {dag.py:3820} INFO - Setting next_dagrun for example_short_circuit_decorator to 2024-01-03T00:00:00+00:00, run_after=2024-01-04T00:00:00+00:00
[2024-01-04T02:20:22.042+0000] {processor.py:183} INFO - Processing /home/airflow/.local/lib/python3.8/site-packages/airflow/example_dags/example_short_circuit_decorator.py took 0.062 seconds
[2024-01-04T02:20:52.401+0000] {processor.py:161} INFO - Started process (PID=726) to work on /home/airflow/.local/lib/python3.8/site-packages/airflow/example_dags/example_short_circuit_decorator.py
[2024-01-04T02:20:52.402+0000] {processor.py:830} INFO - Processing file /home/airflow/.local/lib/python3.8/site-packages/airflow/example_dags/example_short_circuit_decorator.py for tasks to queue
[2024-01-04T02:20:52.404+0000] {logging_mixin.py:188} INFO - [2024-01-04T02:20:52.404+0000] {dagbag.py:538} INFO - Filling up the DagBag from /home/airflow/.local/lib/python3.8/site-packages/airflow/example_dags/example_short_circuit_decorator.py
[2024-01-04T02:20:52.411+0000] {processor.py:840} INFO - DAG(s) 'example_short_circuit_decorator' retrieved from /home/airflow/.local/lib/python3.8/site-packages/airflow/example_dags/example_short_circuit_decorator.py
[2024-01-04T02:20:52.432+0000] {logging_mixin.py:188} INFO - [2024-01-04T02:20:52.432+0000] {dag.py:3033} INFO - Sync 1 DAGs
[2024-01-04T02:20:52.451+0000] {logging_mixin.py:188} INFO - [2024-01-04T02:20:52.451+0000] {dag.py:3820} INFO - Setting next_dagrun for example_short_circuit_decorator to 2024-01-03T00:00:00+00:00, run_after=2024-01-04T00:00:00+00:00
[2024-01-04T02:20:52.467+0000] {processor.py:183} INFO - Processing /home/airflow/.local/lib/python3.8/site-packages/airflow/example_dags/example_short_circuit_decorator.py took 0.068 seconds
[2024-01-04T02:21:22.630+0000] {processor.py:161} INFO - Started process (PID=781) to work on /home/airflow/.local/lib/python3.8/site-packages/airflow/example_dags/example_short_circuit_decorator.py
[2024-01-04T02:21:22.631+0000] {processor.py:830} INFO - Processing file /home/airflow/.local/lib/python3.8/site-packages/airflow/example_dags/example_short_circuit_decorator.py for tasks to queue
[2024-01-04T02:21:22.633+0000] {logging_mixin.py:188} INFO - [2024-01-04T02:21:22.633+0000] {dagbag.py:538} INFO - Filling up the DagBag from /home/airflow/.local/lib/python3.8/site-packages/airflow/example_dags/example_short_circuit_decorator.py
[2024-01-04T02:21:22.640+0000] {processor.py:840} INFO - DAG(s) 'example_short_circuit_decorator' retrieved from /home/airflow/.local/lib/python3.8/site-packages/airflow/example_dags/example_short_circuit_decorator.py
[2024-01-04T02:21:22.658+0000] {logging_mixin.py:188} INFO - [2024-01-04T02:21:22.658+0000] {dag.py:3033} INFO - Sync 1 DAGs
[2024-01-04T02:21:22.676+0000] {logging_mixin.py:188} INFO - [2024-01-04T02:21:22.675+0000] {dag.py:3820} INFO - Setting next_dagrun for example_short_circuit_decorator to 2024-01-03T00:00:00+00:00, run_after=2024-01-04T00:00:00+00:00
[2024-01-04T02:21:22.691+0000] {processor.py:183} INFO - Processing /home/airflow/.local/lib/python3.8/site-packages/airflow/example_dags/example_short_circuit_decorator.py took 0.062 seconds
[2024-01-04T02:21:52.805+0000] {processor.py:161} INFO - Started process (PID=837) to work on /home/airflow/.local/lib/python3.8/site-packages/airflow/example_dags/example_short_circuit_decorator.py
[2024-01-04T02:21:52.806+0000] {processor.py:830} INFO - Processing file /home/airflow/.local/lib/python3.8/site-packages/airflow/example_dags/example_short_circuit_decorator.py for tasks to queue
[2024-01-04T02:21:52.808+0000] {logging_mixin.py:188} INFO - [2024-01-04T02:21:52.808+0000] {dagbag.py:538} INFO - Filling up the DagBag from /home/airflow/.local/lib/python3.8/site-packages/airflow/example_dags/example_short_circuit_decorator.py
[2024-01-04T02:21:52.815+0000] {processor.py:840} INFO - DAG(s) 'example_short_circuit_decorator' retrieved from /home/airflow/.local/lib/python3.8/site-packages/airflow/example_dags/example_short_circuit_decorator.py
[2024-01-04T02:21:52.833+0000] {logging_mixin.py:188} INFO - [2024-01-04T02:21:52.833+0000] {dag.py:3033} INFO - Sync 1 DAGs
[2024-01-04T02:21:52.850+0000] {logging_mixin.py:188} INFO - [2024-01-04T02:21:52.850+0000] {dag.py:3820} INFO - Setting next_dagrun for example_short_circuit_decorator to 2024-01-03T00:00:00+00:00, run_after=2024-01-04T00:00:00+00:00
[2024-01-04T02:21:52.871+0000] {processor.py:183} INFO - Processing /home/airflow/.local/lib/python3.8/site-packages/airflow/example_dags/example_short_circuit_decorator.py took 0.068 seconds
[2024-01-04T02:22:22.914+0000] {processor.py:161} INFO - Started process (PID=892) to work on /home/airflow/.local/lib/python3.8/site-packages/airflow/example_dags/example_short_circuit_decorator.py
[2024-01-04T02:22:22.914+0000] {processor.py:830} INFO - Processing file /home/airflow/.local/lib/python3.8/site-packages/airflow/example_dags/example_short_circuit_decorator.py for tasks to queue
[2024-01-04T02:22:22.916+0000] {logging_mixin.py:188} INFO - [2024-01-04T02:22:22.916+0000] {dagbag.py:538} INFO - Filling up the DagBag from /home/airflow/.local/lib/python3.8/site-packages/airflow/example_dags/example_short_circuit_decorator.py
[2024-01-04T02:22:22.922+0000] {processor.py:840} INFO - DAG(s) 'example_short_circuit_decorator' retrieved from /home/airflow/.local/lib/python3.8/site-packages/airflow/example_dags/example_short_circuit_decorator.py
[2024-01-04T02:22:22.939+0000] {logging_mixin.py:188} INFO - [2024-01-04T02:22:22.939+0000] {dag.py:3033} INFO - Sync 1 DAGs
[2024-01-04T02:22:22.955+0000] {logging_mixin.py:188} INFO - [2024-01-04T02:22:22.955+0000] {dag.py:3820} INFO - Setting next_dagrun for example_short_circuit_decorator to 2024-01-03T00:00:00+00:00, run_after=2024-01-04T00:00:00+00:00
[2024-01-04T02:22:22.973+0000] {processor.py:183} INFO - Processing /home/airflow/.local/lib/python3.8/site-packages/airflow/example_dags/example_short_circuit_decorator.py took 0.062 seconds
