[2024-01-04T02:14:45.914+0000] {processor.py:161} INFO - Started process (PID=51) to work on /home/airflow/.local/lib/python3.8/site-packages/airflow/example_dags/example_external_task_marker_dag.py
[2024-01-04T02:14:45.915+0000] {processor.py:830} INFO - Processing file /home/airflow/.local/lib/python3.8/site-packages/airflow/example_dags/example_external_task_marker_dag.py for tasks to queue
[2024-01-04T02:14:45.917+0000] {logging_mixin.py:188} INFO - [2024-01-04T02:14:45.917+0000] {dagbag.py:538} INFO - Filling up the DagBag from /home/airflow/.local/lib/python3.8/site-packages/airflow/example_dags/example_external_task_marker_dag.py
[2024-01-04T02:14:45.926+0000] {processor.py:840} INFO - DAG(s) 'example_external_task_marker_parent', 'example_external_task_marker_child' retrieved from /home/airflow/.local/lib/python3.8/site-packages/airflow/example_dags/example_external_task_marker_dag.py
[2024-01-04T02:14:46.005+0000] {logging_mixin.py:188} INFO - [2024-01-04T02:14:46.004+0000] {override.py:1769} INFO - Created Permission View: can edit on DAG:example_external_task_marker_parent
[2024-01-04T02:14:46.012+0000] {logging_mixin.py:188} INFO - [2024-01-04T02:14:46.012+0000] {override.py:1769} INFO - Created Permission View: can read on DAG:example_external_task_marker_parent
[2024-01-04T02:14:46.018+0000] {logging_mixin.py:188} INFO - [2024-01-04T02:14:46.018+0000] {override.py:1769} INFO - Created Permission View: can delete on DAG:example_external_task_marker_parent
[2024-01-04T02:14:46.032+0000] {logging_mixin.py:188} INFO - [2024-01-04T02:14:46.031+0000] {override.py:1769} INFO - Created Permission View: can edit on DAG:example_external_task_marker_child
[2024-01-04T02:14:46.038+0000] {logging_mixin.py:188} INFO - [2024-01-04T02:14:46.037+0000] {override.py:1769} INFO - Created Permission View: can read on DAG:example_external_task_marker_child
[2024-01-04T02:14:46.043+0000] {logging_mixin.py:188} INFO - [2024-01-04T02:14:46.043+0000] {override.py:1769} INFO - Created Permission View: can delete on DAG:example_external_task_marker_child
[2024-01-04T02:14:46.043+0000] {logging_mixin.py:188} INFO - [2024-01-04T02:14:46.043+0000] {dag.py:3033} INFO - Sync 2 DAGs
[2024-01-04T02:14:46.053+0000] {logging_mixin.py:188} INFO - [2024-01-04T02:14:46.053+0000] {dag.py:3055} INFO - Creating ORM DAG for example_external_task_marker_parent
[2024-01-04T02:14:46.053+0000] {logging_mixin.py:188} INFO - [2024-01-04T02:14:46.053+0000] {dag.py:3055} INFO - Creating ORM DAG for example_external_task_marker_child
[2024-01-04T02:14:46.054+0000] {logging_mixin.py:188} INFO - [2024-01-04T02:14:46.054+0000] {dag.py:3820} INFO - Setting next_dagrun for example_external_task_marker_child to None, run_after=None
[2024-01-04T02:14:46.055+0000] {logging_mixin.py:188} INFO - [2024-01-04T02:14:46.055+0000] {dag.py:3820} INFO - Setting next_dagrun for example_external_task_marker_parent to None, run_after=None
[2024-01-04T02:14:46.069+0000] {processor.py:183} INFO - Processing /home/airflow/.local/lib/python3.8/site-packages/airflow/example_dags/example_external_task_marker_dag.py took 0.157 seconds
[2024-01-04T02:15:16.700+0000] {processor.py:161} INFO - Started process (PID=106) to work on /home/airflow/.local/lib/python3.8/site-packages/airflow/example_dags/example_external_task_marker_dag.py
[2024-01-04T02:15:16.702+0000] {processor.py:830} INFO - Processing file /home/airflow/.local/lib/python3.8/site-packages/airflow/example_dags/example_external_task_marker_dag.py for tasks to queue
[2024-01-04T02:15:16.705+0000] {logging_mixin.py:188} INFO - [2024-01-04T02:15:16.705+0000] {dagbag.py:538} INFO - Filling up the DagBag from /home/airflow/.local/lib/python3.8/site-packages/airflow/example_dags/example_external_task_marker_dag.py
[2024-01-04T02:15:16.714+0000] {processor.py:840} INFO - DAG(s) 'example_external_task_marker_child', 'example_external_task_marker_parent' retrieved from /home/airflow/.local/lib/python3.8/site-packages/airflow/example_dags/example_external_task_marker_dag.py
[2024-01-04T02:15:16.744+0000] {logging_mixin.py:188} INFO - [2024-01-04T02:15:16.744+0000] {dag.py:3033} INFO - Sync 2 DAGs
[2024-01-04T02:15:16.757+0000] {logging_mixin.py:188} INFO - [2024-01-04T02:15:16.757+0000] {dag.py:3820} INFO - Setting next_dagrun for example_external_task_marker_child to None, run_after=None
[2024-01-04T02:15:16.761+0000] {logging_mixin.py:188} INFO - [2024-01-04T02:15:16.761+0000] {dag.py:3820} INFO - Setting next_dagrun for example_external_task_marker_parent to None, run_after=None
[2024-01-04T02:15:16.777+0000] {processor.py:183} INFO - Processing /home/airflow/.local/lib/python3.8/site-packages/airflow/example_dags/example_external_task_marker_dag.py took 0.081 seconds
[2024-01-04T02:15:47.289+0000] {processor.py:161} INFO - Started process (PID=161) to work on /home/airflow/.local/lib/python3.8/site-packages/airflow/example_dags/example_external_task_marker_dag.py
[2024-01-04T02:15:47.290+0000] {processor.py:830} INFO - Processing file /home/airflow/.local/lib/python3.8/site-packages/airflow/example_dags/example_external_task_marker_dag.py for tasks to queue
[2024-01-04T02:15:47.292+0000] {logging_mixin.py:188} INFO - [2024-01-04T02:15:47.292+0000] {dagbag.py:538} INFO - Filling up the DagBag from /home/airflow/.local/lib/python3.8/site-packages/airflow/example_dags/example_external_task_marker_dag.py
[2024-01-04T02:15:47.297+0000] {processor.py:840} INFO - DAG(s) 'example_external_task_marker_child', 'example_external_task_marker_parent' retrieved from /home/airflow/.local/lib/python3.8/site-packages/airflow/example_dags/example_external_task_marker_dag.py
[2024-01-04T02:15:47.320+0000] {logging_mixin.py:188} INFO - [2024-01-04T02:15:47.320+0000] {dag.py:3033} INFO - Sync 2 DAGs
[2024-01-04T02:15:47.332+0000] {logging_mixin.py:188} INFO - [2024-01-04T02:15:47.332+0000] {dag.py:3820} INFO - Setting next_dagrun for example_external_task_marker_child to None, run_after=None
[2024-01-04T02:15:47.336+0000] {logging_mixin.py:188} INFO - [2024-01-04T02:15:47.336+0000] {dag.py:3820} INFO - Setting next_dagrun for example_external_task_marker_parent to None, run_after=None
[2024-01-04T02:15:47.353+0000] {processor.py:183} INFO - Processing /home/airflow/.local/lib/python3.8/site-packages/airflow/example_dags/example_external_task_marker_dag.py took 0.066 seconds
[2024-01-04T02:16:17.600+0000] {processor.py:161} INFO - Started process (PID=216) to work on /home/airflow/.local/lib/python3.8/site-packages/airflow/example_dags/example_external_task_marker_dag.py
[2024-01-04T02:16:17.601+0000] {processor.py:830} INFO - Processing file /home/airflow/.local/lib/python3.8/site-packages/airflow/example_dags/example_external_task_marker_dag.py for tasks to queue
[2024-01-04T02:16:17.603+0000] {logging_mixin.py:188} INFO - [2024-01-04T02:16:17.603+0000] {dagbag.py:538} INFO - Filling up the DagBag from /home/airflow/.local/lib/python3.8/site-packages/airflow/example_dags/example_external_task_marker_dag.py
[2024-01-04T02:16:17.609+0000] {processor.py:840} INFO - DAG(s) 'example_external_task_marker_child', 'example_external_task_marker_parent' retrieved from /home/airflow/.local/lib/python3.8/site-packages/airflow/example_dags/example_external_task_marker_dag.py
[2024-01-04T02:16:17.631+0000] {logging_mixin.py:188} INFO - [2024-01-04T02:16:17.630+0000] {dag.py:3033} INFO - Sync 2 DAGs
[2024-01-04T02:16:17.644+0000] {logging_mixin.py:188} INFO - [2024-01-04T02:16:17.644+0000] {dag.py:3820} INFO - Setting next_dagrun for example_external_task_marker_child to None, run_after=None
[2024-01-04T02:16:17.648+0000] {logging_mixin.py:188} INFO - [2024-01-04T02:16:17.647+0000] {dag.py:3820} INFO - Setting next_dagrun for example_external_task_marker_parent to None, run_after=None
[2024-01-04T02:16:17.664+0000] {processor.py:183} INFO - Processing /home/airflow/.local/lib/python3.8/site-packages/airflow/example_dags/example_external_task_marker_dag.py took 0.067 seconds
[2024-01-04T02:16:47.816+0000] {processor.py:161} INFO - Started process (PID=271) to work on /home/airflow/.local/lib/python3.8/site-packages/airflow/example_dags/example_external_task_marker_dag.py
[2024-01-04T02:16:47.817+0000] {processor.py:830} INFO - Processing file /home/airflow/.local/lib/python3.8/site-packages/airflow/example_dags/example_external_task_marker_dag.py for tasks to queue
[2024-01-04T02:16:47.819+0000] {logging_mixin.py:188} INFO - [2024-01-04T02:16:47.819+0000] {dagbag.py:538} INFO - Filling up the DagBag from /home/airflow/.local/lib/python3.8/site-packages/airflow/example_dags/example_external_task_marker_dag.py
[2024-01-04T02:16:47.823+0000] {processor.py:840} INFO - DAG(s) 'example_external_task_marker_child', 'example_external_task_marker_parent' retrieved from /home/airflow/.local/lib/python3.8/site-packages/airflow/example_dags/example_external_task_marker_dag.py
[2024-01-04T02:16:47.843+0000] {logging_mixin.py:188} INFO - [2024-01-04T02:16:47.842+0000] {dag.py:3033} INFO - Sync 2 DAGs
[2024-01-04T02:16:47.852+0000] {logging_mixin.py:188} INFO - [2024-01-04T02:16:47.852+0000] {dag.py:3820} INFO - Setting next_dagrun for example_external_task_marker_child to None, run_after=None
[2024-01-04T02:16:47.855+0000] {logging_mixin.py:188} INFO - [2024-01-04T02:16:47.855+0000] {dag.py:3820} INFO - Setting next_dagrun for example_external_task_marker_parent to None, run_after=None
[2024-01-04T02:16:47.870+0000] {processor.py:183} INFO - Processing /home/airflow/.local/lib/python3.8/site-packages/airflow/example_dags/example_external_task_marker_dag.py took 0.057 seconds
[2024-01-04T02:17:18.218+0000] {processor.py:161} INFO - Started process (PID=326) to work on /home/airflow/.local/lib/python3.8/site-packages/airflow/example_dags/example_external_task_marker_dag.py
[2024-01-04T02:17:18.219+0000] {processor.py:830} INFO - Processing file /home/airflow/.local/lib/python3.8/site-packages/airflow/example_dags/example_external_task_marker_dag.py for tasks to queue
[2024-01-04T02:17:18.221+0000] {logging_mixin.py:188} INFO - [2024-01-04T02:17:18.221+0000] {dagbag.py:538} INFO - Filling up the DagBag from /home/airflow/.local/lib/python3.8/site-packages/airflow/example_dags/example_external_task_marker_dag.py
[2024-01-04T02:17:18.225+0000] {processor.py:840} INFO - DAG(s) 'example_external_task_marker_parent', 'example_external_task_marker_child' retrieved from /home/airflow/.local/lib/python3.8/site-packages/airflow/example_dags/example_external_task_marker_dag.py
[2024-01-04T02:17:18.241+0000] {logging_mixin.py:188} INFO - [2024-01-04T02:17:18.241+0000] {dag.py:3033} INFO - Sync 2 DAGs
[2024-01-04T02:17:18.250+0000] {logging_mixin.py:188} INFO - [2024-01-04T02:17:18.250+0000] {dag.py:3820} INFO - Setting next_dagrun for example_external_task_marker_child to None, run_after=None
[2024-01-04T02:17:18.254+0000] {logging_mixin.py:188} INFO - [2024-01-04T02:17:18.253+0000] {dag.py:3820} INFO - Setting next_dagrun for example_external_task_marker_parent to None, run_after=None
[2024-01-04T02:17:18.267+0000] {processor.py:183} INFO - Processing /home/airflow/.local/lib/python3.8/site-packages/airflow/example_dags/example_external_task_marker_dag.py took 0.051 seconds
[2024-01-04T02:17:48.326+0000] {processor.py:161} INFO - Started process (PID=381) to work on /home/airflow/.local/lib/python3.8/site-packages/airflow/example_dags/example_external_task_marker_dag.py
[2024-01-04T02:17:48.327+0000] {processor.py:830} INFO - Processing file /home/airflow/.local/lib/python3.8/site-packages/airflow/example_dags/example_external_task_marker_dag.py for tasks to queue
[2024-01-04T02:17:48.329+0000] {logging_mixin.py:188} INFO - [2024-01-04T02:17:48.329+0000] {dagbag.py:538} INFO - Filling up the DagBag from /home/airflow/.local/lib/python3.8/site-packages/airflow/example_dags/example_external_task_marker_dag.py
[2024-01-04T02:17:48.333+0000] {processor.py:840} INFO - DAG(s) 'example_external_task_marker_parent', 'example_external_task_marker_child' retrieved from /home/airflow/.local/lib/python3.8/site-packages/airflow/example_dags/example_external_task_marker_dag.py
[2024-01-04T02:17:48.350+0000] {logging_mixin.py:188} INFO - [2024-01-04T02:17:48.349+0000] {dag.py:3033} INFO - Sync 2 DAGs
[2024-01-04T02:17:48.359+0000] {logging_mixin.py:188} INFO - [2024-01-04T02:17:48.359+0000] {dag.py:3820} INFO - Setting next_dagrun for example_external_task_marker_child to None, run_after=None
[2024-01-04T02:17:48.362+0000] {logging_mixin.py:188} INFO - [2024-01-04T02:17:48.362+0000] {dag.py:3820} INFO - Setting next_dagrun for example_external_task_marker_parent to None, run_after=None
[2024-01-04T02:17:48.374+0000] {processor.py:183} INFO - Processing /home/airflow/.local/lib/python3.8/site-packages/airflow/example_dags/example_external_task_marker_dag.py took 0.050 seconds
[2024-01-04T02:18:18.665+0000] {processor.py:161} INFO - Started process (PID=436) to work on /home/airflow/.local/lib/python3.8/site-packages/airflow/example_dags/example_external_task_marker_dag.py
[2024-01-04T02:18:18.665+0000] {processor.py:830} INFO - Processing file /home/airflow/.local/lib/python3.8/site-packages/airflow/example_dags/example_external_task_marker_dag.py for tasks to queue
[2024-01-04T02:18:18.667+0000] {logging_mixin.py:188} INFO - [2024-01-04T02:18:18.667+0000] {dagbag.py:538} INFO - Filling up the DagBag from /home/airflow/.local/lib/python3.8/site-packages/airflow/example_dags/example_external_task_marker_dag.py
[2024-01-04T02:18:18.671+0000] {processor.py:840} INFO - DAG(s) 'example_external_task_marker_parent', 'example_external_task_marker_child' retrieved from /home/airflow/.local/lib/python3.8/site-packages/airflow/example_dags/example_external_task_marker_dag.py
[2024-01-04T02:18:18.689+0000] {logging_mixin.py:188} INFO - [2024-01-04T02:18:18.689+0000] {dag.py:3033} INFO - Sync 2 DAGs
[2024-01-04T02:18:18.698+0000] {logging_mixin.py:188} INFO - [2024-01-04T02:18:18.698+0000] {dag.py:3820} INFO - Setting next_dagrun for example_external_task_marker_child to None, run_after=None
[2024-01-04T02:18:18.701+0000] {logging_mixin.py:188} INFO - [2024-01-04T02:18:18.701+0000] {dag.py:3820} INFO - Setting next_dagrun for example_external_task_marker_parent to None, run_after=None
[2024-01-04T02:18:18.716+0000] {processor.py:183} INFO - Processing /home/airflow/.local/lib/python3.8/site-packages/airflow/example_dags/example_external_task_marker_dag.py took 0.053 seconds
[2024-01-04T02:18:48.815+0000] {processor.py:161} INFO - Started process (PID=491) to work on /home/airflow/.local/lib/python3.8/site-packages/airflow/example_dags/example_external_task_marker_dag.py
[2024-01-04T02:18:48.816+0000] {processor.py:830} INFO - Processing file /home/airflow/.local/lib/python3.8/site-packages/airflow/example_dags/example_external_task_marker_dag.py for tasks to queue
[2024-01-04T02:18:48.817+0000] {logging_mixin.py:188} INFO - [2024-01-04T02:18:48.817+0000] {dagbag.py:538} INFO - Filling up the DagBag from /home/airflow/.local/lib/python3.8/site-packages/airflow/example_dags/example_external_task_marker_dag.py
[2024-01-04T02:18:48.823+0000] {processor.py:840} INFO - DAG(s) 'example_external_task_marker_child', 'example_external_task_marker_parent' retrieved from /home/airflow/.local/lib/python3.8/site-packages/airflow/example_dags/example_external_task_marker_dag.py
[2024-01-04T02:18:48.842+0000] {logging_mixin.py:188} INFO - [2024-01-04T02:18:48.842+0000] {dag.py:3033} INFO - Sync 2 DAGs
[2024-01-04T02:18:48.854+0000] {logging_mixin.py:188} INFO - [2024-01-04T02:18:48.854+0000] {dag.py:3820} INFO - Setting next_dagrun for example_external_task_marker_child to None, run_after=None
[2024-01-04T02:18:48.858+0000] {logging_mixin.py:188} INFO - [2024-01-04T02:18:48.858+0000] {dag.py:3820} INFO - Setting next_dagrun for example_external_task_marker_parent to None, run_after=None
[2024-01-04T02:18:48.874+0000] {processor.py:183} INFO - Processing /home/airflow/.local/lib/python3.8/site-packages/airflow/example_dags/example_external_task_marker_dag.py took 0.062 seconds
[2024-01-04T02:19:18.957+0000] {processor.py:161} INFO - Started process (PID=546) to work on /home/airflow/.local/lib/python3.8/site-packages/airflow/example_dags/example_external_task_marker_dag.py
[2024-01-04T02:19:18.957+0000] {processor.py:830} INFO - Processing file /home/airflow/.local/lib/python3.8/site-packages/airflow/example_dags/example_external_task_marker_dag.py for tasks to queue
[2024-01-04T02:19:18.959+0000] {logging_mixin.py:188} INFO - [2024-01-04T02:19:18.959+0000] {dagbag.py:538} INFO - Filling up the DagBag from /home/airflow/.local/lib/python3.8/site-packages/airflow/example_dags/example_external_task_marker_dag.py
[2024-01-04T02:19:18.964+0000] {processor.py:840} INFO - DAG(s) 'example_external_task_marker_parent', 'example_external_task_marker_child' retrieved from /home/airflow/.local/lib/python3.8/site-packages/airflow/example_dags/example_external_task_marker_dag.py
[2024-01-04T02:19:18.982+0000] {logging_mixin.py:188} INFO - [2024-01-04T02:19:18.982+0000] {dag.py:3033} INFO - Sync 2 DAGs
[2024-01-04T02:19:18.992+0000] {logging_mixin.py:188} INFO - [2024-01-04T02:19:18.991+0000] {dag.py:3820} INFO - Setting next_dagrun for example_external_task_marker_child to None, run_after=None
[2024-01-04T02:19:18.994+0000] {logging_mixin.py:188} INFO - [2024-01-04T02:19:18.994+0000] {dag.py:3820} INFO - Setting next_dagrun for example_external_task_marker_parent to None, run_after=None
[2024-01-04T02:19:19.009+0000] {processor.py:183} INFO - Processing /home/airflow/.local/lib/python3.8/site-packages/airflow/example_dags/example_external_task_marker_dag.py took 0.055 seconds
[2024-01-04T02:19:49.097+0000] {processor.py:161} INFO - Started process (PID=601) to work on /home/airflow/.local/lib/python3.8/site-packages/airflow/example_dags/example_external_task_marker_dag.py
[2024-01-04T02:19:49.098+0000] {processor.py:830} INFO - Processing file /home/airflow/.local/lib/python3.8/site-packages/airflow/example_dags/example_external_task_marker_dag.py for tasks to queue
[2024-01-04T02:19:49.100+0000] {logging_mixin.py:188} INFO - [2024-01-04T02:19:49.100+0000] {dagbag.py:538} INFO - Filling up the DagBag from /home/airflow/.local/lib/python3.8/site-packages/airflow/example_dags/example_external_task_marker_dag.py
[2024-01-04T02:19:49.104+0000] {processor.py:840} INFO - DAG(s) 'example_external_task_marker_parent', 'example_external_task_marker_child' retrieved from /home/airflow/.local/lib/python3.8/site-packages/airflow/example_dags/example_external_task_marker_dag.py
[2024-01-04T02:19:49.122+0000] {logging_mixin.py:188} INFO - [2024-01-04T02:19:49.122+0000] {dag.py:3033} INFO - Sync 2 DAGs
[2024-01-04T02:19:49.133+0000] {logging_mixin.py:188} INFO - [2024-01-04T02:19:49.133+0000] {dag.py:3820} INFO - Setting next_dagrun for example_external_task_marker_child to None, run_after=None
[2024-01-04T02:19:49.136+0000] {logging_mixin.py:188} INFO - [2024-01-04T02:19:49.135+0000] {dag.py:3820} INFO - Setting next_dagrun for example_external_task_marker_parent to None, run_after=None
[2024-01-04T02:19:49.147+0000] {processor.py:183} INFO - Processing /home/airflow/.local/lib/python3.8/site-packages/airflow/example_dags/example_external_task_marker_dag.py took 0.053 seconds
[2024-01-04T02:20:19.254+0000] {processor.py:161} INFO - Started process (PID=656) to work on /home/airflow/.local/lib/python3.8/site-packages/airflow/example_dags/example_external_task_marker_dag.py
[2024-01-04T02:20:19.255+0000] {processor.py:830} INFO - Processing file /home/airflow/.local/lib/python3.8/site-packages/airflow/example_dags/example_external_task_marker_dag.py for tasks to queue
[2024-01-04T02:20:19.257+0000] {logging_mixin.py:188} INFO - [2024-01-04T02:20:19.257+0000] {dagbag.py:538} INFO - Filling up the DagBag from /home/airflow/.local/lib/python3.8/site-packages/airflow/example_dags/example_external_task_marker_dag.py
[2024-01-04T02:20:19.262+0000] {processor.py:840} INFO - DAG(s) 'example_external_task_marker_parent', 'example_external_task_marker_child' retrieved from /home/airflow/.local/lib/python3.8/site-packages/airflow/example_dags/example_external_task_marker_dag.py
[2024-01-04T02:20:19.281+0000] {logging_mixin.py:188} INFO - [2024-01-04T02:20:19.281+0000] {dag.py:3033} INFO - Sync 2 DAGs
[2024-01-04T02:20:19.291+0000] {logging_mixin.py:188} INFO - [2024-01-04T02:20:19.291+0000] {dag.py:3820} INFO - Setting next_dagrun for example_external_task_marker_child to None, run_after=None
[2024-01-04T02:20:19.295+0000] {logging_mixin.py:188} INFO - [2024-01-04T02:20:19.295+0000] {dag.py:3820} INFO - Setting next_dagrun for example_external_task_marker_parent to None, run_after=None
[2024-01-04T02:20:19.308+0000] {processor.py:183} INFO - Processing /home/airflow/.local/lib/python3.8/site-packages/airflow/example_dags/example_external_task_marker_dag.py took 0.056 seconds
[2024-01-04T02:20:49.605+0000] {processor.py:161} INFO - Started process (PID=711) to work on /home/airflow/.local/lib/python3.8/site-packages/airflow/example_dags/example_external_task_marker_dag.py
[2024-01-04T02:20:49.606+0000] {processor.py:830} INFO - Processing file /home/airflow/.local/lib/python3.8/site-packages/airflow/example_dags/example_external_task_marker_dag.py for tasks to queue
[2024-01-04T02:20:49.608+0000] {logging_mixin.py:188} INFO - [2024-01-04T02:20:49.607+0000] {dagbag.py:538} INFO - Filling up the DagBag from /home/airflow/.local/lib/python3.8/site-packages/airflow/example_dags/example_external_task_marker_dag.py
[2024-01-04T02:20:49.612+0000] {processor.py:840} INFO - DAG(s) 'example_external_task_marker_parent', 'example_external_task_marker_child' retrieved from /home/airflow/.local/lib/python3.8/site-packages/airflow/example_dags/example_external_task_marker_dag.py
[2024-01-04T02:20:49.630+0000] {logging_mixin.py:188} INFO - [2024-01-04T02:20:49.630+0000] {dag.py:3033} INFO - Sync 2 DAGs
[2024-01-04T02:20:49.639+0000] {logging_mixin.py:188} INFO - [2024-01-04T02:20:49.639+0000] {dag.py:3820} INFO - Setting next_dagrun for example_external_task_marker_child to None, run_after=None
[2024-01-04T02:20:49.642+0000] {logging_mixin.py:188} INFO - [2024-01-04T02:20:49.641+0000] {dag.py:3820} INFO - Setting next_dagrun for example_external_task_marker_parent to None, run_after=None
[2024-01-04T02:20:49.654+0000] {processor.py:183} INFO - Processing /home/airflow/.local/lib/python3.8/site-packages/airflow/example_dags/example_external_task_marker_dag.py took 0.051 seconds
[2024-01-04T02:21:19.785+0000] {processor.py:161} INFO - Started process (PID=766) to work on /home/airflow/.local/lib/python3.8/site-packages/airflow/example_dags/example_external_task_marker_dag.py
[2024-01-04T02:21:19.786+0000] {processor.py:830} INFO - Processing file /home/airflow/.local/lib/python3.8/site-packages/airflow/example_dags/example_external_task_marker_dag.py for tasks to queue
[2024-01-04T02:21:19.788+0000] {logging_mixin.py:188} INFO - [2024-01-04T02:21:19.788+0000] {dagbag.py:538} INFO - Filling up the DagBag from /home/airflow/.local/lib/python3.8/site-packages/airflow/example_dags/example_external_task_marker_dag.py
[2024-01-04T02:21:19.792+0000] {processor.py:840} INFO - DAG(s) 'example_external_task_marker_child', 'example_external_task_marker_parent' retrieved from /home/airflow/.local/lib/python3.8/site-packages/airflow/example_dags/example_external_task_marker_dag.py
[2024-01-04T02:21:19.808+0000] {logging_mixin.py:188} INFO - [2024-01-04T02:21:19.808+0000] {dag.py:3033} INFO - Sync 2 DAGs
[2024-01-04T02:21:19.817+0000] {logging_mixin.py:188} INFO - [2024-01-04T02:21:19.817+0000] {dag.py:3820} INFO - Setting next_dagrun for example_external_task_marker_child to None, run_after=None
[2024-01-04T02:21:19.820+0000] {logging_mixin.py:188} INFO - [2024-01-04T02:21:19.820+0000] {dag.py:3820} INFO - Setting next_dagrun for example_external_task_marker_parent to None, run_after=None
[2024-01-04T02:21:19.832+0000] {processor.py:183} INFO - Processing /home/airflow/.local/lib/python3.8/site-packages/airflow/example_dags/example_external_task_marker_dag.py took 0.049 seconds
[2024-01-04T02:21:50.098+0000] {processor.py:161} INFO - Started process (PID=822) to work on /home/airflow/.local/lib/python3.8/site-packages/airflow/example_dags/example_external_task_marker_dag.py
[2024-01-04T02:21:50.099+0000] {processor.py:830} INFO - Processing file /home/airflow/.local/lib/python3.8/site-packages/airflow/example_dags/example_external_task_marker_dag.py for tasks to queue
[2024-01-04T02:21:50.101+0000] {logging_mixin.py:188} INFO - [2024-01-04T02:21:50.101+0000] {dagbag.py:538} INFO - Filling up the DagBag from /home/airflow/.local/lib/python3.8/site-packages/airflow/example_dags/example_external_task_marker_dag.py
[2024-01-04T02:21:50.106+0000] {processor.py:840} INFO - DAG(s) 'example_external_task_marker_parent', 'example_external_task_marker_child' retrieved from /home/airflow/.local/lib/python3.8/site-packages/airflow/example_dags/example_external_task_marker_dag.py
[2024-01-04T02:21:50.126+0000] {logging_mixin.py:188} INFO - [2024-01-04T02:21:50.126+0000] {dag.py:3033} INFO - Sync 2 DAGs
[2024-01-04T02:21:50.137+0000] {logging_mixin.py:188} INFO - [2024-01-04T02:21:50.137+0000] {dag.py:3820} INFO - Setting next_dagrun for example_external_task_marker_child to None, run_after=None
[2024-01-04T02:21:50.141+0000] {logging_mixin.py:188} INFO - [2024-01-04T02:21:50.140+0000] {dag.py:3820} INFO - Setting next_dagrun for example_external_task_marker_parent to None, run_after=None
[2024-01-04T02:21:50.157+0000] {processor.py:183} INFO - Processing /home/airflow/.local/lib/python3.8/site-packages/airflow/example_dags/example_external_task_marker_dag.py took 0.061 seconds
[2024-01-04T02:22:20.361+0000] {processor.py:161} INFO - Started process (PID=877) to work on /home/airflow/.local/lib/python3.8/site-packages/airflow/example_dags/example_external_task_marker_dag.py
[2024-01-04T02:22:20.362+0000] {processor.py:830} INFO - Processing file /home/airflow/.local/lib/python3.8/site-packages/airflow/example_dags/example_external_task_marker_dag.py for tasks to queue
[2024-01-04T02:22:20.364+0000] {logging_mixin.py:188} INFO - [2024-01-04T02:22:20.364+0000] {dagbag.py:538} INFO - Filling up the DagBag from /home/airflow/.local/lib/python3.8/site-packages/airflow/example_dags/example_external_task_marker_dag.py
[2024-01-04T02:22:20.368+0000] {processor.py:840} INFO - DAG(s) 'example_external_task_marker_child', 'example_external_task_marker_parent' retrieved from /home/airflow/.local/lib/python3.8/site-packages/airflow/example_dags/example_external_task_marker_dag.py
[2024-01-04T02:22:20.387+0000] {logging_mixin.py:188} INFO - [2024-01-04T02:22:20.386+0000] {dag.py:3033} INFO - Sync 2 DAGs
[2024-01-04T02:22:20.396+0000] {logging_mixin.py:188} INFO - [2024-01-04T02:22:20.396+0000] {dag.py:3820} INFO - Setting next_dagrun for example_external_task_marker_child to None, run_after=None
[2024-01-04T02:22:20.400+0000] {logging_mixin.py:188} INFO - [2024-01-04T02:22:20.400+0000] {dag.py:3820} INFO - Setting next_dagrun for example_external_task_marker_parent to None, run_after=None
[2024-01-04T02:22:20.411+0000] {processor.py:183} INFO - Processing /home/airflow/.local/lib/python3.8/site-packages/airflow/example_dags/example_external_task_marker_dag.py took 0.052 seconds
