[2024-01-04T02:14:45.066+0000] {processor.py:161} INFO - Started process (PID=45) to work on /home/airflow/.local/lib/python3.8/site-packages/airflow/example_dags/example_xcomargs.py
[2024-01-04T02:14:45.067+0000] {processor.py:830} INFO - Processing file /home/airflow/.local/lib/python3.8/site-packages/airflow/example_dags/example_xcomargs.py for tasks to queue
[2024-01-04T02:14:45.069+0000] {logging_mixin.py:188} INFO - [2024-01-04T02:14:45.068+0000] {dagbag.py:538} INFO - Filling up the DagBag from /home/airflow/.local/lib/python3.8/site-packages/airflow/example_dags/example_xcomargs.py
[2024-01-04T02:14:45.083+0000] {processor.py:840} INFO - DAG(s) 'example_xcom_args', 'example_xcom_args_with_operators' retrieved from /home/airflow/.local/lib/python3.8/site-packages/airflow/example_dags/example_xcomargs.py
[2024-01-04T02:14:45.265+0000] {logging_mixin.py:188} INFO - [2024-01-04T02:14:45.264+0000] {override.py:1769} INFO - Created Permission View: can edit on DAG:example_xcom_args
[2024-01-04T02:14:45.277+0000] {logging_mixin.py:188} INFO - [2024-01-04T02:14:45.276+0000] {override.py:1769} INFO - Created Permission View: can read on DAG:example_xcom_args
[2024-01-04T02:14:45.287+0000] {logging_mixin.py:188} INFO - [2024-01-04T02:14:45.287+0000] {override.py:1769} INFO - Created Permission View: can delete on DAG:example_xcom_args
[2024-01-04T02:14:45.309+0000] {logging_mixin.py:188} INFO - [2024-01-04T02:14:45.308+0000] {override.py:1769} INFO - Created Permission View: can edit on DAG:example_xcom_args_with_operators
[2024-01-04T02:14:45.323+0000] {logging_mixin.py:188} INFO - [2024-01-04T02:14:45.322+0000] {override.py:1769} INFO - Created Permission View: can read on DAG:example_xcom_args_with_operators
[2024-01-04T02:14:45.336+0000] {logging_mixin.py:188} INFO - [2024-01-04T02:14:45.336+0000] {override.py:1769} INFO - Created Permission View: can delete on DAG:example_xcom_args_with_operators
[2024-01-04T02:14:45.337+0000] {logging_mixin.py:188} INFO - [2024-01-04T02:14:45.337+0000] {dag.py:3033} INFO - Sync 2 DAGs
[2024-01-04T02:14:45.353+0000] {logging_mixin.py:188} INFO - [2024-01-04T02:14:45.353+0000] {dag.py:3055} INFO - Creating ORM DAG for example_xcom_args
[2024-01-04T02:14:45.354+0000] {logging_mixin.py:188} INFO - [2024-01-04T02:14:45.354+0000] {dag.py:3055} INFO - Creating ORM DAG for example_xcom_args_with_operators
[2024-01-04T02:14:45.354+0000] {logging_mixin.py:188} INFO - [2024-01-04T02:14:45.354+0000] {dag.py:3820} INFO - Setting next_dagrun for example_xcom_args to None, run_after=None
[2024-01-04T02:14:45.355+0000] {logging_mixin.py:188} INFO - [2024-01-04T02:14:45.355+0000] {dag.py:3820} INFO - Setting next_dagrun for example_xcom_args_with_operators to None, run_after=None
[2024-01-04T02:14:45.389+0000] {processor.py:183} INFO - Processing /home/airflow/.local/lib/python3.8/site-packages/airflow/example_dags/example_xcomargs.py took 0.327 seconds
[2024-01-04T02:15:15.425+0000] {processor.py:161} INFO - Started process (PID=100) to work on /home/airflow/.local/lib/python3.8/site-packages/airflow/example_dags/example_xcomargs.py
[2024-01-04T02:15:15.426+0000] {processor.py:830} INFO - Processing file /home/airflow/.local/lib/python3.8/site-packages/airflow/example_dags/example_xcomargs.py for tasks to queue
[2024-01-04T02:15:15.428+0000] {logging_mixin.py:188} INFO - [2024-01-04T02:15:15.427+0000] {dagbag.py:538} INFO - Filling up the DagBag from /home/airflow/.local/lib/python3.8/site-packages/airflow/example_dags/example_xcomargs.py
[2024-01-04T02:15:15.437+0000] {processor.py:840} INFO - DAG(s) 'example_xcom_args_with_operators', 'example_xcom_args' retrieved from /home/airflow/.local/lib/python3.8/site-packages/airflow/example_dags/example_xcomargs.py
[2024-01-04T02:15:15.463+0000] {logging_mixin.py:188} INFO - [2024-01-04T02:15:15.463+0000] {dag.py:3033} INFO - Sync 2 DAGs
[2024-01-04T02:15:15.477+0000] {logging_mixin.py:188} INFO - [2024-01-04T02:15:15.476+0000] {dag.py:3820} INFO - Setting next_dagrun for example_xcom_args to None, run_after=None
[2024-01-04T02:15:15.481+0000] {logging_mixin.py:188} INFO - [2024-01-04T02:15:15.480+0000] {dag.py:3820} INFO - Setting next_dagrun for example_xcom_args_with_operators to None, run_after=None
[2024-01-04T02:15:15.499+0000] {processor.py:183} INFO - Processing /home/airflow/.local/lib/python3.8/site-packages/airflow/example_dags/example_xcomargs.py took 0.077 seconds
[2024-01-04T02:15:46.007+0000] {processor.py:161} INFO - Started process (PID=155) to work on /home/airflow/.local/lib/python3.8/site-packages/airflow/example_dags/example_xcomargs.py
[2024-01-04T02:15:46.008+0000] {processor.py:830} INFO - Processing file /home/airflow/.local/lib/python3.8/site-packages/airflow/example_dags/example_xcomargs.py for tasks to queue
[2024-01-04T02:15:46.010+0000] {logging_mixin.py:188} INFO - [2024-01-04T02:15:46.010+0000] {dagbag.py:538} INFO - Filling up the DagBag from /home/airflow/.local/lib/python3.8/site-packages/airflow/example_dags/example_xcomargs.py
[2024-01-04T02:15:46.016+0000] {processor.py:840} INFO - DAG(s) 'example_xcom_args', 'example_xcom_args_with_operators' retrieved from /home/airflow/.local/lib/python3.8/site-packages/airflow/example_dags/example_xcomargs.py
[2024-01-04T02:15:46.035+0000] {logging_mixin.py:188} INFO - [2024-01-04T02:15:46.035+0000] {dag.py:3033} INFO - Sync 2 DAGs
[2024-01-04T02:15:46.045+0000] {logging_mixin.py:188} INFO - [2024-01-04T02:15:46.045+0000] {dag.py:3820} INFO - Setting next_dagrun for example_xcom_args to None, run_after=None
[2024-01-04T02:15:46.048+0000] {logging_mixin.py:188} INFO - [2024-01-04T02:15:46.048+0000] {dag.py:3820} INFO - Setting next_dagrun for example_xcom_args_with_operators to None, run_after=None
[2024-01-04T02:15:46.063+0000] {processor.py:183} INFO - Processing /home/airflow/.local/lib/python3.8/site-packages/airflow/example_dags/example_xcomargs.py took 0.058 seconds
[2024-01-04T02:16:16.337+0000] {processor.py:161} INFO - Started process (PID=210) to work on /home/airflow/.local/lib/python3.8/site-packages/airflow/example_dags/example_xcomargs.py
[2024-01-04T02:16:16.338+0000] {processor.py:830} INFO - Processing file /home/airflow/.local/lib/python3.8/site-packages/airflow/example_dags/example_xcomargs.py for tasks to queue
[2024-01-04T02:16:16.340+0000] {logging_mixin.py:188} INFO - [2024-01-04T02:16:16.340+0000] {dagbag.py:538} INFO - Filling up the DagBag from /home/airflow/.local/lib/python3.8/site-packages/airflow/example_dags/example_xcomargs.py
[2024-01-04T02:16:16.347+0000] {processor.py:840} INFO - DAG(s) 'example_xcom_args', 'example_xcom_args_with_operators' retrieved from /home/airflow/.local/lib/python3.8/site-packages/airflow/example_dags/example_xcomargs.py
[2024-01-04T02:16:16.365+0000] {logging_mixin.py:188} INFO - [2024-01-04T02:16:16.365+0000] {dag.py:3033} INFO - Sync 2 DAGs
[2024-01-04T02:16:16.374+0000] {logging_mixin.py:188} INFO - [2024-01-04T02:16:16.374+0000] {dag.py:3820} INFO - Setting next_dagrun for example_xcom_args to None, run_after=None
[2024-01-04T02:16:16.377+0000] {logging_mixin.py:188} INFO - [2024-01-04T02:16:16.377+0000] {dag.py:3820} INFO - Setting next_dagrun for example_xcom_args_with_operators to None, run_after=None
[2024-01-04T02:16:16.390+0000] {processor.py:183} INFO - Processing /home/airflow/.local/lib/python3.8/site-packages/airflow/example_dags/example_xcomargs.py took 0.055 seconds
[2024-01-04T02:16:46.568+0000] {processor.py:161} INFO - Started process (PID=265) to work on /home/airflow/.local/lib/python3.8/site-packages/airflow/example_dags/example_xcomargs.py
[2024-01-04T02:16:46.569+0000] {processor.py:830} INFO - Processing file /home/airflow/.local/lib/python3.8/site-packages/airflow/example_dags/example_xcomargs.py for tasks to queue
[2024-01-04T02:16:46.571+0000] {logging_mixin.py:188} INFO - [2024-01-04T02:16:46.571+0000] {dagbag.py:538} INFO - Filling up the DagBag from /home/airflow/.local/lib/python3.8/site-packages/airflow/example_dags/example_xcomargs.py
[2024-01-04T02:16:46.577+0000] {processor.py:840} INFO - DAG(s) 'example_xcom_args_with_operators', 'example_xcom_args' retrieved from /home/airflow/.local/lib/python3.8/site-packages/airflow/example_dags/example_xcomargs.py
[2024-01-04T02:16:46.596+0000] {logging_mixin.py:188} INFO - [2024-01-04T02:16:46.595+0000] {dag.py:3033} INFO - Sync 2 DAGs
[2024-01-04T02:16:46.606+0000] {logging_mixin.py:188} INFO - [2024-01-04T02:16:46.606+0000] {dag.py:3820} INFO - Setting next_dagrun for example_xcom_args to None, run_after=None
[2024-01-04T02:16:46.610+0000] {logging_mixin.py:188} INFO - [2024-01-04T02:16:46.609+0000] {dag.py:3820} INFO - Setting next_dagrun for example_xcom_args_with_operators to None, run_after=None
[2024-01-04T02:16:46.625+0000] {processor.py:183} INFO - Processing /home/airflow/.local/lib/python3.8/site-packages/airflow/example_dags/example_xcomargs.py took 0.059 seconds
[2024-01-04T02:17:17.054+0000] {processor.py:161} INFO - Started process (PID=320) to work on /home/airflow/.local/lib/python3.8/site-packages/airflow/example_dags/example_xcomargs.py
[2024-01-04T02:17:17.055+0000] {processor.py:830} INFO - Processing file /home/airflow/.local/lib/python3.8/site-packages/airflow/example_dags/example_xcomargs.py for tasks to queue
[2024-01-04T02:17:17.056+0000] {logging_mixin.py:188} INFO - [2024-01-04T02:17:17.056+0000] {dagbag.py:538} INFO - Filling up the DagBag from /home/airflow/.local/lib/python3.8/site-packages/airflow/example_dags/example_xcomargs.py
[2024-01-04T02:17:17.064+0000] {processor.py:840} INFO - DAG(s) 'example_xcom_args_with_operators', 'example_xcom_args' retrieved from /home/airflow/.local/lib/python3.8/site-packages/airflow/example_dags/example_xcomargs.py
[2024-01-04T02:17:17.082+0000] {logging_mixin.py:188} INFO - [2024-01-04T02:17:17.082+0000] {dag.py:3033} INFO - Sync 2 DAGs
[2024-01-04T02:17:17.090+0000] {logging_mixin.py:188} INFO - [2024-01-04T02:17:17.090+0000] {dag.py:3820} INFO - Setting next_dagrun for example_xcom_args to None, run_after=None
[2024-01-04T02:17:17.093+0000] {logging_mixin.py:188} INFO - [2024-01-04T02:17:17.093+0000] {dag.py:3820} INFO - Setting next_dagrun for example_xcom_args_with_operators to None, run_after=None
[2024-01-04T02:17:17.106+0000] {processor.py:183} INFO - Processing /home/airflow/.local/lib/python3.8/site-packages/airflow/example_dags/example_xcomargs.py took 0.054 seconds
[2024-01-04T02:17:47.166+0000] {processor.py:161} INFO - Started process (PID=375) to work on /home/airflow/.local/lib/python3.8/site-packages/airflow/example_dags/example_xcomargs.py
[2024-01-04T02:17:47.167+0000] {processor.py:830} INFO - Processing file /home/airflow/.local/lib/python3.8/site-packages/airflow/example_dags/example_xcomargs.py for tasks to queue
[2024-01-04T02:17:47.169+0000] {logging_mixin.py:188} INFO - [2024-01-04T02:17:47.168+0000] {dagbag.py:538} INFO - Filling up the DagBag from /home/airflow/.local/lib/python3.8/site-packages/airflow/example_dags/example_xcomargs.py
[2024-01-04T02:17:47.174+0000] {processor.py:840} INFO - DAG(s) 'example_xcom_args_with_operators', 'example_xcom_args' retrieved from /home/airflow/.local/lib/python3.8/site-packages/airflow/example_dags/example_xcomargs.py
[2024-01-04T02:17:47.193+0000] {logging_mixin.py:188} INFO - [2024-01-04T02:17:47.192+0000] {dag.py:3033} INFO - Sync 2 DAGs
[2024-01-04T02:17:47.202+0000] {logging_mixin.py:188} INFO - [2024-01-04T02:17:47.202+0000] {dag.py:3820} INFO - Setting next_dagrun for example_xcom_args to None, run_after=None
[2024-01-04T02:17:47.205+0000] {logging_mixin.py:188} INFO - [2024-01-04T02:17:47.205+0000] {dag.py:3820} INFO - Setting next_dagrun for example_xcom_args_with_operators to None, run_after=None
[2024-01-04T02:17:47.218+0000] {processor.py:183} INFO - Processing /home/airflow/.local/lib/python3.8/site-packages/airflow/example_dags/example_xcomargs.py took 0.054 seconds
[2024-01-04T02:18:17.434+0000] {processor.py:161} INFO - Started process (PID=430) to work on /home/airflow/.local/lib/python3.8/site-packages/airflow/example_dags/example_xcomargs.py
[2024-01-04T02:18:17.434+0000] {processor.py:830} INFO - Processing file /home/airflow/.local/lib/python3.8/site-packages/airflow/example_dags/example_xcomargs.py for tasks to queue
[2024-01-04T02:18:17.436+0000] {logging_mixin.py:188} INFO - [2024-01-04T02:18:17.436+0000] {dagbag.py:538} INFO - Filling up the DagBag from /home/airflow/.local/lib/python3.8/site-packages/airflow/example_dags/example_xcomargs.py
[2024-01-04T02:18:17.442+0000] {processor.py:840} INFO - DAG(s) 'example_xcom_args', 'example_xcom_args_with_operators' retrieved from /home/airflow/.local/lib/python3.8/site-packages/airflow/example_dags/example_xcomargs.py
[2024-01-04T02:18:17.460+0000] {logging_mixin.py:188} INFO - [2024-01-04T02:18:17.460+0000] {dag.py:3033} INFO - Sync 2 DAGs
[2024-01-04T02:18:17.470+0000] {logging_mixin.py:188} INFO - [2024-01-04T02:18:17.470+0000] {dag.py:3820} INFO - Setting next_dagrun for example_xcom_args to None, run_after=None
[2024-01-04T02:18:17.473+0000] {logging_mixin.py:188} INFO - [2024-01-04T02:18:17.473+0000] {dag.py:3820} INFO - Setting next_dagrun for example_xcom_args_with_operators to None, run_after=None
[2024-01-04T02:18:17.487+0000] {processor.py:183} INFO - Processing /home/airflow/.local/lib/python3.8/site-packages/airflow/example_dags/example_xcomargs.py took 0.055 seconds
[2024-01-04T02:18:47.554+0000] {processor.py:161} INFO - Started process (PID=485) to work on /home/airflow/.local/lib/python3.8/site-packages/airflow/example_dags/example_xcomargs.py
[2024-01-04T02:18:47.555+0000] {processor.py:830} INFO - Processing file /home/airflow/.local/lib/python3.8/site-packages/airflow/example_dags/example_xcomargs.py for tasks to queue
[2024-01-04T02:18:47.557+0000] {logging_mixin.py:188} INFO - [2024-01-04T02:18:47.557+0000] {dagbag.py:538} INFO - Filling up the DagBag from /home/airflow/.local/lib/python3.8/site-packages/airflow/example_dags/example_xcomargs.py
[2024-01-04T02:18:47.563+0000] {processor.py:840} INFO - DAG(s) 'example_xcom_args', 'example_xcom_args_with_operators' retrieved from /home/airflow/.local/lib/python3.8/site-packages/airflow/example_dags/example_xcomargs.py
[2024-01-04T02:18:47.585+0000] {logging_mixin.py:188} INFO - [2024-01-04T02:18:47.585+0000] {dag.py:3033} INFO - Sync 2 DAGs
[2024-01-04T02:18:47.597+0000] {logging_mixin.py:188} INFO - [2024-01-04T02:18:47.596+0000] {dag.py:3820} INFO - Setting next_dagrun for example_xcom_args to None, run_after=None
[2024-01-04T02:18:47.600+0000] {logging_mixin.py:188} INFO - [2024-01-04T02:18:47.600+0000] {dag.py:3820} INFO - Setting next_dagrun for example_xcom_args_with_operators to None, run_after=None
[2024-01-04T02:18:47.619+0000] {processor.py:183} INFO - Processing /home/airflow/.local/lib/python3.8/site-packages/airflow/example_dags/example_xcomargs.py took 0.069 seconds
[2024-01-04T02:19:17.719+0000] {processor.py:161} INFO - Started process (PID=540) to work on /home/airflow/.local/lib/python3.8/site-packages/airflow/example_dags/example_xcomargs.py
[2024-01-04T02:19:17.720+0000] {processor.py:830} INFO - Processing file /home/airflow/.local/lib/python3.8/site-packages/airflow/example_dags/example_xcomargs.py for tasks to queue
[2024-01-04T02:19:17.722+0000] {logging_mixin.py:188} INFO - [2024-01-04T02:19:17.722+0000] {dagbag.py:538} INFO - Filling up the DagBag from /home/airflow/.local/lib/python3.8/site-packages/airflow/example_dags/example_xcomargs.py
[2024-01-04T02:19:17.728+0000] {processor.py:840} INFO - DAG(s) 'example_xcom_args_with_operators', 'example_xcom_args' retrieved from /home/airflow/.local/lib/python3.8/site-packages/airflow/example_dags/example_xcomargs.py
[2024-01-04T02:19:17.749+0000] {logging_mixin.py:188} INFO - [2024-01-04T02:19:17.749+0000] {dag.py:3033} INFO - Sync 2 DAGs
[2024-01-04T02:19:17.761+0000] {logging_mixin.py:188} INFO - [2024-01-04T02:19:17.760+0000] {dag.py:3820} INFO - Setting next_dagrun for example_xcom_args to None, run_after=None
[2024-01-04T02:19:17.764+0000] {logging_mixin.py:188} INFO - [2024-01-04T02:19:17.764+0000] {dag.py:3820} INFO - Setting next_dagrun for example_xcom_args_with_operators to None, run_after=None
[2024-01-04T02:19:17.783+0000] {processor.py:183} INFO - Processing /home/airflow/.local/lib/python3.8/site-packages/airflow/example_dags/example_xcomargs.py took 0.066 seconds
[2024-01-04T02:19:47.852+0000] {processor.py:161} INFO - Started process (PID=595) to work on /home/airflow/.local/lib/python3.8/site-packages/airflow/example_dags/example_xcomargs.py
[2024-01-04T02:19:47.853+0000] {processor.py:830} INFO - Processing file /home/airflow/.local/lib/python3.8/site-packages/airflow/example_dags/example_xcomargs.py for tasks to queue
[2024-01-04T02:19:47.854+0000] {logging_mixin.py:188} INFO - [2024-01-04T02:19:47.854+0000] {dagbag.py:538} INFO - Filling up the DagBag from /home/airflow/.local/lib/python3.8/site-packages/airflow/example_dags/example_xcomargs.py
[2024-01-04T02:19:47.862+0000] {processor.py:840} INFO - DAG(s) 'example_xcom_args', 'example_xcom_args_with_operators' retrieved from /home/airflow/.local/lib/python3.8/site-packages/airflow/example_dags/example_xcomargs.py
[2024-01-04T02:19:47.881+0000] {logging_mixin.py:188} INFO - [2024-01-04T02:19:47.881+0000] {dag.py:3033} INFO - Sync 2 DAGs
[2024-01-04T02:19:47.891+0000] {logging_mixin.py:188} INFO - [2024-01-04T02:19:47.891+0000] {dag.py:3820} INFO - Setting next_dagrun for example_xcom_args to None, run_after=None
[2024-01-04T02:19:47.894+0000] {logging_mixin.py:188} INFO - [2024-01-04T02:19:47.893+0000] {dag.py:3820} INFO - Setting next_dagrun for example_xcom_args_with_operators to None, run_after=None
[2024-01-04T02:19:47.908+0000] {processor.py:183} INFO - Processing /home/airflow/.local/lib/python3.8/site-packages/airflow/example_dags/example_xcomargs.py took 0.058 seconds
[2024-01-04T02:20:18.087+0000] {processor.py:161} INFO - Started process (PID=650) to work on /home/airflow/.local/lib/python3.8/site-packages/airflow/example_dags/example_xcomargs.py
[2024-01-04T02:20:18.088+0000] {processor.py:830} INFO - Processing file /home/airflow/.local/lib/python3.8/site-packages/airflow/example_dags/example_xcomargs.py for tasks to queue
[2024-01-04T02:20:18.090+0000] {logging_mixin.py:188} INFO - [2024-01-04T02:20:18.090+0000] {dagbag.py:538} INFO - Filling up the DagBag from /home/airflow/.local/lib/python3.8/site-packages/airflow/example_dags/example_xcomargs.py
[2024-01-04T02:20:18.096+0000] {processor.py:840} INFO - DAG(s) 'example_xcom_args_with_operators', 'example_xcom_args' retrieved from /home/airflow/.local/lib/python3.8/site-packages/airflow/example_dags/example_xcomargs.py
[2024-01-04T02:20:18.115+0000] {logging_mixin.py:188} INFO - [2024-01-04T02:20:18.115+0000] {dag.py:3033} INFO - Sync 2 DAGs
[2024-01-04T02:20:18.125+0000] {logging_mixin.py:188} INFO - [2024-01-04T02:20:18.125+0000] {dag.py:3820} INFO - Setting next_dagrun for example_xcom_args to None, run_after=None
[2024-01-04T02:20:18.128+0000] {logging_mixin.py:188} INFO - [2024-01-04T02:20:18.128+0000] {dag.py:3820} INFO - Setting next_dagrun for example_xcom_args_with_operators to None, run_after=None
[2024-01-04T02:20:18.141+0000] {processor.py:183} INFO - Processing /home/airflow/.local/lib/python3.8/site-packages/airflow/example_dags/example_xcomargs.py took 0.057 seconds
[2024-01-04T02:20:48.352+0000] {processor.py:161} INFO - Started process (PID=705) to work on /home/airflow/.local/lib/python3.8/site-packages/airflow/example_dags/example_xcomargs.py
[2024-01-04T02:20:48.353+0000] {processor.py:830} INFO - Processing file /home/airflow/.local/lib/python3.8/site-packages/airflow/example_dags/example_xcomargs.py for tasks to queue
[2024-01-04T02:20:48.355+0000] {logging_mixin.py:188} INFO - [2024-01-04T02:20:48.355+0000] {dagbag.py:538} INFO - Filling up the DagBag from /home/airflow/.local/lib/python3.8/site-packages/airflow/example_dags/example_xcomargs.py
[2024-01-04T02:20:48.361+0000] {processor.py:840} INFO - DAG(s) 'example_xcom_args_with_operators', 'example_xcom_args' retrieved from /home/airflow/.local/lib/python3.8/site-packages/airflow/example_dags/example_xcomargs.py
[2024-01-04T02:20:48.381+0000] {logging_mixin.py:188} INFO - [2024-01-04T02:20:48.380+0000] {dag.py:3033} INFO - Sync 2 DAGs
[2024-01-04T02:20:48.391+0000] {logging_mixin.py:188} INFO - [2024-01-04T02:20:48.391+0000] {dag.py:3820} INFO - Setting next_dagrun for example_xcom_args to None, run_after=None
[2024-01-04T02:20:48.395+0000] {logging_mixin.py:188} INFO - [2024-01-04T02:20:48.395+0000] {dag.py:3820} INFO - Setting next_dagrun for example_xcom_args_with_operators to None, run_after=None
[2024-01-04T02:20:48.409+0000] {processor.py:183} INFO - Processing /home/airflow/.local/lib/python3.8/site-packages/airflow/example_dags/example_xcomargs.py took 0.059 seconds
[2024-01-04T02:21:18.548+0000] {processor.py:161} INFO - Started process (PID=760) to work on /home/airflow/.local/lib/python3.8/site-packages/airflow/example_dags/example_xcomargs.py
[2024-01-04T02:21:18.548+0000] {processor.py:830} INFO - Processing file /home/airflow/.local/lib/python3.8/site-packages/airflow/example_dags/example_xcomargs.py for tasks to queue
[2024-01-04T02:21:18.550+0000] {logging_mixin.py:188} INFO - [2024-01-04T02:21:18.550+0000] {dagbag.py:538} INFO - Filling up the DagBag from /home/airflow/.local/lib/python3.8/site-packages/airflow/example_dags/example_xcomargs.py
[2024-01-04T02:21:18.555+0000] {processor.py:840} INFO - DAG(s) 'example_xcom_args', 'example_xcom_args_with_operators' retrieved from /home/airflow/.local/lib/python3.8/site-packages/airflow/example_dags/example_xcomargs.py
[2024-01-04T02:21:18.573+0000] {logging_mixin.py:188} INFO - [2024-01-04T02:21:18.573+0000] {dag.py:3033} INFO - Sync 2 DAGs
[2024-01-04T02:21:18.582+0000] {logging_mixin.py:188} INFO - [2024-01-04T02:21:18.582+0000] {dag.py:3820} INFO - Setting next_dagrun for example_xcom_args to None, run_after=None
[2024-01-04T02:21:18.585+0000] {logging_mixin.py:188} INFO - [2024-01-04T02:21:18.584+0000] {dag.py:3820} INFO - Setting next_dagrun for example_xcom_args_with_operators to None, run_after=None
[2024-01-04T02:21:18.597+0000] {processor.py:183} INFO - Processing /home/airflow/.local/lib/python3.8/site-packages/airflow/example_dags/example_xcomargs.py took 0.052 seconds
[2024-01-04T02:21:48.830+0000] {processor.py:161} INFO - Started process (PID=816) to work on /home/airflow/.local/lib/python3.8/site-packages/airflow/example_dags/example_xcomargs.py
[2024-01-04T02:21:48.830+0000] {processor.py:830} INFO - Processing file /home/airflow/.local/lib/python3.8/site-packages/airflow/example_dags/example_xcomargs.py for tasks to queue
[2024-01-04T02:21:48.832+0000] {logging_mixin.py:188} INFO - [2024-01-04T02:21:48.832+0000] {dagbag.py:538} INFO - Filling up the DagBag from /home/airflow/.local/lib/python3.8/site-packages/airflow/example_dags/example_xcomargs.py
[2024-01-04T02:21:48.838+0000] {processor.py:840} INFO - DAG(s) 'example_xcom_args', 'example_xcom_args_with_operators' retrieved from /home/airflow/.local/lib/python3.8/site-packages/airflow/example_dags/example_xcomargs.py
[2024-01-04T02:21:48.855+0000] {logging_mixin.py:188} INFO - [2024-01-04T02:21:48.855+0000] {dag.py:3033} INFO - Sync 2 DAGs
[2024-01-04T02:21:48.863+0000] {logging_mixin.py:188} INFO - [2024-01-04T02:21:48.863+0000] {dag.py:3820} INFO - Setting next_dagrun for example_xcom_args to None, run_after=None
[2024-01-04T02:21:48.866+0000] {logging_mixin.py:188} INFO - [2024-01-04T02:21:48.866+0000] {dag.py:3820} INFO - Setting next_dagrun for example_xcom_args_with_operators to None, run_after=None
[2024-01-04T02:21:48.879+0000] {processor.py:183} INFO - Processing /home/airflow/.local/lib/python3.8/site-packages/airflow/example_dags/example_xcomargs.py took 0.052 seconds
[2024-01-04T02:22:19.115+0000] {processor.py:161} INFO - Started process (PID=871) to work on /home/airflow/.local/lib/python3.8/site-packages/airflow/example_dags/example_xcomargs.py
[2024-01-04T02:22:19.116+0000] {processor.py:830} INFO - Processing file /home/airflow/.local/lib/python3.8/site-packages/airflow/example_dags/example_xcomargs.py for tasks to queue
[2024-01-04T02:22:19.117+0000] {logging_mixin.py:188} INFO - [2024-01-04T02:22:19.117+0000] {dagbag.py:538} INFO - Filling up the DagBag from /home/airflow/.local/lib/python3.8/site-packages/airflow/example_dags/example_xcomargs.py
[2024-01-04T02:22:19.123+0000] {processor.py:840} INFO - DAG(s) 'example_xcom_args_with_operators', 'example_xcom_args' retrieved from /home/airflow/.local/lib/python3.8/site-packages/airflow/example_dags/example_xcomargs.py
[2024-01-04T02:22:19.142+0000] {logging_mixin.py:188} INFO - [2024-01-04T02:22:19.142+0000] {dag.py:3033} INFO - Sync 2 DAGs
[2024-01-04T02:22:19.153+0000] {logging_mixin.py:188} INFO - [2024-01-04T02:22:19.152+0000] {dag.py:3820} INFO - Setting next_dagrun for example_xcom_args to None, run_after=None
[2024-01-04T02:22:19.156+0000] {logging_mixin.py:188} INFO - [2024-01-04T02:22:19.156+0000] {dag.py:3820} INFO - Setting next_dagrun for example_xcom_args_with_operators to None, run_after=None
[2024-01-04T02:22:19.170+0000] {processor.py:183} INFO - Processing /home/airflow/.local/lib/python3.8/site-packages/airflow/example_dags/example_xcomargs.py took 0.057 seconds
