[2024-01-04T02:14:45.435+0000] {processor.py:161} INFO - Started process (PID=48) to work on /home/airflow/.local/lib/python3.8/site-packages/airflow/example_dags/example_sensors.py
[2024-01-04T02:14:45.436+0000] {processor.py:830} INFO - Processing file /home/airflow/.local/lib/python3.8/site-packages/airflow/example_dags/example_sensors.py for tasks to queue
[2024-01-04T02:14:45.438+0000] {logging_mixin.py:188} INFO - [2024-01-04T02:14:45.437+0000] {dagbag.py:538} INFO - Filling up the DagBag from /home/airflow/.local/lib/python3.8/site-packages/airflow/example_dags/example_sensors.py
[2024-01-04T02:14:45.457+0000] {processor.py:840} INFO - DAG(s) 'example_sensors' retrieved from /home/airflow/.local/lib/python3.8/site-packages/airflow/example_dags/example_sensors.py
[2024-01-04T02:14:45.650+0000] {logging_mixin.py:188} INFO - [2024-01-04T02:14:45.650+0000] {override.py:1769} INFO - Created Permission View: can edit on DAG:example_sensors
[2024-01-04T02:14:45.662+0000] {logging_mixin.py:188} INFO - [2024-01-04T02:14:45.662+0000] {override.py:1769} INFO - Created Permission View: can read on DAG:example_sensors
[2024-01-04T02:14:45.670+0000] {logging_mixin.py:188} INFO - [2024-01-04T02:14:45.670+0000] {override.py:1769} INFO - Created Permission View: can delete on DAG:example_sensors
[2024-01-04T02:14:45.671+0000] {logging_mixin.py:188} INFO - [2024-01-04T02:14:45.671+0000] {dag.py:3033} INFO - Sync 1 DAGs
[2024-01-04T02:14:45.683+0000] {logging_mixin.py:188} INFO - [2024-01-04T02:14:45.683+0000] {dag.py:3055} INFO - Creating ORM DAG for example_sensors
[2024-01-04T02:14:45.684+0000] {logging_mixin.py:188} INFO - [2024-01-04T02:14:45.684+0000] {dag.py:3820} INFO - Setting next_dagrun for example_sensors to None, run_after=None
[2024-01-04T02:14:45.706+0000] {processor.py:183} INFO - Processing /home/airflow/.local/lib/python3.8/site-packages/airflow/example_dags/example_sensors.py took 0.276 seconds
[2024-01-04T02:15:16.441+0000] {processor.py:161} INFO - Started process (PID=103) to work on /home/airflow/.local/lib/python3.8/site-packages/airflow/example_dags/example_sensors.py
[2024-01-04T02:15:16.442+0000] {processor.py:830} INFO - Processing file /home/airflow/.local/lib/python3.8/site-packages/airflow/example_dags/example_sensors.py for tasks to queue
[2024-01-04T02:15:16.445+0000] {logging_mixin.py:188} INFO - [2024-01-04T02:15:16.444+0000] {dagbag.py:538} INFO - Filling up the DagBag from /home/airflow/.local/lib/python3.8/site-packages/airflow/example_dags/example_sensors.py
[2024-01-04T02:15:16.458+0000] {processor.py:840} INFO - DAG(s) 'example_sensors' retrieved from /home/airflow/.local/lib/python3.8/site-packages/airflow/example_dags/example_sensors.py
[2024-01-04T02:15:16.494+0000] {logging_mixin.py:188} INFO - [2024-01-04T02:15:16.494+0000] {dag.py:3033} INFO - Sync 1 DAGs
[2024-01-04T02:15:16.515+0000] {logging_mixin.py:188} INFO - [2024-01-04T02:15:16.515+0000] {dag.py:3820} INFO - Setting next_dagrun for example_sensors to None, run_after=None
[2024-01-04T02:15:16.536+0000] {processor.py:183} INFO - Processing /home/airflow/.local/lib/python3.8/site-packages/airflow/example_dags/example_sensors.py took 0.099 seconds
[2024-01-04T02:15:47.110+0000] {processor.py:161} INFO - Started process (PID=158) to work on /home/airflow/.local/lib/python3.8/site-packages/airflow/example_dags/example_sensors.py
[2024-01-04T02:15:47.111+0000] {processor.py:830} INFO - Processing file /home/airflow/.local/lib/python3.8/site-packages/airflow/example_dags/example_sensors.py for tasks to queue
[2024-01-04T02:15:47.114+0000] {logging_mixin.py:188} INFO - [2024-01-04T02:15:47.113+0000] {dagbag.py:538} INFO - Filling up the DagBag from /home/airflow/.local/lib/python3.8/site-packages/airflow/example_dags/example_sensors.py
[2024-01-04T02:15:47.121+0000] {processor.py:840} INFO - DAG(s) 'example_sensors' retrieved from /home/airflow/.local/lib/python3.8/site-packages/airflow/example_dags/example_sensors.py
[2024-01-04T02:15:47.141+0000] {logging_mixin.py:188} INFO - [2024-01-04T02:15:47.141+0000] {dag.py:3033} INFO - Sync 1 DAGs
[2024-01-04T02:15:47.153+0000] {logging_mixin.py:188} INFO - [2024-01-04T02:15:47.153+0000] {dag.py:3820} INFO - Setting next_dagrun for example_sensors to None, run_after=None
[2024-01-04T02:15:47.173+0000] {processor.py:183} INFO - Processing /home/airflow/.local/lib/python3.8/site-packages/airflow/example_dags/example_sensors.py took 0.065 seconds
[2024-01-04T02:16:17.435+0000] {processor.py:161} INFO - Started process (PID=213) to work on /home/airflow/.local/lib/python3.8/site-packages/airflow/example_dags/example_sensors.py
[2024-01-04T02:16:17.436+0000] {processor.py:830} INFO - Processing file /home/airflow/.local/lib/python3.8/site-packages/airflow/example_dags/example_sensors.py for tasks to queue
[2024-01-04T02:16:17.438+0000] {logging_mixin.py:188} INFO - [2024-01-04T02:16:17.438+0000] {dagbag.py:538} INFO - Filling up the DagBag from /home/airflow/.local/lib/python3.8/site-packages/airflow/example_dags/example_sensors.py
[2024-01-04T02:16:17.445+0000] {processor.py:840} INFO - DAG(s) 'example_sensors' retrieved from /home/airflow/.local/lib/python3.8/site-packages/airflow/example_dags/example_sensors.py
[2024-01-04T02:16:17.467+0000] {logging_mixin.py:188} INFO - [2024-01-04T02:16:17.466+0000] {dag.py:3033} INFO - Sync 1 DAGs
[2024-01-04T02:16:17.479+0000] {logging_mixin.py:188} INFO - [2024-01-04T02:16:17.479+0000] {dag.py:3820} INFO - Setting next_dagrun for example_sensors to None, run_after=None
[2024-01-04T02:16:17.498+0000] {processor.py:183} INFO - Processing /home/airflow/.local/lib/python3.8/site-packages/airflow/example_dags/example_sensors.py took 0.067 seconds
[2024-01-04T02:16:47.582+0000] {processor.py:161} INFO - Started process (PID=268) to work on /home/airflow/.local/lib/python3.8/site-packages/airflow/example_dags/example_sensors.py
[2024-01-04T02:16:47.583+0000] {processor.py:830} INFO - Processing file /home/airflow/.local/lib/python3.8/site-packages/airflow/example_dags/example_sensors.py for tasks to queue
[2024-01-04T02:16:47.585+0000] {logging_mixin.py:188} INFO - [2024-01-04T02:16:47.584+0000] {dagbag.py:538} INFO - Filling up the DagBag from /home/airflow/.local/lib/python3.8/site-packages/airflow/example_dags/example_sensors.py
[2024-01-04T02:16:47.591+0000] {processor.py:840} INFO - DAG(s) 'example_sensors' retrieved from /home/airflow/.local/lib/python3.8/site-packages/airflow/example_dags/example_sensors.py
[2024-01-04T02:16:47.609+0000] {logging_mixin.py:188} INFO - [2024-01-04T02:16:47.609+0000] {dag.py:3033} INFO - Sync 1 DAGs
[2024-01-04T02:16:47.618+0000] {logging_mixin.py:188} INFO - [2024-01-04T02:16:47.618+0000] {dag.py:3820} INFO - Setting next_dagrun for example_sensors to None, run_after=None
[2024-01-04T02:16:47.632+0000] {processor.py:183} INFO - Processing /home/airflow/.local/lib/python3.8/site-packages/airflow/example_dags/example_sensors.py took 0.053 seconds
[2024-01-04T02:17:18.063+0000] {processor.py:161} INFO - Started process (PID=323) to work on /home/airflow/.local/lib/python3.8/site-packages/airflow/example_dags/example_sensors.py
[2024-01-04T02:17:18.064+0000] {processor.py:830} INFO - Processing file /home/airflow/.local/lib/python3.8/site-packages/airflow/example_dags/example_sensors.py for tasks to queue
[2024-01-04T02:17:18.066+0000] {logging_mixin.py:188} INFO - [2024-01-04T02:17:18.066+0000] {dagbag.py:538} INFO - Filling up the DagBag from /home/airflow/.local/lib/python3.8/site-packages/airflow/example_dags/example_sensors.py
[2024-01-04T02:17:18.072+0000] {processor.py:840} INFO - DAG(s) 'example_sensors' retrieved from /home/airflow/.local/lib/python3.8/site-packages/airflow/example_dags/example_sensors.py
[2024-01-04T02:17:18.091+0000] {logging_mixin.py:188} INFO - [2024-01-04T02:17:18.091+0000] {dag.py:3033} INFO - Sync 1 DAGs
[2024-01-04T02:17:18.101+0000] {logging_mixin.py:188} INFO - [2024-01-04T02:17:18.101+0000] {dag.py:3820} INFO - Setting next_dagrun for example_sensors to None, run_after=None
[2024-01-04T02:17:18.118+0000] {processor.py:183} INFO - Processing /home/airflow/.local/lib/python3.8/site-packages/airflow/example_dags/example_sensors.py took 0.057 seconds
[2024-01-04T02:17:48.184+0000] {processor.py:161} INFO - Started process (PID=378) to work on /home/airflow/.local/lib/python3.8/site-packages/airflow/example_dags/example_sensors.py
[2024-01-04T02:17:48.184+0000] {processor.py:830} INFO - Processing file /home/airflow/.local/lib/python3.8/site-packages/airflow/example_dags/example_sensors.py for tasks to queue
[2024-01-04T02:17:48.186+0000] {logging_mixin.py:188} INFO - [2024-01-04T02:17:48.186+0000] {dagbag.py:538} INFO - Filling up the DagBag from /home/airflow/.local/lib/python3.8/site-packages/airflow/example_dags/example_sensors.py
[2024-01-04T02:17:48.192+0000] {processor.py:840} INFO - DAG(s) 'example_sensors' retrieved from /home/airflow/.local/lib/python3.8/site-packages/airflow/example_dags/example_sensors.py
[2024-01-04T02:17:48.210+0000] {logging_mixin.py:188} INFO - [2024-01-04T02:17:48.209+0000] {dag.py:3033} INFO - Sync 1 DAGs
[2024-01-04T02:17:48.219+0000] {logging_mixin.py:188} INFO - [2024-01-04T02:17:48.219+0000] {dag.py:3820} INFO - Setting next_dagrun for example_sensors to None, run_after=None
[2024-01-04T02:17:48.238+0000] {processor.py:183} INFO - Processing /home/airflow/.local/lib/python3.8/site-packages/airflow/example_dags/example_sensors.py took 0.057 seconds
[2024-01-04T02:18:18.512+0000] {processor.py:161} INFO - Started process (PID=433) to work on /home/airflow/.local/lib/python3.8/site-packages/airflow/example_dags/example_sensors.py
[2024-01-04T02:18:18.513+0000] {processor.py:830} INFO - Processing file /home/airflow/.local/lib/python3.8/site-packages/airflow/example_dags/example_sensors.py for tasks to queue
[2024-01-04T02:18:18.515+0000] {logging_mixin.py:188} INFO - [2024-01-04T02:18:18.515+0000] {dagbag.py:538} INFO - Filling up the DagBag from /home/airflow/.local/lib/python3.8/site-packages/airflow/example_dags/example_sensors.py
[2024-01-04T02:18:18.522+0000] {processor.py:840} INFO - DAG(s) 'example_sensors' retrieved from /home/airflow/.local/lib/python3.8/site-packages/airflow/example_dags/example_sensors.py
[2024-01-04T02:18:18.541+0000] {logging_mixin.py:188} INFO - [2024-01-04T02:18:18.541+0000] {dag.py:3033} INFO - Sync 1 DAGs
[2024-01-04T02:18:18.550+0000] {logging_mixin.py:188} INFO - [2024-01-04T02:18:18.550+0000] {dag.py:3820} INFO - Setting next_dagrun for example_sensors to None, run_after=None
[2024-01-04T02:18:18.566+0000] {processor.py:183} INFO - Processing /home/airflow/.local/lib/python3.8/site-packages/airflow/example_dags/example_sensors.py took 0.056 seconds
[2024-01-04T02:18:48.652+0000] {processor.py:161} INFO - Started process (PID=488) to work on /home/airflow/.local/lib/python3.8/site-packages/airflow/example_dags/example_sensors.py
[2024-01-04T02:18:48.654+0000] {processor.py:830} INFO - Processing file /home/airflow/.local/lib/python3.8/site-packages/airflow/example_dags/example_sensors.py for tasks to queue
[2024-01-04T02:18:48.656+0000] {logging_mixin.py:188} INFO - [2024-01-04T02:18:48.656+0000] {dagbag.py:538} INFO - Filling up the DagBag from /home/airflow/.local/lib/python3.8/site-packages/airflow/example_dags/example_sensors.py
[2024-01-04T02:18:48.663+0000] {processor.py:840} INFO - DAG(s) 'example_sensors' retrieved from /home/airflow/.local/lib/python3.8/site-packages/airflow/example_dags/example_sensors.py
[2024-01-04T02:18:48.684+0000] {logging_mixin.py:188} INFO - [2024-01-04T02:18:48.684+0000] {dag.py:3033} INFO - Sync 1 DAGs
[2024-01-04T02:18:48.695+0000] {logging_mixin.py:188} INFO - [2024-01-04T02:18:48.695+0000] {dag.py:3820} INFO - Setting next_dagrun for example_sensors to None, run_after=None
[2024-01-04T02:18:48.711+0000] {processor.py:183} INFO - Processing /home/airflow/.local/lib/python3.8/site-packages/airflow/example_dags/example_sensors.py took 0.061 seconds
[2024-01-04T02:19:18.806+0000] {processor.py:161} INFO - Started process (PID=543) to work on /home/airflow/.local/lib/python3.8/site-packages/airflow/example_dags/example_sensors.py
[2024-01-04T02:19:18.807+0000] {processor.py:830} INFO - Processing file /home/airflow/.local/lib/python3.8/site-packages/airflow/example_dags/example_sensors.py for tasks to queue
[2024-01-04T02:19:18.808+0000] {logging_mixin.py:188} INFO - [2024-01-04T02:19:18.808+0000] {dagbag.py:538} INFO - Filling up the DagBag from /home/airflow/.local/lib/python3.8/site-packages/airflow/example_dags/example_sensors.py
[2024-01-04T02:19:18.816+0000] {processor.py:840} INFO - DAG(s) 'example_sensors' retrieved from /home/airflow/.local/lib/python3.8/site-packages/airflow/example_dags/example_sensors.py
[2024-01-04T02:19:18.841+0000] {logging_mixin.py:188} INFO - [2024-01-04T02:19:18.841+0000] {dag.py:3033} INFO - Sync 1 DAGs
[2024-01-04T02:19:18.851+0000] {logging_mixin.py:188} INFO - [2024-01-04T02:19:18.851+0000] {dag.py:3820} INFO - Setting next_dagrun for example_sensors to None, run_after=None
[2024-01-04T02:19:18.868+0000] {processor.py:183} INFO - Processing /home/airflow/.local/lib/python3.8/site-packages/airflow/example_dags/example_sensors.py took 0.065 seconds
[2024-01-04T02:19:48.937+0000] {processor.py:161} INFO - Started process (PID=598) to work on /home/airflow/.local/lib/python3.8/site-packages/airflow/example_dags/example_sensors.py
[2024-01-04T02:19:48.938+0000] {processor.py:830} INFO - Processing file /home/airflow/.local/lib/python3.8/site-packages/airflow/example_dags/example_sensors.py for tasks to queue
[2024-01-04T02:19:48.940+0000] {logging_mixin.py:188} INFO - [2024-01-04T02:19:48.940+0000] {dagbag.py:538} INFO - Filling up the DagBag from /home/airflow/.local/lib/python3.8/site-packages/airflow/example_dags/example_sensors.py
[2024-01-04T02:19:48.947+0000] {processor.py:840} INFO - DAG(s) 'example_sensors' retrieved from /home/airflow/.local/lib/python3.8/site-packages/airflow/example_dags/example_sensors.py
[2024-01-04T02:19:48.966+0000] {logging_mixin.py:188} INFO - [2024-01-04T02:19:48.966+0000] {dag.py:3033} INFO - Sync 1 DAGs
[2024-01-04T02:19:48.976+0000] {logging_mixin.py:188} INFO - [2024-01-04T02:19:48.976+0000] {dag.py:3820} INFO - Setting next_dagrun for example_sensors to None, run_after=None
[2024-01-04T02:19:48.992+0000] {processor.py:183} INFO - Processing /home/airflow/.local/lib/python3.8/site-packages/airflow/example_dags/example_sensors.py took 0.057 seconds
[2024-01-04T02:20:19.101+0000] {processor.py:161} INFO - Started process (PID=653) to work on /home/airflow/.local/lib/python3.8/site-packages/airflow/example_dags/example_sensors.py
[2024-01-04T02:20:19.102+0000] {processor.py:830} INFO - Processing file /home/airflow/.local/lib/python3.8/site-packages/airflow/example_dags/example_sensors.py for tasks to queue
[2024-01-04T02:20:19.105+0000] {logging_mixin.py:188} INFO - [2024-01-04T02:20:19.104+0000] {dagbag.py:538} INFO - Filling up the DagBag from /home/airflow/.local/lib/python3.8/site-packages/airflow/example_dags/example_sensors.py
[2024-01-04T02:20:19.112+0000] {processor.py:840} INFO - DAG(s) 'example_sensors' retrieved from /home/airflow/.local/lib/python3.8/site-packages/airflow/example_dags/example_sensors.py
[2024-01-04T02:20:19.130+0000] {logging_mixin.py:188} INFO - [2024-01-04T02:20:19.130+0000] {dag.py:3033} INFO - Sync 1 DAGs
[2024-01-04T02:20:19.139+0000] {logging_mixin.py:188} INFO - [2024-01-04T02:20:19.139+0000] {dag.py:3820} INFO - Setting next_dagrun for example_sensors to None, run_after=None
[2024-01-04T02:20:19.156+0000] {processor.py:183} INFO - Processing /home/airflow/.local/lib/python3.8/site-packages/airflow/example_dags/example_sensors.py took 0.056 seconds
[2024-01-04T02:20:49.433+0000] {processor.py:161} INFO - Started process (PID=708) to work on /home/airflow/.local/lib/python3.8/site-packages/airflow/example_dags/example_sensors.py
[2024-01-04T02:20:49.434+0000] {processor.py:830} INFO - Processing file /home/airflow/.local/lib/python3.8/site-packages/airflow/example_dags/example_sensors.py for tasks to queue
[2024-01-04T02:20:49.436+0000] {logging_mixin.py:188} INFO - [2024-01-04T02:20:49.436+0000] {dagbag.py:538} INFO - Filling up the DagBag from /home/airflow/.local/lib/python3.8/site-packages/airflow/example_dags/example_sensors.py
[2024-01-04T02:20:49.442+0000] {processor.py:840} INFO - DAG(s) 'example_sensors' retrieved from /home/airflow/.local/lib/python3.8/site-packages/airflow/example_dags/example_sensors.py
[2024-01-04T02:20:49.461+0000] {logging_mixin.py:188} INFO - [2024-01-04T02:20:49.461+0000] {dag.py:3033} INFO - Sync 1 DAGs
[2024-01-04T02:20:49.473+0000] {logging_mixin.py:188} INFO - [2024-01-04T02:20:49.473+0000] {dag.py:3820} INFO - Setting next_dagrun for example_sensors to None, run_after=None
[2024-01-04T02:20:49.491+0000] {processor.py:183} INFO - Processing /home/airflow/.local/lib/python3.8/site-packages/airflow/example_dags/example_sensors.py took 0.060 seconds
[2024-01-04T02:21:19.645+0000] {processor.py:161} INFO - Started process (PID=763) to work on /home/airflow/.local/lib/python3.8/site-packages/airflow/example_dags/example_sensors.py
[2024-01-04T02:21:19.647+0000] {processor.py:830} INFO - Processing file /home/airflow/.local/lib/python3.8/site-packages/airflow/example_dags/example_sensors.py for tasks to queue
[2024-01-04T02:21:19.648+0000] {logging_mixin.py:188} INFO - [2024-01-04T02:21:19.648+0000] {dagbag.py:538} INFO - Filling up the DagBag from /home/airflow/.local/lib/python3.8/site-packages/airflow/example_dags/example_sensors.py
[2024-01-04T02:21:19.655+0000] {processor.py:840} INFO - DAG(s) 'example_sensors' retrieved from /home/airflow/.local/lib/python3.8/site-packages/airflow/example_dags/example_sensors.py
[2024-01-04T02:21:19.676+0000] {logging_mixin.py:188} INFO - [2024-01-04T02:21:19.676+0000] {dag.py:3033} INFO - Sync 1 DAGs
[2024-01-04T02:21:19.685+0000] {logging_mixin.py:188} INFO - [2024-01-04T02:21:19.685+0000] {dag.py:3820} INFO - Setting next_dagrun for example_sensors to None, run_after=None
[2024-01-04T02:21:19.703+0000] {processor.py:183} INFO - Processing /home/airflow/.local/lib/python3.8/site-packages/airflow/example_dags/example_sensors.py took 0.061 seconds
[2024-01-04T02:21:49.922+0000] {processor.py:161} INFO - Started process (PID=819) to work on /home/airflow/.local/lib/python3.8/site-packages/airflow/example_dags/example_sensors.py
[2024-01-04T02:21:49.923+0000] {processor.py:830} INFO - Processing file /home/airflow/.local/lib/python3.8/site-packages/airflow/example_dags/example_sensors.py for tasks to queue
[2024-01-04T02:21:49.925+0000] {logging_mixin.py:188} INFO - [2024-01-04T02:21:49.925+0000] {dagbag.py:538} INFO - Filling up the DagBag from /home/airflow/.local/lib/python3.8/site-packages/airflow/example_dags/example_sensors.py
[2024-01-04T02:21:49.932+0000] {processor.py:840} INFO - DAG(s) 'example_sensors' retrieved from /home/airflow/.local/lib/python3.8/site-packages/airflow/example_dags/example_sensors.py
[2024-01-04T02:21:49.953+0000] {logging_mixin.py:188} INFO - [2024-01-04T02:21:49.953+0000] {dag.py:3033} INFO - Sync 1 DAGs
[2024-01-04T02:21:49.962+0000] {logging_mixin.py:188} INFO - [2024-01-04T02:21:49.962+0000] {dag.py:3820} INFO - Setting next_dagrun for example_sensors to None, run_after=None
[2024-01-04T02:21:49.979+0000] {processor.py:183} INFO - Processing /home/airflow/.local/lib/python3.8/site-packages/airflow/example_dags/example_sensors.py took 0.059 seconds
[2024-01-04T02:22:20.212+0000] {processor.py:161} INFO - Started process (PID=874) to work on /home/airflow/.local/lib/python3.8/site-packages/airflow/example_dags/example_sensors.py
[2024-01-04T02:22:20.213+0000] {processor.py:830} INFO - Processing file /home/airflow/.local/lib/python3.8/site-packages/airflow/example_dags/example_sensors.py for tasks to queue
[2024-01-04T02:22:20.215+0000] {logging_mixin.py:188} INFO - [2024-01-04T02:22:20.215+0000] {dagbag.py:538} INFO - Filling up the DagBag from /home/airflow/.local/lib/python3.8/site-packages/airflow/example_dags/example_sensors.py
[2024-01-04T02:22:20.221+0000] {processor.py:840} INFO - DAG(s) 'example_sensors' retrieved from /home/airflow/.local/lib/python3.8/site-packages/airflow/example_dags/example_sensors.py
[2024-01-04T02:22:20.242+0000] {logging_mixin.py:188} INFO - [2024-01-04T02:22:20.241+0000] {dag.py:3033} INFO - Sync 1 DAGs
[2024-01-04T02:22:20.251+0000] {logging_mixin.py:188} INFO - [2024-01-04T02:22:20.251+0000] {dag.py:3820} INFO - Setting next_dagrun for example_sensors to None, run_after=None
[2024-01-04T02:22:20.270+0000] {processor.py:183} INFO - Processing /home/airflow/.local/lib/python3.8/site-packages/airflow/example_dags/example_sensors.py took 0.059 seconds
