[2024-01-04T02:14:45.066+0000] {processor.py:161} INFO - Started process (PID=46) to work on /home/airflow/.local/lib/python3.8/site-packages/airflow/example_dags/example_python_decorator.py
[2024-01-04T02:14:45.067+0000] {processor.py:830} INFO - Processing file /home/airflow/.local/lib/python3.8/site-packages/airflow/example_dags/example_python_decorator.py for tasks to queue
[2024-01-04T02:14:45.069+0000] {logging_mixin.py:188} INFO - [2024-01-04T02:14:45.069+0000] {dagbag.py:538} INFO - Filling up the DagBag from /home/airflow/.local/lib/python3.8/site-packages/airflow/example_dags/example_python_decorator.py
[2024-01-04T02:14:45.084+0000] {processor.py:840} INFO - DAG(s) 'example_python_decorator' retrieved from /home/airflow/.local/lib/python3.8/site-packages/airflow/example_dags/example_python_decorator.py
[2024-01-04T02:14:45.249+0000] {logging_mixin.py:188} INFO - [2024-01-04T02:14:45.247+0000] {override.py:1769} INFO - Created Permission View: can edit on DAG:example_python_decorator
[2024-01-04T02:14:45.259+0000] {logging_mixin.py:188} INFO - [2024-01-04T02:14:45.259+0000] {override.py:1769} INFO - Created Permission View: can read on DAG:example_python_decorator
[2024-01-04T02:14:45.267+0000] {logging_mixin.py:188} INFO - [2024-01-04T02:14:45.267+0000] {override.py:1769} INFO - Created Permission View: can delete on DAG:example_python_decorator
[2024-01-04T02:14:45.268+0000] {logging_mixin.py:188} INFO - [2024-01-04T02:14:45.268+0000] {dag.py:3033} INFO - Sync 1 DAGs
[2024-01-04T02:14:45.280+0000] {logging_mixin.py:188} INFO - [2024-01-04T02:14:45.279+0000] {dag.py:3055} INFO - Creating ORM DAG for example_python_decorator
[2024-01-04T02:14:45.281+0000] {logging_mixin.py:188} INFO - [2024-01-04T02:14:45.281+0000] {dag.py:3820} INFO - Setting next_dagrun for example_python_decorator to None, run_after=None
[2024-01-04T02:14:45.302+0000] {processor.py:183} INFO - Processing /home/airflow/.local/lib/python3.8/site-packages/airflow/example_dags/example_python_decorator.py took 0.240 seconds
[2024-01-04T02:15:15.425+0000] {processor.py:161} INFO - Started process (PID=101) to work on /home/airflow/.local/lib/python3.8/site-packages/airflow/example_dags/example_python_decorator.py
[2024-01-04T02:15:15.426+0000] {processor.py:830} INFO - Processing file /home/airflow/.local/lib/python3.8/site-packages/airflow/example_dags/example_python_decorator.py for tasks to queue
[2024-01-04T02:15:15.428+0000] {logging_mixin.py:188} INFO - [2024-01-04T02:15:15.428+0000] {dagbag.py:538} INFO - Filling up the DagBag from /home/airflow/.local/lib/python3.8/site-packages/airflow/example_dags/example_python_decorator.py
[2024-01-04T02:15:15.439+0000] {processor.py:840} INFO - DAG(s) 'example_python_decorator' retrieved from /home/airflow/.local/lib/python3.8/site-packages/airflow/example_dags/example_python_decorator.py
[2024-01-04T02:15:15.461+0000] {logging_mixin.py:188} INFO - [2024-01-04T02:15:15.460+0000] {dag.py:3033} INFO - Sync 1 DAGs
[2024-01-04T02:15:15.475+0000] {logging_mixin.py:188} INFO - [2024-01-04T02:15:15.475+0000] {dag.py:3820} INFO - Setting next_dagrun for example_python_decorator to None, run_after=None
[2024-01-04T02:15:15.496+0000] {processor.py:183} INFO - Processing /home/airflow/.local/lib/python3.8/site-packages/airflow/example_dags/example_python_decorator.py took 0.074 seconds
[2024-01-04T02:15:46.084+0000] {processor.py:161} INFO - Started process (PID=156) to work on /home/airflow/.local/lib/python3.8/site-packages/airflow/example_dags/example_python_decorator.py
[2024-01-04T02:15:46.085+0000] {processor.py:830} INFO - Processing file /home/airflow/.local/lib/python3.8/site-packages/airflow/example_dags/example_python_decorator.py for tasks to queue
[2024-01-04T02:15:46.087+0000] {logging_mixin.py:188} INFO - [2024-01-04T02:15:46.086+0000] {dagbag.py:538} INFO - Filling up the DagBag from /home/airflow/.local/lib/python3.8/site-packages/airflow/example_dags/example_python_decorator.py
[2024-01-04T02:15:46.093+0000] {processor.py:840} INFO - DAG(s) 'example_python_decorator' retrieved from /home/airflow/.local/lib/python3.8/site-packages/airflow/example_dags/example_python_decorator.py
[2024-01-04T02:15:46.108+0000] {logging_mixin.py:188} INFO - [2024-01-04T02:15:46.108+0000] {dag.py:3033} INFO - Sync 1 DAGs
[2024-01-04T02:15:46.118+0000] {logging_mixin.py:188} INFO - [2024-01-04T02:15:46.118+0000] {dag.py:3820} INFO - Setting next_dagrun for example_python_decorator to None, run_after=None
[2024-01-04T02:15:46.135+0000] {processor.py:183} INFO - Processing /home/airflow/.local/lib/python3.8/site-packages/airflow/example_dags/example_python_decorator.py took 0.053 seconds
[2024-01-04T02:16:16.423+0000] {processor.py:161} INFO - Started process (PID=211) to work on /home/airflow/.local/lib/python3.8/site-packages/airflow/example_dags/example_python_decorator.py
[2024-01-04T02:16:16.424+0000] {processor.py:830} INFO - Processing file /home/airflow/.local/lib/python3.8/site-packages/airflow/example_dags/example_python_decorator.py for tasks to queue
[2024-01-04T02:16:16.426+0000] {logging_mixin.py:188} INFO - [2024-01-04T02:16:16.426+0000] {dagbag.py:538} INFO - Filling up the DagBag from /home/airflow/.local/lib/python3.8/site-packages/airflow/example_dags/example_python_decorator.py
[2024-01-04T02:16:16.433+0000] {processor.py:840} INFO - DAG(s) 'example_python_decorator' retrieved from /home/airflow/.local/lib/python3.8/site-packages/airflow/example_dags/example_python_decorator.py
[2024-01-04T02:16:16.453+0000] {logging_mixin.py:188} INFO - [2024-01-04T02:16:16.453+0000] {dag.py:3033} INFO - Sync 1 DAGs
[2024-01-04T02:16:16.462+0000] {logging_mixin.py:188} INFO - [2024-01-04T02:16:16.462+0000] {dag.py:3820} INFO - Setting next_dagrun for example_python_decorator to None, run_after=None
[2024-01-04T02:16:16.479+0000] {processor.py:183} INFO - Processing /home/airflow/.local/lib/python3.8/site-packages/airflow/example_dags/example_python_decorator.py took 0.059 seconds
[2024-01-04T02:16:46.568+0000] {processor.py:161} INFO - Started process (PID=266) to work on /home/airflow/.local/lib/python3.8/site-packages/airflow/example_dags/example_python_decorator.py
[2024-01-04T02:16:46.569+0000] {processor.py:830} INFO - Processing file /home/airflow/.local/lib/python3.8/site-packages/airflow/example_dags/example_python_decorator.py for tasks to queue
[2024-01-04T02:16:46.571+0000] {logging_mixin.py:188} INFO - [2024-01-04T02:16:46.571+0000] {dagbag.py:538} INFO - Filling up the DagBag from /home/airflow/.local/lib/python3.8/site-packages/airflow/example_dags/example_python_decorator.py
[2024-01-04T02:16:46.578+0000] {processor.py:840} INFO - DAG(s) 'example_python_decorator' retrieved from /home/airflow/.local/lib/python3.8/site-packages/airflow/example_dags/example_python_decorator.py
[2024-01-04T02:16:46.594+0000] {logging_mixin.py:188} INFO - [2024-01-04T02:16:46.594+0000] {dag.py:3033} INFO - Sync 1 DAGs
[2024-01-04T02:16:46.604+0000] {logging_mixin.py:188} INFO - [2024-01-04T02:16:46.604+0000] {dag.py:3820} INFO - Setting next_dagrun for example_python_decorator to None, run_after=None
[2024-01-04T02:16:46.622+0000] {processor.py:183} INFO - Processing /home/airflow/.local/lib/python3.8/site-packages/airflow/example_dags/example_python_decorator.py took 0.057 seconds
[2024-01-04T02:17:17.054+0000] {processor.py:161} INFO - Started process (PID=321) to work on /home/airflow/.local/lib/python3.8/site-packages/airflow/example_dags/example_python_decorator.py
[2024-01-04T02:17:17.055+0000] {processor.py:830} INFO - Processing file /home/airflow/.local/lib/python3.8/site-packages/airflow/example_dags/example_python_decorator.py for tasks to queue
[2024-01-04T02:17:17.056+0000] {logging_mixin.py:188} INFO - [2024-01-04T02:17:17.056+0000] {dagbag.py:538} INFO - Filling up the DagBag from /home/airflow/.local/lib/python3.8/site-packages/airflow/example_dags/example_python_decorator.py
[2024-01-04T02:17:17.063+0000] {processor.py:840} INFO - DAG(s) 'example_python_decorator' retrieved from /home/airflow/.local/lib/python3.8/site-packages/airflow/example_dags/example_python_decorator.py
[2024-01-04T02:17:17.080+0000] {logging_mixin.py:188} INFO - [2024-01-04T02:17:17.080+0000] {dag.py:3033} INFO - Sync 1 DAGs
[2024-01-04T02:17:17.089+0000] {logging_mixin.py:188} INFO - [2024-01-04T02:17:17.089+0000] {dag.py:3820} INFO - Setting next_dagrun for example_python_decorator to None, run_after=None
[2024-01-04T02:17:17.108+0000] {processor.py:183} INFO - Processing /home/airflow/.local/lib/python3.8/site-packages/airflow/example_dags/example_python_decorator.py took 0.056 seconds
[2024-01-04T02:17:47.166+0000] {processor.py:161} INFO - Started process (PID=376) to work on /home/airflow/.local/lib/python3.8/site-packages/airflow/example_dags/example_python_decorator.py
[2024-01-04T02:17:47.167+0000] {processor.py:830} INFO - Processing file /home/airflow/.local/lib/python3.8/site-packages/airflow/example_dags/example_python_decorator.py for tasks to queue
[2024-01-04T02:17:47.169+0000] {logging_mixin.py:188} INFO - [2024-01-04T02:17:47.168+0000] {dagbag.py:538} INFO - Filling up the DagBag from /home/airflow/.local/lib/python3.8/site-packages/airflow/example_dags/example_python_decorator.py
[2024-01-04T02:17:47.175+0000] {processor.py:840} INFO - DAG(s) 'example_python_decorator' retrieved from /home/airflow/.local/lib/python3.8/site-packages/airflow/example_dags/example_python_decorator.py
[2024-01-04T02:17:47.192+0000] {logging_mixin.py:188} INFO - [2024-01-04T02:17:47.192+0000] {dag.py:3033} INFO - Sync 1 DAGs
[2024-01-04T02:17:47.201+0000] {logging_mixin.py:188} INFO - [2024-01-04T02:17:47.201+0000] {dag.py:3820} INFO - Setting next_dagrun for example_python_decorator to None, run_after=None
[2024-01-04T02:17:47.217+0000] {processor.py:183} INFO - Processing /home/airflow/.local/lib/python3.8/site-packages/airflow/example_dags/example_python_decorator.py took 0.053 seconds
[2024-01-04T02:18:17.434+0000] {processor.py:161} INFO - Started process (PID=431) to work on /home/airflow/.local/lib/python3.8/site-packages/airflow/example_dags/example_python_decorator.py
[2024-01-04T02:18:17.435+0000] {processor.py:830} INFO - Processing file /home/airflow/.local/lib/python3.8/site-packages/airflow/example_dags/example_python_decorator.py for tasks to queue
[2024-01-04T02:18:17.437+0000] {logging_mixin.py:188} INFO - [2024-01-04T02:18:17.436+0000] {dagbag.py:538} INFO - Filling up the DagBag from /home/airflow/.local/lib/python3.8/site-packages/airflow/example_dags/example_python_decorator.py
[2024-01-04T02:18:17.443+0000] {processor.py:840} INFO - DAG(s) 'example_python_decorator' retrieved from /home/airflow/.local/lib/python3.8/site-packages/airflow/example_dags/example_python_decorator.py
[2024-01-04T02:18:17.458+0000] {logging_mixin.py:188} INFO - [2024-01-04T02:18:17.458+0000] {dag.py:3033} INFO - Sync 1 DAGs
[2024-01-04T02:18:17.468+0000] {logging_mixin.py:188} INFO - [2024-01-04T02:18:17.468+0000] {dag.py:3820} INFO - Setting next_dagrun for example_python_decorator to None, run_after=None
[2024-01-04T02:18:17.482+0000] {processor.py:183} INFO - Processing /home/airflow/.local/lib/python3.8/site-packages/airflow/example_dags/example_python_decorator.py took 0.051 seconds
[2024-01-04T02:18:47.555+0000] {processor.py:161} INFO - Started process (PID=486) to work on /home/airflow/.local/lib/python3.8/site-packages/airflow/example_dags/example_python_decorator.py
[2024-01-04T02:18:47.556+0000] {processor.py:830} INFO - Processing file /home/airflow/.local/lib/python3.8/site-packages/airflow/example_dags/example_python_decorator.py for tasks to queue
[2024-01-04T02:18:47.558+0000] {logging_mixin.py:188} INFO - [2024-01-04T02:18:47.557+0000] {dagbag.py:538} INFO - Filling up the DagBag from /home/airflow/.local/lib/python3.8/site-packages/airflow/example_dags/example_python_decorator.py
[2024-01-04T02:18:47.565+0000] {processor.py:840} INFO - DAG(s) 'example_python_decorator' retrieved from /home/airflow/.local/lib/python3.8/site-packages/airflow/example_dags/example_python_decorator.py
[2024-01-04T02:18:47.583+0000] {logging_mixin.py:188} INFO - [2024-01-04T02:18:47.583+0000] {dag.py:3033} INFO - Sync 1 DAGs
[2024-01-04T02:18:47.594+0000] {logging_mixin.py:188} INFO - [2024-01-04T02:18:47.594+0000] {dag.py:3820} INFO - Setting next_dagrun for example_python_decorator to None, run_after=None
[2024-01-04T02:18:47.613+0000] {processor.py:183} INFO - Processing /home/airflow/.local/lib/python3.8/site-packages/airflow/example_dags/example_python_decorator.py took 0.061 seconds
[2024-01-04T02:19:17.721+0000] {processor.py:161} INFO - Started process (PID=541) to work on /home/airflow/.local/lib/python3.8/site-packages/airflow/example_dags/example_python_decorator.py
[2024-01-04T02:19:17.722+0000] {processor.py:830} INFO - Processing file /home/airflow/.local/lib/python3.8/site-packages/airflow/example_dags/example_python_decorator.py for tasks to queue
[2024-01-04T02:19:17.723+0000] {logging_mixin.py:188} INFO - [2024-01-04T02:19:17.723+0000] {dagbag.py:538} INFO - Filling up the DagBag from /home/airflow/.local/lib/python3.8/site-packages/airflow/example_dags/example_python_decorator.py
[2024-01-04T02:19:17.730+0000] {processor.py:840} INFO - DAG(s) 'example_python_decorator' retrieved from /home/airflow/.local/lib/python3.8/site-packages/airflow/example_dags/example_python_decorator.py
[2024-01-04T02:19:17.746+0000] {logging_mixin.py:188} INFO - [2024-01-04T02:19:17.746+0000] {dag.py:3033} INFO - Sync 1 DAGs
[2024-01-04T02:19:17.756+0000] {logging_mixin.py:188} INFO - [2024-01-04T02:19:17.756+0000] {dag.py:3820} INFO - Setting next_dagrun for example_python_decorator to None, run_after=None
[2024-01-04T02:19:17.772+0000] {processor.py:183} INFO - Processing /home/airflow/.local/lib/python3.8/site-packages/airflow/example_dags/example_python_decorator.py took 0.054 seconds
[2024-01-04T02:19:47.852+0000] {processor.py:161} INFO - Started process (PID=596) to work on /home/airflow/.local/lib/python3.8/site-packages/airflow/example_dags/example_python_decorator.py
[2024-01-04T02:19:47.853+0000] {processor.py:830} INFO - Processing file /home/airflow/.local/lib/python3.8/site-packages/airflow/example_dags/example_python_decorator.py for tasks to queue
[2024-01-04T02:19:47.855+0000] {logging_mixin.py:188} INFO - [2024-01-04T02:19:47.855+0000] {dagbag.py:538} INFO - Filling up the DagBag from /home/airflow/.local/lib/python3.8/site-packages/airflow/example_dags/example_python_decorator.py
[2024-01-04T02:19:47.864+0000] {processor.py:840} INFO - DAG(s) 'example_python_decorator' retrieved from /home/airflow/.local/lib/python3.8/site-packages/airflow/example_dags/example_python_decorator.py
[2024-01-04T02:19:47.881+0000] {logging_mixin.py:188} INFO - [2024-01-04T02:19:47.881+0000] {dag.py:3033} INFO - Sync 1 DAGs
[2024-01-04T02:19:47.891+0000] {logging_mixin.py:188} INFO - [2024-01-04T02:19:47.890+0000] {dag.py:3820} INFO - Setting next_dagrun for example_python_decorator to None, run_after=None
[2024-01-04T02:19:47.908+0000] {processor.py:183} INFO - Processing /home/airflow/.local/lib/python3.8/site-packages/airflow/example_dags/example_python_decorator.py took 0.057 seconds
[2024-01-04T02:20:18.087+0000] {processor.py:161} INFO - Started process (PID=651) to work on /home/airflow/.local/lib/python3.8/site-packages/airflow/example_dags/example_python_decorator.py
[2024-01-04T02:20:18.088+0000] {processor.py:830} INFO - Processing file /home/airflow/.local/lib/python3.8/site-packages/airflow/example_dags/example_python_decorator.py for tasks to queue
[2024-01-04T02:20:18.090+0000] {logging_mixin.py:188} INFO - [2024-01-04T02:20:18.090+0000] {dagbag.py:538} INFO - Filling up the DagBag from /home/airflow/.local/lib/python3.8/site-packages/airflow/example_dags/example_python_decorator.py
[2024-01-04T02:20:18.098+0000] {processor.py:840} INFO - DAG(s) 'example_python_decorator' retrieved from /home/airflow/.local/lib/python3.8/site-packages/airflow/example_dags/example_python_decorator.py
[2024-01-04T02:20:18.116+0000] {logging_mixin.py:188} INFO - [2024-01-04T02:20:18.116+0000] {dag.py:3033} INFO - Sync 1 DAGs
[2024-01-04T02:20:18.125+0000] {logging_mixin.py:188} INFO - [2024-01-04T02:20:18.125+0000] {dag.py:3820} INFO - Setting next_dagrun for example_python_decorator to None, run_after=None
[2024-01-04T02:20:18.140+0000] {processor.py:183} INFO - Processing /home/airflow/.local/lib/python3.8/site-packages/airflow/example_dags/example_python_decorator.py took 0.055 seconds
[2024-01-04T02:20:48.351+0000] {processor.py:161} INFO - Started process (PID=706) to work on /home/airflow/.local/lib/python3.8/site-packages/airflow/example_dags/example_python_decorator.py
[2024-01-04T02:20:48.352+0000] {processor.py:830} INFO - Processing file /home/airflow/.local/lib/python3.8/site-packages/airflow/example_dags/example_python_decorator.py for tasks to queue
[2024-01-04T02:20:48.354+0000] {logging_mixin.py:188} INFO - [2024-01-04T02:20:48.354+0000] {dagbag.py:538} INFO - Filling up the DagBag from /home/airflow/.local/lib/python3.8/site-packages/airflow/example_dags/example_python_decorator.py
[2024-01-04T02:20:48.361+0000] {processor.py:840} INFO - DAG(s) 'example_python_decorator' retrieved from /home/airflow/.local/lib/python3.8/site-packages/airflow/example_dags/example_python_decorator.py
[2024-01-04T02:20:48.378+0000] {logging_mixin.py:188} INFO - [2024-01-04T02:20:48.378+0000] {dag.py:3033} INFO - Sync 1 DAGs
[2024-01-04T02:20:48.387+0000] {logging_mixin.py:188} INFO - [2024-01-04T02:20:48.387+0000] {dag.py:3820} INFO - Setting next_dagrun for example_python_decorator to None, run_after=None
[2024-01-04T02:20:48.404+0000] {processor.py:183} INFO - Processing /home/airflow/.local/lib/python3.8/site-packages/airflow/example_dags/example_python_decorator.py took 0.055 seconds
[2024-01-04T02:21:18.619+0000] {processor.py:161} INFO - Started process (PID=761) to work on /home/airflow/.local/lib/python3.8/site-packages/airflow/example_dags/example_python_decorator.py
[2024-01-04T02:21:18.620+0000] {processor.py:830} INFO - Processing file /home/airflow/.local/lib/python3.8/site-packages/airflow/example_dags/example_python_decorator.py for tasks to queue
[2024-01-04T02:21:18.621+0000] {logging_mixin.py:188} INFO - [2024-01-04T02:21:18.621+0000] {dagbag.py:538} INFO - Filling up the DagBag from /home/airflow/.local/lib/python3.8/site-packages/airflow/example_dags/example_python_decorator.py
[2024-01-04T02:21:18.627+0000] {processor.py:840} INFO - DAG(s) 'example_python_decorator' retrieved from /home/airflow/.local/lib/python3.8/site-packages/airflow/example_dags/example_python_decorator.py
[2024-01-04T02:21:18.642+0000] {logging_mixin.py:188} INFO - [2024-01-04T02:21:18.642+0000] {dag.py:3033} INFO - Sync 1 DAGs
[2024-01-04T02:21:18.650+0000] {logging_mixin.py:188} INFO - [2024-01-04T02:21:18.650+0000] {dag.py:3820} INFO - Setting next_dagrun for example_python_decorator to None, run_after=None
[2024-01-04T02:21:18.664+0000] {processor.py:183} INFO - Processing /home/airflow/.local/lib/python3.8/site-packages/airflow/example_dags/example_python_decorator.py took 0.047 seconds
[2024-01-04T02:21:48.909+0000] {processor.py:161} INFO - Started process (PID=817) to work on /home/airflow/.local/lib/python3.8/site-packages/airflow/example_dags/example_python_decorator.py
[2024-01-04T02:21:48.910+0000] {processor.py:830} INFO - Processing file /home/airflow/.local/lib/python3.8/site-packages/airflow/example_dags/example_python_decorator.py for tasks to queue
[2024-01-04T02:21:48.913+0000] {logging_mixin.py:188} INFO - [2024-01-04T02:21:48.912+0000] {dagbag.py:538} INFO - Filling up the DagBag from /home/airflow/.local/lib/python3.8/site-packages/airflow/example_dags/example_python_decorator.py
[2024-01-04T02:21:48.920+0000] {processor.py:840} INFO - DAG(s) 'example_python_decorator' retrieved from /home/airflow/.local/lib/python3.8/site-packages/airflow/example_dags/example_python_decorator.py
[2024-01-04T02:21:48.936+0000] {logging_mixin.py:188} INFO - [2024-01-04T02:21:48.936+0000] {dag.py:3033} INFO - Sync 1 DAGs
[2024-01-04T02:21:48.945+0000] {logging_mixin.py:188} INFO - [2024-01-04T02:21:48.944+0000] {dag.py:3820} INFO - Setting next_dagrun for example_python_decorator to None, run_after=None
[2024-01-04T02:21:48.961+0000] {processor.py:183} INFO - Processing /home/airflow/.local/lib/python3.8/site-packages/airflow/example_dags/example_python_decorator.py took 0.055 seconds
[2024-01-04T02:22:19.197+0000] {processor.py:161} INFO - Started process (PID=872) to work on /home/airflow/.local/lib/python3.8/site-packages/airflow/example_dags/example_python_decorator.py
[2024-01-04T02:22:19.198+0000] {processor.py:830} INFO - Processing file /home/airflow/.local/lib/python3.8/site-packages/airflow/example_dags/example_python_decorator.py for tasks to queue
[2024-01-04T02:22:19.200+0000] {logging_mixin.py:188} INFO - [2024-01-04T02:22:19.200+0000] {dagbag.py:538} INFO - Filling up the DagBag from /home/airflow/.local/lib/python3.8/site-packages/airflow/example_dags/example_python_decorator.py
[2024-01-04T02:22:19.207+0000] {processor.py:840} INFO - DAG(s) 'example_python_decorator' retrieved from /home/airflow/.local/lib/python3.8/site-packages/airflow/example_dags/example_python_decorator.py
[2024-01-04T02:22:19.222+0000] {logging_mixin.py:188} INFO - [2024-01-04T02:22:19.222+0000] {dag.py:3033} INFO - Sync 1 DAGs
[2024-01-04T02:22:19.231+0000] {logging_mixin.py:188} INFO - [2024-01-04T02:22:19.231+0000] {dag.py:3820} INFO - Setting next_dagrun for example_python_decorator to None, run_after=None
[2024-01-04T02:22:19.246+0000] {processor.py:183} INFO - Processing /home/airflow/.local/lib/python3.8/site-packages/airflow/example_dags/example_python_decorator.py took 0.051 seconds
