[2024-01-04T02:14:47.535+0000] {processor.py:161} INFO - Started process (PID=65) to work on /home/airflow/.local/lib/python3.8/site-packages/airflow/example_dags/example_short_circuit_operator.py
[2024-01-04T02:14:47.536+0000] {processor.py:830} INFO - Processing file /home/airflow/.local/lib/python3.8/site-packages/airflow/example_dags/example_short_circuit_operator.py for tasks to queue
[2024-01-04T02:14:47.541+0000] {logging_mixin.py:188} INFO - [2024-01-04T02:14:47.541+0000] {dagbag.py:538} INFO - Filling up the DagBag from /home/airflow/.local/lib/python3.8/site-packages/airflow/example_dags/example_short_circuit_operator.py
[2024-01-04T02:14:47.550+0000] {processor.py:840} INFO - DAG(s) 'example_short_circuit_operator' retrieved from /home/airflow/.local/lib/python3.8/site-packages/airflow/example_dags/example_short_circuit_operator.py
[2024-01-04T02:14:47.678+0000] {logging_mixin.py:188} INFO - [2024-01-04T02:14:47.678+0000] {override.py:1769} INFO - Created Permission View: can edit on DAG:example_short_circuit_operator
[2024-01-04T02:14:47.688+0000] {logging_mixin.py:188} INFO - [2024-01-04T02:14:47.688+0000] {override.py:1769} INFO - Created Permission View: can read on DAG:example_short_circuit_operator
[2024-01-04T02:14:47.696+0000] {logging_mixin.py:188} INFO - [2024-01-04T02:14:47.696+0000] {override.py:1769} INFO - Created Permission View: can delete on DAG:example_short_circuit_operator
[2024-01-04T02:14:47.697+0000] {logging_mixin.py:188} INFO - [2024-01-04T02:14:47.696+0000] {dag.py:3033} INFO - Sync 1 DAGs
[2024-01-04T02:14:47.708+0000] {logging_mixin.py:188} INFO - [2024-01-04T02:14:47.708+0000] {dag.py:3055} INFO - Creating ORM DAG for example_short_circuit_operator
[2024-01-04T02:14:47.721+0000] {logging_mixin.py:188} INFO - [2024-01-04T02:14:47.721+0000] {dag.py:3820} INFO - Setting next_dagrun for example_short_circuit_operator to 2024-01-03T00:00:00+00:00, run_after=2024-01-04T00:00:00+00:00
[2024-01-04T02:14:47.742+0000] {processor.py:183} INFO - Processing /home/airflow/.local/lib/python3.8/site-packages/airflow/example_dags/example_short_circuit_operator.py took 0.211 seconds
[2024-01-04T02:15:18.429+0000] {processor.py:161} INFO - Started process (PID=120) to work on /home/airflow/.local/lib/python3.8/site-packages/airflow/example_dags/example_short_circuit_operator.py
[2024-01-04T02:15:18.431+0000] {processor.py:830} INFO - Processing file /home/airflow/.local/lib/python3.8/site-packages/airflow/example_dags/example_short_circuit_operator.py for tasks to queue
[2024-01-04T02:15:18.433+0000] {logging_mixin.py:188} INFO - [2024-01-04T02:15:18.433+0000] {dagbag.py:538} INFO - Filling up the DagBag from /home/airflow/.local/lib/python3.8/site-packages/airflow/example_dags/example_short_circuit_operator.py
[2024-01-04T02:15:18.438+0000] {processor.py:840} INFO - DAG(s) 'example_short_circuit_operator' retrieved from /home/airflow/.local/lib/python3.8/site-packages/airflow/example_dags/example_short_circuit_operator.py
[2024-01-04T02:15:18.457+0000] {logging_mixin.py:188} INFO - [2024-01-04T02:15:18.457+0000] {dag.py:3033} INFO - Sync 1 DAGs
[2024-01-04T02:15:18.475+0000] {logging_mixin.py:188} INFO - [2024-01-04T02:15:18.475+0000] {dag.py:3820} INFO - Setting next_dagrun for example_short_circuit_operator to 2024-01-03T00:00:00+00:00, run_after=2024-01-04T00:00:00+00:00
[2024-01-04T02:15:18.490+0000] {processor.py:183} INFO - Processing /home/airflow/.local/lib/python3.8/site-packages/airflow/example_dags/example_short_circuit_operator.py took 0.064 seconds
[2024-01-04T02:15:49.014+0000] {processor.py:161} INFO - Started process (PID=175) to work on /home/airflow/.local/lib/python3.8/site-packages/airflow/example_dags/example_short_circuit_operator.py
[2024-01-04T02:15:49.015+0000] {processor.py:830} INFO - Processing file /home/airflow/.local/lib/python3.8/site-packages/airflow/example_dags/example_short_circuit_operator.py for tasks to queue
[2024-01-04T02:15:49.017+0000] {logging_mixin.py:188} INFO - [2024-01-04T02:15:49.017+0000] {dagbag.py:538} INFO - Filling up the DagBag from /home/airflow/.local/lib/python3.8/site-packages/airflow/example_dags/example_short_circuit_operator.py
[2024-01-04T02:15:49.022+0000] {processor.py:840} INFO - DAG(s) 'example_short_circuit_operator' retrieved from /home/airflow/.local/lib/python3.8/site-packages/airflow/example_dags/example_short_circuit_operator.py
[2024-01-04T02:15:49.041+0000] {logging_mixin.py:188} INFO - [2024-01-04T02:15:49.041+0000] {dag.py:3033} INFO - Sync 1 DAGs
[2024-01-04T02:15:49.059+0000] {logging_mixin.py:188} INFO - [2024-01-04T02:15:49.058+0000] {dag.py:3820} INFO - Setting next_dagrun for example_short_circuit_operator to 2024-01-03T00:00:00+00:00, run_after=2024-01-04T00:00:00+00:00
[2024-01-04T02:15:49.073+0000] {processor.py:183} INFO - Processing /home/airflow/.local/lib/python3.8/site-packages/airflow/example_dags/example_short_circuit_operator.py took 0.063 seconds
[2024-01-04T02:16:19.250+0000] {processor.py:161} INFO - Started process (PID=230) to work on /home/airflow/.local/lib/python3.8/site-packages/airflow/example_dags/example_short_circuit_operator.py
[2024-01-04T02:16:19.251+0000] {processor.py:830} INFO - Processing file /home/airflow/.local/lib/python3.8/site-packages/airflow/example_dags/example_short_circuit_operator.py for tasks to queue
[2024-01-04T02:16:19.253+0000] {logging_mixin.py:188} INFO - [2024-01-04T02:16:19.253+0000] {dagbag.py:538} INFO - Filling up the DagBag from /home/airflow/.local/lib/python3.8/site-packages/airflow/example_dags/example_short_circuit_operator.py
[2024-01-04T02:16:19.259+0000] {processor.py:840} INFO - DAG(s) 'example_short_circuit_operator' retrieved from /home/airflow/.local/lib/python3.8/site-packages/airflow/example_dags/example_short_circuit_operator.py
[2024-01-04T02:16:19.278+0000] {logging_mixin.py:188} INFO - [2024-01-04T02:16:19.278+0000] {dag.py:3033} INFO - Sync 1 DAGs
[2024-01-04T02:16:19.296+0000] {logging_mixin.py:188} INFO - [2024-01-04T02:16:19.295+0000] {dag.py:3820} INFO - Setting next_dagrun for example_short_circuit_operator to 2024-01-03T00:00:00+00:00, run_after=2024-01-04T00:00:00+00:00
[2024-01-04T02:16:19.312+0000] {processor.py:183} INFO - Processing /home/airflow/.local/lib/python3.8/site-packages/airflow/example_dags/example_short_circuit_operator.py took 0.065 seconds
[2024-01-04T02:16:49.673+0000] {processor.py:161} INFO - Started process (PID=285) to work on /home/airflow/.local/lib/python3.8/site-packages/airflow/example_dags/example_short_circuit_operator.py
[2024-01-04T02:16:49.674+0000] {processor.py:830} INFO - Processing file /home/airflow/.local/lib/python3.8/site-packages/airflow/example_dags/example_short_circuit_operator.py for tasks to queue
[2024-01-04T02:16:49.676+0000] {logging_mixin.py:188} INFO - [2024-01-04T02:16:49.675+0000] {dagbag.py:538} INFO - Filling up the DagBag from /home/airflow/.local/lib/python3.8/site-packages/airflow/example_dags/example_short_circuit_operator.py
[2024-01-04T02:16:49.681+0000] {processor.py:840} INFO - DAG(s) 'example_short_circuit_operator' retrieved from /home/airflow/.local/lib/python3.8/site-packages/airflow/example_dags/example_short_circuit_operator.py
[2024-01-04T02:16:49.703+0000] {logging_mixin.py:188} INFO - [2024-01-04T02:16:49.703+0000] {dag.py:3033} INFO - Sync 1 DAGs
[2024-01-04T02:16:49.722+0000] {logging_mixin.py:188} INFO - [2024-01-04T02:16:49.722+0000] {dag.py:3820} INFO - Setting next_dagrun for example_short_circuit_operator to 2024-01-03T00:00:00+00:00, run_after=2024-01-04T00:00:00+00:00
[2024-01-04T02:16:49.738+0000] {processor.py:183} INFO - Processing /home/airflow/.local/lib/python3.8/site-packages/airflow/example_dags/example_short_circuit_operator.py took 0.068 seconds
[2024-01-04T02:17:19.929+0000] {processor.py:161} INFO - Started process (PID=340) to work on /home/airflow/.local/lib/python3.8/site-packages/airflow/example_dags/example_short_circuit_operator.py
[2024-01-04T02:17:19.930+0000] {processor.py:830} INFO - Processing file /home/airflow/.local/lib/python3.8/site-packages/airflow/example_dags/example_short_circuit_operator.py for tasks to queue
[2024-01-04T02:17:19.932+0000] {logging_mixin.py:188} INFO - [2024-01-04T02:17:19.931+0000] {dagbag.py:538} INFO - Filling up the DagBag from /home/airflow/.local/lib/python3.8/site-packages/airflow/example_dags/example_short_circuit_operator.py
[2024-01-04T02:17:19.937+0000] {processor.py:840} INFO - DAG(s) 'example_short_circuit_operator' retrieved from /home/airflow/.local/lib/python3.8/site-packages/airflow/example_dags/example_short_circuit_operator.py
[2024-01-04T02:17:19.954+0000] {logging_mixin.py:188} INFO - [2024-01-04T02:17:19.954+0000] {dag.py:3033} INFO - Sync 1 DAGs
[2024-01-04T02:17:19.969+0000] {logging_mixin.py:188} INFO - [2024-01-04T02:17:19.969+0000] {dag.py:3820} INFO - Setting next_dagrun for example_short_circuit_operator to 2024-01-03T00:00:00+00:00, run_after=2024-01-04T00:00:00+00:00
[2024-01-04T02:17:19.986+0000] {processor.py:183} INFO - Processing /home/airflow/.local/lib/python3.8/site-packages/airflow/example_dags/example_short_circuit_operator.py took 0.059 seconds
[2024-01-04T02:17:50.915+0000] {processor.py:161} INFO - Started process (PID=395) to work on /home/airflow/.local/lib/python3.8/site-packages/airflow/example_dags/example_short_circuit_operator.py
[2024-01-04T02:17:50.916+0000] {processor.py:830} INFO - Processing file /home/airflow/.local/lib/python3.8/site-packages/airflow/example_dags/example_short_circuit_operator.py for tasks to queue
[2024-01-04T02:17:50.917+0000] {logging_mixin.py:188} INFO - [2024-01-04T02:17:50.917+0000] {dagbag.py:538} INFO - Filling up the DagBag from /home/airflow/.local/lib/python3.8/site-packages/airflow/example_dags/example_short_circuit_operator.py
[2024-01-04T02:17:50.923+0000] {processor.py:840} INFO - DAG(s) 'example_short_circuit_operator' retrieved from /home/airflow/.local/lib/python3.8/site-packages/airflow/example_dags/example_short_circuit_operator.py
[2024-01-04T02:17:50.942+0000] {logging_mixin.py:188} INFO - [2024-01-04T02:17:50.942+0000] {dag.py:3033} INFO - Sync 1 DAGs
[2024-01-04T02:17:50.959+0000] {logging_mixin.py:188} INFO - [2024-01-04T02:17:50.959+0000] {dag.py:3820} INFO - Setting next_dagrun for example_short_circuit_operator to 2024-01-03T00:00:00+00:00, run_after=2024-01-04T00:00:00+00:00
[2024-01-04T02:17:50.977+0000] {processor.py:183} INFO - Processing /home/airflow/.local/lib/python3.8/site-packages/airflow/example_dags/example_short_circuit_operator.py took 0.064 seconds
[2024-01-04T02:18:21.244+0000] {processor.py:161} INFO - Started process (PID=450) to work on /home/airflow/.local/lib/python3.8/site-packages/airflow/example_dags/example_short_circuit_operator.py
[2024-01-04T02:18:21.246+0000] {processor.py:830} INFO - Processing file /home/airflow/.local/lib/python3.8/site-packages/airflow/example_dags/example_short_circuit_operator.py for tasks to queue
[2024-01-04T02:18:21.248+0000] {logging_mixin.py:188} INFO - [2024-01-04T02:18:21.248+0000] {dagbag.py:538} INFO - Filling up the DagBag from /home/airflow/.local/lib/python3.8/site-packages/airflow/example_dags/example_short_circuit_operator.py
[2024-01-04T02:18:21.253+0000] {processor.py:840} INFO - DAG(s) 'example_short_circuit_operator' retrieved from /home/airflow/.local/lib/python3.8/site-packages/airflow/example_dags/example_short_circuit_operator.py
[2024-01-04T02:18:21.270+0000] {logging_mixin.py:188} INFO - [2024-01-04T02:18:21.270+0000] {dag.py:3033} INFO - Sync 1 DAGs
[2024-01-04T02:18:21.286+0000] {logging_mixin.py:188} INFO - [2024-01-04T02:18:21.286+0000] {dag.py:3820} INFO - Setting next_dagrun for example_short_circuit_operator to 2024-01-03T00:00:00+00:00, run_after=2024-01-04T00:00:00+00:00
[2024-01-04T02:18:21.298+0000] {processor.py:183} INFO - Processing /home/airflow/.local/lib/python3.8/site-packages/airflow/example_dags/example_short_circuit_operator.py took 0.057 seconds
[2024-01-04T02:18:51.392+0000] {processor.py:161} INFO - Started process (PID=505) to work on /home/airflow/.local/lib/python3.8/site-packages/airflow/example_dags/example_short_circuit_operator.py
[2024-01-04T02:18:51.393+0000] {processor.py:830} INFO - Processing file /home/airflow/.local/lib/python3.8/site-packages/airflow/example_dags/example_short_circuit_operator.py for tasks to queue
[2024-01-04T02:18:51.395+0000] {logging_mixin.py:188} INFO - [2024-01-04T02:18:51.395+0000] {dagbag.py:538} INFO - Filling up the DagBag from /home/airflow/.local/lib/python3.8/site-packages/airflow/example_dags/example_short_circuit_operator.py
[2024-01-04T02:18:51.401+0000] {processor.py:840} INFO - DAG(s) 'example_short_circuit_operator' retrieved from /home/airflow/.local/lib/python3.8/site-packages/airflow/example_dags/example_short_circuit_operator.py
[2024-01-04T02:18:51.420+0000] {logging_mixin.py:188} INFO - [2024-01-04T02:18:51.420+0000] {dag.py:3033} INFO - Sync 1 DAGs
[2024-01-04T02:18:51.437+0000] {logging_mixin.py:188} INFO - [2024-01-04T02:18:51.437+0000] {dag.py:3820} INFO - Setting next_dagrun for example_short_circuit_operator to 2024-01-03T00:00:00+00:00, run_after=2024-01-04T00:00:00+00:00
[2024-01-04T02:18:51.452+0000] {processor.py:183} INFO - Processing /home/airflow/.local/lib/python3.8/site-packages/airflow/example_dags/example_short_circuit_operator.py took 0.063 seconds
[2024-01-04T02:19:21.625+0000] {processor.py:161} INFO - Started process (PID=560) to work on /home/airflow/.local/lib/python3.8/site-packages/airflow/example_dags/example_short_circuit_operator.py
[2024-01-04T02:19:21.626+0000] {processor.py:830} INFO - Processing file /home/airflow/.local/lib/python3.8/site-packages/airflow/example_dags/example_short_circuit_operator.py for tasks to queue
[2024-01-04T02:19:21.628+0000] {logging_mixin.py:188} INFO - [2024-01-04T02:19:21.627+0000] {dagbag.py:538} INFO - Filling up the DagBag from /home/airflow/.local/lib/python3.8/site-packages/airflow/example_dags/example_short_circuit_operator.py
[2024-01-04T02:19:21.633+0000] {processor.py:840} INFO - DAG(s) 'example_short_circuit_operator' retrieved from /home/airflow/.local/lib/python3.8/site-packages/airflow/example_dags/example_short_circuit_operator.py
[2024-01-04T02:19:21.648+0000] {logging_mixin.py:188} INFO - [2024-01-04T02:19:21.648+0000] {dag.py:3033} INFO - Sync 1 DAGs
[2024-01-04T02:19:21.664+0000] {logging_mixin.py:188} INFO - [2024-01-04T02:19:21.664+0000] {dag.py:3820} INFO - Setting next_dagrun for example_short_circuit_operator to 2024-01-03T00:00:00+00:00, run_after=2024-01-04T00:00:00+00:00
[2024-01-04T02:19:21.680+0000] {processor.py:183} INFO - Processing /home/airflow/.local/lib/python3.8/site-packages/airflow/example_dags/example_short_circuit_operator.py took 0.057 seconds
[2024-01-04T02:19:51.834+0000] {processor.py:161} INFO - Started process (PID=615) to work on /home/airflow/.local/lib/python3.8/site-packages/airflow/example_dags/example_short_circuit_operator.py
[2024-01-04T02:19:51.835+0000] {processor.py:830} INFO - Processing file /home/airflow/.local/lib/python3.8/site-packages/airflow/example_dags/example_short_circuit_operator.py for tasks to queue
[2024-01-04T02:19:51.837+0000] {logging_mixin.py:188} INFO - [2024-01-04T02:19:51.837+0000] {dagbag.py:538} INFO - Filling up the DagBag from /home/airflow/.local/lib/python3.8/site-packages/airflow/example_dags/example_short_circuit_operator.py
[2024-01-04T02:19:51.842+0000] {processor.py:840} INFO - DAG(s) 'example_short_circuit_operator' retrieved from /home/airflow/.local/lib/python3.8/site-packages/airflow/example_dags/example_short_circuit_operator.py
[2024-01-04T02:19:51.859+0000] {logging_mixin.py:188} INFO - [2024-01-04T02:19:51.859+0000] {dag.py:3033} INFO - Sync 1 DAGs
[2024-01-04T02:19:51.874+0000] {logging_mixin.py:188} INFO - [2024-01-04T02:19:51.874+0000] {dag.py:3820} INFO - Setting next_dagrun for example_short_circuit_operator to 2024-01-03T00:00:00+00:00, run_after=2024-01-04T00:00:00+00:00
[2024-01-04T02:19:51.889+0000] {processor.py:183} INFO - Processing /home/airflow/.local/lib/python3.8/site-packages/airflow/example_dags/example_short_circuit_operator.py took 0.057 seconds
[2024-01-04T02:20:21.961+0000] {processor.py:161} INFO - Started process (PID=670) to work on /home/airflow/.local/lib/python3.8/site-packages/airflow/example_dags/example_short_circuit_operator.py
[2024-01-04T02:20:21.962+0000] {processor.py:830} INFO - Processing file /home/airflow/.local/lib/python3.8/site-packages/airflow/example_dags/example_short_circuit_operator.py for tasks to queue
[2024-01-04T02:20:21.963+0000] {logging_mixin.py:188} INFO - [2024-01-04T02:20:21.963+0000] {dagbag.py:538} INFO - Filling up the DagBag from /home/airflow/.local/lib/python3.8/site-packages/airflow/example_dags/example_short_circuit_operator.py
[2024-01-04T02:20:21.970+0000] {processor.py:840} INFO - DAG(s) 'example_short_circuit_operator' retrieved from /home/airflow/.local/lib/python3.8/site-packages/airflow/example_dags/example_short_circuit_operator.py
[2024-01-04T02:20:21.987+0000] {logging_mixin.py:188} INFO - [2024-01-04T02:20:21.987+0000] {dag.py:3033} INFO - Sync 1 DAGs
[2024-01-04T02:20:22.003+0000] {logging_mixin.py:188} INFO - [2024-01-04T02:20:22.003+0000] {dag.py:3820} INFO - Setting next_dagrun for example_short_circuit_operator to 2024-01-03T00:00:00+00:00, run_after=2024-01-04T00:00:00+00:00
[2024-01-04T02:20:22.017+0000] {processor.py:183} INFO - Processing /home/airflow/.local/lib/python3.8/site-packages/airflow/example_dags/example_short_circuit_operator.py took 0.058 seconds
[2024-01-04T02:20:52.340+0000] {processor.py:161} INFO - Started process (PID=725) to work on /home/airflow/.local/lib/python3.8/site-packages/airflow/example_dags/example_short_circuit_operator.py
[2024-01-04T02:20:52.341+0000] {processor.py:830} INFO - Processing file /home/airflow/.local/lib/python3.8/site-packages/airflow/example_dags/example_short_circuit_operator.py for tasks to queue
[2024-01-04T02:20:52.343+0000] {logging_mixin.py:188} INFO - [2024-01-04T02:20:52.342+0000] {dagbag.py:538} INFO - Filling up the DagBag from /home/airflow/.local/lib/python3.8/site-packages/airflow/example_dags/example_short_circuit_operator.py
[2024-01-04T02:20:52.348+0000] {processor.py:840} INFO - DAG(s) 'example_short_circuit_operator' retrieved from /home/airflow/.local/lib/python3.8/site-packages/airflow/example_dags/example_short_circuit_operator.py
[2024-01-04T02:20:52.368+0000] {logging_mixin.py:188} INFO - [2024-01-04T02:20:52.368+0000] {dag.py:3033} INFO - Sync 1 DAGs
[2024-01-04T02:20:52.387+0000] {logging_mixin.py:188} INFO - [2024-01-04T02:20:52.387+0000] {dag.py:3820} INFO - Setting next_dagrun for example_short_circuit_operator to 2024-01-03T00:00:00+00:00, run_after=2024-01-04T00:00:00+00:00
[2024-01-04T02:20:52.404+0000] {processor.py:183} INFO - Processing /home/airflow/.local/lib/python3.8/site-packages/airflow/example_dags/example_short_circuit_operator.py took 0.066 seconds
[2024-01-04T02:21:22.553+0000] {processor.py:161} INFO - Started process (PID=780) to work on /home/airflow/.local/lib/python3.8/site-packages/airflow/example_dags/example_short_circuit_operator.py
[2024-01-04T02:21:22.554+0000] {processor.py:830} INFO - Processing file /home/airflow/.local/lib/python3.8/site-packages/airflow/example_dags/example_short_circuit_operator.py for tasks to queue
[2024-01-04T02:21:22.556+0000] {logging_mixin.py:188} INFO - [2024-01-04T02:21:22.556+0000] {dagbag.py:538} INFO - Filling up the DagBag from /home/airflow/.local/lib/python3.8/site-packages/airflow/example_dags/example_short_circuit_operator.py
[2024-01-04T02:21:22.561+0000] {processor.py:840} INFO - DAG(s) 'example_short_circuit_operator' retrieved from /home/airflow/.local/lib/python3.8/site-packages/airflow/example_dags/example_short_circuit_operator.py
[2024-01-04T02:21:22.578+0000] {logging_mixin.py:188} INFO - [2024-01-04T02:21:22.578+0000] {dag.py:3033} INFO - Sync 1 DAGs
[2024-01-04T02:21:22.595+0000] {logging_mixin.py:188} INFO - [2024-01-04T02:21:22.594+0000] {dag.py:3820} INFO - Setting next_dagrun for example_short_circuit_operator to 2024-01-03T00:00:00+00:00, run_after=2024-01-04T00:00:00+00:00
[2024-01-04T02:21:22.610+0000] {processor.py:183} INFO - Processing /home/airflow/.local/lib/python3.8/site-packages/airflow/example_dags/example_short_circuit_operator.py took 0.059 seconds
[2024-01-04T02:21:52.724+0000] {processor.py:161} INFO - Started process (PID=836) to work on /home/airflow/.local/lib/python3.8/site-packages/airflow/example_dags/example_short_circuit_operator.py
[2024-01-04T02:21:52.725+0000] {processor.py:830} INFO - Processing file /home/airflow/.local/lib/python3.8/site-packages/airflow/example_dags/example_short_circuit_operator.py for tasks to queue
[2024-01-04T02:21:52.726+0000] {logging_mixin.py:188} INFO - [2024-01-04T02:21:52.726+0000] {dagbag.py:538} INFO - Filling up the DagBag from /home/airflow/.local/lib/python3.8/site-packages/airflow/example_dags/example_short_circuit_operator.py
[2024-01-04T02:21:52.732+0000] {processor.py:840} INFO - DAG(s) 'example_short_circuit_operator' retrieved from /home/airflow/.local/lib/python3.8/site-packages/airflow/example_dags/example_short_circuit_operator.py
[2024-01-04T02:21:52.750+0000] {logging_mixin.py:188} INFO - [2024-01-04T02:21:52.750+0000] {dag.py:3033} INFO - Sync 1 DAGs
[2024-01-04T02:21:52.767+0000] {logging_mixin.py:188} INFO - [2024-01-04T02:21:52.767+0000] {dag.py:3820} INFO - Setting next_dagrun for example_short_circuit_operator to 2024-01-03T00:00:00+00:00, run_after=2024-01-04T00:00:00+00:00
[2024-01-04T02:21:52.783+0000] {processor.py:183} INFO - Processing /home/airflow/.local/lib/python3.8/site-packages/airflow/example_dags/example_short_circuit_operator.py took 0.062 seconds
[2024-01-04T02:22:22.832+0000] {processor.py:161} INFO - Started process (PID=890) to work on /home/airflow/.local/lib/python3.8/site-packages/airflow/example_dags/example_short_circuit_operator.py
[2024-01-04T02:22:22.833+0000] {processor.py:830} INFO - Processing file /home/airflow/.local/lib/python3.8/site-packages/airflow/example_dags/example_short_circuit_operator.py for tasks to queue
[2024-01-04T02:22:22.835+0000] {logging_mixin.py:188} INFO - [2024-01-04T02:22:22.835+0000] {dagbag.py:538} INFO - Filling up the DagBag from /home/airflow/.local/lib/python3.8/site-packages/airflow/example_dags/example_short_circuit_operator.py
[2024-01-04T02:22:22.840+0000] {processor.py:840} INFO - DAG(s) 'example_short_circuit_operator' retrieved from /home/airflow/.local/lib/python3.8/site-packages/airflow/example_dags/example_short_circuit_operator.py
[2024-01-04T02:22:22.858+0000] {logging_mixin.py:188} INFO - [2024-01-04T02:22:22.858+0000] {dag.py:3033} INFO - Sync 1 DAGs
[2024-01-04T02:22:22.873+0000] {logging_mixin.py:188} INFO - [2024-01-04T02:22:22.873+0000] {dag.py:3820} INFO - Setting next_dagrun for example_short_circuit_operator to 2024-01-03T00:00:00+00:00, run_after=2024-01-04T00:00:00+00:00
[2024-01-04T02:22:22.886+0000] {processor.py:183} INFO - Processing /home/airflow/.local/lib/python3.8/site-packages/airflow/example_dags/example_short_circuit_operator.py took 0.056 seconds
