[2024-01-04T02:14:46.790+0000] {processor.py:161} INFO - Started process (PID=59) to work on /home/airflow/.local/lib/python3.8/site-packages/airflow/example_dags/example_trigger_target_dag.py
[2024-01-04T02:14:46.791+0000] {processor.py:830} INFO - Processing file /home/airflow/.local/lib/python3.8/site-packages/airflow/example_dags/example_trigger_target_dag.py for tasks to queue
[2024-01-04T02:14:46.793+0000] {logging_mixin.py:188} INFO - [2024-01-04T02:14:46.793+0000] {dagbag.py:538} INFO - Filling up the DagBag from /home/airflow/.local/lib/python3.8/site-packages/airflow/example_dags/example_trigger_target_dag.py
[2024-01-04T02:14:46.800+0000] {processor.py:840} INFO - DAG(s) 'example_trigger_target_dag' retrieved from /home/airflow/.local/lib/python3.8/site-packages/airflow/example_dags/example_trigger_target_dag.py
[2024-01-04T02:14:46.881+0000] {logging_mixin.py:188} INFO - [2024-01-04T02:14:46.881+0000] {override.py:1769} INFO - Created Permission View: can edit on DAG:example_trigger_target_dag
[2024-01-04T02:14:46.889+0000] {logging_mixin.py:188} INFO - [2024-01-04T02:14:46.889+0000] {override.py:1769} INFO - Created Permission View: can read on DAG:example_trigger_target_dag
[2024-01-04T02:14:46.895+0000] {logging_mixin.py:188} INFO - [2024-01-04T02:14:46.895+0000] {override.py:1769} INFO - Created Permission View: can delete on DAG:example_trigger_target_dag
[2024-01-04T02:14:46.896+0000] {logging_mixin.py:188} INFO - [2024-01-04T02:14:46.896+0000] {dag.py:3033} INFO - Sync 1 DAGs
[2024-01-04T02:14:46.905+0000] {logging_mixin.py:188} INFO - [2024-01-04T02:14:46.904+0000] {dag.py:3055} INFO - Creating ORM DAG for example_trigger_target_dag
[2024-01-04T02:14:46.905+0000] {logging_mixin.py:188} INFO - [2024-01-04T02:14:46.905+0000] {dag.py:3820} INFO - Setting next_dagrun for example_trigger_target_dag to None, run_after=None
[2024-01-04T02:14:46.920+0000] {processor.py:183} INFO - Processing /home/airflow/.local/lib/python3.8/site-packages/airflow/example_dags/example_trigger_target_dag.py took 0.133 seconds
[2024-01-04T02:15:17.157+0000] {processor.py:161} INFO - Started process (PID=114) to work on /home/airflow/.local/lib/python3.8/site-packages/airflow/example_dags/example_trigger_target_dag.py
[2024-01-04T02:15:17.158+0000] {processor.py:830} INFO - Processing file /home/airflow/.local/lib/python3.8/site-packages/airflow/example_dags/example_trigger_target_dag.py for tasks to queue
[2024-01-04T02:15:17.159+0000] {logging_mixin.py:188} INFO - [2024-01-04T02:15:17.159+0000] {dagbag.py:538} INFO - Filling up the DagBag from /home/airflow/.local/lib/python3.8/site-packages/airflow/example_dags/example_trigger_target_dag.py
[2024-01-04T02:15:17.165+0000] {processor.py:840} INFO - DAG(s) 'example_trigger_target_dag' retrieved from /home/airflow/.local/lib/python3.8/site-packages/airflow/example_dags/example_trigger_target_dag.py
[2024-01-04T02:15:17.185+0000] {logging_mixin.py:188} INFO - [2024-01-04T02:15:17.185+0000] {dag.py:3033} INFO - Sync 1 DAGs
[2024-01-04T02:15:17.199+0000] {logging_mixin.py:188} INFO - [2024-01-04T02:15:17.198+0000] {dag.py:3820} INFO - Setting next_dagrun for example_trigger_target_dag to None, run_after=None
[2024-01-04T02:15:17.216+0000] {processor.py:183} INFO - Processing /home/airflow/.local/lib/python3.8/site-packages/airflow/example_dags/example_trigger_target_dag.py took 0.063 seconds
[2024-01-04T02:15:47.730+0000] {processor.py:161} INFO - Started process (PID=169) to work on /home/airflow/.local/lib/python3.8/site-packages/airflow/example_dags/example_trigger_target_dag.py
[2024-01-04T02:15:47.731+0000] {processor.py:830} INFO - Processing file /home/airflow/.local/lib/python3.8/site-packages/airflow/example_dags/example_trigger_target_dag.py for tasks to queue
[2024-01-04T02:15:47.733+0000] {logging_mixin.py:188} INFO - [2024-01-04T02:15:47.733+0000] {dagbag.py:538} INFO - Filling up the DagBag from /home/airflow/.local/lib/python3.8/site-packages/airflow/example_dags/example_trigger_target_dag.py
[2024-01-04T02:15:47.738+0000] {processor.py:840} INFO - DAG(s) 'example_trigger_target_dag' retrieved from /home/airflow/.local/lib/python3.8/site-packages/airflow/example_dags/example_trigger_target_dag.py
[2024-01-04T02:15:47.762+0000] {logging_mixin.py:188} INFO - [2024-01-04T02:15:47.762+0000] {dag.py:3033} INFO - Sync 1 DAGs
[2024-01-04T02:15:47.776+0000] {logging_mixin.py:188} INFO - [2024-01-04T02:15:47.775+0000] {dag.py:3820} INFO - Setting next_dagrun for example_trigger_target_dag to None, run_after=None
[2024-01-04T02:15:47.796+0000] {processor.py:183} INFO - Processing /home/airflow/.local/lib/python3.8/site-packages/airflow/example_dags/example_trigger_target_dag.py took 0.068 seconds
[2024-01-04T02:16:17.991+0000] {processor.py:161} INFO - Started process (PID=224) to work on /home/airflow/.local/lib/python3.8/site-packages/airflow/example_dags/example_trigger_target_dag.py
[2024-01-04T02:16:17.992+0000] {processor.py:830} INFO - Processing file /home/airflow/.local/lib/python3.8/site-packages/airflow/example_dags/example_trigger_target_dag.py for tasks to queue
[2024-01-04T02:16:17.994+0000] {logging_mixin.py:188} INFO - [2024-01-04T02:16:17.994+0000] {dagbag.py:538} INFO - Filling up the DagBag from /home/airflow/.local/lib/python3.8/site-packages/airflow/example_dags/example_trigger_target_dag.py
[2024-01-04T02:16:17.999+0000] {processor.py:840} INFO - DAG(s) 'example_trigger_target_dag' retrieved from /home/airflow/.local/lib/python3.8/site-packages/airflow/example_dags/example_trigger_target_dag.py
[2024-01-04T02:16:18.017+0000] {logging_mixin.py:188} INFO - [2024-01-04T02:16:18.017+0000] {dag.py:3033} INFO - Sync 1 DAGs
[2024-01-04T02:16:18.027+0000] {logging_mixin.py:188} INFO - [2024-01-04T02:16:18.027+0000] {dag.py:3820} INFO - Setting next_dagrun for example_trigger_target_dag to None, run_after=None
[2024-01-04T02:16:18.043+0000] {processor.py:183} INFO - Processing /home/airflow/.local/lib/python3.8/site-packages/airflow/example_dags/example_trigger_target_dag.py took 0.055 seconds
[2024-01-04T02:16:48.393+0000] {processor.py:161} INFO - Started process (PID=279) to work on /home/airflow/.local/lib/python3.8/site-packages/airflow/example_dags/example_trigger_target_dag.py
[2024-01-04T02:16:48.394+0000] {processor.py:830} INFO - Processing file /home/airflow/.local/lib/python3.8/site-packages/airflow/example_dags/example_trigger_target_dag.py for tasks to queue
[2024-01-04T02:16:48.396+0000] {logging_mixin.py:188} INFO - [2024-01-04T02:16:48.395+0000] {dagbag.py:538} INFO - Filling up the DagBag from /home/airflow/.local/lib/python3.8/site-packages/airflow/example_dags/example_trigger_target_dag.py
[2024-01-04T02:16:48.400+0000] {processor.py:840} INFO - DAG(s) 'example_trigger_target_dag' retrieved from /home/airflow/.local/lib/python3.8/site-packages/airflow/example_dags/example_trigger_target_dag.py
[2024-01-04T02:16:48.414+0000] {logging_mixin.py:188} INFO - [2024-01-04T02:16:48.414+0000] {dag.py:3033} INFO - Sync 1 DAGs
[2024-01-04T02:16:48.424+0000] {logging_mixin.py:188} INFO - [2024-01-04T02:16:48.424+0000] {dag.py:3820} INFO - Setting next_dagrun for example_trigger_target_dag to None, run_after=None
[2024-01-04T02:16:48.437+0000] {processor.py:183} INFO - Processing /home/airflow/.local/lib/python3.8/site-packages/airflow/example_dags/example_trigger_target_dag.py took 0.047 seconds
[2024-01-04T02:17:18.691+0000] {processor.py:161} INFO - Started process (PID=334) to work on /home/airflow/.local/lib/python3.8/site-packages/airflow/example_dags/example_trigger_target_dag.py
[2024-01-04T02:17:18.692+0000] {processor.py:830} INFO - Processing file /home/airflow/.local/lib/python3.8/site-packages/airflow/example_dags/example_trigger_target_dag.py for tasks to queue
[2024-01-04T02:17:18.694+0000] {logging_mixin.py:188} INFO - [2024-01-04T02:17:18.693+0000] {dagbag.py:538} INFO - Filling up the DagBag from /home/airflow/.local/lib/python3.8/site-packages/airflow/example_dags/example_trigger_target_dag.py
[2024-01-04T02:17:18.698+0000] {processor.py:840} INFO - DAG(s) 'example_trigger_target_dag' retrieved from /home/airflow/.local/lib/python3.8/site-packages/airflow/example_dags/example_trigger_target_dag.py
[2024-01-04T02:17:18.714+0000] {logging_mixin.py:188} INFO - [2024-01-04T02:17:18.713+0000] {dag.py:3033} INFO - Sync 1 DAGs
[2024-01-04T02:17:18.724+0000] {logging_mixin.py:188} INFO - [2024-01-04T02:17:18.724+0000] {dag.py:3820} INFO - Setting next_dagrun for example_trigger_target_dag to None, run_after=None
[2024-01-04T02:17:18.739+0000] {processor.py:183} INFO - Processing /home/airflow/.local/lib/python3.8/site-packages/airflow/example_dags/example_trigger_target_dag.py took 0.050 seconds
[2024-01-04T02:17:49.684+0000] {processor.py:161} INFO - Started process (PID=389) to work on /home/airflow/.local/lib/python3.8/site-packages/airflow/example_dags/example_trigger_target_dag.py
[2024-01-04T02:17:49.685+0000] {processor.py:830} INFO - Processing file /home/airflow/.local/lib/python3.8/site-packages/airflow/example_dags/example_trigger_target_dag.py for tasks to queue
[2024-01-04T02:17:49.687+0000] {logging_mixin.py:188} INFO - [2024-01-04T02:17:49.687+0000] {dagbag.py:538} INFO - Filling up the DagBag from /home/airflow/.local/lib/python3.8/site-packages/airflow/example_dags/example_trigger_target_dag.py
[2024-01-04T02:17:49.691+0000] {processor.py:840} INFO - DAG(s) 'example_trigger_target_dag' retrieved from /home/airflow/.local/lib/python3.8/site-packages/airflow/example_dags/example_trigger_target_dag.py
[2024-01-04T02:17:49.706+0000] {logging_mixin.py:188} INFO - [2024-01-04T02:17:49.706+0000] {dag.py:3033} INFO - Sync 1 DAGs
[2024-01-04T02:17:49.716+0000] {logging_mixin.py:188} INFO - [2024-01-04T02:17:49.715+0000] {dag.py:3820} INFO - Setting next_dagrun for example_trigger_target_dag to None, run_after=None
[2024-01-04T02:17:49.732+0000] {processor.py:183} INFO - Processing /home/airflow/.local/lib/python3.8/site-packages/airflow/example_dags/example_trigger_target_dag.py took 0.050 seconds
[2024-01-04T02:18:20.025+0000] {processor.py:161} INFO - Started process (PID=444) to work on /home/airflow/.local/lib/python3.8/site-packages/airflow/example_dags/example_trigger_target_dag.py
[2024-01-04T02:18:20.026+0000] {processor.py:830} INFO - Processing file /home/airflow/.local/lib/python3.8/site-packages/airflow/example_dags/example_trigger_target_dag.py for tasks to queue
[2024-01-04T02:18:20.028+0000] {logging_mixin.py:188} INFO - [2024-01-04T02:18:20.028+0000] {dagbag.py:538} INFO - Filling up the DagBag from /home/airflow/.local/lib/python3.8/site-packages/airflow/example_dags/example_trigger_target_dag.py
[2024-01-04T02:18:20.032+0000] {processor.py:840} INFO - DAG(s) 'example_trigger_target_dag' retrieved from /home/airflow/.local/lib/python3.8/site-packages/airflow/example_dags/example_trigger_target_dag.py
[2024-01-04T02:18:20.046+0000] {logging_mixin.py:188} INFO - [2024-01-04T02:18:20.046+0000] {dag.py:3033} INFO - Sync 1 DAGs
[2024-01-04T02:18:20.055+0000] {logging_mixin.py:188} INFO - [2024-01-04T02:18:20.055+0000] {dag.py:3820} INFO - Setting next_dagrun for example_trigger_target_dag to None, run_after=None
[2024-01-04T02:18:20.070+0000] {processor.py:183} INFO - Processing /home/airflow/.local/lib/python3.8/site-packages/airflow/example_dags/example_trigger_target_dag.py took 0.047 seconds
[2024-01-04T02:18:50.171+0000] {processor.py:161} INFO - Started process (PID=499) to work on /home/airflow/.local/lib/python3.8/site-packages/airflow/example_dags/example_trigger_target_dag.py
[2024-01-04T02:18:50.172+0000] {processor.py:830} INFO - Processing file /home/airflow/.local/lib/python3.8/site-packages/airflow/example_dags/example_trigger_target_dag.py for tasks to queue
[2024-01-04T02:18:50.173+0000] {logging_mixin.py:188} INFO - [2024-01-04T02:18:50.173+0000] {dagbag.py:538} INFO - Filling up the DagBag from /home/airflow/.local/lib/python3.8/site-packages/airflow/example_dags/example_trigger_target_dag.py
[2024-01-04T02:18:50.177+0000] {processor.py:840} INFO - DAG(s) 'example_trigger_target_dag' retrieved from /home/airflow/.local/lib/python3.8/site-packages/airflow/example_dags/example_trigger_target_dag.py
[2024-01-04T02:18:50.191+0000] {logging_mixin.py:188} INFO - [2024-01-04T02:18:50.191+0000] {dag.py:3033} INFO - Sync 1 DAGs
[2024-01-04T02:18:50.201+0000] {logging_mixin.py:188} INFO - [2024-01-04T02:18:50.201+0000] {dag.py:3820} INFO - Setting next_dagrun for example_trigger_target_dag to None, run_after=None
[2024-01-04T02:18:50.214+0000] {processor.py:183} INFO - Processing /home/airflow/.local/lib/python3.8/site-packages/airflow/example_dags/example_trigger_target_dag.py took 0.046 seconds
[2024-01-04T02:19:20.340+0000] {processor.py:161} INFO - Started process (PID=554) to work on /home/airflow/.local/lib/python3.8/site-packages/airflow/example_dags/example_trigger_target_dag.py
[2024-01-04T02:19:20.341+0000] {processor.py:830} INFO - Processing file /home/airflow/.local/lib/python3.8/site-packages/airflow/example_dags/example_trigger_target_dag.py for tasks to queue
[2024-01-04T02:19:20.343+0000] {logging_mixin.py:188} INFO - [2024-01-04T02:19:20.342+0000] {dagbag.py:538} INFO - Filling up the DagBag from /home/airflow/.local/lib/python3.8/site-packages/airflow/example_dags/example_trigger_target_dag.py
[2024-01-04T02:19:20.346+0000] {processor.py:840} INFO - DAG(s) 'example_trigger_target_dag' retrieved from /home/airflow/.local/lib/python3.8/site-packages/airflow/example_dags/example_trigger_target_dag.py
[2024-01-04T02:19:20.361+0000] {logging_mixin.py:188} INFO - [2024-01-04T02:19:20.361+0000] {dag.py:3033} INFO - Sync 1 DAGs
[2024-01-04T02:19:20.370+0000] {logging_mixin.py:188} INFO - [2024-01-04T02:19:20.370+0000] {dag.py:3820} INFO - Setting next_dagrun for example_trigger_target_dag to None, run_after=None
[2024-01-04T02:19:20.386+0000] {processor.py:183} INFO - Processing /home/airflow/.local/lib/python3.8/site-packages/airflow/example_dags/example_trigger_target_dag.py took 0.048 seconds
[2024-01-04T02:19:50.426+0000] {processor.py:161} INFO - Started process (PID=608) to work on /home/airflow/.local/lib/python3.8/site-packages/airflow/example_dags/example_trigger_target_dag.py
[2024-01-04T02:19:50.427+0000] {processor.py:830} INFO - Processing file /home/airflow/.local/lib/python3.8/site-packages/airflow/example_dags/example_trigger_target_dag.py for tasks to queue
[2024-01-04T02:19:50.429+0000] {logging_mixin.py:188} INFO - [2024-01-04T02:19:50.429+0000] {dagbag.py:538} INFO - Filling up the DagBag from /home/airflow/.local/lib/python3.8/site-packages/airflow/example_dags/example_trigger_target_dag.py
[2024-01-04T02:19:50.433+0000] {processor.py:840} INFO - DAG(s) 'example_trigger_target_dag' retrieved from /home/airflow/.local/lib/python3.8/site-packages/airflow/example_dags/example_trigger_target_dag.py
[2024-01-04T02:19:50.447+0000] {logging_mixin.py:188} INFO - [2024-01-04T02:19:50.447+0000] {dag.py:3033} INFO - Sync 1 DAGs
[2024-01-04T02:19:50.456+0000] {logging_mixin.py:188} INFO - [2024-01-04T02:19:50.455+0000] {dag.py:3820} INFO - Setting next_dagrun for example_trigger_target_dag to None, run_after=None
[2024-01-04T02:19:50.470+0000] {processor.py:183} INFO - Processing /home/airflow/.local/lib/python3.8/site-packages/airflow/example_dags/example_trigger_target_dag.py took 0.046 seconds
[2024-01-04T02:20:20.518+0000] {processor.py:161} INFO - Started process (PID=663) to work on /home/airflow/.local/lib/python3.8/site-packages/airflow/example_dags/example_trigger_target_dag.py
[2024-01-04T02:20:20.519+0000] {processor.py:830} INFO - Processing file /home/airflow/.local/lib/python3.8/site-packages/airflow/example_dags/example_trigger_target_dag.py for tasks to queue
[2024-01-04T02:20:20.521+0000] {logging_mixin.py:188} INFO - [2024-01-04T02:20:20.521+0000] {dagbag.py:538} INFO - Filling up the DagBag from /home/airflow/.local/lib/python3.8/site-packages/airflow/example_dags/example_trigger_target_dag.py
[2024-01-04T02:20:20.525+0000] {processor.py:840} INFO - DAG(s) 'example_trigger_target_dag' retrieved from /home/airflow/.local/lib/python3.8/site-packages/airflow/example_dags/example_trigger_target_dag.py
[2024-01-04T02:20:20.541+0000] {logging_mixin.py:188} INFO - [2024-01-04T02:20:20.541+0000] {dag.py:3033} INFO - Sync 1 DAGs
[2024-01-04T02:20:20.552+0000] {logging_mixin.py:188} INFO - [2024-01-04T02:20:20.552+0000] {dag.py:3820} INFO - Setting next_dagrun for example_trigger_target_dag to None, run_after=None
[2024-01-04T02:20:20.567+0000] {processor.py:183} INFO - Processing /home/airflow/.local/lib/python3.8/site-packages/airflow/example_dags/example_trigger_target_dag.py took 0.052 seconds
[2024-01-04T02:20:50.940+0000] {processor.py:161} INFO - Started process (PID=718) to work on /home/airflow/.local/lib/python3.8/site-packages/airflow/example_dags/example_trigger_target_dag.py
[2024-01-04T02:20:50.941+0000] {processor.py:830} INFO - Processing file /home/airflow/.local/lib/python3.8/site-packages/airflow/example_dags/example_trigger_target_dag.py for tasks to queue
[2024-01-04T02:20:50.942+0000] {logging_mixin.py:188} INFO - [2024-01-04T02:20:50.942+0000] {dagbag.py:538} INFO - Filling up the DagBag from /home/airflow/.local/lib/python3.8/site-packages/airflow/example_dags/example_trigger_target_dag.py
[2024-01-04T02:20:50.946+0000] {processor.py:840} INFO - DAG(s) 'example_trigger_target_dag' retrieved from /home/airflow/.local/lib/python3.8/site-packages/airflow/example_dags/example_trigger_target_dag.py
[2024-01-04T02:20:50.961+0000] {logging_mixin.py:188} INFO - [2024-01-04T02:20:50.961+0000] {dag.py:3033} INFO - Sync 1 DAGs
[2024-01-04T02:20:50.970+0000] {logging_mixin.py:188} INFO - [2024-01-04T02:20:50.970+0000] {dag.py:3820} INFO - Setting next_dagrun for example_trigger_target_dag to None, run_after=None
[2024-01-04T02:20:50.986+0000] {processor.py:183} INFO - Processing /home/airflow/.local/lib/python3.8/site-packages/airflow/example_dags/example_trigger_target_dag.py took 0.048 seconds
[2024-01-04T02:21:21.113+0000] {processor.py:161} INFO - Started process (PID=773) to work on /home/airflow/.local/lib/python3.8/site-packages/airflow/example_dags/example_trigger_target_dag.py
[2024-01-04T02:21:21.114+0000] {processor.py:830} INFO - Processing file /home/airflow/.local/lib/python3.8/site-packages/airflow/example_dags/example_trigger_target_dag.py for tasks to queue
[2024-01-04T02:21:21.116+0000] {logging_mixin.py:188} INFO - [2024-01-04T02:21:21.116+0000] {dagbag.py:538} INFO - Filling up the DagBag from /home/airflow/.local/lib/python3.8/site-packages/airflow/example_dags/example_trigger_target_dag.py
[2024-01-04T02:21:21.121+0000] {processor.py:840} INFO - DAG(s) 'example_trigger_target_dag' retrieved from /home/airflow/.local/lib/python3.8/site-packages/airflow/example_dags/example_trigger_target_dag.py
[2024-01-04T02:21:21.138+0000] {logging_mixin.py:188} INFO - [2024-01-04T02:21:21.137+0000] {dag.py:3033} INFO - Sync 1 DAGs
[2024-01-04T02:21:21.147+0000] {logging_mixin.py:188} INFO - [2024-01-04T02:21:21.147+0000] {dag.py:3820} INFO - Setting next_dagrun for example_trigger_target_dag to None, run_after=None
[2024-01-04T02:21:21.167+0000] {processor.py:183} INFO - Processing /home/airflow/.local/lib/python3.8/site-packages/airflow/example_dags/example_trigger_target_dag.py took 0.056 seconds
[2024-01-04T02:21:51.440+0000] {processor.py:161} INFO - Started process (PID=829) to work on /home/airflow/.local/lib/python3.8/site-packages/airflow/example_dags/example_trigger_target_dag.py
[2024-01-04T02:21:51.440+0000] {processor.py:830} INFO - Processing file /home/airflow/.local/lib/python3.8/site-packages/airflow/example_dags/example_trigger_target_dag.py for tasks to queue
[2024-01-04T02:21:51.442+0000] {logging_mixin.py:188} INFO - [2024-01-04T02:21:51.442+0000] {dagbag.py:538} INFO - Filling up the DagBag from /home/airflow/.local/lib/python3.8/site-packages/airflow/example_dags/example_trigger_target_dag.py
[2024-01-04T02:21:51.446+0000] {processor.py:840} INFO - DAG(s) 'example_trigger_target_dag' retrieved from /home/airflow/.local/lib/python3.8/site-packages/airflow/example_dags/example_trigger_target_dag.py
[2024-01-04T02:21:51.460+0000] {logging_mixin.py:188} INFO - [2024-01-04T02:21:51.460+0000] {dag.py:3033} INFO - Sync 1 DAGs
[2024-01-04T02:21:51.470+0000] {logging_mixin.py:188} INFO - [2024-01-04T02:21:51.469+0000] {dag.py:3820} INFO - Setting next_dagrun for example_trigger_target_dag to None, run_after=None
[2024-01-04T02:21:51.487+0000] {processor.py:183} INFO - Processing /home/airflow/.local/lib/python3.8/site-packages/airflow/example_dags/example_trigger_target_dag.py took 0.050 seconds
[2024-01-04T02:22:21.604+0000] {processor.py:161} INFO - Started process (PID=884) to work on /home/airflow/.local/lib/python3.8/site-packages/airflow/example_dags/example_trigger_target_dag.py
[2024-01-04T02:22:21.605+0000] {processor.py:830} INFO - Processing file /home/airflow/.local/lib/python3.8/site-packages/airflow/example_dags/example_trigger_target_dag.py for tasks to queue
[2024-01-04T02:22:21.607+0000] {logging_mixin.py:188} INFO - [2024-01-04T02:22:21.607+0000] {dagbag.py:538} INFO - Filling up the DagBag from /home/airflow/.local/lib/python3.8/site-packages/airflow/example_dags/example_trigger_target_dag.py
[2024-01-04T02:22:21.612+0000] {processor.py:840} INFO - DAG(s) 'example_trigger_target_dag' retrieved from /home/airflow/.local/lib/python3.8/site-packages/airflow/example_dags/example_trigger_target_dag.py
[2024-01-04T02:22:21.629+0000] {logging_mixin.py:188} INFO - [2024-01-04T02:22:21.629+0000] {dag.py:3033} INFO - Sync 1 DAGs
[2024-01-04T02:22:21.637+0000] {logging_mixin.py:188} INFO - [2024-01-04T02:22:21.637+0000] {dag.py:3820} INFO - Setting next_dagrun for example_trigger_target_dag to None, run_after=None
[2024-01-04T02:22:21.653+0000] {processor.py:183} INFO - Processing /home/airflow/.local/lib/python3.8/site-packages/airflow/example_dags/example_trigger_target_dag.py took 0.051 seconds
