[2024-01-04T02:14:46.791+0000] {processor.py:161} INFO - Started process (PID=60) to work on /home/airflow/.local/lib/python3.8/site-packages/airflow/example_dags/example_branch_day_of_week_operator.py
[2024-01-04T02:14:46.792+0000] {processor.py:830} INFO - Processing file /home/airflow/.local/lib/python3.8/site-packages/airflow/example_dags/example_branch_day_of_week_operator.py for tasks to queue
[2024-01-04T02:14:46.793+0000] {logging_mixin.py:188} INFO - [2024-01-04T02:14:46.793+0000] {dagbag.py:538} INFO - Filling up the DagBag from /home/airflow/.local/lib/python3.8/site-packages/airflow/example_dags/example_branch_day_of_week_operator.py
[2024-01-04T02:14:46.802+0000] {processor.py:840} INFO - DAG(s) 'example_weekday_branch_operator' retrieved from /home/airflow/.local/lib/python3.8/site-packages/airflow/example_dags/example_branch_day_of_week_operator.py
[2024-01-04T02:14:46.884+0000] {logging_mixin.py:188} INFO - [2024-01-04T02:14:46.883+0000] {override.py:1769} INFO - Created Permission View: can edit on DAG:example_weekday_branch_operator
[2024-01-04T02:14:46.892+0000] {logging_mixin.py:188} INFO - [2024-01-04T02:14:46.891+0000] {override.py:1769} INFO - Created Permission View: can read on DAG:example_weekday_branch_operator
[2024-01-04T02:14:46.897+0000] {logging_mixin.py:188} INFO - [2024-01-04T02:14:46.897+0000] {override.py:1769} INFO - Created Permission View: can delete on DAG:example_weekday_branch_operator
[2024-01-04T02:14:46.898+0000] {logging_mixin.py:188} INFO - [2024-01-04T02:14:46.898+0000] {dag.py:3033} INFO - Sync 1 DAGs
[2024-01-04T02:14:46.907+0000] {logging_mixin.py:188} INFO - [2024-01-04T02:14:46.907+0000] {dag.py:3055} INFO - Creating ORM DAG for example_weekday_branch_operator
[2024-01-04T02:14:46.917+0000] {logging_mixin.py:188} INFO - [2024-01-04T02:14:46.917+0000] {dag.py:3820} INFO - Setting next_dagrun for example_weekday_branch_operator to 2024-01-03T00:00:00+00:00, run_after=2024-01-04T00:00:00+00:00
[2024-01-04T02:14:46.932+0000] {processor.py:183} INFO - Processing /home/airflow/.local/lib/python3.8/site-packages/airflow/example_dags/example_branch_day_of_week_operator.py took 0.144 seconds
[2024-01-04T02:15:17.186+0000] {processor.py:161} INFO - Started process (PID=115) to work on /home/airflow/.local/lib/python3.8/site-packages/airflow/example_dags/example_branch_day_of_week_operator.py
[2024-01-04T02:15:17.187+0000] {processor.py:830} INFO - Processing file /home/airflow/.local/lib/python3.8/site-packages/airflow/example_dags/example_branch_day_of_week_operator.py for tasks to queue
[2024-01-04T02:15:17.189+0000] {logging_mixin.py:188} INFO - [2024-01-04T02:15:17.188+0000] {dagbag.py:538} INFO - Filling up the DagBag from /home/airflow/.local/lib/python3.8/site-packages/airflow/example_dags/example_branch_day_of_week_operator.py
[2024-01-04T02:15:17.196+0000] {processor.py:840} INFO - DAG(s) 'example_weekday_branch_operator' retrieved from /home/airflow/.local/lib/python3.8/site-packages/airflow/example_dags/example_branch_day_of_week_operator.py
[2024-01-04T02:15:17.217+0000] {logging_mixin.py:188} INFO - [2024-01-04T02:15:17.217+0000] {dag.py:3033} INFO - Sync 1 DAGs
[2024-01-04T02:15:17.242+0000] {logging_mixin.py:188} INFO - [2024-01-04T02:15:17.242+0000] {dag.py:3820} INFO - Setting next_dagrun for example_weekday_branch_operator to 2024-01-03T00:00:00+00:00, run_after=2024-01-04T00:00:00+00:00
[2024-01-04T02:15:17.260+0000] {processor.py:183} INFO - Processing /home/airflow/.local/lib/python3.8/site-packages/airflow/example_dags/example_branch_day_of_week_operator.py took 0.077 seconds
[2024-01-04T02:15:47.804+0000] {processor.py:161} INFO - Started process (PID=170) to work on /home/airflow/.local/lib/python3.8/site-packages/airflow/example_dags/example_branch_day_of_week_operator.py
[2024-01-04T02:15:47.805+0000] {processor.py:830} INFO - Processing file /home/airflow/.local/lib/python3.8/site-packages/airflow/example_dags/example_branch_day_of_week_operator.py for tasks to queue
[2024-01-04T02:15:47.807+0000] {logging_mixin.py:188} INFO - [2024-01-04T02:15:47.807+0000] {dagbag.py:538} INFO - Filling up the DagBag from /home/airflow/.local/lib/python3.8/site-packages/airflow/example_dags/example_branch_day_of_week_operator.py
[2024-01-04T02:15:47.815+0000] {processor.py:840} INFO - DAG(s) 'example_weekday_branch_operator' retrieved from /home/airflow/.local/lib/python3.8/site-packages/airflow/example_dags/example_branch_day_of_week_operator.py
[2024-01-04T02:15:47.834+0000] {logging_mixin.py:188} INFO - [2024-01-04T02:15:47.834+0000] {dag.py:3033} INFO - Sync 1 DAGs
[2024-01-04T02:15:47.858+0000] {logging_mixin.py:188} INFO - [2024-01-04T02:15:47.858+0000] {dag.py:3820} INFO - Setting next_dagrun for example_weekday_branch_operator to 2024-01-03T00:00:00+00:00, run_after=2024-01-04T00:00:00+00:00
[2024-01-04T02:15:47.875+0000] {processor.py:183} INFO - Processing /home/airflow/.local/lib/python3.8/site-packages/airflow/example_dags/example_branch_day_of_week_operator.py took 0.076 seconds
[2024-01-04T02:16:18.023+0000] {processor.py:161} INFO - Started process (PID=225) to work on /home/airflow/.local/lib/python3.8/site-packages/airflow/example_dags/example_branch_day_of_week_operator.py
[2024-01-04T02:16:18.024+0000] {processor.py:830} INFO - Processing file /home/airflow/.local/lib/python3.8/site-packages/airflow/example_dags/example_branch_day_of_week_operator.py for tasks to queue
[2024-01-04T02:16:18.026+0000] {logging_mixin.py:188} INFO - [2024-01-04T02:16:18.025+0000] {dagbag.py:538} INFO - Filling up the DagBag from /home/airflow/.local/lib/python3.8/site-packages/airflow/example_dags/example_branch_day_of_week_operator.py
[2024-01-04T02:16:18.031+0000] {processor.py:840} INFO - DAG(s) 'example_weekday_branch_operator' retrieved from /home/airflow/.local/lib/python3.8/site-packages/airflow/example_dags/example_branch_day_of_week_operator.py
[2024-01-04T02:16:18.048+0000] {logging_mixin.py:188} INFO - [2024-01-04T02:16:18.047+0000] {dag.py:3033} INFO - Sync 1 DAGs
[2024-01-04T02:16:18.068+0000] {logging_mixin.py:188} INFO - [2024-01-04T02:16:18.067+0000] {dag.py:3820} INFO - Setting next_dagrun for example_weekday_branch_operator to 2024-01-03T00:00:00+00:00, run_after=2024-01-04T00:00:00+00:00
[2024-01-04T02:16:18.087+0000] {processor.py:183} INFO - Processing /home/airflow/.local/lib/python3.8/site-packages/airflow/example_dags/example_branch_day_of_week_operator.py took 0.066 seconds
[2024-01-04T02:16:48.459+0000] {processor.py:161} INFO - Started process (PID=280) to work on /home/airflow/.local/lib/python3.8/site-packages/airflow/example_dags/example_branch_day_of_week_operator.py
[2024-01-04T02:16:48.459+0000] {processor.py:830} INFO - Processing file /home/airflow/.local/lib/python3.8/site-packages/airflow/example_dags/example_branch_day_of_week_operator.py for tasks to queue
[2024-01-04T02:16:48.462+0000] {logging_mixin.py:188} INFO - [2024-01-04T02:16:48.462+0000] {dagbag.py:538} INFO - Filling up the DagBag from /home/airflow/.local/lib/python3.8/site-packages/airflow/example_dags/example_branch_day_of_week_operator.py
[2024-01-04T02:16:48.468+0000] {processor.py:840} INFO - DAG(s) 'example_weekday_branch_operator' retrieved from /home/airflow/.local/lib/python3.8/site-packages/airflow/example_dags/example_branch_day_of_week_operator.py
[2024-01-04T02:16:48.483+0000] {logging_mixin.py:188} INFO - [2024-01-04T02:16:48.483+0000] {dag.py:3033} INFO - Sync 1 DAGs
[2024-01-04T02:16:48.500+0000] {logging_mixin.py:188} INFO - [2024-01-04T02:16:48.499+0000] {dag.py:3820} INFO - Setting next_dagrun for example_weekday_branch_operator to 2024-01-03T00:00:00+00:00, run_after=2024-01-04T00:00:00+00:00
[2024-01-04T02:16:48.517+0000] {processor.py:183} INFO - Processing /home/airflow/.local/lib/python3.8/site-packages/airflow/example_dags/example_branch_day_of_week_operator.py took 0.061 seconds
[2024-01-04T02:17:18.758+0000] {processor.py:161} INFO - Started process (PID=335) to work on /home/airflow/.local/lib/python3.8/site-packages/airflow/example_dags/example_branch_day_of_week_operator.py
[2024-01-04T02:17:18.759+0000] {processor.py:830} INFO - Processing file /home/airflow/.local/lib/python3.8/site-packages/airflow/example_dags/example_branch_day_of_week_operator.py for tasks to queue
[2024-01-04T02:17:18.761+0000] {logging_mixin.py:188} INFO - [2024-01-04T02:17:18.761+0000] {dagbag.py:538} INFO - Filling up the DagBag from /home/airflow/.local/lib/python3.8/site-packages/airflow/example_dags/example_branch_day_of_week_operator.py
[2024-01-04T02:17:18.766+0000] {processor.py:840} INFO - DAG(s) 'example_weekday_branch_operator' retrieved from /home/airflow/.local/lib/python3.8/site-packages/airflow/example_dags/example_branch_day_of_week_operator.py
[2024-01-04T02:17:18.781+0000] {logging_mixin.py:188} INFO - [2024-01-04T02:17:18.781+0000] {dag.py:3033} INFO - Sync 1 DAGs
[2024-01-04T02:17:18.799+0000] {logging_mixin.py:188} INFO - [2024-01-04T02:17:18.799+0000] {dag.py:3820} INFO - Setting next_dagrun for example_weekday_branch_operator to 2024-01-03T00:00:00+00:00, run_after=2024-01-04T00:00:00+00:00
[2024-01-04T02:17:18.816+0000] {processor.py:183} INFO - Processing /home/airflow/.local/lib/python3.8/site-packages/airflow/example_dags/example_branch_day_of_week_operator.py took 0.061 seconds
[2024-01-04T02:17:49.712+0000] {processor.py:161} INFO - Started process (PID=390) to work on /home/airflow/.local/lib/python3.8/site-packages/airflow/example_dags/example_branch_day_of_week_operator.py
[2024-01-04T02:17:49.713+0000] {processor.py:830} INFO - Processing file /home/airflow/.local/lib/python3.8/site-packages/airflow/example_dags/example_branch_day_of_week_operator.py for tasks to queue
[2024-01-04T02:17:49.715+0000] {logging_mixin.py:188} INFO - [2024-01-04T02:17:49.714+0000] {dagbag.py:538} INFO - Filling up the DagBag from /home/airflow/.local/lib/python3.8/site-packages/airflow/example_dags/example_branch_day_of_week_operator.py
[2024-01-04T02:17:49.721+0000] {processor.py:840} INFO - DAG(s) 'example_weekday_branch_operator' retrieved from /home/airflow/.local/lib/python3.8/site-packages/airflow/example_dags/example_branch_day_of_week_operator.py
[2024-01-04T02:17:49.738+0000] {logging_mixin.py:188} INFO - [2024-01-04T02:17:49.738+0000] {dag.py:3033} INFO - Sync 1 DAGs
[2024-01-04T02:17:49.757+0000] {logging_mixin.py:188} INFO - [2024-01-04T02:17:49.757+0000] {dag.py:3820} INFO - Setting next_dagrun for example_weekday_branch_operator to 2024-01-03T00:00:00+00:00, run_after=2024-01-04T00:00:00+00:00
[2024-01-04T02:17:49.774+0000] {processor.py:183} INFO - Processing /home/airflow/.local/lib/python3.8/site-packages/airflow/example_dags/example_branch_day_of_week_operator.py took 0.064 seconds
[2024-01-04T02:18:20.047+0000] {processor.py:161} INFO - Started process (PID=445) to work on /home/airflow/.local/lib/python3.8/site-packages/airflow/example_dags/example_branch_day_of_week_operator.py
[2024-01-04T02:18:20.047+0000] {processor.py:830} INFO - Processing file /home/airflow/.local/lib/python3.8/site-packages/airflow/example_dags/example_branch_day_of_week_operator.py for tasks to queue
[2024-01-04T02:18:20.049+0000] {logging_mixin.py:188} INFO - [2024-01-04T02:18:20.049+0000] {dagbag.py:538} INFO - Filling up the DagBag from /home/airflow/.local/lib/python3.8/site-packages/airflow/example_dags/example_branch_day_of_week_operator.py
[2024-01-04T02:18:20.055+0000] {processor.py:840} INFO - DAG(s) 'example_weekday_branch_operator' retrieved from /home/airflow/.local/lib/python3.8/site-packages/airflow/example_dags/example_branch_day_of_week_operator.py
[2024-01-04T02:18:20.071+0000] {logging_mixin.py:188} INFO - [2024-01-04T02:18:20.071+0000] {dag.py:3033} INFO - Sync 1 DAGs
[2024-01-04T02:18:20.088+0000] {logging_mixin.py:188} INFO - [2024-01-04T02:18:20.088+0000] {dag.py:3820} INFO - Setting next_dagrun for example_weekday_branch_operator to 2024-01-03T00:00:00+00:00, run_after=2024-01-04T00:00:00+00:00
[2024-01-04T02:18:20.104+0000] {processor.py:183} INFO - Processing /home/airflow/.local/lib/python3.8/site-packages/airflow/example_dags/example_branch_day_of_week_operator.py took 0.060 seconds
[2024-01-04T02:18:50.217+0000] {processor.py:161} INFO - Started process (PID=500) to work on /home/airflow/.local/lib/python3.8/site-packages/airflow/example_dags/example_branch_day_of_week_operator.py
[2024-01-04T02:18:50.218+0000] {processor.py:830} INFO - Processing file /home/airflow/.local/lib/python3.8/site-packages/airflow/example_dags/example_branch_day_of_week_operator.py for tasks to queue
[2024-01-04T02:18:50.220+0000] {logging_mixin.py:188} INFO - [2024-01-04T02:18:50.220+0000] {dagbag.py:538} INFO - Filling up the DagBag from /home/airflow/.local/lib/python3.8/site-packages/airflow/example_dags/example_branch_day_of_week_operator.py
[2024-01-04T02:18:50.226+0000] {processor.py:840} INFO - DAG(s) 'example_weekday_branch_operator' retrieved from /home/airflow/.local/lib/python3.8/site-packages/airflow/example_dags/example_branch_day_of_week_operator.py
[2024-01-04T02:18:50.242+0000] {logging_mixin.py:188} INFO - [2024-01-04T02:18:50.241+0000] {dag.py:3033} INFO - Sync 1 DAGs
[2024-01-04T02:18:50.260+0000] {logging_mixin.py:188} INFO - [2024-01-04T02:18:50.259+0000] {dag.py:3820} INFO - Setting next_dagrun for example_weekday_branch_operator to 2024-01-03T00:00:00+00:00, run_after=2024-01-04T00:00:00+00:00
[2024-01-04T02:18:50.273+0000] {processor.py:183} INFO - Processing /home/airflow/.local/lib/python3.8/site-packages/airflow/example_dags/example_branch_day_of_week_operator.py took 0.059 seconds
[2024-01-04T02:19:20.408+0000] {processor.py:161} INFO - Started process (PID=555) to work on /home/airflow/.local/lib/python3.8/site-packages/airflow/example_dags/example_branch_day_of_week_operator.py
[2024-01-04T02:19:20.408+0000] {processor.py:830} INFO - Processing file /home/airflow/.local/lib/python3.8/site-packages/airflow/example_dags/example_branch_day_of_week_operator.py for tasks to queue
[2024-01-04T02:19:20.410+0000] {logging_mixin.py:188} INFO - [2024-01-04T02:19:20.410+0000] {dagbag.py:538} INFO - Filling up the DagBag from /home/airflow/.local/lib/python3.8/site-packages/airflow/example_dags/example_branch_day_of_week_operator.py
[2024-01-04T02:19:20.415+0000] {processor.py:840} INFO - DAG(s) 'example_weekday_branch_operator' retrieved from /home/airflow/.local/lib/python3.8/site-packages/airflow/example_dags/example_branch_day_of_week_operator.py
[2024-01-04T02:19:20.432+0000] {logging_mixin.py:188} INFO - [2024-01-04T02:19:20.432+0000] {dag.py:3033} INFO - Sync 1 DAGs
[2024-01-04T02:19:20.449+0000] {logging_mixin.py:188} INFO - [2024-01-04T02:19:20.449+0000] {dag.py:3820} INFO - Setting next_dagrun for example_weekday_branch_operator to 2024-01-03T00:00:00+00:00, run_after=2024-01-04T00:00:00+00:00
[2024-01-04T02:19:20.466+0000] {processor.py:183} INFO - Processing /home/airflow/.local/lib/python3.8/site-packages/airflow/example_dags/example_branch_day_of_week_operator.py took 0.061 seconds
[2024-01-04T02:19:50.494+0000] {processor.py:161} INFO - Started process (PID=610) to work on /home/airflow/.local/lib/python3.8/site-packages/airflow/example_dags/example_branch_day_of_week_operator.py
[2024-01-04T02:19:50.495+0000] {processor.py:830} INFO - Processing file /home/airflow/.local/lib/python3.8/site-packages/airflow/example_dags/example_branch_day_of_week_operator.py for tasks to queue
[2024-01-04T02:19:50.497+0000] {logging_mixin.py:188} INFO - [2024-01-04T02:19:50.497+0000] {dagbag.py:538} INFO - Filling up the DagBag from /home/airflow/.local/lib/python3.8/site-packages/airflow/example_dags/example_branch_day_of_week_operator.py
[2024-01-04T02:19:50.503+0000] {processor.py:840} INFO - DAG(s) 'example_weekday_branch_operator' retrieved from /home/airflow/.local/lib/python3.8/site-packages/airflow/example_dags/example_branch_day_of_week_operator.py
[2024-01-04T02:19:50.518+0000] {logging_mixin.py:188} INFO - [2024-01-04T02:19:50.518+0000] {dag.py:3033} INFO - Sync 1 DAGs
[2024-01-04T02:19:50.534+0000] {logging_mixin.py:188} INFO - [2024-01-04T02:19:50.534+0000] {dag.py:3820} INFO - Setting next_dagrun for example_weekday_branch_operator to 2024-01-03T00:00:00+00:00, run_after=2024-01-04T00:00:00+00:00
[2024-01-04T02:19:50.550+0000] {processor.py:183} INFO - Processing /home/airflow/.local/lib/python3.8/site-packages/airflow/example_dags/example_branch_day_of_week_operator.py took 0.058 seconds
[2024-01-04T02:20:20.576+0000] {processor.py:161} INFO - Started process (PID=664) to work on /home/airflow/.local/lib/python3.8/site-packages/airflow/example_dags/example_branch_day_of_week_operator.py
[2024-01-04T02:20:20.576+0000] {processor.py:830} INFO - Processing file /home/airflow/.local/lib/python3.8/site-packages/airflow/example_dags/example_branch_day_of_week_operator.py for tasks to queue
[2024-01-04T02:20:20.578+0000] {logging_mixin.py:188} INFO - [2024-01-04T02:20:20.578+0000] {dagbag.py:538} INFO - Filling up the DagBag from /home/airflow/.local/lib/python3.8/site-packages/airflow/example_dags/example_branch_day_of_week_operator.py
[2024-01-04T02:20:20.583+0000] {processor.py:840} INFO - DAG(s) 'example_weekday_branch_operator' retrieved from /home/airflow/.local/lib/python3.8/site-packages/airflow/example_dags/example_branch_day_of_week_operator.py
[2024-01-04T02:20:20.598+0000] {logging_mixin.py:188} INFO - [2024-01-04T02:20:20.598+0000] {dag.py:3033} INFO - Sync 1 DAGs
[2024-01-04T02:20:20.615+0000] {logging_mixin.py:188} INFO - [2024-01-04T02:20:20.615+0000] {dag.py:3820} INFO - Setting next_dagrun for example_weekday_branch_operator to 2024-01-03T00:00:00+00:00, run_after=2024-01-04T00:00:00+00:00
[2024-01-04T02:20:20.631+0000] {processor.py:183} INFO - Processing /home/airflow/.local/lib/python3.8/site-packages/airflow/example_dags/example_branch_day_of_week_operator.py took 0.057 seconds
[2024-01-04T02:20:50.940+0000] {processor.py:161} INFO - Started process (PID=719) to work on /home/airflow/.local/lib/python3.8/site-packages/airflow/example_dags/example_branch_day_of_week_operator.py
[2024-01-04T02:20:50.941+0000] {processor.py:830} INFO - Processing file /home/airflow/.local/lib/python3.8/site-packages/airflow/example_dags/example_branch_day_of_week_operator.py for tasks to queue
[2024-01-04T02:20:50.942+0000] {logging_mixin.py:188} INFO - [2024-01-04T02:20:50.942+0000] {dagbag.py:538} INFO - Filling up the DagBag from /home/airflow/.local/lib/python3.8/site-packages/airflow/example_dags/example_branch_day_of_week_operator.py
[2024-01-04T02:20:50.948+0000] {processor.py:840} INFO - DAG(s) 'example_weekday_branch_operator' retrieved from /home/airflow/.local/lib/python3.8/site-packages/airflow/example_dags/example_branch_day_of_week_operator.py
[2024-01-04T02:20:50.964+0000] {logging_mixin.py:188} INFO - [2024-01-04T02:20:50.964+0000] {dag.py:3033} INFO - Sync 1 DAGs
[2024-01-04T02:20:50.981+0000] {logging_mixin.py:188} INFO - [2024-01-04T02:20:50.981+0000] {dag.py:3820} INFO - Setting next_dagrun for example_weekday_branch_operator to 2024-01-03T00:00:00+00:00, run_after=2024-01-04T00:00:00+00:00
[2024-01-04T02:20:50.996+0000] {processor.py:183} INFO - Processing /home/airflow/.local/lib/python3.8/site-packages/airflow/example_dags/example_branch_day_of_week_operator.py took 0.058 seconds
[2024-01-04T02:21:21.114+0000] {processor.py:161} INFO - Started process (PID=774) to work on /home/airflow/.local/lib/python3.8/site-packages/airflow/example_dags/example_branch_day_of_week_operator.py
[2024-01-04T02:21:21.115+0000] {processor.py:830} INFO - Processing file /home/airflow/.local/lib/python3.8/site-packages/airflow/example_dags/example_branch_day_of_week_operator.py for tasks to queue
[2024-01-04T02:21:21.117+0000] {logging_mixin.py:188} INFO - [2024-01-04T02:21:21.116+0000] {dagbag.py:538} INFO - Filling up the DagBag from /home/airflow/.local/lib/python3.8/site-packages/airflow/example_dags/example_branch_day_of_week_operator.py
[2024-01-04T02:21:21.123+0000] {processor.py:840} INFO - DAG(s) 'example_weekday_branch_operator' retrieved from /home/airflow/.local/lib/python3.8/site-packages/airflow/example_dags/example_branch_day_of_week_operator.py
[2024-01-04T02:21:21.138+0000] {logging_mixin.py:188} INFO - [2024-01-04T02:21:21.138+0000] {dag.py:3033} INFO - Sync 1 DAGs
[2024-01-04T02:21:21.156+0000] {logging_mixin.py:188} INFO - [2024-01-04T02:21:21.156+0000] {dag.py:3820} INFO - Setting next_dagrun for example_weekday_branch_operator to 2024-01-03T00:00:00+00:00, run_after=2024-01-04T00:00:00+00:00
[2024-01-04T02:21:21.175+0000] {processor.py:183} INFO - Processing /home/airflow/.local/lib/python3.8/site-packages/airflow/example_dags/example_branch_day_of_week_operator.py took 0.063 seconds
[2024-01-04T02:21:51.442+0000] {processor.py:161} INFO - Started process (PID=830) to work on /home/airflow/.local/lib/python3.8/site-packages/airflow/example_dags/example_branch_day_of_week_operator.py
[2024-01-04T02:21:51.443+0000] {processor.py:830} INFO - Processing file /home/airflow/.local/lib/python3.8/site-packages/airflow/example_dags/example_branch_day_of_week_operator.py for tasks to queue
[2024-01-04T02:21:51.445+0000] {logging_mixin.py:188} INFO - [2024-01-04T02:21:51.445+0000] {dagbag.py:538} INFO - Filling up the DagBag from /home/airflow/.local/lib/python3.8/site-packages/airflow/example_dags/example_branch_day_of_week_operator.py
[2024-01-04T02:21:51.451+0000] {processor.py:840} INFO - DAG(s) 'example_weekday_branch_operator' retrieved from /home/airflow/.local/lib/python3.8/site-packages/airflow/example_dags/example_branch_day_of_week_operator.py
[2024-01-04T02:21:51.465+0000] {logging_mixin.py:188} INFO - [2024-01-04T02:21:51.465+0000] {dag.py:3033} INFO - Sync 1 DAGs
[2024-01-04T02:21:51.482+0000] {logging_mixin.py:188} INFO - [2024-01-04T02:21:51.482+0000] {dag.py:3820} INFO - Setting next_dagrun for example_weekday_branch_operator to 2024-01-03T00:00:00+00:00, run_after=2024-01-04T00:00:00+00:00
[2024-01-04T02:21:51.498+0000] {processor.py:183} INFO - Processing /home/airflow/.local/lib/python3.8/site-packages/airflow/example_dags/example_branch_day_of_week_operator.py took 0.058 seconds
[2024-01-04T02:22:21.678+0000] {processor.py:161} INFO - Started process (PID=885) to work on /home/airflow/.local/lib/python3.8/site-packages/airflow/example_dags/example_branch_day_of_week_operator.py
[2024-01-04T02:22:21.679+0000] {processor.py:830} INFO - Processing file /home/airflow/.local/lib/python3.8/site-packages/airflow/example_dags/example_branch_day_of_week_operator.py for tasks to queue
[2024-01-04T02:22:21.681+0000] {logging_mixin.py:188} INFO - [2024-01-04T02:22:21.681+0000] {dagbag.py:538} INFO - Filling up the DagBag from /home/airflow/.local/lib/python3.8/site-packages/airflow/example_dags/example_branch_day_of_week_operator.py
[2024-01-04T02:22:21.687+0000] {processor.py:840} INFO - DAG(s) 'example_weekday_branch_operator' retrieved from /home/airflow/.local/lib/python3.8/site-packages/airflow/example_dags/example_branch_day_of_week_operator.py
[2024-01-04T02:22:21.703+0000] {logging_mixin.py:188} INFO - [2024-01-04T02:22:21.703+0000] {dag.py:3033} INFO - Sync 1 DAGs
[2024-01-04T02:22:21.720+0000] {logging_mixin.py:188} INFO - [2024-01-04T02:22:21.720+0000] {dag.py:3820} INFO - Setting next_dagrun for example_weekday_branch_operator to 2024-01-03T00:00:00+00:00, run_after=2024-01-04T00:00:00+00:00
[2024-01-04T02:22:21.734+0000] {processor.py:183} INFO - Processing /home/airflow/.local/lib/python3.8/site-packages/airflow/example_dags/example_branch_day_of_week_operator.py took 0.058 seconds
