[2024-01-04T02:14:50.771+0000] {processor.py:161} INFO - Started process (PID=85) to work on /home/airflow/.local/lib/python3.8/site-packages/airflow/example_dags/example_params_ui_tutorial.py
[2024-01-04T02:14:50.772+0000] {processor.py:830} INFO - Processing file /home/airflow/.local/lib/python3.8/site-packages/airflow/example_dags/example_params_ui_tutorial.py for tasks to queue
[2024-01-04T02:14:50.776+0000] {logging_mixin.py:188} INFO - [2024-01-04T02:14:50.776+0000] {dagbag.py:538} INFO - Filling up the DagBag from /home/airflow/.local/lib/python3.8/site-packages/airflow/example_dags/example_params_ui_tutorial.py
[2024-01-04T02:14:50.796+0000] {processor.py:840} INFO - DAG(s) 'example_params_ui_tutorial' retrieved from /home/airflow/.local/lib/python3.8/site-packages/airflow/example_dags/example_params_ui_tutorial.py
[2024-01-04T02:14:50.956+0000] {logging_mixin.py:188} INFO - [2024-01-04T02:14:50.955+0000] {override.py:1769} INFO - Created Permission View: can edit on DAG:example_params_ui_tutorial
[2024-01-04T02:14:50.964+0000] {logging_mixin.py:188} INFO - [2024-01-04T02:14:50.964+0000] {override.py:1769} INFO - Created Permission View: can read on DAG:example_params_ui_tutorial
[2024-01-04T02:14:50.971+0000] {logging_mixin.py:188} INFO - [2024-01-04T02:14:50.971+0000] {override.py:1769} INFO - Created Permission View: can delete on DAG:example_params_ui_tutorial
[2024-01-04T02:14:50.971+0000] {logging_mixin.py:188} INFO - [2024-01-04T02:14:50.971+0000] {dag.py:3033} INFO - Sync 1 DAGs
[2024-01-04T02:14:50.982+0000] {logging_mixin.py:188} INFO - [2024-01-04T02:14:50.982+0000] {dag.py:3055} INFO - Creating ORM DAG for example_params_ui_tutorial
[2024-01-04T02:14:50.983+0000] {logging_mixin.py:188} INFO - [2024-01-04T02:14:50.982+0000] {dag.py:3820} INFO - Setting next_dagrun for example_params_ui_tutorial to None, run_after=None
[2024-01-04T02:14:51.000+0000] {processor.py:183} INFO - Processing /home/airflow/.local/lib/python3.8/site-packages/airflow/example_dags/example_params_ui_tutorial.py took 0.233 seconds
[2024-01-04T02:15:21.685+0000] {processor.py:161} INFO - Started process (PID=140) to work on /home/airflow/.local/lib/python3.8/site-packages/airflow/example_dags/example_params_ui_tutorial.py
[2024-01-04T02:15:21.686+0000] {processor.py:830} INFO - Processing file /home/airflow/.local/lib/python3.8/site-packages/airflow/example_dags/example_params_ui_tutorial.py for tasks to queue
[2024-01-04T02:15:21.688+0000] {logging_mixin.py:188} INFO - [2024-01-04T02:15:21.687+0000] {dagbag.py:538} INFO - Filling up the DagBag from /home/airflow/.local/lib/python3.8/site-packages/airflow/example_dags/example_params_ui_tutorial.py
[2024-01-04T02:15:21.697+0000] {processor.py:840} INFO - DAG(s) 'example_params_ui_tutorial' retrieved from /home/airflow/.local/lib/python3.8/site-packages/airflow/example_dags/example_params_ui_tutorial.py
[2024-01-04T02:15:21.745+0000] {logging_mixin.py:188} INFO - [2024-01-04T02:15:21.745+0000] {dag.py:3033} INFO - Sync 1 DAGs
[2024-01-04T02:15:21.755+0000] {logging_mixin.py:188} INFO - [2024-01-04T02:15:21.755+0000] {dag.py:3820} INFO - Setting next_dagrun for example_params_ui_tutorial to None, run_after=None
[2024-01-04T02:15:21.771+0000] {processor.py:183} INFO - Processing /home/airflow/.local/lib/python3.8/site-packages/airflow/example_dags/example_params_ui_tutorial.py took 0.088 seconds
[2024-01-04T02:15:51.884+0000] {processor.py:161} INFO - Started process (PID=195) to work on /home/airflow/.local/lib/python3.8/site-packages/airflow/example_dags/example_params_ui_tutorial.py
[2024-01-04T02:15:51.885+0000] {processor.py:830} INFO - Processing file /home/airflow/.local/lib/python3.8/site-packages/airflow/example_dags/example_params_ui_tutorial.py for tasks to queue
[2024-01-04T02:15:51.886+0000] {logging_mixin.py:188} INFO - [2024-01-04T02:15:51.886+0000] {dagbag.py:538} INFO - Filling up the DagBag from /home/airflow/.local/lib/python3.8/site-packages/airflow/example_dags/example_params_ui_tutorial.py
[2024-01-04T02:15:51.894+0000] {processor.py:840} INFO - DAG(s) 'example_params_ui_tutorial' retrieved from /home/airflow/.local/lib/python3.8/site-packages/airflow/example_dags/example_params_ui_tutorial.py
[2024-01-04T02:15:51.937+0000] {logging_mixin.py:188} INFO - [2024-01-04T02:15:51.937+0000] {dag.py:3033} INFO - Sync 1 DAGs
[2024-01-04T02:15:51.947+0000] {logging_mixin.py:188} INFO - [2024-01-04T02:15:51.947+0000] {dag.py:3820} INFO - Setting next_dagrun for example_params_ui_tutorial to None, run_after=None
[2024-01-04T02:15:51.963+0000] {processor.py:183} INFO - Processing /home/airflow/.local/lib/python3.8/site-packages/airflow/example_dags/example_params_ui_tutorial.py took 0.081 seconds
[2024-01-04T02:16:22.152+0000] {processor.py:161} INFO - Started process (PID=250) to work on /home/airflow/.local/lib/python3.8/site-packages/airflow/example_dags/example_params_ui_tutorial.py
[2024-01-04T02:16:22.153+0000] {processor.py:830} INFO - Processing file /home/airflow/.local/lib/python3.8/site-packages/airflow/example_dags/example_params_ui_tutorial.py for tasks to queue
[2024-01-04T02:16:22.154+0000] {logging_mixin.py:188} INFO - [2024-01-04T02:16:22.154+0000] {dagbag.py:538} INFO - Filling up the DagBag from /home/airflow/.local/lib/python3.8/site-packages/airflow/example_dags/example_params_ui_tutorial.py
[2024-01-04T02:16:22.163+0000] {processor.py:840} INFO - DAG(s) 'example_params_ui_tutorial' retrieved from /home/airflow/.local/lib/python3.8/site-packages/airflow/example_dags/example_params_ui_tutorial.py
[2024-01-04T02:16:22.209+0000] {logging_mixin.py:188} INFO - [2024-01-04T02:16:22.208+0000] {dag.py:3033} INFO - Sync 1 DAGs
[2024-01-04T02:16:22.218+0000] {logging_mixin.py:188} INFO - [2024-01-04T02:16:22.218+0000] {dag.py:3820} INFO - Setting next_dagrun for example_params_ui_tutorial to None, run_after=None
[2024-01-04T02:16:22.235+0000] {processor.py:183} INFO - Processing /home/airflow/.local/lib/python3.8/site-packages/airflow/example_dags/example_params_ui_tutorial.py took 0.086 seconds
[2024-01-04T02:16:52.602+0000] {processor.py:161} INFO - Started process (PID=305) to work on /home/airflow/.local/lib/python3.8/site-packages/airflow/example_dags/example_params_ui_tutorial.py
[2024-01-04T02:16:52.603+0000] {processor.py:830} INFO - Processing file /home/airflow/.local/lib/python3.8/site-packages/airflow/example_dags/example_params_ui_tutorial.py for tasks to queue
[2024-01-04T02:16:52.605+0000] {logging_mixin.py:188} INFO - [2024-01-04T02:16:52.605+0000] {dagbag.py:538} INFO - Filling up the DagBag from /home/airflow/.local/lib/python3.8/site-packages/airflow/example_dags/example_params_ui_tutorial.py
[2024-01-04T02:16:52.613+0000] {processor.py:840} INFO - DAG(s) 'example_params_ui_tutorial' retrieved from /home/airflow/.local/lib/python3.8/site-packages/airflow/example_dags/example_params_ui_tutorial.py
[2024-01-04T02:16:52.661+0000] {logging_mixin.py:188} INFO - [2024-01-04T02:16:52.660+0000] {dag.py:3033} INFO - Sync 1 DAGs
[2024-01-04T02:16:52.670+0000] {logging_mixin.py:188} INFO - [2024-01-04T02:16:52.670+0000] {dag.py:3820} INFO - Setting next_dagrun for example_params_ui_tutorial to None, run_after=None
[2024-01-04T02:16:52.688+0000] {processor.py:183} INFO - Processing /home/airflow/.local/lib/python3.8/site-packages/airflow/example_dags/example_params_ui_tutorial.py took 0.088 seconds
[2024-01-04T02:17:22.749+0000] {processor.py:161} INFO - Started process (PID=360) to work on /home/airflow/.local/lib/python3.8/site-packages/airflow/example_dags/example_params_ui_tutorial.py
[2024-01-04T02:17:22.750+0000] {processor.py:830} INFO - Processing file /home/airflow/.local/lib/python3.8/site-packages/airflow/example_dags/example_params_ui_tutorial.py for tasks to queue
[2024-01-04T02:17:22.751+0000] {logging_mixin.py:188} INFO - [2024-01-04T02:17:22.751+0000] {dagbag.py:538} INFO - Filling up the DagBag from /home/airflow/.local/lib/python3.8/site-packages/airflow/example_dags/example_params_ui_tutorial.py
[2024-01-04T02:17:22.760+0000] {processor.py:840} INFO - DAG(s) 'example_params_ui_tutorial' retrieved from /home/airflow/.local/lib/python3.8/site-packages/airflow/example_dags/example_params_ui_tutorial.py
[2024-01-04T02:17:22.805+0000] {logging_mixin.py:188} INFO - [2024-01-04T02:17:22.805+0000] {dag.py:3033} INFO - Sync 1 DAGs
[2024-01-04T02:17:22.815+0000] {logging_mixin.py:188} INFO - [2024-01-04T02:17:22.815+0000] {dag.py:3820} INFO - Setting next_dagrun for example_params_ui_tutorial to None, run_after=None
[2024-01-04T02:17:22.830+0000] {processor.py:183} INFO - Processing /home/airflow/.local/lib/python3.8/site-packages/airflow/example_dags/example_params_ui_tutorial.py took 0.084 seconds
[2024-01-04T02:17:53.771+0000] {processor.py:161} INFO - Started process (PID=415) to work on /home/airflow/.local/lib/python3.8/site-packages/airflow/example_dags/example_params_ui_tutorial.py
[2024-01-04T02:17:53.772+0000] {processor.py:830} INFO - Processing file /home/airflow/.local/lib/python3.8/site-packages/airflow/example_dags/example_params_ui_tutorial.py for tasks to queue
[2024-01-04T02:17:53.774+0000] {logging_mixin.py:188} INFO - [2024-01-04T02:17:53.773+0000] {dagbag.py:538} INFO - Filling up the DagBag from /home/airflow/.local/lib/python3.8/site-packages/airflow/example_dags/example_params_ui_tutorial.py
[2024-01-04T02:17:53.782+0000] {processor.py:840} INFO - DAG(s) 'example_params_ui_tutorial' retrieved from /home/airflow/.local/lib/python3.8/site-packages/airflow/example_dags/example_params_ui_tutorial.py
[2024-01-04T02:17:53.826+0000] {logging_mixin.py:188} INFO - [2024-01-04T02:17:53.826+0000] {dag.py:3033} INFO - Sync 1 DAGs
[2024-01-04T02:17:53.835+0000] {logging_mixin.py:188} INFO - [2024-01-04T02:17:53.835+0000] {dag.py:3820} INFO - Setting next_dagrun for example_params_ui_tutorial to None, run_after=None
[2024-01-04T02:17:53.851+0000] {processor.py:183} INFO - Processing /home/airflow/.local/lib/python3.8/site-packages/airflow/example_dags/example_params_ui_tutorial.py took 0.082 seconds
[2024-01-04T02:18:24.121+0000] {processor.py:161} INFO - Started process (PID=470) to work on /home/airflow/.local/lib/python3.8/site-packages/airflow/example_dags/example_params_ui_tutorial.py
[2024-01-04T02:18:24.123+0000] {processor.py:830} INFO - Processing file /home/airflow/.local/lib/python3.8/site-packages/airflow/example_dags/example_params_ui_tutorial.py for tasks to queue
[2024-01-04T02:18:24.124+0000] {logging_mixin.py:188} INFO - [2024-01-04T02:18:24.124+0000] {dagbag.py:538} INFO - Filling up the DagBag from /home/airflow/.local/lib/python3.8/site-packages/airflow/example_dags/example_params_ui_tutorial.py
[2024-01-04T02:18:24.133+0000] {processor.py:840} INFO - DAG(s) 'example_params_ui_tutorial' retrieved from /home/airflow/.local/lib/python3.8/site-packages/airflow/example_dags/example_params_ui_tutorial.py
[2024-01-04T02:18:24.179+0000] {logging_mixin.py:188} INFO - [2024-01-04T02:18:24.179+0000] {dag.py:3033} INFO - Sync 1 DAGs
[2024-01-04T02:18:24.190+0000] {logging_mixin.py:188} INFO - [2024-01-04T02:18:24.189+0000] {dag.py:3820} INFO - Setting next_dagrun for example_params_ui_tutorial to None, run_after=None
[2024-01-04T02:18:24.206+0000] {processor.py:183} INFO - Processing /home/airflow/.local/lib/python3.8/site-packages/airflow/example_dags/example_params_ui_tutorial.py took 0.087 seconds
[2024-01-04T02:18:54.231+0000] {processor.py:161} INFO - Started process (PID=525) to work on /home/airflow/.local/lib/python3.8/site-packages/airflow/example_dags/example_params_ui_tutorial.py
[2024-01-04T02:18:54.232+0000] {processor.py:830} INFO - Processing file /home/airflow/.local/lib/python3.8/site-packages/airflow/example_dags/example_params_ui_tutorial.py for tasks to queue
[2024-01-04T02:18:54.233+0000] {logging_mixin.py:188} INFO - [2024-01-04T02:18:54.233+0000] {dagbag.py:538} INFO - Filling up the DagBag from /home/airflow/.local/lib/python3.8/site-packages/airflow/example_dags/example_params_ui_tutorial.py
[2024-01-04T02:18:54.241+0000] {processor.py:840} INFO - DAG(s) 'example_params_ui_tutorial' retrieved from /home/airflow/.local/lib/python3.8/site-packages/airflow/example_dags/example_params_ui_tutorial.py
[2024-01-04T02:18:54.285+0000] {logging_mixin.py:188} INFO - [2024-01-04T02:18:54.285+0000] {dag.py:3033} INFO - Sync 1 DAGs
[2024-01-04T02:18:54.295+0000] {logging_mixin.py:188} INFO - [2024-01-04T02:18:54.295+0000] {dag.py:3820} INFO - Setting next_dagrun for example_params_ui_tutorial to None, run_after=None
[2024-01-04T02:18:54.308+0000] {processor.py:183} INFO - Processing /home/airflow/.local/lib/python3.8/site-packages/airflow/example_dags/example_params_ui_tutorial.py took 0.079 seconds
[2024-01-04T02:19:24.435+0000] {processor.py:161} INFO - Started process (PID=580) to work on /home/airflow/.local/lib/python3.8/site-packages/airflow/example_dags/example_params_ui_tutorial.py
[2024-01-04T02:19:24.436+0000] {processor.py:830} INFO - Processing file /home/airflow/.local/lib/python3.8/site-packages/airflow/example_dags/example_params_ui_tutorial.py for tasks to queue
[2024-01-04T02:19:24.438+0000] {logging_mixin.py:188} INFO - [2024-01-04T02:19:24.438+0000] {dagbag.py:538} INFO - Filling up the DagBag from /home/airflow/.local/lib/python3.8/site-packages/airflow/example_dags/example_params_ui_tutorial.py
[2024-01-04T02:19:24.446+0000] {processor.py:840} INFO - DAG(s) 'example_params_ui_tutorial' retrieved from /home/airflow/.local/lib/python3.8/site-packages/airflow/example_dags/example_params_ui_tutorial.py
[2024-01-04T02:19:24.492+0000] {logging_mixin.py:188} INFO - [2024-01-04T02:19:24.492+0000] {dag.py:3033} INFO - Sync 1 DAGs
[2024-01-04T02:19:24.501+0000] {logging_mixin.py:188} INFO - [2024-01-04T02:19:24.501+0000] {dag.py:3820} INFO - Setting next_dagrun for example_params_ui_tutorial to None, run_after=None
[2024-01-04T02:19:24.516+0000] {processor.py:183} INFO - Processing /home/airflow/.local/lib/python3.8/site-packages/airflow/example_dags/example_params_ui_tutorial.py took 0.083 seconds
[2024-01-04T02:19:54.696+0000] {processor.py:161} INFO - Started process (PID=637) to work on /home/airflow/.local/lib/python3.8/site-packages/airflow/example_dags/example_params_ui_tutorial.py
[2024-01-04T02:19:54.697+0000] {processor.py:830} INFO - Processing file /home/airflow/.local/lib/python3.8/site-packages/airflow/example_dags/example_params_ui_tutorial.py for tasks to queue
[2024-01-04T02:19:54.699+0000] {logging_mixin.py:188} INFO - [2024-01-04T02:19:54.699+0000] {dagbag.py:538} INFO - Filling up the DagBag from /home/airflow/.local/lib/python3.8/site-packages/airflow/example_dags/example_params_ui_tutorial.py
[2024-01-04T02:19:54.708+0000] {processor.py:840} INFO - DAG(s) 'example_params_ui_tutorial' retrieved from /home/airflow/.local/lib/python3.8/site-packages/airflow/example_dags/example_params_ui_tutorial.py
[2024-01-04T02:19:54.754+0000] {logging_mixin.py:188} INFO - [2024-01-04T02:19:54.754+0000] {dag.py:3033} INFO - Sync 1 DAGs
[2024-01-04T02:19:54.763+0000] {logging_mixin.py:188} INFO - [2024-01-04T02:19:54.763+0000] {dag.py:3820} INFO - Setting next_dagrun for example_params_ui_tutorial to None, run_after=None
[2024-01-04T02:19:54.777+0000] {processor.py:183} INFO - Processing /home/airflow/.local/lib/python3.8/site-packages/airflow/example_dags/example_params_ui_tutorial.py took 0.083 seconds
[2024-01-04T02:20:24.953+0000] {processor.py:161} INFO - Started process (PID=692) to work on /home/airflow/.local/lib/python3.8/site-packages/airflow/example_dags/example_params_ui_tutorial.py
[2024-01-04T02:20:24.954+0000] {processor.py:830} INFO - Processing file /home/airflow/.local/lib/python3.8/site-packages/airflow/example_dags/example_params_ui_tutorial.py for tasks to queue
[2024-01-04T02:20:24.956+0000] {logging_mixin.py:188} INFO - [2024-01-04T02:20:24.956+0000] {dagbag.py:538} INFO - Filling up the DagBag from /home/airflow/.local/lib/python3.8/site-packages/airflow/example_dags/example_params_ui_tutorial.py
[2024-01-04T02:20:24.965+0000] {processor.py:840} INFO - DAG(s) 'example_params_ui_tutorial' retrieved from /home/airflow/.local/lib/python3.8/site-packages/airflow/example_dags/example_params_ui_tutorial.py
[2024-01-04T02:20:25.011+0000] {logging_mixin.py:188} INFO - [2024-01-04T02:20:25.010+0000] {dag.py:3033} INFO - Sync 1 DAGs
[2024-01-04T02:20:25.021+0000] {logging_mixin.py:188} INFO - [2024-01-04T02:20:25.021+0000] {dag.py:3820} INFO - Setting next_dagrun for example_params_ui_tutorial to None, run_after=None
[2024-01-04T02:20:25.038+0000] {processor.py:183} INFO - Processing /home/airflow/.local/lib/python3.8/site-packages/airflow/example_dags/example_params_ui_tutorial.py took 0.088 seconds
[2024-01-04T02:20:55.231+0000] {processor.py:161} INFO - Started process (PID=746) to work on /home/airflow/.local/lib/python3.8/site-packages/airflow/example_dags/example_params_ui_tutorial.py
[2024-01-04T02:20:55.232+0000] {processor.py:830} INFO - Processing file /home/airflow/.local/lib/python3.8/site-packages/airflow/example_dags/example_params_ui_tutorial.py for tasks to queue
[2024-01-04T02:20:55.234+0000] {logging_mixin.py:188} INFO - [2024-01-04T02:20:55.233+0000] {dagbag.py:538} INFO - Filling up the DagBag from /home/airflow/.local/lib/python3.8/site-packages/airflow/example_dags/example_params_ui_tutorial.py
[2024-01-04T02:20:55.242+0000] {processor.py:840} INFO - DAG(s) 'example_params_ui_tutorial' retrieved from /home/airflow/.local/lib/python3.8/site-packages/airflow/example_dags/example_params_ui_tutorial.py
[2024-01-04T02:20:55.286+0000] {logging_mixin.py:188} INFO - [2024-01-04T02:20:55.286+0000] {dag.py:3033} INFO - Sync 1 DAGs
[2024-01-04T02:20:55.296+0000] {logging_mixin.py:188} INFO - [2024-01-04T02:20:55.296+0000] {dag.py:3820} INFO - Setting next_dagrun for example_params_ui_tutorial to None, run_after=None
[2024-01-04T02:20:55.310+0000] {processor.py:183} INFO - Processing /home/airflow/.local/lib/python3.8/site-packages/airflow/example_dags/example_params_ui_tutorial.py took 0.081 seconds
[2024-01-04T02:21:25.419+0000] {processor.py:161} INFO - Started process (PID=800) to work on /home/airflow/.local/lib/python3.8/site-packages/airflow/example_dags/example_params_ui_tutorial.py
[2024-01-04T02:21:25.420+0000] {processor.py:830} INFO - Processing file /home/airflow/.local/lib/python3.8/site-packages/airflow/example_dags/example_params_ui_tutorial.py for tasks to queue
[2024-01-04T02:21:25.423+0000] {logging_mixin.py:188} INFO - [2024-01-04T02:21:25.422+0000] {dagbag.py:538} INFO - Filling up the DagBag from /home/airflow/.local/lib/python3.8/site-packages/airflow/example_dags/example_params_ui_tutorial.py
[2024-01-04T02:21:25.430+0000] {processor.py:840} INFO - DAG(s) 'example_params_ui_tutorial' retrieved from /home/airflow/.local/lib/python3.8/site-packages/airflow/example_dags/example_params_ui_tutorial.py
[2024-01-04T02:21:25.476+0000] {logging_mixin.py:188} INFO - [2024-01-04T02:21:25.476+0000] {dag.py:3033} INFO - Sync 1 DAGs
[2024-01-04T02:21:25.486+0000] {logging_mixin.py:188} INFO - [2024-01-04T02:21:25.485+0000] {dag.py:3820} INFO - Setting next_dagrun for example_params_ui_tutorial to None, run_after=None
[2024-01-04T02:21:25.507+0000] {processor.py:183} INFO - Processing /home/airflow/.local/lib/python3.8/site-packages/airflow/example_dags/example_params_ui_tutorial.py took 0.090 seconds
[2024-01-04T02:21:55.696+0000] {processor.py:161} INFO - Started process (PID=856) to work on /home/airflow/.local/lib/python3.8/site-packages/airflow/example_dags/example_params_ui_tutorial.py
[2024-01-04T02:21:55.697+0000] {processor.py:830} INFO - Processing file /home/airflow/.local/lib/python3.8/site-packages/airflow/example_dags/example_params_ui_tutorial.py for tasks to queue
[2024-01-04T02:21:55.698+0000] {logging_mixin.py:188} INFO - [2024-01-04T02:21:55.698+0000] {dagbag.py:538} INFO - Filling up the DagBag from /home/airflow/.local/lib/python3.8/site-packages/airflow/example_dags/example_params_ui_tutorial.py
[2024-01-04T02:21:55.707+0000] {processor.py:840} INFO - DAG(s) 'example_params_ui_tutorial' retrieved from /home/airflow/.local/lib/python3.8/site-packages/airflow/example_dags/example_params_ui_tutorial.py
[2024-01-04T02:21:55.755+0000] {logging_mixin.py:188} INFO - [2024-01-04T02:21:55.755+0000] {dag.py:3033} INFO - Sync 1 DAGs
[2024-01-04T02:21:55.767+0000] {logging_mixin.py:188} INFO - [2024-01-04T02:21:55.767+0000] {dag.py:3820} INFO - Setting next_dagrun for example_params_ui_tutorial to None, run_after=None
[2024-01-04T02:21:55.784+0000] {processor.py:183} INFO - Processing /home/airflow/.local/lib/python3.8/site-packages/airflow/example_dags/example_params_ui_tutorial.py took 0.091 seconds
[2024-01-04T02:22:25.942+0000] {processor.py:161} INFO - Started process (PID=911) to work on /home/airflow/.local/lib/python3.8/site-packages/airflow/example_dags/example_params_ui_tutorial.py
[2024-01-04T02:22:25.943+0000] {processor.py:830} INFO - Processing file /home/airflow/.local/lib/python3.8/site-packages/airflow/example_dags/example_params_ui_tutorial.py for tasks to queue
[2024-01-04T02:22:25.945+0000] {logging_mixin.py:188} INFO - [2024-01-04T02:22:25.944+0000] {dagbag.py:538} INFO - Filling up the DagBag from /home/airflow/.local/lib/python3.8/site-packages/airflow/example_dags/example_params_ui_tutorial.py
[2024-01-04T02:22:25.953+0000] {processor.py:840} INFO - DAG(s) 'example_params_ui_tutorial' retrieved from /home/airflow/.local/lib/python3.8/site-packages/airflow/example_dags/example_params_ui_tutorial.py
[2024-01-04T02:22:25.997+0000] {logging_mixin.py:188} INFO - [2024-01-04T02:22:25.997+0000] {dag.py:3033} INFO - Sync 1 DAGs
[2024-01-04T02:22:26.008+0000] {logging_mixin.py:188} INFO - [2024-01-04T02:22:26.008+0000] {dag.py:3820} INFO - Setting next_dagrun for example_params_ui_tutorial to None, run_after=None
[2024-01-04T02:22:26.025+0000] {processor.py:183} INFO - Processing /home/airflow/.local/lib/python3.8/site-packages/airflow/example_dags/example_params_ui_tutorial.py took 0.086 seconds
