[2024-01-04T02:14:45.738+0000] {processor.py:161} INFO - Started process (PID=50) to work on /home/airflow/.local/lib/python3.8/site-packages/airflow/example_dags/example_nested_branch_dag.py
[2024-01-04T02:14:45.739+0000] {processor.py:830} INFO - Processing file /home/airflow/.local/lib/python3.8/site-packages/airflow/example_dags/example_nested_branch_dag.py for tasks to queue
[2024-01-04T02:14:45.741+0000] {logging_mixin.py:188} INFO - [2024-01-04T02:14:45.741+0000] {dagbag.py:538} INFO - Filling up the DagBag from /home/airflow/.local/lib/python3.8/site-packages/airflow/example_dags/example_nested_branch_dag.py
[2024-01-04T02:14:45.757+0000] {processor.py:840} INFO - DAG(s) 'example_nested_branch_dag' retrieved from /home/airflow/.local/lib/python3.8/site-packages/airflow/example_dags/example_nested_branch_dag.py
[2024-01-04T02:14:45.866+0000] {logging_mixin.py:188} INFO - [2024-01-04T02:14:45.865+0000] {override.py:1769} INFO - Created Permission View: can edit on DAG:example_nested_branch_dag
[2024-01-04T02:14:45.876+0000] {logging_mixin.py:188} INFO - [2024-01-04T02:14:45.875+0000] {override.py:1769} INFO - Created Permission View: can read on DAG:example_nested_branch_dag
[2024-01-04T02:14:45.882+0000] {logging_mixin.py:188} INFO - [2024-01-04T02:14:45.882+0000] {override.py:1769} INFO - Created Permission View: can delete on DAG:example_nested_branch_dag
[2024-01-04T02:14:45.883+0000] {logging_mixin.py:188} INFO - [2024-01-04T02:14:45.883+0000] {dag.py:3033} INFO - Sync 1 DAGs
[2024-01-04T02:14:45.895+0000] {logging_mixin.py:188} INFO - [2024-01-04T02:14:45.894+0000] {dag.py:3055} INFO - Creating ORM DAG for example_nested_branch_dag
[2024-01-04T02:14:45.904+0000] {logging_mixin.py:188} INFO - [2024-01-04T02:14:45.903+0000] {dag.py:3820} INFO - Setting next_dagrun for example_nested_branch_dag to 2024-01-03T00:00:00+00:00, run_after=2024-01-04T00:00:00+00:00
[2024-01-04T02:14:45.920+0000] {processor.py:183} INFO - Processing /home/airflow/.local/lib/python3.8/site-packages/airflow/example_dags/example_nested_branch_dag.py took 0.185 seconds
[2024-01-04T02:15:16.570+0000] {processor.py:161} INFO - Started process (PID=105) to work on /home/airflow/.local/lib/python3.8/site-packages/airflow/example_dags/example_nested_branch_dag.py
[2024-01-04T02:15:16.571+0000] {processor.py:830} INFO - Processing file /home/airflow/.local/lib/python3.8/site-packages/airflow/example_dags/example_nested_branch_dag.py for tasks to queue
[2024-01-04T02:15:16.574+0000] {logging_mixin.py:188} INFO - [2024-01-04T02:15:16.573+0000] {dagbag.py:538} INFO - Filling up the DagBag from /home/airflow/.local/lib/python3.8/site-packages/airflow/example_dags/example_nested_branch_dag.py
[2024-01-04T02:15:16.588+0000] {processor.py:840} INFO - DAG(s) 'example_nested_branch_dag' retrieved from /home/airflow/.local/lib/python3.8/site-packages/airflow/example_dags/example_nested_branch_dag.py
[2024-01-04T02:15:16.627+0000] {logging_mixin.py:188} INFO - [2024-01-04T02:15:16.627+0000] {dag.py:3033} INFO - Sync 1 DAGs
[2024-01-04T02:15:16.673+0000] {logging_mixin.py:188} INFO - [2024-01-04T02:15:16.673+0000] {dag.py:3820} INFO - Setting next_dagrun for example_nested_branch_dag to 2024-01-03T00:00:00+00:00, run_after=2024-01-04T00:00:00+00:00
[2024-01-04T02:15:16.704+0000] {processor.py:183} INFO - Processing /home/airflow/.local/lib/python3.8/site-packages/airflow/example_dags/example_nested_branch_dag.py took 0.138 seconds
[2024-01-04T02:15:47.289+0000] {processor.py:161} INFO - Started process (PID=160) to work on /home/airflow/.local/lib/python3.8/site-packages/airflow/example_dags/example_nested_branch_dag.py
[2024-01-04T02:15:47.290+0000] {processor.py:830} INFO - Processing file /home/airflow/.local/lib/python3.8/site-packages/airflow/example_dags/example_nested_branch_dag.py for tasks to queue
[2024-01-04T02:15:47.291+0000] {logging_mixin.py:188} INFO - [2024-01-04T02:15:47.291+0000] {dagbag.py:538} INFO - Filling up the DagBag from /home/airflow/.local/lib/python3.8/site-packages/airflow/example_dags/example_nested_branch_dag.py
[2024-01-04T02:15:47.299+0000] {processor.py:840} INFO - DAG(s) 'example_nested_branch_dag' retrieved from /home/airflow/.local/lib/python3.8/site-packages/airflow/example_dags/example_nested_branch_dag.py
[2024-01-04T02:15:47.320+0000] {logging_mixin.py:188} INFO - [2024-01-04T02:15:47.320+0000] {dag.py:3033} INFO - Sync 1 DAGs
[2024-01-04T02:15:47.341+0000] {logging_mixin.py:188} INFO - [2024-01-04T02:15:47.341+0000] {dag.py:3820} INFO - Setting next_dagrun for example_nested_branch_dag to 2024-01-03T00:00:00+00:00, run_after=2024-01-04T00:00:00+00:00
[2024-01-04T02:15:47.361+0000] {processor.py:183} INFO - Processing /home/airflow/.local/lib/python3.8/site-packages/airflow/example_dags/example_nested_branch_dag.py took 0.075 seconds
[2024-01-04T02:16:17.519+0000] {processor.py:161} INFO - Started process (PID=215) to work on /home/airflow/.local/lib/python3.8/site-packages/airflow/example_dags/example_nested_branch_dag.py
[2024-01-04T02:16:17.520+0000] {processor.py:830} INFO - Processing file /home/airflow/.local/lib/python3.8/site-packages/airflow/example_dags/example_nested_branch_dag.py for tasks to queue
[2024-01-04T02:16:17.522+0000] {logging_mixin.py:188} INFO - [2024-01-04T02:16:17.522+0000] {dagbag.py:538} INFO - Filling up the DagBag from /home/airflow/.local/lib/python3.8/site-packages/airflow/example_dags/example_nested_branch_dag.py
[2024-01-04T02:16:17.531+0000] {processor.py:840} INFO - DAG(s) 'example_nested_branch_dag' retrieved from /home/airflow/.local/lib/python3.8/site-packages/airflow/example_dags/example_nested_branch_dag.py
[2024-01-04T02:16:17.551+0000] {logging_mixin.py:188} INFO - [2024-01-04T02:16:17.551+0000] {dag.py:3033} INFO - Sync 1 DAGs
[2024-01-04T02:16:17.570+0000] {logging_mixin.py:188} INFO - [2024-01-04T02:16:17.570+0000] {dag.py:3820} INFO - Setting next_dagrun for example_nested_branch_dag to 2024-01-03T00:00:00+00:00, run_after=2024-01-04T00:00:00+00:00
[2024-01-04T02:16:17.593+0000] {processor.py:183} INFO - Processing /home/airflow/.local/lib/python3.8/site-packages/airflow/example_dags/example_nested_branch_dag.py took 0.076 seconds
[2024-01-04T02:16:47.736+0000] {processor.py:161} INFO - Started process (PID=270) to work on /home/airflow/.local/lib/python3.8/site-packages/airflow/example_dags/example_nested_branch_dag.py
[2024-01-04T02:16:47.737+0000] {processor.py:830} INFO - Processing file /home/airflow/.local/lib/python3.8/site-packages/airflow/example_dags/example_nested_branch_dag.py for tasks to queue
[2024-01-04T02:16:47.739+0000] {logging_mixin.py:188} INFO - [2024-01-04T02:16:47.739+0000] {dagbag.py:538} INFO - Filling up the DagBag from /home/airflow/.local/lib/python3.8/site-packages/airflow/example_dags/example_nested_branch_dag.py
[2024-01-04T02:16:47.746+0000] {processor.py:840} INFO - DAG(s) 'example_nested_branch_dag' retrieved from /home/airflow/.local/lib/python3.8/site-packages/airflow/example_dags/example_nested_branch_dag.py
[2024-01-04T02:16:47.762+0000] {logging_mixin.py:188} INFO - [2024-01-04T02:16:47.762+0000] {dag.py:3033} INFO - Sync 1 DAGs
[2024-01-04T02:16:47.778+0000] {logging_mixin.py:188} INFO - [2024-01-04T02:16:47.777+0000] {dag.py:3820} INFO - Setting next_dagrun for example_nested_branch_dag to 2024-01-03T00:00:00+00:00, run_after=2024-01-04T00:00:00+00:00
[2024-01-04T02:16:47.793+0000] {processor.py:183} INFO - Processing /home/airflow/.local/lib/python3.8/site-packages/airflow/example_dags/example_nested_branch_dag.py took 0.059 seconds
[2024-01-04T02:17:18.138+0000] {processor.py:161} INFO - Started process (PID=325) to work on /home/airflow/.local/lib/python3.8/site-packages/airflow/example_dags/example_nested_branch_dag.py
[2024-01-04T02:17:18.139+0000] {processor.py:830} INFO - Processing file /home/airflow/.local/lib/python3.8/site-packages/airflow/example_dags/example_nested_branch_dag.py for tasks to queue
[2024-01-04T02:17:18.140+0000] {logging_mixin.py:188} INFO - [2024-01-04T02:17:18.140+0000] {dagbag.py:538} INFO - Filling up the DagBag from /home/airflow/.local/lib/python3.8/site-packages/airflow/example_dags/example_nested_branch_dag.py
[2024-01-04T02:17:18.147+0000] {processor.py:840} INFO - DAG(s) 'example_nested_branch_dag' retrieved from /home/airflow/.local/lib/python3.8/site-packages/airflow/example_dags/example_nested_branch_dag.py
[2024-01-04T02:17:18.164+0000] {logging_mixin.py:188} INFO - [2024-01-04T02:17:18.163+0000] {dag.py:3033} INFO - Sync 1 DAGs
[2024-01-04T02:17:18.180+0000] {logging_mixin.py:188} INFO - [2024-01-04T02:17:18.180+0000] {dag.py:3820} INFO - Setting next_dagrun for example_nested_branch_dag to 2024-01-03T00:00:00+00:00, run_after=2024-01-04T00:00:00+00:00
[2024-01-04T02:17:18.197+0000] {processor.py:183} INFO - Processing /home/airflow/.local/lib/python3.8/site-packages/airflow/example_dags/example_nested_branch_dag.py took 0.061 seconds
[2024-01-04T02:17:48.261+0000] {processor.py:161} INFO - Started process (PID=380) to work on /home/airflow/.local/lib/python3.8/site-packages/airflow/example_dags/example_nested_branch_dag.py
[2024-01-04T02:17:48.262+0000] {processor.py:830} INFO - Processing file /home/airflow/.local/lib/python3.8/site-packages/airflow/example_dags/example_nested_branch_dag.py for tasks to queue
[2024-01-04T02:17:48.263+0000] {logging_mixin.py:188} INFO - [2024-01-04T02:17:48.263+0000] {dagbag.py:538} INFO - Filling up the DagBag from /home/airflow/.local/lib/python3.8/site-packages/airflow/example_dags/example_nested_branch_dag.py
[2024-01-04T02:17:48.270+0000] {processor.py:840} INFO - DAG(s) 'example_nested_branch_dag' retrieved from /home/airflow/.local/lib/python3.8/site-packages/airflow/example_dags/example_nested_branch_dag.py
[2024-01-04T02:17:48.286+0000] {logging_mixin.py:188} INFO - [2024-01-04T02:17:48.286+0000] {dag.py:3033} INFO - Sync 1 DAGs
[2024-01-04T02:17:48.304+0000] {logging_mixin.py:188} INFO - [2024-01-04T02:17:48.304+0000] {dag.py:3820} INFO - Setting next_dagrun for example_nested_branch_dag to 2024-01-03T00:00:00+00:00, run_after=2024-01-04T00:00:00+00:00
[2024-01-04T02:17:48.320+0000] {processor.py:183} INFO - Processing /home/airflow/.local/lib/python3.8/site-packages/airflow/example_dags/example_nested_branch_dag.py took 0.062 seconds
[2024-01-04T02:18:18.665+0000] {processor.py:161} INFO - Started process (PID=435) to work on /home/airflow/.local/lib/python3.8/site-packages/airflow/example_dags/example_nested_branch_dag.py
[2024-01-04T02:18:18.665+0000] {processor.py:830} INFO - Processing file /home/airflow/.local/lib/python3.8/site-packages/airflow/example_dags/example_nested_branch_dag.py for tasks to queue
[2024-01-04T02:18:18.667+0000] {logging_mixin.py:188} INFO - [2024-01-04T02:18:18.667+0000] {dagbag.py:538} INFO - Filling up the DagBag from /home/airflow/.local/lib/python3.8/site-packages/airflow/example_dags/example_nested_branch_dag.py
[2024-01-04T02:18:18.674+0000] {processor.py:840} INFO - DAG(s) 'example_nested_branch_dag' retrieved from /home/airflow/.local/lib/python3.8/site-packages/airflow/example_dags/example_nested_branch_dag.py
[2024-01-04T02:18:18.690+0000] {logging_mixin.py:188} INFO - [2024-01-04T02:18:18.689+0000] {dag.py:3033} INFO - Sync 1 DAGs
[2024-01-04T02:18:18.706+0000] {logging_mixin.py:188} INFO - [2024-01-04T02:18:18.705+0000] {dag.py:3820} INFO - Setting next_dagrun for example_nested_branch_dag to 2024-01-03T00:00:00+00:00, run_after=2024-01-04T00:00:00+00:00
[2024-01-04T02:18:18.723+0000] {processor.py:183} INFO - Processing /home/airflow/.local/lib/python3.8/site-packages/airflow/example_dags/example_nested_branch_dag.py took 0.061 seconds
[2024-01-04T02:18:48.815+0000] {processor.py:161} INFO - Started process (PID=490) to work on /home/airflow/.local/lib/python3.8/site-packages/airflow/example_dags/example_nested_branch_dag.py
[2024-01-04T02:18:48.816+0000] {processor.py:830} INFO - Processing file /home/airflow/.local/lib/python3.8/site-packages/airflow/example_dags/example_nested_branch_dag.py for tasks to queue
[2024-01-04T02:18:48.817+0000] {logging_mixin.py:188} INFO - [2024-01-04T02:18:48.817+0000] {dagbag.py:538} INFO - Filling up the DagBag from /home/airflow/.local/lib/python3.8/site-packages/airflow/example_dags/example_nested_branch_dag.py
[2024-01-04T02:18:48.825+0000] {processor.py:840} INFO - DAG(s) 'example_nested_branch_dag' retrieved from /home/airflow/.local/lib/python3.8/site-packages/airflow/example_dags/example_nested_branch_dag.py
[2024-01-04T02:18:48.843+0000] {logging_mixin.py:188} INFO - [2024-01-04T02:18:48.843+0000] {dag.py:3033} INFO - Sync 1 DAGs
[2024-01-04T02:18:48.864+0000] {logging_mixin.py:188} INFO - [2024-01-04T02:18:48.864+0000] {dag.py:3820} INFO - Setting next_dagrun for example_nested_branch_dag to 2024-01-03T00:00:00+00:00, run_after=2024-01-04T00:00:00+00:00
[2024-01-04T02:18:48.884+0000] {processor.py:183} INFO - Processing /home/airflow/.local/lib/python3.8/site-packages/airflow/example_dags/example_nested_branch_dag.py took 0.071 seconds
[2024-01-04T02:19:18.956+0000] {processor.py:161} INFO - Started process (PID=545) to work on /home/airflow/.local/lib/python3.8/site-packages/airflow/example_dags/example_nested_branch_dag.py
[2024-01-04T02:19:18.957+0000] {processor.py:830} INFO - Processing file /home/airflow/.local/lib/python3.8/site-packages/airflow/example_dags/example_nested_branch_dag.py for tasks to queue
[2024-01-04T02:19:18.960+0000] {logging_mixin.py:188} INFO - [2024-01-04T02:19:18.959+0000] {dagbag.py:538} INFO - Filling up the DagBag from /home/airflow/.local/lib/python3.8/site-packages/airflow/example_dags/example_nested_branch_dag.py
[2024-01-04T02:19:18.966+0000] {processor.py:840} INFO - DAG(s) 'example_nested_branch_dag' retrieved from /home/airflow/.local/lib/python3.8/site-packages/airflow/example_dags/example_nested_branch_dag.py
[2024-01-04T02:19:18.982+0000] {logging_mixin.py:188} INFO - [2024-01-04T02:19:18.982+0000] {dag.py:3033} INFO - Sync 1 DAGs
[2024-01-04T02:19:18.999+0000] {logging_mixin.py:188} INFO - [2024-01-04T02:19:18.999+0000] {dag.py:3820} INFO - Setting next_dagrun for example_nested_branch_dag to 2024-01-03T00:00:00+00:00, run_after=2024-01-04T00:00:00+00:00
[2024-01-04T02:19:19.015+0000] {processor.py:183} INFO - Processing /home/airflow/.local/lib/python3.8/site-packages/airflow/example_dags/example_nested_branch_dag.py took 0.061 seconds
[2024-01-04T02:19:49.097+0000] {processor.py:161} INFO - Started process (PID=600) to work on /home/airflow/.local/lib/python3.8/site-packages/airflow/example_dags/example_nested_branch_dag.py
[2024-01-04T02:19:49.098+0000] {processor.py:830} INFO - Processing file /home/airflow/.local/lib/python3.8/site-packages/airflow/example_dags/example_nested_branch_dag.py for tasks to queue
[2024-01-04T02:19:49.100+0000] {logging_mixin.py:188} INFO - [2024-01-04T02:19:49.100+0000] {dagbag.py:538} INFO - Filling up the DagBag from /home/airflow/.local/lib/python3.8/site-packages/airflow/example_dags/example_nested_branch_dag.py
[2024-01-04T02:19:49.107+0000] {processor.py:840} INFO - DAG(s) 'example_nested_branch_dag' retrieved from /home/airflow/.local/lib/python3.8/site-packages/airflow/example_dags/example_nested_branch_dag.py
[2024-01-04T02:19:49.123+0000] {logging_mixin.py:188} INFO - [2024-01-04T02:19:49.123+0000] {dag.py:3033} INFO - Sync 1 DAGs
[2024-01-04T02:19:49.140+0000] {logging_mixin.py:188} INFO - [2024-01-04T02:19:49.140+0000] {dag.py:3820} INFO - Setting next_dagrun for example_nested_branch_dag to 2024-01-03T00:00:00+00:00, run_after=2024-01-04T00:00:00+00:00
[2024-01-04T02:19:49.155+0000] {processor.py:183} INFO - Processing /home/airflow/.local/lib/python3.8/site-packages/airflow/example_dags/example_nested_branch_dag.py took 0.060 seconds
[2024-01-04T02:20:19.253+0000] {processor.py:161} INFO - Started process (PID=655) to work on /home/airflow/.local/lib/python3.8/site-packages/airflow/example_dags/example_nested_branch_dag.py
[2024-01-04T02:20:19.254+0000] {processor.py:830} INFO - Processing file /home/airflow/.local/lib/python3.8/site-packages/airflow/example_dags/example_nested_branch_dag.py for tasks to queue
[2024-01-04T02:20:19.256+0000] {logging_mixin.py:188} INFO - [2024-01-04T02:20:19.256+0000] {dagbag.py:538} INFO - Filling up the DagBag from /home/airflow/.local/lib/python3.8/site-packages/airflow/example_dags/example_nested_branch_dag.py
[2024-01-04T02:20:19.264+0000] {processor.py:840} INFO - DAG(s) 'example_nested_branch_dag' retrieved from /home/airflow/.local/lib/python3.8/site-packages/airflow/example_dags/example_nested_branch_dag.py
[2024-01-04T02:20:19.281+0000] {logging_mixin.py:188} INFO - [2024-01-04T02:20:19.281+0000] {dag.py:3033} INFO - Sync 1 DAGs
[2024-01-04T02:20:19.300+0000] {logging_mixin.py:188} INFO - [2024-01-04T02:20:19.300+0000] {dag.py:3820} INFO - Setting next_dagrun for example_nested_branch_dag to 2024-01-03T00:00:00+00:00, run_after=2024-01-04T00:00:00+00:00
[2024-01-04T02:20:19.315+0000] {processor.py:183} INFO - Processing /home/airflow/.local/lib/python3.8/site-packages/airflow/example_dags/example_nested_branch_dag.py took 0.064 seconds
[2024-01-04T02:20:49.517+0000] {processor.py:161} INFO - Started process (PID=710) to work on /home/airflow/.local/lib/python3.8/site-packages/airflow/example_dags/example_nested_branch_dag.py
[2024-01-04T02:20:49.518+0000] {processor.py:830} INFO - Processing file /home/airflow/.local/lib/python3.8/site-packages/airflow/example_dags/example_nested_branch_dag.py for tasks to queue
[2024-01-04T02:20:49.520+0000] {logging_mixin.py:188} INFO - [2024-01-04T02:20:49.519+0000] {dagbag.py:538} INFO - Filling up the DagBag from /home/airflow/.local/lib/python3.8/site-packages/airflow/example_dags/example_nested_branch_dag.py
[2024-01-04T02:20:49.526+0000] {processor.py:840} INFO - DAG(s) 'example_nested_branch_dag' retrieved from /home/airflow/.local/lib/python3.8/site-packages/airflow/example_dags/example_nested_branch_dag.py
[2024-01-04T02:20:49.544+0000] {logging_mixin.py:188} INFO - [2024-01-04T02:20:49.544+0000] {dag.py:3033} INFO - Sync 1 DAGs
[2024-01-04T02:20:49.561+0000] {logging_mixin.py:188} INFO - [2024-01-04T02:20:49.561+0000] {dag.py:3820} INFO - Setting next_dagrun for example_nested_branch_dag to 2024-01-03T00:00:00+00:00, run_after=2024-01-04T00:00:00+00:00
[2024-01-04T02:20:49.582+0000] {processor.py:183} INFO - Processing /home/airflow/.local/lib/python3.8/site-packages/airflow/example_dags/example_nested_branch_dag.py took 0.067 seconds
[2024-01-04T02:21:19.724+0000] {processor.py:161} INFO - Started process (PID=765) to work on /home/airflow/.local/lib/python3.8/site-packages/airflow/example_dags/example_nested_branch_dag.py
[2024-01-04T02:21:19.724+0000] {processor.py:830} INFO - Processing file /home/airflow/.local/lib/python3.8/site-packages/airflow/example_dags/example_nested_branch_dag.py for tasks to queue
[2024-01-04T02:21:19.726+0000] {logging_mixin.py:188} INFO - [2024-01-04T02:21:19.726+0000] {dagbag.py:538} INFO - Filling up the DagBag from /home/airflow/.local/lib/python3.8/site-packages/airflow/example_dags/example_nested_branch_dag.py
[2024-01-04T02:21:19.733+0000] {processor.py:840} INFO - DAG(s) 'example_nested_branch_dag' retrieved from /home/airflow/.local/lib/python3.8/site-packages/airflow/example_dags/example_nested_branch_dag.py
[2024-01-04T02:21:19.749+0000] {logging_mixin.py:188} INFO - [2024-01-04T02:21:19.749+0000] {dag.py:3033} INFO - Sync 1 DAGs
[2024-01-04T02:21:19.767+0000] {logging_mixin.py:188} INFO - [2024-01-04T02:21:19.766+0000] {dag.py:3820} INFO - Setting next_dagrun for example_nested_branch_dag to 2024-01-03T00:00:00+00:00, run_after=2024-01-04T00:00:00+00:00
[2024-01-04T02:21:19.786+0000] {processor.py:183} INFO - Processing /home/airflow/.local/lib/python3.8/site-packages/airflow/example_dags/example_nested_branch_dag.py took 0.065 seconds
[2024-01-04T02:21:50.098+0000] {processor.py:161} INFO - Started process (PID=821) to work on /home/airflow/.local/lib/python3.8/site-packages/airflow/example_dags/example_nested_branch_dag.py
[2024-01-04T02:21:50.098+0000] {processor.py:830} INFO - Processing file /home/airflow/.local/lib/python3.8/site-packages/airflow/example_dags/example_nested_branch_dag.py for tasks to queue
[2024-01-04T02:21:50.100+0000] {logging_mixin.py:188} INFO - [2024-01-04T02:21:50.100+0000] {dagbag.py:538} INFO - Filling up the DagBag from /home/airflow/.local/lib/python3.8/site-packages/airflow/example_dags/example_nested_branch_dag.py
[2024-01-04T02:21:50.108+0000] {processor.py:840} INFO - DAG(s) 'example_nested_branch_dag' retrieved from /home/airflow/.local/lib/python3.8/site-packages/airflow/example_dags/example_nested_branch_dag.py
[2024-01-04T02:21:50.124+0000] {logging_mixin.py:188} INFO - [2024-01-04T02:21:50.124+0000] {dag.py:3033} INFO - Sync 1 DAGs
[2024-01-04T02:21:50.144+0000] {logging_mixin.py:188} INFO - [2024-01-04T02:21:50.144+0000] {dag.py:3820} INFO - Setting next_dagrun for example_nested_branch_dag to 2024-01-03T00:00:00+00:00, run_after=2024-01-04T00:00:00+00:00
[2024-01-04T02:21:50.160+0000] {processor.py:183} INFO - Processing /home/airflow/.local/lib/python3.8/site-packages/airflow/example_dags/example_nested_branch_dag.py took 0.065 seconds
[2024-01-04T02:22:20.295+0000] {processor.py:161} INFO - Started process (PID=876) to work on /home/airflow/.local/lib/python3.8/site-packages/airflow/example_dags/example_nested_branch_dag.py
[2024-01-04T02:22:20.295+0000] {processor.py:830} INFO - Processing file /home/airflow/.local/lib/python3.8/site-packages/airflow/example_dags/example_nested_branch_dag.py for tasks to queue
[2024-01-04T02:22:20.297+0000] {logging_mixin.py:188} INFO - [2024-01-04T02:22:20.297+0000] {dagbag.py:538} INFO - Filling up the DagBag from /home/airflow/.local/lib/python3.8/site-packages/airflow/example_dags/example_nested_branch_dag.py
[2024-01-04T02:22:20.304+0000] {processor.py:840} INFO - DAG(s) 'example_nested_branch_dag' retrieved from /home/airflow/.local/lib/python3.8/site-packages/airflow/example_dags/example_nested_branch_dag.py
[2024-01-04T02:22:20.322+0000] {logging_mixin.py:188} INFO - [2024-01-04T02:22:20.322+0000] {dag.py:3033} INFO - Sync 1 DAGs
[2024-01-04T02:22:20.341+0000] {logging_mixin.py:188} INFO - [2024-01-04T02:22:20.341+0000] {dag.py:3820} INFO - Setting next_dagrun for example_nested_branch_dag to 2024-01-03T00:00:00+00:00, run_after=2024-01-04T00:00:00+00:00
[2024-01-04T02:22:20.357+0000] {processor.py:183} INFO - Processing /home/airflow/.local/lib/python3.8/site-packages/airflow/example_dags/example_nested_branch_dag.py took 0.065 seconds
