[2024-01-04T02:14:48.271+0000] {processor.py:161} INFO - Started process (PID=70) to work on /home/airflow/.local/lib/python3.8/site-packages/airflow/example_dags/example_branch_operator.py
[2024-01-04T02:14:48.272+0000] {processor.py:830} INFO - Processing file /home/airflow/.local/lib/python3.8/site-packages/airflow/example_dags/example_branch_operator.py for tasks to queue
[2024-01-04T02:14:48.274+0000] {logging_mixin.py:188} INFO - [2024-01-04T02:14:48.274+0000] {dagbag.py:538} INFO - Filling up the DagBag from /home/airflow/.local/lib/python3.8/site-packages/airflow/example_dags/example_branch_operator.py
[2024-01-04T02:14:48.292+0000] {processor.py:840} INFO - DAG(s) 'example_branch_operator' retrieved from /home/airflow/.local/lib/python3.8/site-packages/airflow/example_dags/example_branch_operator.py
[2024-01-04T02:14:48.497+0000] {logging_mixin.py:188} INFO - [2024-01-04T02:14:48.496+0000] {override.py:1769} INFO - Created Permission View: can edit on DAG:example_branch_operator
[2024-01-04T02:14:48.517+0000] {logging_mixin.py:188} INFO - [2024-01-04T02:14:48.516+0000] {override.py:1769} INFO - Created Permission View: can read on DAG:example_branch_operator
[2024-01-04T02:14:48.527+0000] {logging_mixin.py:188} INFO - [2024-01-04T02:14:48.527+0000] {override.py:1769} INFO - Created Permission View: can delete on DAG:example_branch_operator
[2024-01-04T02:14:48.528+0000] {logging_mixin.py:188} INFO - [2024-01-04T02:14:48.528+0000] {dag.py:3033} INFO - Sync 1 DAGs
[2024-01-04T02:14:48.545+0000] {logging_mixin.py:188} INFO - [2024-01-04T02:14:48.545+0000] {dag.py:3055} INFO - Creating ORM DAG for example_branch_operator
[2024-01-04T02:14:48.565+0000] {logging_mixin.py:188} INFO - [2024-01-04T02:14:48.564+0000] {dag.py:3820} INFO - Setting next_dagrun for example_branch_operator to 2024-01-03T00:00:00+00:00, run_after=2024-01-04T00:00:00+00:00
[2024-01-04T02:14:48.596+0000] {processor.py:183} INFO - Processing /home/airflow/.local/lib/python3.8/site-packages/airflow/example_dags/example_branch_operator.py took 0.328 seconds
[2024-01-04T02:15:18.670+0000] {processor.py:161} INFO - Started process (PID=125) to work on /home/airflow/.local/lib/python3.8/site-packages/airflow/example_dags/example_branch_operator.py
[2024-01-04T02:15:18.671+0000] {processor.py:830} INFO - Processing file /home/airflow/.local/lib/python3.8/site-packages/airflow/example_dags/example_branch_operator.py for tasks to queue
[2024-01-04T02:15:18.672+0000] {logging_mixin.py:188} INFO - [2024-01-04T02:15:18.672+0000] {dagbag.py:538} INFO - Filling up the DagBag from /home/airflow/.local/lib/python3.8/site-packages/airflow/example_dags/example_branch_operator.py
[2024-01-04T02:15:18.685+0000] {processor.py:840} INFO - DAG(s) 'example_branch_operator' retrieved from /home/airflow/.local/lib/python3.8/site-packages/airflow/example_dags/example_branch_operator.py
[2024-01-04T02:15:18.708+0000] {logging_mixin.py:188} INFO - [2024-01-04T02:15:18.708+0000] {dag.py:3033} INFO - Sync 1 DAGs
[2024-01-04T02:15:18.724+0000] {logging_mixin.py:188} INFO - [2024-01-04T02:15:18.724+0000] {dag.py:3820} INFO - Setting next_dagrun for example_branch_operator to 2024-01-03T00:00:00+00:00, run_after=2024-01-04T00:00:00+00:00
[2024-01-04T02:15:18.737+0000] {processor.py:183} INFO - Processing /home/airflow/.local/lib/python3.8/site-packages/airflow/example_dags/example_branch_operator.py took 0.069 seconds
[2024-01-04T02:15:49.192+0000] {processor.py:161} INFO - Started process (PID=180) to work on /home/airflow/.local/lib/python3.8/site-packages/airflow/example_dags/example_branch_operator.py
[2024-01-04T02:15:49.193+0000] {processor.py:830} INFO - Processing file /home/airflow/.local/lib/python3.8/site-packages/airflow/example_dags/example_branch_operator.py for tasks to queue
[2024-01-04T02:15:49.195+0000] {logging_mixin.py:188} INFO - [2024-01-04T02:15:49.195+0000] {dagbag.py:538} INFO - Filling up the DagBag from /home/airflow/.local/lib/python3.8/site-packages/airflow/example_dags/example_branch_operator.py
[2024-01-04T02:15:49.207+0000] {processor.py:840} INFO - DAG(s) 'example_branch_operator' retrieved from /home/airflow/.local/lib/python3.8/site-packages/airflow/example_dags/example_branch_operator.py
[2024-01-04T02:15:49.228+0000] {logging_mixin.py:188} INFO - [2024-01-04T02:15:49.228+0000] {dag.py:3033} INFO - Sync 1 DAGs
[2024-01-04T02:15:49.247+0000] {logging_mixin.py:188} INFO - [2024-01-04T02:15:49.247+0000] {dag.py:3820} INFO - Setting next_dagrun for example_branch_operator to 2024-01-03T00:00:00+00:00, run_after=2024-01-04T00:00:00+00:00
[2024-01-04T02:15:49.265+0000] {processor.py:183} INFO - Processing /home/airflow/.local/lib/python3.8/site-packages/airflow/example_dags/example_branch_operator.py took 0.076 seconds
[2024-01-04T02:16:19.450+0000] {processor.py:161} INFO - Started process (PID=235) to work on /home/airflow/.local/lib/python3.8/site-packages/airflow/example_dags/example_branch_operator.py
[2024-01-04T02:16:19.451+0000] {processor.py:830} INFO - Processing file /home/airflow/.local/lib/python3.8/site-packages/airflow/example_dags/example_branch_operator.py for tasks to queue
[2024-01-04T02:16:19.453+0000] {logging_mixin.py:188} INFO - [2024-01-04T02:16:19.453+0000] {dagbag.py:538} INFO - Filling up the DagBag from /home/airflow/.local/lib/python3.8/site-packages/airflow/example_dags/example_branch_operator.py
[2024-01-04T02:16:19.466+0000] {processor.py:840} INFO - DAG(s) 'example_branch_operator' retrieved from /home/airflow/.local/lib/python3.8/site-packages/airflow/example_dags/example_branch_operator.py
[2024-01-04T02:16:19.489+0000] {logging_mixin.py:188} INFO - [2024-01-04T02:16:19.489+0000] {dag.py:3033} INFO - Sync 1 DAGs
[2024-01-04T02:16:19.509+0000] {logging_mixin.py:188} INFO - [2024-01-04T02:16:19.509+0000] {dag.py:3820} INFO - Setting next_dagrun for example_branch_operator to 2024-01-03T00:00:00+00:00, run_after=2024-01-04T00:00:00+00:00
[2024-01-04T02:16:19.524+0000] {processor.py:183} INFO - Processing /home/airflow/.local/lib/python3.8/site-packages/airflow/example_dags/example_branch_operator.py took 0.076 seconds
[2024-01-04T02:16:49.916+0000] {processor.py:161} INFO - Started process (PID=290) to work on /home/airflow/.local/lib/python3.8/site-packages/airflow/example_dags/example_branch_operator.py
[2024-01-04T02:16:49.918+0000] {processor.py:830} INFO - Processing file /home/airflow/.local/lib/python3.8/site-packages/airflow/example_dags/example_branch_operator.py for tasks to queue
[2024-01-04T02:16:49.920+0000] {logging_mixin.py:188} INFO - [2024-01-04T02:16:49.920+0000] {dagbag.py:538} INFO - Filling up the DagBag from /home/airflow/.local/lib/python3.8/site-packages/airflow/example_dags/example_branch_operator.py
[2024-01-04T02:16:49.932+0000] {processor.py:840} INFO - DAG(s) 'example_branch_operator' retrieved from /home/airflow/.local/lib/python3.8/site-packages/airflow/example_dags/example_branch_operator.py
[2024-01-04T02:16:49.954+0000] {logging_mixin.py:188} INFO - [2024-01-04T02:16:49.954+0000] {dag.py:3033} INFO - Sync 1 DAGs
[2024-01-04T02:16:49.972+0000] {logging_mixin.py:188} INFO - [2024-01-04T02:16:49.972+0000] {dag.py:3820} INFO - Setting next_dagrun for example_branch_operator to 2024-01-03T00:00:00+00:00, run_after=2024-01-04T00:00:00+00:00
[2024-01-04T02:16:49.987+0000] {processor.py:183} INFO - Processing /home/airflow/.local/lib/python3.8/site-packages/airflow/example_dags/example_branch_operator.py took 0.074 seconds
[2024-01-04T02:17:20.115+0000] {processor.py:161} INFO - Started process (PID=345) to work on /home/airflow/.local/lib/python3.8/site-packages/airflow/example_dags/example_branch_operator.py
[2024-01-04T02:17:20.116+0000] {processor.py:830} INFO - Processing file /home/airflow/.local/lib/python3.8/site-packages/airflow/example_dags/example_branch_operator.py for tasks to queue
[2024-01-04T02:17:20.118+0000] {logging_mixin.py:188} INFO - [2024-01-04T02:17:20.118+0000] {dagbag.py:538} INFO - Filling up the DagBag from /home/airflow/.local/lib/python3.8/site-packages/airflow/example_dags/example_branch_operator.py
[2024-01-04T02:17:20.130+0000] {processor.py:840} INFO - DAG(s) 'example_branch_operator' retrieved from /home/airflow/.local/lib/python3.8/site-packages/airflow/example_dags/example_branch_operator.py
[2024-01-04T02:17:20.153+0000] {logging_mixin.py:188} INFO - [2024-01-04T02:17:20.152+0000] {dag.py:3033} INFO - Sync 1 DAGs
[2024-01-04T02:17:20.170+0000] {logging_mixin.py:188} INFO - [2024-01-04T02:17:20.170+0000] {dag.py:3820} INFO - Setting next_dagrun for example_branch_operator to 2024-01-03T00:00:00+00:00, run_after=2024-01-04T00:00:00+00:00
[2024-01-04T02:17:20.184+0000] {processor.py:183} INFO - Processing /home/airflow/.local/lib/python3.8/site-packages/airflow/example_dags/example_branch_operator.py took 0.071 seconds
[2024-01-04T02:17:51.095+0000] {processor.py:161} INFO - Started process (PID=400) to work on /home/airflow/.local/lib/python3.8/site-packages/airflow/example_dags/example_branch_operator.py
[2024-01-04T02:17:51.096+0000] {processor.py:830} INFO - Processing file /home/airflow/.local/lib/python3.8/site-packages/airflow/example_dags/example_branch_operator.py for tasks to queue
[2024-01-04T02:17:51.097+0000] {logging_mixin.py:188} INFO - [2024-01-04T02:17:51.097+0000] {dagbag.py:538} INFO - Filling up the DagBag from /home/airflow/.local/lib/python3.8/site-packages/airflow/example_dags/example_branch_operator.py
[2024-01-04T02:17:51.108+0000] {processor.py:840} INFO - DAG(s) 'example_branch_operator' retrieved from /home/airflow/.local/lib/python3.8/site-packages/airflow/example_dags/example_branch_operator.py
[2024-01-04T02:17:51.129+0000] {logging_mixin.py:188} INFO - [2024-01-04T02:17:51.129+0000] {dag.py:3033} INFO - Sync 1 DAGs
[2024-01-04T02:17:51.147+0000] {logging_mixin.py:188} INFO - [2024-01-04T02:17:51.147+0000] {dag.py:3820} INFO - Setting next_dagrun for example_branch_operator to 2024-01-03T00:00:00+00:00, run_after=2024-01-04T00:00:00+00:00
[2024-01-04T02:17:51.165+0000] {processor.py:183} INFO - Processing /home/airflow/.local/lib/python3.8/site-packages/airflow/example_dags/example_branch_operator.py took 0.072 seconds
[2024-01-04T02:18:21.430+0000] {processor.py:161} INFO - Started process (PID=455) to work on /home/airflow/.local/lib/python3.8/site-packages/airflow/example_dags/example_branch_operator.py
[2024-01-04T02:18:21.431+0000] {processor.py:830} INFO - Processing file /home/airflow/.local/lib/python3.8/site-packages/airflow/example_dags/example_branch_operator.py for tasks to queue
[2024-01-04T02:18:21.433+0000] {logging_mixin.py:188} INFO - [2024-01-04T02:18:21.433+0000] {dagbag.py:538} INFO - Filling up the DagBag from /home/airflow/.local/lib/python3.8/site-packages/airflow/example_dags/example_branch_operator.py
[2024-01-04T02:18:21.445+0000] {processor.py:840} INFO - DAG(s) 'example_branch_operator' retrieved from /home/airflow/.local/lib/python3.8/site-packages/airflow/example_dags/example_branch_operator.py
[2024-01-04T02:18:21.467+0000] {logging_mixin.py:188} INFO - [2024-01-04T02:18:21.467+0000] {dag.py:3033} INFO - Sync 1 DAGs
[2024-01-04T02:18:21.484+0000] {logging_mixin.py:188} INFO - [2024-01-04T02:18:21.484+0000] {dag.py:3820} INFO - Setting next_dagrun for example_branch_operator to 2024-01-03T00:00:00+00:00, run_after=2024-01-04T00:00:00+00:00
[2024-01-04T02:18:21.500+0000] {processor.py:183} INFO - Processing /home/airflow/.local/lib/python3.8/site-packages/airflow/example_dags/example_branch_operator.py took 0.072 seconds
[2024-01-04T02:18:51.572+0000] {processor.py:161} INFO - Started process (PID=510) to work on /home/airflow/.local/lib/python3.8/site-packages/airflow/example_dags/example_branch_operator.py
[2024-01-04T02:18:51.573+0000] {processor.py:830} INFO - Processing file /home/airflow/.local/lib/python3.8/site-packages/airflow/example_dags/example_branch_operator.py for tasks to queue
[2024-01-04T02:18:51.575+0000] {logging_mixin.py:188} INFO - [2024-01-04T02:18:51.574+0000] {dagbag.py:538} INFO - Filling up the DagBag from /home/airflow/.local/lib/python3.8/site-packages/airflow/example_dags/example_branch_operator.py
[2024-01-04T02:18:51.586+0000] {processor.py:840} INFO - DAG(s) 'example_branch_operator' retrieved from /home/airflow/.local/lib/python3.8/site-packages/airflow/example_dags/example_branch_operator.py
[2024-01-04T02:18:51.608+0000] {logging_mixin.py:188} INFO - [2024-01-04T02:18:51.608+0000] {dag.py:3033} INFO - Sync 1 DAGs
[2024-01-04T02:18:51.629+0000] {logging_mixin.py:188} INFO - [2024-01-04T02:18:51.629+0000] {dag.py:3820} INFO - Setting next_dagrun for example_branch_operator to 2024-01-03T00:00:00+00:00, run_after=2024-01-04T00:00:00+00:00
[2024-01-04T02:18:51.643+0000] {processor.py:183} INFO - Processing /home/airflow/.local/lib/python3.8/site-packages/airflow/example_dags/example_branch_operator.py took 0.074 seconds
[2024-01-04T02:19:21.807+0000] {processor.py:161} INFO - Started process (PID=565) to work on /home/airflow/.local/lib/python3.8/site-packages/airflow/example_dags/example_branch_operator.py
[2024-01-04T02:19:21.809+0000] {processor.py:830} INFO - Processing file /home/airflow/.local/lib/python3.8/site-packages/airflow/example_dags/example_branch_operator.py for tasks to queue
[2024-01-04T02:19:21.810+0000] {logging_mixin.py:188} INFO - [2024-01-04T02:19:21.810+0000] {dagbag.py:538} INFO - Filling up the DagBag from /home/airflow/.local/lib/python3.8/site-packages/airflow/example_dags/example_branch_operator.py
[2024-01-04T02:19:21.822+0000] {processor.py:840} INFO - DAG(s) 'example_branch_operator' retrieved from /home/airflow/.local/lib/python3.8/site-packages/airflow/example_dags/example_branch_operator.py
[2024-01-04T02:19:21.845+0000] {logging_mixin.py:188} INFO - [2024-01-04T02:19:21.845+0000] {dag.py:3033} INFO - Sync 1 DAGs
[2024-01-04T02:19:21.861+0000] {logging_mixin.py:188} INFO - [2024-01-04T02:19:21.861+0000] {dag.py:3820} INFO - Setting next_dagrun for example_branch_operator to 2024-01-03T00:00:00+00:00, run_after=2024-01-04T00:00:00+00:00
[2024-01-04T02:19:21.880+0000] {processor.py:183} INFO - Processing /home/airflow/.local/lib/python3.8/site-packages/airflow/example_dags/example_branch_operator.py took 0.075 seconds
[2024-01-04T02:19:52.018+0000] {processor.py:161} INFO - Started process (PID=620) to work on /home/airflow/.local/lib/python3.8/site-packages/airflow/example_dags/example_branch_operator.py
[2024-01-04T02:19:52.019+0000] {processor.py:830} INFO - Processing file /home/airflow/.local/lib/python3.8/site-packages/airflow/example_dags/example_branch_operator.py for tasks to queue
[2024-01-04T02:19:52.021+0000] {logging_mixin.py:188} INFO - [2024-01-04T02:19:52.021+0000] {dagbag.py:538} INFO - Filling up the DagBag from /home/airflow/.local/lib/python3.8/site-packages/airflow/example_dags/example_branch_operator.py
[2024-01-04T02:19:52.033+0000] {processor.py:840} INFO - DAG(s) 'example_branch_operator' retrieved from /home/airflow/.local/lib/python3.8/site-packages/airflow/example_dags/example_branch_operator.py
[2024-01-04T02:19:52.056+0000] {logging_mixin.py:188} INFO - [2024-01-04T02:19:52.056+0000] {dag.py:3033} INFO - Sync 1 DAGs
[2024-01-04T02:19:52.073+0000] {logging_mixin.py:188} INFO - [2024-01-04T02:19:52.073+0000] {dag.py:3820} INFO - Setting next_dagrun for example_branch_operator to 2024-01-03T00:00:00+00:00, run_after=2024-01-04T00:00:00+00:00
[2024-01-04T02:19:52.087+0000] {processor.py:183} INFO - Processing /home/airflow/.local/lib/python3.8/site-packages/airflow/example_dags/example_branch_operator.py took 0.071 seconds
[2024-01-04T02:20:22.135+0000] {processor.py:161} INFO - Started process (PID=675) to work on /home/airflow/.local/lib/python3.8/site-packages/airflow/example_dags/example_branch_operator.py
[2024-01-04T02:20:22.136+0000] {processor.py:830} INFO - Processing file /home/airflow/.local/lib/python3.8/site-packages/airflow/example_dags/example_branch_operator.py for tasks to queue
[2024-01-04T02:20:22.137+0000] {logging_mixin.py:188} INFO - [2024-01-04T02:20:22.137+0000] {dagbag.py:538} INFO - Filling up the DagBag from /home/airflow/.local/lib/python3.8/site-packages/airflow/example_dags/example_branch_operator.py
[2024-01-04T02:20:22.151+0000] {processor.py:840} INFO - DAG(s) 'example_branch_operator' retrieved from /home/airflow/.local/lib/python3.8/site-packages/airflow/example_dags/example_branch_operator.py
[2024-01-04T02:20:22.174+0000] {logging_mixin.py:188} INFO - [2024-01-04T02:20:22.174+0000] {dag.py:3033} INFO - Sync 1 DAGs
[2024-01-04T02:20:22.193+0000] {logging_mixin.py:188} INFO - [2024-01-04T02:20:22.193+0000] {dag.py:3820} INFO - Setting next_dagrun for example_branch_operator to 2024-01-03T00:00:00+00:00, run_after=2024-01-04T00:00:00+00:00
[2024-01-04T02:20:22.212+0000] {processor.py:183} INFO - Processing /home/airflow/.local/lib/python3.8/site-packages/airflow/example_dags/example_branch_operator.py took 0.080 seconds
[2024-01-04T02:20:52.566+0000] {processor.py:161} INFO - Started process (PID=730) to work on /home/airflow/.local/lib/python3.8/site-packages/airflow/example_dags/example_branch_operator.py
[2024-01-04T02:20:52.567+0000] {processor.py:830} INFO - Processing file /home/airflow/.local/lib/python3.8/site-packages/airflow/example_dags/example_branch_operator.py for tasks to queue
[2024-01-04T02:20:52.568+0000] {logging_mixin.py:188} INFO - [2024-01-04T02:20:52.568+0000] {dagbag.py:538} INFO - Filling up the DagBag from /home/airflow/.local/lib/python3.8/site-packages/airflow/example_dags/example_branch_operator.py
[2024-01-04T02:20:52.582+0000] {processor.py:840} INFO - DAG(s) 'example_branch_operator' retrieved from /home/airflow/.local/lib/python3.8/site-packages/airflow/example_dags/example_branch_operator.py
[2024-01-04T02:20:52.606+0000] {logging_mixin.py:188} INFO - [2024-01-04T02:20:52.605+0000] {dag.py:3033} INFO - Sync 1 DAGs
[2024-01-04T02:20:52.624+0000] {logging_mixin.py:188} INFO - [2024-01-04T02:20:52.624+0000] {dag.py:3820} INFO - Setting next_dagrun for example_branch_operator to 2024-01-03T00:00:00+00:00, run_after=2024-01-04T00:00:00+00:00
[2024-01-04T02:20:52.640+0000] {processor.py:183} INFO - Processing /home/airflow/.local/lib/python3.8/site-packages/airflow/example_dags/example_branch_operator.py took 0.077 seconds
[2024-01-04T02:21:22.795+0000] {processor.py:161} INFO - Started process (PID=785) to work on /home/airflow/.local/lib/python3.8/site-packages/airflow/example_dags/example_branch_operator.py
[2024-01-04T02:21:22.796+0000] {processor.py:830} INFO - Processing file /home/airflow/.local/lib/python3.8/site-packages/airflow/example_dags/example_branch_operator.py for tasks to queue
[2024-01-04T02:21:22.799+0000] {logging_mixin.py:188} INFO - [2024-01-04T02:21:22.798+0000] {dagbag.py:538} INFO - Filling up the DagBag from /home/airflow/.local/lib/python3.8/site-packages/airflow/example_dags/example_branch_operator.py
[2024-01-04T02:21:22.811+0000] {processor.py:840} INFO - DAG(s) 'example_branch_operator' retrieved from /home/airflow/.local/lib/python3.8/site-packages/airflow/example_dags/example_branch_operator.py
[2024-01-04T02:21:22.833+0000] {logging_mixin.py:188} INFO - [2024-01-04T02:21:22.833+0000] {dag.py:3033} INFO - Sync 1 DAGs
[2024-01-04T02:21:22.850+0000] {logging_mixin.py:188} INFO - [2024-01-04T02:21:22.850+0000] {dag.py:3820} INFO - Setting next_dagrun for example_branch_operator to 2024-01-03T00:00:00+00:00, run_after=2024-01-04T00:00:00+00:00
[2024-01-04T02:21:22.866+0000] {processor.py:183} INFO - Processing /home/airflow/.local/lib/python3.8/site-packages/airflow/example_dags/example_branch_operator.py took 0.073 seconds
[2024-01-04T02:21:52.967+0000] {processor.py:161} INFO - Started process (PID=841) to work on /home/airflow/.local/lib/python3.8/site-packages/airflow/example_dags/example_branch_operator.py
[2024-01-04T02:21:52.968+0000] {processor.py:830} INFO - Processing file /home/airflow/.local/lib/python3.8/site-packages/airflow/example_dags/example_branch_operator.py for tasks to queue
[2024-01-04T02:21:52.969+0000] {logging_mixin.py:188} INFO - [2024-01-04T02:21:52.969+0000] {dagbag.py:538} INFO - Filling up the DagBag from /home/airflow/.local/lib/python3.8/site-packages/airflow/example_dags/example_branch_operator.py
[2024-01-04T02:21:52.982+0000] {processor.py:840} INFO - DAG(s) 'example_branch_operator' retrieved from /home/airflow/.local/lib/python3.8/site-packages/airflow/example_dags/example_branch_operator.py
[2024-01-04T02:21:53.004+0000] {logging_mixin.py:188} INFO - [2024-01-04T02:21:53.004+0000] {dag.py:3033} INFO - Sync 1 DAGs
[2024-01-04T02:21:53.029+0000] {logging_mixin.py:188} INFO - [2024-01-04T02:21:53.029+0000] {dag.py:3820} INFO - Setting next_dagrun for example_branch_operator to 2024-01-03T00:00:00+00:00, run_after=2024-01-04T00:00:00+00:00
[2024-01-04T02:21:53.047+0000] {processor.py:183} INFO - Processing /home/airflow/.local/lib/python3.8/site-packages/airflow/example_dags/example_branch_operator.py took 0.083 seconds
[2024-01-04T02:22:23.208+0000] {processor.py:161} INFO - Started process (PID=896) to work on /home/airflow/.local/lib/python3.8/site-packages/airflow/example_dags/example_branch_operator.py
[2024-01-04T02:22:23.209+0000] {processor.py:830} INFO - Processing file /home/airflow/.local/lib/python3.8/site-packages/airflow/example_dags/example_branch_operator.py for tasks to queue
[2024-01-04T02:22:23.211+0000] {logging_mixin.py:188} INFO - [2024-01-04T02:22:23.211+0000] {dagbag.py:538} INFO - Filling up the DagBag from /home/airflow/.local/lib/python3.8/site-packages/airflow/example_dags/example_branch_operator.py
[2024-01-04T02:22:23.224+0000] {processor.py:840} INFO - DAG(s) 'example_branch_operator' retrieved from /home/airflow/.local/lib/python3.8/site-packages/airflow/example_dags/example_branch_operator.py
[2024-01-04T02:22:23.248+0000] {logging_mixin.py:188} INFO - [2024-01-04T02:22:23.247+0000] {dag.py:3033} INFO - Sync 1 DAGs
[2024-01-04T02:22:23.266+0000] {logging_mixin.py:188} INFO - [2024-01-04T02:22:23.266+0000] {dag.py:3820} INFO - Setting next_dagrun for example_branch_operator to 2024-01-03T00:00:00+00:00, run_after=2024-01-04T00:00:00+00:00
[2024-01-04T02:22:23.284+0000] {processor.py:183} INFO - Processing /home/airflow/.local/lib/python3.8/site-packages/airflow/example_dags/example_branch_operator.py took 0.078 seconds
