[2024-01-04T02:14:45.944+0000] {processor.py:161} INFO - Started process (PID=52) to work on /home/airflow/.local/lib/python3.8/site-packages/airflow/example_dags/example_dag_decorator.py
[2024-01-04T02:14:45.945+0000] {processor.py:830} INFO - Processing file /home/airflow/.local/lib/python3.8/site-packages/airflow/example_dags/example_dag_decorator.py for tasks to queue
[2024-01-04T02:14:45.948+0000] {logging_mixin.py:188} INFO - [2024-01-04T02:14:45.947+0000] {dagbag.py:538} INFO - Filling up the DagBag from /home/airflow/.local/lib/python3.8/site-packages/airflow/example_dags/example_dag_decorator.py
[2024-01-04T02:14:46.120+0000] {processor.py:840} INFO - DAG(s) 'example_dag_decorator' retrieved from /home/airflow/.local/lib/python3.8/site-packages/airflow/example_dags/example_dag_decorator.py
[2024-01-04T02:14:46.201+0000] {logging_mixin.py:188} INFO - [2024-01-04T02:14:46.201+0000] {override.py:1769} INFO - Created Permission View: can edit on DAG:example_dag_decorator
[2024-01-04T02:14:46.209+0000] {logging_mixin.py:188} INFO - [2024-01-04T02:14:46.209+0000] {override.py:1769} INFO - Created Permission View: can read on DAG:example_dag_decorator
[2024-01-04T02:14:46.215+0000] {logging_mixin.py:188} INFO - [2024-01-04T02:14:46.215+0000] {override.py:1769} INFO - Created Permission View: can delete on DAG:example_dag_decorator
[2024-01-04T02:14:46.215+0000] {logging_mixin.py:188} INFO - [2024-01-04T02:14:46.215+0000] {dag.py:3033} INFO - Sync 1 DAGs
[2024-01-04T02:14:46.224+0000] {logging_mixin.py:188} INFO - [2024-01-04T02:14:46.224+0000] {dag.py:3055} INFO - Creating ORM DAG for example_dag_decorator
[2024-01-04T02:14:46.225+0000] {logging_mixin.py:188} INFO - [2024-01-04T02:14:46.225+0000] {dag.py:3820} INFO - Setting next_dagrun for example_dag_decorator to None, run_after=None
[2024-01-04T02:14:46.239+0000] {processor.py:183} INFO - Processing /home/airflow/.local/lib/python3.8/site-packages/airflow/example_dags/example_dag_decorator.py took 0.298 seconds
[2024-01-04T02:15:16.739+0000] {processor.py:161} INFO - Started process (PID=107) to work on /home/airflow/.local/lib/python3.8/site-packages/airflow/example_dags/example_dag_decorator.py
[2024-01-04T02:15:16.740+0000] {processor.py:830} INFO - Processing file /home/airflow/.local/lib/python3.8/site-packages/airflow/example_dags/example_dag_decorator.py for tasks to queue
[2024-01-04T02:15:16.742+0000] {logging_mixin.py:188} INFO - [2024-01-04T02:15:16.742+0000] {dagbag.py:538} INFO - Filling up the DagBag from /home/airflow/.local/lib/python3.8/site-packages/airflow/example_dags/example_dag_decorator.py
[2024-01-04T02:15:16.835+0000] {processor.py:840} INFO - DAG(s) 'example_dag_decorator' retrieved from /home/airflow/.local/lib/python3.8/site-packages/airflow/example_dags/example_dag_decorator.py
[2024-01-04T02:15:16.930+0000] {logging_mixin.py:188} INFO - [2024-01-04T02:15:16.930+0000] {dag.py:3033} INFO - Sync 1 DAGs
[2024-01-04T02:15:16.942+0000] {logging_mixin.py:188} INFO - [2024-01-04T02:15:16.942+0000] {dag.py:3820} INFO - Setting next_dagrun for example_dag_decorator to None, run_after=None
[2024-01-04T02:15:16.960+0000] {processor.py:183} INFO - Processing /home/airflow/.local/lib/python3.8/site-packages/airflow/example_dags/example_dag_decorator.py took 0.226 seconds
[2024-01-04T02:15:47.381+0000] {processor.py:161} INFO - Started process (PID=162) to work on /home/airflow/.local/lib/python3.8/site-packages/airflow/example_dags/example_dag_decorator.py
[2024-01-04T02:15:47.382+0000] {processor.py:830} INFO - Processing file /home/airflow/.local/lib/python3.8/site-packages/airflow/example_dags/example_dag_decorator.py for tasks to queue
[2024-01-04T02:15:47.384+0000] {logging_mixin.py:188} INFO - [2024-01-04T02:15:47.383+0000] {dagbag.py:538} INFO - Filling up the DagBag from /home/airflow/.local/lib/python3.8/site-packages/airflow/example_dags/example_dag_decorator.py
[2024-01-04T02:15:47.469+0000] {processor.py:840} INFO - DAG(s) 'example_dag_decorator' retrieved from /home/airflow/.local/lib/python3.8/site-packages/airflow/example_dags/example_dag_decorator.py
[2024-01-04T02:15:47.556+0000] {logging_mixin.py:188} INFO - [2024-01-04T02:15:47.556+0000] {dag.py:3033} INFO - Sync 1 DAGs
[2024-01-04T02:15:47.567+0000] {logging_mixin.py:188} INFO - [2024-01-04T02:15:47.566+0000] {dag.py:3820} INFO - Setting next_dagrun for example_dag_decorator to None, run_after=None
[2024-01-04T02:15:47.582+0000] {processor.py:183} INFO - Processing /home/airflow/.local/lib/python3.8/site-packages/airflow/example_dags/example_dag_decorator.py took 0.204 seconds
[2024-01-04T02:16:17.617+0000] {processor.py:161} INFO - Started process (PID=217) to work on /home/airflow/.local/lib/python3.8/site-packages/airflow/example_dags/example_dag_decorator.py
[2024-01-04T02:16:17.618+0000] {processor.py:830} INFO - Processing file /home/airflow/.local/lib/python3.8/site-packages/airflow/example_dags/example_dag_decorator.py for tasks to queue
[2024-01-04T02:16:17.620+0000] {logging_mixin.py:188} INFO - [2024-01-04T02:16:17.619+0000] {dagbag.py:538} INFO - Filling up the DagBag from /home/airflow/.local/lib/python3.8/site-packages/airflow/example_dags/example_dag_decorator.py
[2024-01-04T02:16:17.704+0000] {processor.py:840} INFO - DAG(s) 'example_dag_decorator' retrieved from /home/airflow/.local/lib/python3.8/site-packages/airflow/example_dags/example_dag_decorator.py
[2024-01-04T02:16:17.787+0000] {logging_mixin.py:188} INFO - [2024-01-04T02:16:17.787+0000] {dag.py:3033} INFO - Sync 1 DAGs
[2024-01-04T02:16:17.795+0000] {logging_mixin.py:188} INFO - [2024-01-04T02:16:17.795+0000] {dag.py:3820} INFO - Setting next_dagrun for example_dag_decorator to None, run_after=None
[2024-01-04T02:16:17.812+0000] {processor.py:183} INFO - Processing /home/airflow/.local/lib/python3.8/site-packages/airflow/example_dags/example_dag_decorator.py took 0.199 seconds
[2024-01-04T02:16:47.895+0000] {processor.py:161} INFO - Started process (PID=273) to work on /home/airflow/.local/lib/python3.8/site-packages/airflow/example_dags/example_dag_decorator.py
[2024-01-04T02:16:47.897+0000] {processor.py:830} INFO - Processing file /home/airflow/.local/lib/python3.8/site-packages/airflow/example_dags/example_dag_decorator.py for tasks to queue
[2024-01-04T02:16:47.898+0000] {logging_mixin.py:188} INFO - [2024-01-04T02:16:47.898+0000] {dagbag.py:538} INFO - Filling up the DagBag from /home/airflow/.local/lib/python3.8/site-packages/airflow/example_dags/example_dag_decorator.py
[2024-01-04T02:16:47.964+0000] {processor.py:840} INFO - DAG(s) 'example_dag_decorator' retrieved from /home/airflow/.local/lib/python3.8/site-packages/airflow/example_dags/example_dag_decorator.py
[2024-01-04T02:16:48.028+0000] {logging_mixin.py:188} INFO - [2024-01-04T02:16:48.028+0000] {dag.py:3033} INFO - Sync 1 DAGs
[2024-01-04T02:16:48.035+0000] {logging_mixin.py:188} INFO - [2024-01-04T02:16:48.035+0000] {dag.py:3820} INFO - Setting next_dagrun for example_dag_decorator to None, run_after=None
[2024-01-04T02:16:48.136+0000] {processor.py:183} INFO - Processing /home/airflow/.local/lib/python3.8/site-packages/airflow/example_dags/example_dag_decorator.py took 0.243 seconds
[2024-01-04T02:17:18.293+0000] {processor.py:161} INFO - Started process (PID=328) to work on /home/airflow/.local/lib/python3.8/site-packages/airflow/example_dags/example_dag_decorator.py
[2024-01-04T02:17:18.294+0000] {processor.py:830} INFO - Processing file /home/airflow/.local/lib/python3.8/site-packages/airflow/example_dags/example_dag_decorator.py for tasks to queue
[2024-01-04T02:17:18.295+0000] {logging_mixin.py:188} INFO - [2024-01-04T02:17:18.295+0000] {dagbag.py:538} INFO - Filling up the DagBag from /home/airflow/.local/lib/python3.8/site-packages/airflow/example_dags/example_dag_decorator.py
[2024-01-04T02:17:18.359+0000] {processor.py:840} INFO - DAG(s) 'example_dag_decorator' retrieved from /home/airflow/.local/lib/python3.8/site-packages/airflow/example_dags/example_dag_decorator.py
[2024-01-04T02:17:18.424+0000] {logging_mixin.py:188} INFO - [2024-01-04T02:17:18.424+0000] {dag.py:3033} INFO - Sync 1 DAGs
[2024-01-04T02:17:18.432+0000] {logging_mixin.py:188} INFO - [2024-01-04T02:17:18.432+0000] {dag.py:3820} INFO - Setting next_dagrun for example_dag_decorator to None, run_after=None
[2024-01-04T02:17:18.447+0000] {processor.py:183} INFO - Processing /home/airflow/.local/lib/python3.8/site-packages/airflow/example_dags/example_dag_decorator.py took 0.156 seconds
[2024-01-04T02:17:49.405+0000] {processor.py:161} INFO - Started process (PID=383) to work on /home/airflow/.local/lib/python3.8/site-packages/airflow/example_dags/example_dag_decorator.py
[2024-01-04T02:17:49.406+0000] {processor.py:830} INFO - Processing file /home/airflow/.local/lib/python3.8/site-packages/airflow/example_dags/example_dag_decorator.py for tasks to queue
[2024-01-04T02:17:49.408+0000] {logging_mixin.py:188} INFO - [2024-01-04T02:17:49.408+0000] {dagbag.py:538} INFO - Filling up the DagBag from /home/airflow/.local/lib/python3.8/site-packages/airflow/example_dags/example_dag_decorator.py
[2024-01-04T02:17:49.480+0000] {processor.py:840} INFO - DAG(s) 'example_dag_decorator' retrieved from /home/airflow/.local/lib/python3.8/site-packages/airflow/example_dags/example_dag_decorator.py
[2024-01-04T02:17:49.558+0000] {logging_mixin.py:188} INFO - [2024-01-04T02:17:49.558+0000] {dag.py:3033} INFO - Sync 1 DAGs
[2024-01-04T02:17:49.567+0000] {logging_mixin.py:188} INFO - [2024-01-04T02:17:49.567+0000] {dag.py:3820} INFO - Setting next_dagrun for example_dag_decorator to None, run_after=None
[2024-01-04T02:17:49.586+0000] {processor.py:183} INFO - Processing /home/airflow/.local/lib/python3.8/site-packages/airflow/example_dags/example_dag_decorator.py took 0.183 seconds
[2024-01-04T02:18:19.757+0000] {processor.py:161} INFO - Started process (PID=438) to work on /home/airflow/.local/lib/python3.8/site-packages/airflow/example_dags/example_dag_decorator.py
[2024-01-04T02:18:19.758+0000] {processor.py:830} INFO - Processing file /home/airflow/.local/lib/python3.8/site-packages/airflow/example_dags/example_dag_decorator.py for tasks to queue
[2024-01-04T02:18:19.760+0000] {logging_mixin.py:188} INFO - [2024-01-04T02:18:19.760+0000] {dagbag.py:538} INFO - Filling up the DagBag from /home/airflow/.local/lib/python3.8/site-packages/airflow/example_dags/example_dag_decorator.py
[2024-01-04T02:18:19.832+0000] {processor.py:840} INFO - DAG(s) 'example_dag_decorator' retrieved from /home/airflow/.local/lib/python3.8/site-packages/airflow/example_dags/example_dag_decorator.py
[2024-01-04T02:18:19.909+0000] {logging_mixin.py:188} INFO - [2024-01-04T02:18:19.909+0000] {dag.py:3033} INFO - Sync 1 DAGs
[2024-01-04T02:18:19.917+0000] {logging_mixin.py:188} INFO - [2024-01-04T02:18:19.917+0000] {dag.py:3820} INFO - Setting next_dagrun for example_dag_decorator to None, run_after=None
[2024-01-04T02:18:19.933+0000] {processor.py:183} INFO - Processing /home/airflow/.local/lib/python3.8/site-packages/airflow/example_dags/example_dag_decorator.py took 0.178 seconds
[2024-01-04T02:18:49.983+0000] {processor.py:161} INFO - Started process (PID=495) to work on /home/airflow/.local/lib/python3.8/site-packages/airflow/example_dags/example_dag_decorator.py
[2024-01-04T02:18:49.984+0000] {processor.py:830} INFO - Processing file /home/airflow/.local/lib/python3.8/site-packages/airflow/example_dags/example_dag_decorator.py for tasks to queue
[2024-01-04T02:18:49.986+0000] {logging_mixin.py:188} INFO - [2024-01-04T02:18:49.986+0000] {dagbag.py:538} INFO - Filling up the DagBag from /home/airflow/.local/lib/python3.8/site-packages/airflow/example_dags/example_dag_decorator.py
[2024-01-04T02:18:50.058+0000] {processor.py:840} INFO - DAG(s) 'example_dag_decorator' retrieved from /home/airflow/.local/lib/python3.8/site-packages/airflow/example_dags/example_dag_decorator.py
[2024-01-04T02:18:50.128+0000] {logging_mixin.py:188} INFO - [2024-01-04T02:18:50.128+0000] {dag.py:3033} INFO - Sync 1 DAGs
[2024-01-04T02:18:50.137+0000] {logging_mixin.py:188} INFO - [2024-01-04T02:18:50.136+0000] {dag.py:3820} INFO - Setting next_dagrun for example_dag_decorator to None, run_after=None
[2024-01-04T02:18:50.151+0000] {processor.py:183} INFO - Processing /home/airflow/.local/lib/python3.8/site-packages/airflow/example_dags/example_dag_decorator.py took 0.170 seconds
[2024-01-04T02:19:20.186+0000] {processor.py:161} INFO - Started process (PID=551) to work on /home/airflow/.local/lib/python3.8/site-packages/airflow/example_dags/example_dag_decorator.py
[2024-01-04T02:19:20.187+0000] {processor.py:830} INFO - Processing file /home/airflow/.local/lib/python3.8/site-packages/airflow/example_dags/example_dag_decorator.py for tasks to queue
[2024-01-04T02:19:20.189+0000] {logging_mixin.py:188} INFO - [2024-01-04T02:19:20.189+0000] {dagbag.py:538} INFO - Filling up the DagBag from /home/airflow/.local/lib/python3.8/site-packages/airflow/example_dags/example_dag_decorator.py
[2024-01-04T02:19:20.255+0000] {processor.py:840} INFO - DAG(s) 'example_dag_decorator' retrieved from /home/airflow/.local/lib/python3.8/site-packages/airflow/example_dags/example_dag_decorator.py
[2024-01-04T02:19:20.421+0000] {logging_mixin.py:188} INFO - [2024-01-04T02:19:20.421+0000] {dag.py:3033} INFO - Sync 1 DAGs
[2024-01-04T02:19:20.429+0000] {logging_mixin.py:188} INFO - [2024-01-04T02:19:20.429+0000] {dag.py:3820} INFO - Setting next_dagrun for example_dag_decorator to None, run_after=None
[2024-01-04T02:19:20.443+0000] {processor.py:183} INFO - Processing /home/airflow/.local/lib/python3.8/site-packages/airflow/example_dags/example_dag_decorator.py took 0.260 seconds
[2024-01-04T02:19:50.494+0000] {processor.py:161} INFO - Started process (PID=609) to work on /home/airflow/.local/lib/python3.8/site-packages/airflow/example_dags/example_dag_decorator.py
[2024-01-04T02:19:50.495+0000] {processor.py:830} INFO - Processing file /home/airflow/.local/lib/python3.8/site-packages/airflow/example_dags/example_dag_decorator.py for tasks to queue
[2024-01-04T02:19:50.498+0000] {logging_mixin.py:188} INFO - [2024-01-04T02:19:50.497+0000] {dagbag.py:538} INFO - Filling up the DagBag from /home/airflow/.local/lib/python3.8/site-packages/airflow/example_dags/example_dag_decorator.py
[2024-01-04T02:19:50.567+0000] {processor.py:840} INFO - DAG(s) 'example_dag_decorator' retrieved from /home/airflow/.local/lib/python3.8/site-packages/airflow/example_dags/example_dag_decorator.py
[2024-01-04T02:19:50.742+0000] {logging_mixin.py:188} INFO - [2024-01-04T02:19:50.742+0000] {dag.py:3033} INFO - Sync 1 DAGs
[2024-01-04T02:19:50.749+0000] {logging_mixin.py:188} INFO - [2024-01-04T02:19:50.749+0000] {dag.py:3820} INFO - Setting next_dagrun for example_dag_decorator to None, run_after=None
[2024-01-04T02:19:50.761+0000] {processor.py:183} INFO - Processing /home/airflow/.local/lib/python3.8/site-packages/airflow/example_dags/example_dag_decorator.py took 0.270 seconds
[2024-01-04T02:20:21.601+0000] {processor.py:161} INFO - Started process (PID=665) to work on /home/airflow/.local/lib/python3.8/site-packages/airflow/example_dags/example_dag_decorator.py
[2024-01-04T02:20:21.602+0000] {processor.py:830} INFO - Processing file /home/airflow/.local/lib/python3.8/site-packages/airflow/example_dags/example_dag_decorator.py for tasks to queue
[2024-01-04T02:20:21.604+0000] {logging_mixin.py:188} INFO - [2024-01-04T02:20:21.604+0000] {dagbag.py:538} INFO - Filling up the DagBag from /home/airflow/.local/lib/python3.8/site-packages/airflow/example_dags/example_dag_decorator.py
[2024-01-04T02:20:21.674+0000] {processor.py:840} INFO - DAG(s) 'example_dag_decorator' retrieved from /home/airflow/.local/lib/python3.8/site-packages/airflow/example_dags/example_dag_decorator.py
[2024-01-04T02:20:21.747+0000] {logging_mixin.py:188} INFO - [2024-01-04T02:20:21.747+0000] {dag.py:3033} INFO - Sync 1 DAGs
[2024-01-04T02:20:21.849+0000] {logging_mixin.py:188} INFO - [2024-01-04T02:20:21.849+0000] {dag.py:3820} INFO - Setting next_dagrun for example_dag_decorator to None, run_after=None
[2024-01-04T02:20:21.864+0000] {processor.py:183} INFO - Processing /home/airflow/.local/lib/python3.8/site-packages/airflow/example_dags/example_dag_decorator.py took 0.265 seconds
[2024-01-04T02:20:52.026+0000] {processor.py:161} INFO - Started process (PID=720) to work on /home/airflow/.local/lib/python3.8/site-packages/airflow/example_dags/example_dag_decorator.py
[2024-01-04T02:20:52.027+0000] {processor.py:830} INFO - Processing file /home/airflow/.local/lib/python3.8/site-packages/airflow/example_dags/example_dag_decorator.py for tasks to queue
[2024-01-04T02:20:52.028+0000] {logging_mixin.py:188} INFO - [2024-01-04T02:20:52.028+0000] {dagbag.py:538} INFO - Filling up the DagBag from /home/airflow/.local/lib/python3.8/site-packages/airflow/example_dags/example_dag_decorator.py
[2024-01-04T02:20:52.104+0000] {processor.py:840} INFO - DAG(s) 'example_dag_decorator' retrieved from /home/airflow/.local/lib/python3.8/site-packages/airflow/example_dags/example_dag_decorator.py
[2024-01-04T02:20:52.185+0000] {logging_mixin.py:188} INFO - [2024-01-04T02:20:52.185+0000] {dag.py:3033} INFO - Sync 1 DAGs
[2024-01-04T02:20:52.194+0000] {logging_mixin.py:188} INFO - [2024-01-04T02:20:52.194+0000] {dag.py:3820} INFO - Setting next_dagrun for example_dag_decorator to None, run_after=None
[2024-01-04T02:20:52.315+0000] {processor.py:183} INFO - Processing /home/airflow/.local/lib/python3.8/site-packages/airflow/example_dags/example_dag_decorator.py took 0.292 seconds
[2024-01-04T02:21:22.386+0000] {processor.py:161} INFO - Started process (PID=777) to work on /home/airflow/.local/lib/python3.8/site-packages/airflow/example_dags/example_dag_decorator.py
[2024-01-04T02:21:22.387+0000] {processor.py:830} INFO - Processing file /home/airflow/.local/lib/python3.8/site-packages/airflow/example_dags/example_dag_decorator.py for tasks to queue
[2024-01-04T02:21:22.389+0000] {logging_mixin.py:188} INFO - [2024-01-04T02:21:22.389+0000] {dagbag.py:538} INFO - Filling up the DagBag from /home/airflow/.local/lib/python3.8/site-packages/airflow/example_dags/example_dag_decorator.py
[2024-01-04T02:21:22.460+0000] {processor.py:840} INFO - DAG(s) 'example_dag_decorator' retrieved from /home/airflow/.local/lib/python3.8/site-packages/airflow/example_dags/example_dag_decorator.py
[2024-01-04T02:21:22.530+0000] {logging_mixin.py:188} INFO - [2024-01-04T02:21:22.530+0000] {dag.py:3033} INFO - Sync 1 DAGs
[2024-01-04T02:21:22.540+0000] {logging_mixin.py:188} INFO - [2024-01-04T02:21:22.539+0000] {dag.py:3820} INFO - Setting next_dagrun for example_dag_decorator to None, run_after=None
[2024-01-04T02:21:22.653+0000] {processor.py:183} INFO - Processing /home/airflow/.local/lib/python3.8/site-packages/airflow/example_dags/example_dag_decorator.py took 0.270 seconds
[2024-01-04T02:21:52.676+0000] {processor.py:161} INFO - Started process (PID=835) to work on /home/airflow/.local/lib/python3.8/site-packages/airflow/example_dags/example_dag_decorator.py
[2024-01-04T02:21:52.677+0000] {processor.py:830} INFO - Processing file /home/airflow/.local/lib/python3.8/site-packages/airflow/example_dags/example_dag_decorator.py for tasks to queue
[2024-01-04T02:21:52.679+0000] {logging_mixin.py:188} INFO - [2024-01-04T02:21:52.679+0000] {dagbag.py:538} INFO - Filling up the DagBag from /home/airflow/.local/lib/python3.8/site-packages/airflow/example_dags/example_dag_decorator.py
[2024-01-04T02:21:52.755+0000] {processor.py:840} INFO - DAG(s) 'example_dag_decorator' retrieved from /home/airflow/.local/lib/python3.8/site-packages/airflow/example_dags/example_dag_decorator.py
[2024-01-04T02:21:52.831+0000] {logging_mixin.py:188} INFO - [2024-01-04T02:21:52.831+0000] {dag.py:3033} INFO - Sync 1 DAGs
[2024-01-04T02:21:52.840+0000] {logging_mixin.py:188} INFO - [2024-01-04T02:21:52.840+0000] {dag.py:3820} INFO - Setting next_dagrun for example_dag_decorator to None, run_after=None
[2024-01-04T02:21:52.858+0000] {processor.py:183} INFO - Processing /home/airflow/.local/lib/python3.8/site-packages/airflow/example_dags/example_dag_decorator.py took 0.184 seconds
[2024-01-04T02:22:22.911+0000] {processor.py:161} INFO - Started process (PID=891) to work on /home/airflow/.local/lib/python3.8/site-packages/airflow/example_dags/example_dag_decorator.py
[2024-01-04T02:22:22.912+0000] {processor.py:830} INFO - Processing file /home/airflow/.local/lib/python3.8/site-packages/airflow/example_dags/example_dag_decorator.py for tasks to queue
[2024-01-04T02:22:22.914+0000] {logging_mixin.py:188} INFO - [2024-01-04T02:22:22.914+0000] {dagbag.py:538} INFO - Filling up the DagBag from /home/airflow/.local/lib/python3.8/site-packages/airflow/example_dags/example_dag_decorator.py
[2024-01-04T02:22:22.985+0000] {processor.py:840} INFO - DAG(s) 'example_dag_decorator' retrieved from /home/airflow/.local/lib/python3.8/site-packages/airflow/example_dags/example_dag_decorator.py
[2024-01-04T02:22:23.154+0000] {logging_mixin.py:188} INFO - [2024-01-04T02:22:23.154+0000] {dag.py:3033} INFO - Sync 1 DAGs
[2024-01-04T02:22:23.164+0000] {logging_mixin.py:188} INFO - [2024-01-04T02:22:23.164+0000] {dag.py:3820} INFO - Setting next_dagrun for example_dag_decorator to None, run_after=None
[2024-01-04T02:22:23.181+0000] {processor.py:183} INFO - Processing /home/airflow/.local/lib/python3.8/site-packages/airflow/example_dags/example_dag_decorator.py took 0.272 seconds
