[2024-01-04T02:14:44.520+0000] {processor.py:161} INFO - Started process (PID=42) to work on /home/airflow/.local/lib/python3.8/site-packages/airflow/example_dags/example_xcom.py
[2024-01-04T02:14:44.521+0000] {processor.py:830} INFO - Processing file /home/airflow/.local/lib/python3.8/site-packages/airflow/example_dags/example_xcom.py for tasks to queue
[2024-01-04T02:14:44.524+0000] {logging_mixin.py:188} INFO - [2024-01-04T02:14:44.524+0000] {dagbag.py:538} INFO - Filling up the DagBag from /home/airflow/.local/lib/python3.8/site-packages/airflow/example_dags/example_xcom.py
[2024-01-04T02:14:44.537+0000] {processor.py:840} INFO - DAG(s) 'example_xcom' retrieved from /home/airflow/.local/lib/python3.8/site-packages/airflow/example_dags/example_xcom.py
[2024-01-04T02:14:44.708+0000] {logging_mixin.py:188} INFO - [2024-01-04T02:14:44.708+0000] {override.py:1769} INFO - Created Permission View: can edit on DAG:example_xcom
[2024-01-04T02:14:44.716+0000] {logging_mixin.py:188} INFO - [2024-01-04T02:14:44.716+0000] {override.py:1769} INFO - Created Permission View: can read on DAG:example_xcom
[2024-01-04T02:14:44.722+0000] {logging_mixin.py:188} INFO - [2024-01-04T02:14:44.721+0000] {override.py:1769} INFO - Created Permission View: can delete on DAG:example_xcom
[2024-01-04T02:14:44.722+0000] {logging_mixin.py:188} INFO - [2024-01-04T02:14:44.722+0000] {dag.py:3033} INFO - Sync 1 DAGs
[2024-01-04T02:14:44.731+0000] {logging_mixin.py:188} INFO - [2024-01-04T02:14:44.731+0000] {dag.py:3055} INFO - Creating ORM DAG for example_xcom
[2024-01-04T02:14:44.739+0000] {logging_mixin.py:188} INFO - [2024-01-04T02:14:44.739+0000] {dag.py:3820} INFO - Setting next_dagrun for example_xcom to 2021-01-01T00:00:00+00:00, run_after=2021-01-01T00:00:00+00:00
[2024-01-04T02:14:44.758+0000] {processor.py:183} INFO - Processing /home/airflow/.local/lib/python3.8/site-packages/airflow/example_dags/example_xcom.py took 0.242 seconds
[2024-01-04T02:15:15.169+0000] {processor.py:161} INFO - Started process (PID=97) to work on /home/airflow/.local/lib/python3.8/site-packages/airflow/example_dags/example_xcom.py
[2024-01-04T02:15:15.170+0000] {processor.py:830} INFO - Processing file /home/airflow/.local/lib/python3.8/site-packages/airflow/example_dags/example_xcom.py for tasks to queue
[2024-01-04T02:15:15.172+0000] {logging_mixin.py:188} INFO - [2024-01-04T02:15:15.172+0000] {dagbag.py:538} INFO - Filling up the DagBag from /home/airflow/.local/lib/python3.8/site-packages/airflow/example_dags/example_xcom.py
[2024-01-04T02:15:15.180+0000] {processor.py:840} INFO - DAG(s) 'example_xcom' retrieved from /home/airflow/.local/lib/python3.8/site-packages/airflow/example_dags/example_xcom.py
[2024-01-04T02:15:15.203+0000] {logging_mixin.py:188} INFO - [2024-01-04T02:15:15.203+0000] {dag.py:3033} INFO - Sync 1 DAGs
[2024-01-04T02:15:15.228+0000] {logging_mixin.py:188} INFO - [2024-01-04T02:15:15.227+0000] {dag.py:3820} INFO - Setting next_dagrun for example_xcom to 2021-01-01T00:00:00+00:00, run_after=2021-01-01T00:00:00+00:00
[2024-01-04T02:15:15.258+0000] {processor.py:183} INFO - Processing /home/airflow/.local/lib/python3.8/site-packages/airflow/example_dags/example_xcom.py took 0.092 seconds
[2024-01-04T02:15:45.912+0000] {processor.py:161} INFO - Started process (PID=152) to work on /home/airflow/.local/lib/python3.8/site-packages/airflow/example_dags/example_xcom.py
[2024-01-04T02:15:45.913+0000] {processor.py:830} INFO - Processing file /home/airflow/.local/lib/python3.8/site-packages/airflow/example_dags/example_xcom.py for tasks to queue
[2024-01-04T02:15:45.915+0000] {logging_mixin.py:188} INFO - [2024-01-04T02:15:45.915+0000] {dagbag.py:538} INFO - Filling up the DagBag from /home/airflow/.local/lib/python3.8/site-packages/airflow/example_dags/example_xcom.py
[2024-01-04T02:15:45.921+0000] {processor.py:840} INFO - DAG(s) 'example_xcom' retrieved from /home/airflow/.local/lib/python3.8/site-packages/airflow/example_dags/example_xcom.py
[2024-01-04T02:15:45.937+0000] {logging_mixin.py:188} INFO - [2024-01-04T02:15:45.937+0000] {dag.py:3033} INFO - Sync 1 DAGs
[2024-01-04T02:15:45.956+0000] {logging_mixin.py:188} INFO - [2024-01-04T02:15:45.956+0000] {dag.py:3820} INFO - Setting next_dagrun for example_xcom to 2021-01-01T00:00:00+00:00, run_after=2021-01-01T00:00:00+00:00
[2024-01-04T02:15:45.976+0000] {processor.py:183} INFO - Processing /home/airflow/.local/lib/python3.8/site-packages/airflow/example_dags/example_xcom.py took 0.066 seconds
[2024-01-04T02:16:16.154+0000] {processor.py:161} INFO - Started process (PID=207) to work on /home/airflow/.local/lib/python3.8/site-packages/airflow/example_dags/example_xcom.py
[2024-01-04T02:16:16.154+0000] {processor.py:830} INFO - Processing file /home/airflow/.local/lib/python3.8/site-packages/airflow/example_dags/example_xcom.py for tasks to queue
[2024-01-04T02:16:16.156+0000] {logging_mixin.py:188} INFO - [2024-01-04T02:16:16.156+0000] {dagbag.py:538} INFO - Filling up the DagBag from /home/airflow/.local/lib/python3.8/site-packages/airflow/example_dags/example_xcom.py
[2024-01-04T02:16:16.162+0000] {processor.py:840} INFO - DAG(s) 'example_xcom' retrieved from /home/airflow/.local/lib/python3.8/site-packages/airflow/example_dags/example_xcom.py
[2024-01-04T02:16:16.178+0000] {logging_mixin.py:188} INFO - [2024-01-04T02:16:16.178+0000] {dag.py:3033} INFO - Sync 1 DAGs
[2024-01-04T02:16:16.195+0000] {logging_mixin.py:188} INFO - [2024-01-04T02:16:16.195+0000] {dag.py:3820} INFO - Setting next_dagrun for example_xcom to 2021-01-01T00:00:00+00:00, run_after=2021-01-01T00:00:00+00:00
[2024-01-04T02:16:16.211+0000] {processor.py:183} INFO - Processing /home/airflow/.local/lib/python3.8/site-packages/airflow/example_dags/example_xcom.py took 0.060 seconds
[2024-01-04T02:16:46.390+0000] {processor.py:161} INFO - Started process (PID=262) to work on /home/airflow/.local/lib/python3.8/site-packages/airflow/example_dags/example_xcom.py
[2024-01-04T02:16:46.391+0000] {processor.py:830} INFO - Processing file /home/airflow/.local/lib/python3.8/site-packages/airflow/example_dags/example_xcom.py for tasks to queue
[2024-01-04T02:16:46.393+0000] {logging_mixin.py:188} INFO - [2024-01-04T02:16:46.393+0000] {dagbag.py:538} INFO - Filling up the DagBag from /home/airflow/.local/lib/python3.8/site-packages/airflow/example_dags/example_xcom.py
[2024-01-04T02:16:46.398+0000] {processor.py:840} INFO - DAG(s) 'example_xcom' retrieved from /home/airflow/.local/lib/python3.8/site-packages/airflow/example_dags/example_xcom.py
[2024-01-04T02:16:46.415+0000] {logging_mixin.py:188} INFO - [2024-01-04T02:16:46.415+0000] {dag.py:3033} INFO - Sync 1 DAGs
[2024-01-04T02:16:46.430+0000] {logging_mixin.py:188} INFO - [2024-01-04T02:16:46.430+0000] {dag.py:3820} INFO - Setting next_dagrun for example_xcom to 2021-01-01T00:00:00+00:00, run_after=2021-01-01T00:00:00+00:00
[2024-01-04T02:16:46.448+0000] {processor.py:183} INFO - Processing /home/airflow/.local/lib/python3.8/site-packages/airflow/example_dags/example_xcom.py took 0.059 seconds
[2024-01-04T02:17:16.875+0000] {processor.py:161} INFO - Started process (PID=317) to work on /home/airflow/.local/lib/python3.8/site-packages/airflow/example_dags/example_xcom.py
[2024-01-04T02:17:16.876+0000] {processor.py:830} INFO - Processing file /home/airflow/.local/lib/python3.8/site-packages/airflow/example_dags/example_xcom.py for tasks to queue
[2024-01-04T02:17:16.878+0000] {logging_mixin.py:188} INFO - [2024-01-04T02:17:16.878+0000] {dagbag.py:538} INFO - Filling up the DagBag from /home/airflow/.local/lib/python3.8/site-packages/airflow/example_dags/example_xcom.py
[2024-01-04T02:17:16.883+0000] {processor.py:840} INFO - DAG(s) 'example_xcom' retrieved from /home/airflow/.local/lib/python3.8/site-packages/airflow/example_dags/example_xcom.py
[2024-01-04T02:17:16.899+0000] {logging_mixin.py:188} INFO - [2024-01-04T02:17:16.899+0000] {dag.py:3033} INFO - Sync 1 DAGs
[2024-01-04T02:17:16.913+0000] {logging_mixin.py:188} INFO - [2024-01-04T02:17:16.913+0000] {dag.py:3820} INFO - Setting next_dagrun for example_xcom to 2021-01-01T00:00:00+00:00, run_after=2021-01-01T00:00:00+00:00
[2024-01-04T02:17:16.931+0000] {processor.py:183} INFO - Processing /home/airflow/.local/lib/python3.8/site-packages/airflow/example_dags/example_xcom.py took 0.058 seconds
[2024-01-04T02:17:46.987+0000] {processor.py:161} INFO - Started process (PID=372) to work on /home/airflow/.local/lib/python3.8/site-packages/airflow/example_dags/example_xcom.py
[2024-01-04T02:17:46.988+0000] {processor.py:830} INFO - Processing file /home/airflow/.local/lib/python3.8/site-packages/airflow/example_dags/example_xcom.py for tasks to queue
[2024-01-04T02:17:46.991+0000] {logging_mixin.py:188} INFO - [2024-01-04T02:17:46.990+0000] {dagbag.py:538} INFO - Filling up the DagBag from /home/airflow/.local/lib/python3.8/site-packages/airflow/example_dags/example_xcom.py
[2024-01-04T02:17:46.996+0000] {processor.py:840} INFO - DAG(s) 'example_xcom' retrieved from /home/airflow/.local/lib/python3.8/site-packages/airflow/example_dags/example_xcom.py
[2024-01-04T02:17:47.013+0000] {logging_mixin.py:188} INFO - [2024-01-04T02:17:47.013+0000] {dag.py:3033} INFO - Sync 1 DAGs
[2024-01-04T02:17:47.029+0000] {logging_mixin.py:188} INFO - [2024-01-04T02:17:47.029+0000] {dag.py:3820} INFO - Setting next_dagrun for example_xcom to 2021-01-01T00:00:00+00:00, run_after=2021-01-01T00:00:00+00:00
[2024-01-04T02:17:47.047+0000] {processor.py:183} INFO - Processing /home/airflow/.local/lib/python3.8/site-packages/airflow/example_dags/example_xcom.py took 0.061 seconds
[2024-01-04T02:18:17.264+0000] {processor.py:161} INFO - Started process (PID=427) to work on /home/airflow/.local/lib/python3.8/site-packages/airflow/example_dags/example_xcom.py
[2024-01-04T02:18:17.266+0000] {processor.py:830} INFO - Processing file /home/airflow/.local/lib/python3.8/site-packages/airflow/example_dags/example_xcom.py for tasks to queue
[2024-01-04T02:18:17.268+0000] {logging_mixin.py:188} INFO - [2024-01-04T02:18:17.268+0000] {dagbag.py:538} INFO - Filling up the DagBag from /home/airflow/.local/lib/python3.8/site-packages/airflow/example_dags/example_xcom.py
[2024-01-04T02:18:17.273+0000] {processor.py:840} INFO - DAG(s) 'example_xcom' retrieved from /home/airflow/.local/lib/python3.8/site-packages/airflow/example_dags/example_xcom.py
[2024-01-04T02:18:17.290+0000] {logging_mixin.py:188} INFO - [2024-01-04T02:18:17.290+0000] {dag.py:3033} INFO - Sync 1 DAGs
[2024-01-04T02:18:17.305+0000] {logging_mixin.py:188} INFO - [2024-01-04T02:18:17.305+0000] {dag.py:3820} INFO - Setting next_dagrun for example_xcom to 2021-01-01T00:00:00+00:00, run_after=2021-01-01T00:00:00+00:00
[2024-01-04T02:18:17.321+0000] {processor.py:183} INFO - Processing /home/airflow/.local/lib/python3.8/site-packages/airflow/example_dags/example_xcom.py took 0.059 seconds
[2024-01-04T02:18:47.361+0000] {processor.py:161} INFO - Started process (PID=482) to work on /home/airflow/.local/lib/python3.8/site-packages/airflow/example_dags/example_xcom.py
[2024-01-04T02:18:47.362+0000] {processor.py:830} INFO - Processing file /home/airflow/.local/lib/python3.8/site-packages/airflow/example_dags/example_xcom.py for tasks to queue
[2024-01-04T02:18:47.364+0000] {logging_mixin.py:188} INFO - [2024-01-04T02:18:47.364+0000] {dagbag.py:538} INFO - Filling up the DagBag from /home/airflow/.local/lib/python3.8/site-packages/airflow/example_dags/example_xcom.py
[2024-01-04T02:18:47.368+0000] {processor.py:840} INFO - DAG(s) 'example_xcom' retrieved from /home/airflow/.local/lib/python3.8/site-packages/airflow/example_dags/example_xcom.py
[2024-01-04T02:18:47.384+0000] {logging_mixin.py:188} INFO - [2024-01-04T02:18:47.383+0000] {dag.py:3033} INFO - Sync 1 DAGs
[2024-01-04T02:18:47.400+0000] {logging_mixin.py:188} INFO - [2024-01-04T02:18:47.400+0000] {dag.py:3820} INFO - Setting next_dagrun for example_xcom to 2021-01-01T00:00:00+00:00, run_after=2021-01-01T00:00:00+00:00
[2024-01-04T02:18:47.417+0000] {processor.py:183} INFO - Processing /home/airflow/.local/lib/python3.8/site-packages/airflow/example_dags/example_xcom.py took 0.059 seconds
[2024-01-04T02:19:17.533+0000] {processor.py:161} INFO - Started process (PID=537) to work on /home/airflow/.local/lib/python3.8/site-packages/airflow/example_dags/example_xcom.py
[2024-01-04T02:19:17.534+0000] {processor.py:830} INFO - Processing file /home/airflow/.local/lib/python3.8/site-packages/airflow/example_dags/example_xcom.py for tasks to queue
[2024-01-04T02:19:17.536+0000] {logging_mixin.py:188} INFO - [2024-01-04T02:19:17.535+0000] {dagbag.py:538} INFO - Filling up the DagBag from /home/airflow/.local/lib/python3.8/site-packages/airflow/example_dags/example_xcom.py
[2024-01-04T02:19:17.541+0000] {processor.py:840} INFO - DAG(s) 'example_xcom' retrieved from /home/airflow/.local/lib/python3.8/site-packages/airflow/example_dags/example_xcom.py
[2024-01-04T02:19:17.557+0000] {logging_mixin.py:188} INFO - [2024-01-04T02:19:17.557+0000] {dag.py:3033} INFO - Sync 1 DAGs
[2024-01-04T02:19:17.574+0000] {logging_mixin.py:188} INFO - [2024-01-04T02:19:17.574+0000] {dag.py:3820} INFO - Setting next_dagrun for example_xcom to 2021-01-01T00:00:00+00:00, run_after=2021-01-01T00:00:00+00:00
[2024-01-04T02:19:17.593+0000] {processor.py:183} INFO - Processing /home/airflow/.local/lib/python3.8/site-packages/airflow/example_dags/example_xcom.py took 0.063 seconds
[2024-01-04T02:19:47.681+0000] {processor.py:161} INFO - Started process (PID=592) to work on /home/airflow/.local/lib/python3.8/site-packages/airflow/example_dags/example_xcom.py
[2024-01-04T02:19:47.682+0000] {processor.py:830} INFO - Processing file /home/airflow/.local/lib/python3.8/site-packages/airflow/example_dags/example_xcom.py for tasks to queue
[2024-01-04T02:19:47.684+0000] {logging_mixin.py:188} INFO - [2024-01-04T02:19:47.683+0000] {dagbag.py:538} INFO - Filling up the DagBag from /home/airflow/.local/lib/python3.8/site-packages/airflow/example_dags/example_xcom.py
[2024-01-04T02:19:47.689+0000] {processor.py:840} INFO - DAG(s) 'example_xcom' retrieved from /home/airflow/.local/lib/python3.8/site-packages/airflow/example_dags/example_xcom.py
[2024-01-04T02:19:47.705+0000] {logging_mixin.py:188} INFO - [2024-01-04T02:19:47.705+0000] {dag.py:3033} INFO - Sync 1 DAGs
[2024-01-04T02:19:47.720+0000] {logging_mixin.py:188} INFO - [2024-01-04T02:19:47.720+0000] {dag.py:3820} INFO - Setting next_dagrun for example_xcom to 2021-01-01T00:00:00+00:00, run_after=2021-01-01T00:00:00+00:00
[2024-01-04T02:19:47.737+0000] {processor.py:183} INFO - Processing /home/airflow/.local/lib/python3.8/site-packages/airflow/example_dags/example_xcom.py took 0.058 seconds
[2024-01-04T02:20:17.907+0000] {processor.py:161} INFO - Started process (PID=647) to work on /home/airflow/.local/lib/python3.8/site-packages/airflow/example_dags/example_xcom.py
[2024-01-04T02:20:17.908+0000] {processor.py:830} INFO - Processing file /home/airflow/.local/lib/python3.8/site-packages/airflow/example_dags/example_xcom.py for tasks to queue
[2024-01-04T02:20:17.910+0000] {logging_mixin.py:188} INFO - [2024-01-04T02:20:17.910+0000] {dagbag.py:538} INFO - Filling up the DagBag from /home/airflow/.local/lib/python3.8/site-packages/airflow/example_dags/example_xcom.py
[2024-01-04T02:20:17.915+0000] {processor.py:840} INFO - DAG(s) 'example_xcom' retrieved from /home/airflow/.local/lib/python3.8/site-packages/airflow/example_dags/example_xcom.py
[2024-01-04T02:20:17.933+0000] {logging_mixin.py:188} INFO - [2024-01-04T02:20:17.933+0000] {dag.py:3033} INFO - Sync 1 DAGs
[2024-01-04T02:20:17.950+0000] {logging_mixin.py:188} INFO - [2024-01-04T02:20:17.950+0000] {dag.py:3820} INFO - Setting next_dagrun for example_xcom to 2021-01-01T00:00:00+00:00, run_after=2021-01-01T00:00:00+00:00
[2024-01-04T02:20:17.968+0000] {processor.py:183} INFO - Processing /home/airflow/.local/lib/python3.8/site-packages/airflow/example_dags/example_xcom.py took 0.063 seconds
[2024-01-04T02:20:48.169+0000] {processor.py:161} INFO - Started process (PID=702) to work on /home/airflow/.local/lib/python3.8/site-packages/airflow/example_dags/example_xcom.py
[2024-01-04T02:20:48.170+0000] {processor.py:830} INFO - Processing file /home/airflow/.local/lib/python3.8/site-packages/airflow/example_dags/example_xcom.py for tasks to queue
[2024-01-04T02:20:48.171+0000] {logging_mixin.py:188} INFO - [2024-01-04T02:20:48.171+0000] {dagbag.py:538} INFO - Filling up the DagBag from /home/airflow/.local/lib/python3.8/site-packages/airflow/example_dags/example_xcom.py
[2024-01-04T02:20:48.176+0000] {processor.py:840} INFO - DAG(s) 'example_xcom' retrieved from /home/airflow/.local/lib/python3.8/site-packages/airflow/example_dags/example_xcom.py
[2024-01-04T02:20:48.194+0000] {logging_mixin.py:188} INFO - [2024-01-04T02:20:48.193+0000] {dag.py:3033} INFO - Sync 1 DAGs
[2024-01-04T02:20:48.211+0000] {logging_mixin.py:188} INFO - [2024-01-04T02:20:48.211+0000] {dag.py:3820} INFO - Setting next_dagrun for example_xcom to 2021-01-01T00:00:00+00:00, run_after=2021-01-01T00:00:00+00:00
[2024-01-04T02:20:48.227+0000] {processor.py:183} INFO - Processing /home/airflow/.local/lib/python3.8/site-packages/airflow/example_dags/example_xcom.py took 0.061 seconds
[2024-01-04T02:21:18.466+0000] {processor.py:161} INFO - Started process (PID=757) to work on /home/airflow/.local/lib/python3.8/site-packages/airflow/example_dags/example_xcom.py
[2024-01-04T02:21:18.467+0000] {processor.py:830} INFO - Processing file /home/airflow/.local/lib/python3.8/site-packages/airflow/example_dags/example_xcom.py for tasks to queue
[2024-01-04T02:21:18.468+0000] {logging_mixin.py:188} INFO - [2024-01-04T02:21:18.468+0000] {dagbag.py:538} INFO - Filling up the DagBag from /home/airflow/.local/lib/python3.8/site-packages/airflow/example_dags/example_xcom.py
[2024-01-04T02:21:18.474+0000] {processor.py:840} INFO - DAG(s) 'example_xcom' retrieved from /home/airflow/.local/lib/python3.8/site-packages/airflow/example_dags/example_xcom.py
[2024-01-04T02:21:18.489+0000] {logging_mixin.py:188} INFO - [2024-01-04T02:21:18.489+0000] {dag.py:3033} INFO - Sync 1 DAGs
[2024-01-04T02:21:18.504+0000] {logging_mixin.py:188} INFO - [2024-01-04T02:21:18.504+0000] {dag.py:3820} INFO - Setting next_dagrun for example_xcom to 2021-01-01T00:00:00+00:00, run_after=2021-01-01T00:00:00+00:00
[2024-01-04T02:21:18.521+0000] {processor.py:183} INFO - Processing /home/airflow/.local/lib/python3.8/site-packages/airflow/example_dags/example_xcom.py took 0.057 seconds
[2024-01-04T02:21:48.658+0000] {processor.py:161} INFO - Started process (PID=813) to work on /home/airflow/.local/lib/python3.8/site-packages/airflow/example_dags/example_xcom.py
[2024-01-04T02:21:48.659+0000] {processor.py:830} INFO - Processing file /home/airflow/.local/lib/python3.8/site-packages/airflow/example_dags/example_xcom.py for tasks to queue
[2024-01-04T02:21:48.661+0000] {logging_mixin.py:188} INFO - [2024-01-04T02:21:48.661+0000] {dagbag.py:538} INFO - Filling up the DagBag from /home/airflow/.local/lib/python3.8/site-packages/airflow/example_dags/example_xcom.py
[2024-01-04T02:21:48.666+0000] {processor.py:840} INFO - DAG(s) 'example_xcom' retrieved from /home/airflow/.local/lib/python3.8/site-packages/airflow/example_dags/example_xcom.py
[2024-01-04T02:21:48.683+0000] {logging_mixin.py:188} INFO - [2024-01-04T02:21:48.683+0000] {dag.py:3033} INFO - Sync 1 DAGs
[2024-01-04T02:21:48.698+0000] {logging_mixin.py:188} INFO - [2024-01-04T02:21:48.698+0000] {dag.py:3820} INFO - Setting next_dagrun for example_xcom to 2021-01-01T00:00:00+00:00, run_after=2021-01-01T00:00:00+00:00
[2024-01-04T02:21:48.714+0000] {processor.py:183} INFO - Processing /home/airflow/.local/lib/python3.8/site-packages/airflow/example_dags/example_xcom.py took 0.058 seconds
[2024-01-04T02:22:18.943+0000] {processor.py:161} INFO - Started process (PID=868) to work on /home/airflow/.local/lib/python3.8/site-packages/airflow/example_dags/example_xcom.py
[2024-01-04T02:22:18.944+0000] {processor.py:830} INFO - Processing file /home/airflow/.local/lib/python3.8/site-packages/airflow/example_dags/example_xcom.py for tasks to queue
[2024-01-04T02:22:18.946+0000] {logging_mixin.py:188} INFO - [2024-01-04T02:22:18.945+0000] {dagbag.py:538} INFO - Filling up the DagBag from /home/airflow/.local/lib/python3.8/site-packages/airflow/example_dags/example_xcom.py
[2024-01-04T02:22:18.950+0000] {processor.py:840} INFO - DAG(s) 'example_xcom' retrieved from /home/airflow/.local/lib/python3.8/site-packages/airflow/example_dags/example_xcom.py
[2024-01-04T02:22:18.968+0000] {logging_mixin.py:188} INFO - [2024-01-04T02:22:18.968+0000] {dag.py:3033} INFO - Sync 1 DAGs
[2024-01-04T02:22:18.984+0000] {logging_mixin.py:188} INFO - [2024-01-04T02:22:18.983+0000] {dag.py:3820} INFO - Setting next_dagrun for example_xcom to 2021-01-01T00:00:00+00:00, run_after=2021-01-01T00:00:00+00:00
[2024-01-04T02:22:19.001+0000] {processor.py:183} INFO - Processing /home/airflow/.local/lib/python3.8/site-packages/airflow/example_dags/example_xcom.py took 0.061 seconds
