[2024-01-04T02:14:46.957+0000] {processor.py:161} INFO - Started process (PID=62) to work on /home/airflow/.local/lib/python3.8/site-packages/airflow/example_dags/example_params_trigger_ui.py
[2024-01-04T02:14:46.957+0000] {processor.py:830} INFO - Processing file /home/airflow/.local/lib/python3.8/site-packages/airflow/example_dags/example_params_trigger_ui.py for tasks to queue
[2024-01-04T02:14:46.959+0000] {logging_mixin.py:188} INFO - [2024-01-04T02:14:46.959+0000] {dagbag.py:538} INFO - Filling up the DagBag from /home/airflow/.local/lib/python3.8/site-packages/airflow/example_dags/example_params_trigger_ui.py
[2024-01-04T02:14:46.973+0000] {processor.py:840} INFO - DAG(s) 'example_params_trigger_ui' retrieved from /home/airflow/.local/lib/python3.8/site-packages/airflow/example_dags/example_params_trigger_ui.py
[2024-01-04T02:14:47.101+0000] {logging_mixin.py:188} INFO - [2024-01-04T02:14:47.100+0000] {override.py:1769} INFO - Created Permission View: can edit on DAG:example_params_trigger_ui
[2024-01-04T02:14:47.113+0000] {logging_mixin.py:188} INFO - [2024-01-04T02:14:47.112+0000] {override.py:1769} INFO - Created Permission View: can read on DAG:example_params_trigger_ui
[2024-01-04T02:14:47.122+0000] {logging_mixin.py:188} INFO - [2024-01-04T02:14:47.121+0000] {override.py:1769} INFO - Created Permission View: can delete on DAG:example_params_trigger_ui
[2024-01-04T02:14:47.122+0000] {logging_mixin.py:188} INFO - [2024-01-04T02:14:47.122+0000] {dag.py:3033} INFO - Sync 1 DAGs
[2024-01-04T02:14:47.137+0000] {logging_mixin.py:188} INFO - [2024-01-04T02:14:47.137+0000] {dag.py:3055} INFO - Creating ORM DAG for example_params_trigger_ui
[2024-01-04T02:14:47.138+0000] {logging_mixin.py:188} INFO - [2024-01-04T02:14:47.137+0000] {dag.py:3820} INFO - Setting next_dagrun for example_params_trigger_ui to None, run_after=None
[2024-01-04T02:14:47.157+0000] {processor.py:183} INFO - Processing /home/airflow/.local/lib/python3.8/site-packages/airflow/example_dags/example_params_trigger_ui.py took 0.204 seconds
[2024-01-04T02:15:17.345+0000] {processor.py:161} INFO - Started process (PID=117) to work on /home/airflow/.local/lib/python3.8/site-packages/airflow/example_dags/example_params_trigger_ui.py
[2024-01-04T02:15:17.346+0000] {processor.py:830} INFO - Processing file /home/airflow/.local/lib/python3.8/site-packages/airflow/example_dags/example_params_trigger_ui.py for tasks to queue
[2024-01-04T02:15:17.348+0000] {logging_mixin.py:188} INFO - [2024-01-04T02:15:17.348+0000] {dagbag.py:538} INFO - Filling up the DagBag from /home/airflow/.local/lib/python3.8/site-packages/airflow/example_dags/example_params_trigger_ui.py
[2024-01-04T02:15:17.360+0000] {processor.py:840} INFO - DAG(s) 'example_params_trigger_ui' retrieved from /home/airflow/.local/lib/python3.8/site-packages/airflow/example_dags/example_params_trigger_ui.py
[2024-01-04T02:15:17.406+0000] {logging_mixin.py:188} INFO - [2024-01-04T02:15:17.406+0000] {dag.py:3033} INFO - Sync 1 DAGs
[2024-01-04T02:15:17.417+0000] {logging_mixin.py:188} INFO - [2024-01-04T02:15:17.416+0000] {dag.py:3820} INFO - Setting next_dagrun for example_params_trigger_ui to None, run_after=None
[2024-01-04T02:15:17.431+0000] {processor.py:183} INFO - Processing /home/airflow/.local/lib/python3.8/site-packages/airflow/example_dags/example_params_trigger_ui.py took 0.088 seconds
[2024-01-04T02:15:47.898+0000] {processor.py:161} INFO - Started process (PID=172) to work on /home/airflow/.local/lib/python3.8/site-packages/airflow/example_dags/example_params_trigger_ui.py
[2024-01-04T02:15:47.901+0000] {processor.py:830} INFO - Processing file /home/airflow/.local/lib/python3.8/site-packages/airflow/example_dags/example_params_trigger_ui.py for tasks to queue
[2024-01-04T02:15:47.905+0000] {logging_mixin.py:188} INFO - [2024-01-04T02:15:47.905+0000] {dagbag.py:538} INFO - Filling up the DagBag from /home/airflow/.local/lib/python3.8/site-packages/airflow/example_dags/example_params_trigger_ui.py
[2024-01-04T02:15:47.918+0000] {processor.py:840} INFO - DAG(s) 'example_params_trigger_ui' retrieved from /home/airflow/.local/lib/python3.8/site-packages/airflow/example_dags/example_params_trigger_ui.py
[2024-01-04T02:15:47.963+0000] {logging_mixin.py:188} INFO - [2024-01-04T02:15:47.963+0000] {dag.py:3033} INFO - Sync 1 DAGs
[2024-01-04T02:15:47.974+0000] {logging_mixin.py:188} INFO - [2024-01-04T02:15:47.974+0000] {dag.py:3820} INFO - Setting next_dagrun for example_params_trigger_ui to None, run_after=None
[2024-01-04T02:15:47.992+0000] {processor.py:183} INFO - Processing /home/airflow/.local/lib/python3.8/site-packages/airflow/example_dags/example_params_trigger_ui.py took 0.097 seconds
[2024-01-04T02:16:18.107+0000] {processor.py:161} INFO - Started process (PID=227) to work on /home/airflow/.local/lib/python3.8/site-packages/airflow/example_dags/example_params_trigger_ui.py
[2024-01-04T02:16:18.108+0000] {processor.py:830} INFO - Processing file /home/airflow/.local/lib/python3.8/site-packages/airflow/example_dags/example_params_trigger_ui.py for tasks to queue
[2024-01-04T02:16:18.110+0000] {logging_mixin.py:188} INFO - [2024-01-04T02:16:18.110+0000] {dagbag.py:538} INFO - Filling up the DagBag from /home/airflow/.local/lib/python3.8/site-packages/airflow/example_dags/example_params_trigger_ui.py
[2024-01-04T02:16:18.121+0000] {processor.py:840} INFO - DAG(s) 'example_params_trigger_ui' retrieved from /home/airflow/.local/lib/python3.8/site-packages/airflow/example_dags/example_params_trigger_ui.py
[2024-01-04T02:16:18.171+0000] {logging_mixin.py:188} INFO - [2024-01-04T02:16:18.171+0000] {dag.py:3033} INFO - Sync 1 DAGs
[2024-01-04T02:16:18.182+0000] {logging_mixin.py:188} INFO - [2024-01-04T02:16:18.182+0000] {dag.py:3820} INFO - Setting next_dagrun for example_params_trigger_ui to None, run_after=None
[2024-01-04T02:16:18.198+0000] {processor.py:183} INFO - Processing /home/airflow/.local/lib/python3.8/site-packages/airflow/example_dags/example_params_trigger_ui.py took 0.093 seconds
[2024-01-04T02:16:48.540+0000] {processor.py:161} INFO - Started process (PID=282) to work on /home/airflow/.local/lib/python3.8/site-packages/airflow/example_dags/example_params_trigger_ui.py
[2024-01-04T02:16:48.540+0000] {processor.py:830} INFO - Processing file /home/airflow/.local/lib/python3.8/site-packages/airflow/example_dags/example_params_trigger_ui.py for tasks to queue
[2024-01-04T02:16:48.542+0000] {logging_mixin.py:188} INFO - [2024-01-04T02:16:48.542+0000] {dagbag.py:538} INFO - Filling up the DagBag from /home/airflow/.local/lib/python3.8/site-packages/airflow/example_dags/example_params_trigger_ui.py
[2024-01-04T02:16:48.552+0000] {processor.py:840} INFO - DAG(s) 'example_params_trigger_ui' retrieved from /home/airflow/.local/lib/python3.8/site-packages/airflow/example_dags/example_params_trigger_ui.py
[2024-01-04T02:16:48.592+0000] {logging_mixin.py:188} INFO - [2024-01-04T02:16:48.592+0000] {dag.py:3033} INFO - Sync 1 DAGs
[2024-01-04T02:16:48.602+0000] {logging_mixin.py:188} INFO - [2024-01-04T02:16:48.602+0000] {dag.py:3820} INFO - Setting next_dagrun for example_params_trigger_ui to None, run_after=None
[2024-01-04T02:16:48.619+0000] {processor.py:183} INFO - Processing /home/airflow/.local/lib/python3.8/site-packages/airflow/example_dags/example_params_trigger_ui.py took 0.082 seconds
[2024-01-04T02:17:18.838+0000] {processor.py:161} INFO - Started process (PID=337) to work on /home/airflow/.local/lib/python3.8/site-packages/airflow/example_dags/example_params_trigger_ui.py
[2024-01-04T02:17:18.839+0000] {processor.py:830} INFO - Processing file /home/airflow/.local/lib/python3.8/site-packages/airflow/example_dags/example_params_trigger_ui.py for tasks to queue
[2024-01-04T02:17:18.841+0000] {logging_mixin.py:188} INFO - [2024-01-04T02:17:18.841+0000] {dagbag.py:538} INFO - Filling up the DagBag from /home/airflow/.local/lib/python3.8/site-packages/airflow/example_dags/example_params_trigger_ui.py
[2024-01-04T02:17:18.850+0000] {processor.py:840} INFO - DAG(s) 'example_params_trigger_ui' retrieved from /home/airflow/.local/lib/python3.8/site-packages/airflow/example_dags/example_params_trigger_ui.py
[2024-01-04T02:17:18.889+0000] {logging_mixin.py:188} INFO - [2024-01-04T02:17:18.889+0000] {dag.py:3033} INFO - Sync 1 DAGs
[2024-01-04T02:17:18.899+0000] {logging_mixin.py:188} INFO - [2024-01-04T02:17:18.899+0000] {dag.py:3820} INFO - Setting next_dagrun for example_params_trigger_ui to None, run_after=None
[2024-01-04T02:17:18.914+0000] {processor.py:183} INFO - Processing /home/airflow/.local/lib/python3.8/site-packages/airflow/example_dags/example_params_trigger_ui.py took 0.078 seconds
[2024-01-04T02:17:49.795+0000] {processor.py:161} INFO - Started process (PID=392) to work on /home/airflow/.local/lib/python3.8/site-packages/airflow/example_dags/example_params_trigger_ui.py
[2024-01-04T02:17:49.797+0000] {processor.py:830} INFO - Processing file /home/airflow/.local/lib/python3.8/site-packages/airflow/example_dags/example_params_trigger_ui.py for tasks to queue
[2024-01-04T02:17:49.799+0000] {logging_mixin.py:188} INFO - [2024-01-04T02:17:49.798+0000] {dagbag.py:538} INFO - Filling up the DagBag from /home/airflow/.local/lib/python3.8/site-packages/airflow/example_dags/example_params_trigger_ui.py
[2024-01-04T02:17:49.809+0000] {processor.py:840} INFO - DAG(s) 'example_params_trigger_ui' retrieved from /home/airflow/.local/lib/python3.8/site-packages/airflow/example_dags/example_params_trigger_ui.py
[2024-01-04T02:17:49.850+0000] {logging_mixin.py:188} INFO - [2024-01-04T02:17:49.850+0000] {dag.py:3033} INFO - Sync 1 DAGs
[2024-01-04T02:17:49.859+0000] {logging_mixin.py:188} INFO - [2024-01-04T02:17:49.859+0000] {dag.py:3820} INFO - Setting next_dagrun for example_params_trigger_ui to None, run_after=None
[2024-01-04T02:17:49.873+0000] {processor.py:183} INFO - Processing /home/airflow/.local/lib/python3.8/site-packages/airflow/example_dags/example_params_trigger_ui.py took 0.080 seconds
[2024-01-04T02:18:20.127+0000] {processor.py:161} INFO - Started process (PID=447) to work on /home/airflow/.local/lib/python3.8/site-packages/airflow/example_dags/example_params_trigger_ui.py
[2024-01-04T02:18:20.128+0000] {processor.py:830} INFO - Processing file /home/airflow/.local/lib/python3.8/site-packages/airflow/example_dags/example_params_trigger_ui.py for tasks to queue
[2024-01-04T02:18:20.130+0000] {logging_mixin.py:188} INFO - [2024-01-04T02:18:20.129+0000] {dagbag.py:538} INFO - Filling up the DagBag from /home/airflow/.local/lib/python3.8/site-packages/airflow/example_dags/example_params_trigger_ui.py
[2024-01-04T02:18:20.139+0000] {processor.py:840} INFO - DAG(s) 'example_params_trigger_ui' retrieved from /home/airflow/.local/lib/python3.8/site-packages/airflow/example_dags/example_params_trigger_ui.py
[2024-01-04T02:18:20.179+0000] {logging_mixin.py:188} INFO - [2024-01-04T02:18:20.179+0000] {dag.py:3033} INFO - Sync 1 DAGs
[2024-01-04T02:18:20.187+0000] {logging_mixin.py:188} INFO - [2024-01-04T02:18:20.187+0000] {dag.py:3820} INFO - Setting next_dagrun for example_params_trigger_ui to None, run_after=None
[2024-01-04T02:18:20.201+0000] {processor.py:183} INFO - Processing /home/airflow/.local/lib/python3.8/site-packages/airflow/example_dags/example_params_trigger_ui.py took 0.076 seconds
[2024-01-04T02:18:50.297+0000] {processor.py:161} INFO - Started process (PID=502) to work on /home/airflow/.local/lib/python3.8/site-packages/airflow/example_dags/example_params_trigger_ui.py
[2024-01-04T02:18:50.298+0000] {processor.py:830} INFO - Processing file /home/airflow/.local/lib/python3.8/site-packages/airflow/example_dags/example_params_trigger_ui.py for tasks to queue
[2024-01-04T02:18:50.299+0000] {logging_mixin.py:188} INFO - [2024-01-04T02:18:50.299+0000] {dagbag.py:538} INFO - Filling up the DagBag from /home/airflow/.local/lib/python3.8/site-packages/airflow/example_dags/example_params_trigger_ui.py
[2024-01-04T02:18:50.309+0000] {processor.py:840} INFO - DAG(s) 'example_params_trigger_ui' retrieved from /home/airflow/.local/lib/python3.8/site-packages/airflow/example_dags/example_params_trigger_ui.py
[2024-01-04T02:18:50.347+0000] {logging_mixin.py:188} INFO - [2024-01-04T02:18:50.347+0000] {dag.py:3033} INFO - Sync 1 DAGs
[2024-01-04T02:18:50.358+0000] {logging_mixin.py:188} INFO - [2024-01-04T02:18:50.358+0000] {dag.py:3820} INFO - Setting next_dagrun for example_params_trigger_ui to None, run_after=None
[2024-01-04T02:18:50.372+0000] {processor.py:183} INFO - Processing /home/airflow/.local/lib/python3.8/site-packages/airflow/example_dags/example_params_trigger_ui.py took 0.077 seconds
[2024-01-04T02:19:20.490+0000] {processor.py:161} INFO - Started process (PID=557) to work on /home/airflow/.local/lib/python3.8/site-packages/airflow/example_dags/example_params_trigger_ui.py
[2024-01-04T02:19:20.490+0000] {processor.py:830} INFO - Processing file /home/airflow/.local/lib/python3.8/site-packages/airflow/example_dags/example_params_trigger_ui.py for tasks to queue
[2024-01-04T02:19:20.492+0000] {logging_mixin.py:188} INFO - [2024-01-04T02:19:20.492+0000] {dagbag.py:538} INFO - Filling up the DagBag from /home/airflow/.local/lib/python3.8/site-packages/airflow/example_dags/example_params_trigger_ui.py
[2024-01-04T02:19:20.501+0000] {processor.py:840} INFO - DAG(s) 'example_params_trigger_ui' retrieved from /home/airflow/.local/lib/python3.8/site-packages/airflow/example_dags/example_params_trigger_ui.py
[2024-01-04T02:19:20.538+0000] {logging_mixin.py:188} INFO - [2024-01-04T02:19:20.538+0000] {dag.py:3033} INFO - Sync 1 DAGs
[2024-01-04T02:19:20.547+0000] {logging_mixin.py:188} INFO - [2024-01-04T02:19:20.547+0000] {dag.py:3820} INFO - Setting next_dagrun for example_params_trigger_ui to None, run_after=None
[2024-01-04T02:19:20.561+0000] {processor.py:183} INFO - Processing /home/airflow/.local/lib/python3.8/site-packages/airflow/example_dags/example_params_trigger_ui.py took 0.073 seconds
[2024-01-04T02:19:50.656+0000] {processor.py:161} INFO - Started process (PID=612) to work on /home/airflow/.local/lib/python3.8/site-packages/airflow/example_dags/example_params_trigger_ui.py
[2024-01-04T02:19:50.657+0000] {processor.py:830} INFO - Processing file /home/airflow/.local/lib/python3.8/site-packages/airflow/example_dags/example_params_trigger_ui.py for tasks to queue
[2024-01-04T02:19:50.659+0000] {logging_mixin.py:188} INFO - [2024-01-04T02:19:50.659+0000] {dagbag.py:538} INFO - Filling up the DagBag from /home/airflow/.local/lib/python3.8/site-packages/airflow/example_dags/example_params_trigger_ui.py
[2024-01-04T02:19:50.668+0000] {processor.py:840} INFO - DAG(s) 'example_params_trigger_ui' retrieved from /home/airflow/.local/lib/python3.8/site-packages/airflow/example_dags/example_params_trigger_ui.py
[2024-01-04T02:19:50.708+0000] {logging_mixin.py:188} INFO - [2024-01-04T02:19:50.708+0000] {dag.py:3033} INFO - Sync 1 DAGs
[2024-01-04T02:19:50.716+0000] {logging_mixin.py:188} INFO - [2024-01-04T02:19:50.716+0000] {dag.py:3820} INFO - Setting next_dagrun for example_params_trigger_ui to None, run_after=None
[2024-01-04T02:19:50.732+0000] {processor.py:183} INFO - Processing /home/airflow/.local/lib/python3.8/site-packages/airflow/example_dags/example_params_trigger_ui.py took 0.079 seconds
[2024-01-04T02:20:21.680+0000] {processor.py:161} INFO - Started process (PID=667) to work on /home/airflow/.local/lib/python3.8/site-packages/airflow/example_dags/example_params_trigger_ui.py
[2024-01-04T02:20:21.681+0000] {processor.py:830} INFO - Processing file /home/airflow/.local/lib/python3.8/site-packages/airflow/example_dags/example_params_trigger_ui.py for tasks to queue
[2024-01-04T02:20:21.684+0000] {logging_mixin.py:188} INFO - [2024-01-04T02:20:21.683+0000] {dagbag.py:538} INFO - Filling up the DagBag from /home/airflow/.local/lib/python3.8/site-packages/airflow/example_dags/example_params_trigger_ui.py
[2024-01-04T02:20:21.693+0000] {processor.py:840} INFO - DAG(s) 'example_params_trigger_ui' retrieved from /home/airflow/.local/lib/python3.8/site-packages/airflow/example_dags/example_params_trigger_ui.py
[2024-01-04T02:20:21.733+0000] {logging_mixin.py:188} INFO - [2024-01-04T02:20:21.733+0000] {dag.py:3033} INFO - Sync 1 DAGs
[2024-01-04T02:20:21.742+0000] {logging_mixin.py:188} INFO - [2024-01-04T02:20:21.742+0000] {dag.py:3820} INFO - Setting next_dagrun for example_params_trigger_ui to None, run_after=None
[2024-01-04T02:20:21.757+0000] {processor.py:183} INFO - Processing /home/airflow/.local/lib/python3.8/site-packages/airflow/example_dags/example_params_trigger_ui.py took 0.080 seconds
[2024-01-04T02:20:52.122+0000] {processor.py:161} INFO - Started process (PID=722) to work on /home/airflow/.local/lib/python3.8/site-packages/airflow/example_dags/example_params_trigger_ui.py
[2024-01-04T02:20:52.122+0000] {processor.py:830} INFO - Processing file /home/airflow/.local/lib/python3.8/site-packages/airflow/example_dags/example_params_trigger_ui.py for tasks to queue
[2024-01-04T02:20:52.124+0000] {logging_mixin.py:188} INFO - [2024-01-04T02:20:52.124+0000] {dagbag.py:538} INFO - Filling up the DagBag from /home/airflow/.local/lib/python3.8/site-packages/airflow/example_dags/example_params_trigger_ui.py
[2024-01-04T02:20:52.134+0000] {processor.py:840} INFO - DAG(s) 'example_params_trigger_ui' retrieved from /home/airflow/.local/lib/python3.8/site-packages/airflow/example_dags/example_params_trigger_ui.py
[2024-01-04T02:20:52.179+0000] {logging_mixin.py:188} INFO - [2024-01-04T02:20:52.179+0000] {dag.py:3033} INFO - Sync 1 DAGs
[2024-01-04T02:20:52.190+0000] {logging_mixin.py:188} INFO - [2024-01-04T02:20:52.190+0000] {dag.py:3820} INFO - Setting next_dagrun for example_params_trigger_ui to None, run_after=None
[2024-01-04T02:20:52.208+0000] {processor.py:183} INFO - Processing /home/airflow/.local/lib/python3.8/site-packages/airflow/example_dags/example_params_trigger_ui.py took 0.090 seconds
[2024-01-04T02:21:22.287+0000] {processor.py:161} INFO - Started process (PID=776) to work on /home/airflow/.local/lib/python3.8/site-packages/airflow/example_dags/example_params_trigger_ui.py
[2024-01-04T02:21:22.288+0000] {processor.py:830} INFO - Processing file /home/airflow/.local/lib/python3.8/site-packages/airflow/example_dags/example_params_trigger_ui.py for tasks to queue
[2024-01-04T02:21:22.290+0000] {logging_mixin.py:188} INFO - [2024-01-04T02:21:22.289+0000] {dagbag.py:538} INFO - Filling up the DagBag from /home/airflow/.local/lib/python3.8/site-packages/airflow/example_dags/example_params_trigger_ui.py
[2024-01-04T02:21:22.299+0000] {processor.py:840} INFO - DAG(s) 'example_params_trigger_ui' retrieved from /home/airflow/.local/lib/python3.8/site-packages/airflow/example_dags/example_params_trigger_ui.py
[2024-01-04T02:21:22.334+0000] {logging_mixin.py:188} INFO - [2024-01-04T02:21:22.334+0000] {dag.py:3033} INFO - Sync 1 DAGs
[2024-01-04T02:21:22.343+0000] {logging_mixin.py:188} INFO - [2024-01-04T02:21:22.343+0000] {dag.py:3820} INFO - Setting next_dagrun for example_params_trigger_ui to None, run_after=None
[2024-01-04T02:21:22.358+0000] {processor.py:183} INFO - Processing /home/airflow/.local/lib/python3.8/site-packages/airflow/example_dags/example_params_trigger_ui.py took 0.073 seconds
[2024-01-04T02:21:52.521+0000] {processor.py:161} INFO - Started process (PID=832) to work on /home/airflow/.local/lib/python3.8/site-packages/airflow/example_dags/example_params_trigger_ui.py
[2024-01-04T02:21:52.521+0000] {processor.py:830} INFO - Processing file /home/airflow/.local/lib/python3.8/site-packages/airflow/example_dags/example_params_trigger_ui.py for tasks to queue
[2024-01-04T02:21:52.523+0000] {logging_mixin.py:188} INFO - [2024-01-04T02:21:52.523+0000] {dagbag.py:538} INFO - Filling up the DagBag from /home/airflow/.local/lib/python3.8/site-packages/airflow/example_dags/example_params_trigger_ui.py
[2024-01-04T02:21:52.533+0000] {processor.py:840} INFO - DAG(s) 'example_params_trigger_ui' retrieved from /home/airflow/.local/lib/python3.8/site-packages/airflow/example_dags/example_params_trigger_ui.py
[2024-01-04T02:21:52.572+0000] {logging_mixin.py:188} INFO - [2024-01-04T02:21:52.572+0000] {dag.py:3033} INFO - Sync 1 DAGs
[2024-01-04T02:21:52.583+0000] {logging_mixin.py:188} INFO - [2024-01-04T02:21:52.583+0000] {dag.py:3820} INFO - Setting next_dagrun for example_params_trigger_ui to None, run_after=None
[2024-01-04T02:21:52.603+0000] {processor.py:183} INFO - Processing /home/airflow/.local/lib/python3.8/site-packages/airflow/example_dags/example_params_trigger_ui.py took 0.084 seconds
[2024-01-04T02:22:22.685+0000] {processor.py:161} INFO - Started process (PID=887) to work on /home/airflow/.local/lib/python3.8/site-packages/airflow/example_dags/example_params_trigger_ui.py
[2024-01-04T02:22:22.686+0000] {processor.py:830} INFO - Processing file /home/airflow/.local/lib/python3.8/site-packages/airflow/example_dags/example_params_trigger_ui.py for tasks to queue
[2024-01-04T02:22:22.687+0000] {logging_mixin.py:188} INFO - [2024-01-04T02:22:22.687+0000] {dagbag.py:538} INFO - Filling up the DagBag from /home/airflow/.local/lib/python3.8/site-packages/airflow/example_dags/example_params_trigger_ui.py
[2024-01-04T02:22:22.696+0000] {processor.py:840} INFO - DAG(s) 'example_params_trigger_ui' retrieved from /home/airflow/.local/lib/python3.8/site-packages/airflow/example_dags/example_params_trigger_ui.py
[2024-01-04T02:22:22.733+0000] {logging_mixin.py:188} INFO - [2024-01-04T02:22:22.733+0000] {dag.py:3033} INFO - Sync 1 DAGs
[2024-01-04T02:22:22.742+0000] {logging_mixin.py:188} INFO - [2024-01-04T02:22:22.742+0000] {dag.py:3820} INFO - Setting next_dagrun for example_params_trigger_ui to None, run_after=None
[2024-01-04T02:22:22.758+0000] {processor.py:183} INFO - Processing /home/airflow/.local/lib/python3.8/site-packages/airflow/example_dags/example_params_trigger_ui.py took 0.075 seconds
