[2024-01-04T02:14:49.465+0000] {processor.py:161} INFO - Started process (PID=77) to work on /home/airflow/.local/lib/python3.8/site-packages/airflow/example_dags/example_datasets.py
[2024-01-04T02:14:49.466+0000] {processor.py:830} INFO - Processing file /home/airflow/.local/lib/python3.8/site-packages/airflow/example_dags/example_datasets.py for tasks to queue
[2024-01-04T02:14:49.469+0000] {logging_mixin.py:188} INFO - [2024-01-04T02:14:49.469+0000] {dagbag.py:538} INFO - Filling up the DagBag from /home/airflow/.local/lib/python3.8/site-packages/airflow/example_dags/example_datasets.py
[2024-01-04T02:14:49.487+0000] {processor.py:840} INFO - DAG(s) 'dataset_produces_1', 'dataset_consumes_unknown_never_scheduled', 'dataset_consumes_1', 'dataset_consumes_1_never_scheduled', 'dataset_consumes_1_and_2', 'dataset_produces_2' retrieved from /home/airflow/.local/lib/python3.8/site-packages/airflow/example_dags/example_datasets.py
[2024-01-04T02:14:49.602+0000] {logging_mixin.py:188} INFO - [2024-01-04T02:14:49.601+0000] {override.py:1769} INFO - Created Permission View: can edit on DAG:dataset_produces_1
[2024-01-04T02:14:49.612+0000] {logging_mixin.py:188} INFO - [2024-01-04T02:14:49.612+0000] {override.py:1769} INFO - Created Permission View: can read on DAG:dataset_produces_1
[2024-01-04T02:14:49.618+0000] {logging_mixin.py:188} INFO - [2024-01-04T02:14:49.618+0000] {override.py:1769} INFO - Created Permission View: can delete on DAG:dataset_produces_1
[2024-01-04T02:14:49.630+0000] {logging_mixin.py:188} INFO - [2024-01-04T02:14:49.630+0000] {override.py:1769} INFO - Created Permission View: can edit on DAG:dataset_consumes_unknown_never_scheduled
[2024-01-04T02:14:49.637+0000] {logging_mixin.py:188} INFO - [2024-01-04T02:14:49.636+0000] {override.py:1769} INFO - Created Permission View: can read on DAG:dataset_consumes_unknown_never_scheduled
[2024-01-04T02:14:49.642+0000] {logging_mixin.py:188} INFO - [2024-01-04T02:14:49.642+0000] {override.py:1769} INFO - Created Permission View: can delete on DAG:dataset_consumes_unknown_never_scheduled
[2024-01-04T02:14:49.654+0000] {logging_mixin.py:188} INFO - [2024-01-04T02:14:49.653+0000] {override.py:1769} INFO - Created Permission View: can edit on DAG:dataset_consumes_1
[2024-01-04T02:14:49.660+0000] {logging_mixin.py:188} INFO - [2024-01-04T02:14:49.660+0000] {override.py:1769} INFO - Created Permission View: can read on DAG:dataset_consumes_1
[2024-01-04T02:14:49.665+0000] {logging_mixin.py:188} INFO - [2024-01-04T02:14:49.665+0000] {override.py:1769} INFO - Created Permission View: can delete on DAG:dataset_consumes_1
[2024-01-04T02:14:49.676+0000] {logging_mixin.py:188} INFO - [2024-01-04T02:14:49.676+0000] {override.py:1769} INFO - Created Permission View: can edit on DAG:dataset_consumes_1_never_scheduled
[2024-01-04T02:14:49.682+0000] {logging_mixin.py:188} INFO - [2024-01-04T02:14:49.682+0000] {override.py:1769} INFO - Created Permission View: can read on DAG:dataset_consumes_1_never_scheduled
[2024-01-04T02:14:49.688+0000] {logging_mixin.py:188} INFO - [2024-01-04T02:14:49.687+0000] {override.py:1769} INFO - Created Permission View: can delete on DAG:dataset_consumes_1_never_scheduled
[2024-01-04T02:14:49.698+0000] {logging_mixin.py:188} INFO - [2024-01-04T02:14:49.698+0000] {override.py:1769} INFO - Created Permission View: can edit on DAG:dataset_consumes_1_and_2
[2024-01-04T02:14:49.704+0000] {logging_mixin.py:188} INFO - [2024-01-04T02:14:49.704+0000] {override.py:1769} INFO - Created Permission View: can read on DAG:dataset_consumes_1_and_2
[2024-01-04T02:14:49.713+0000] {logging_mixin.py:188} INFO - [2024-01-04T02:14:49.710+0000] {override.py:1769} INFO - Created Permission View: can delete on DAG:dataset_consumes_1_and_2
[2024-01-04T02:14:49.756+0000] {logging_mixin.py:188} INFO - [2024-01-04T02:14:49.755+0000] {override.py:1769} INFO - Created Permission View: can edit on DAG:dataset_produces_2
[2024-01-04T02:14:49.778+0000] {logging_mixin.py:188} INFO - [2024-01-04T02:14:49.777+0000] {override.py:1769} INFO - Created Permission View: can read on DAG:dataset_produces_2
[2024-01-04T02:14:49.796+0000] {logging_mixin.py:188} INFO - [2024-01-04T02:14:49.795+0000] {override.py:1769} INFO - Created Permission View: can delete on DAG:dataset_produces_2
[2024-01-04T02:14:49.796+0000] {logging_mixin.py:188} INFO - [2024-01-04T02:14:49.796+0000] {dag.py:3033} INFO - Sync 6 DAGs
[2024-01-04T02:14:49.813+0000] {logging_mixin.py:188} INFO - [2024-01-04T02:14:49.812+0000] {dag.py:3055} INFO - Creating ORM DAG for dataset_consumes_1_never_scheduled
[2024-01-04T02:14:49.814+0000] {logging_mixin.py:188} INFO - [2024-01-04T02:14:49.814+0000] {dag.py:3055} INFO - Creating ORM DAG for dataset_consumes_unknown_never_scheduled
[2024-01-04T02:14:49.815+0000] {logging_mixin.py:188} INFO - [2024-01-04T02:14:49.815+0000] {dag.py:3055} INFO - Creating ORM DAG for dataset_produces_2
[2024-01-04T02:14:49.816+0000] {logging_mixin.py:188} INFO - [2024-01-04T02:14:49.815+0000] {dag.py:3055} INFO - Creating ORM DAG for dataset_consumes_1_and_2
[2024-01-04T02:14:49.816+0000] {logging_mixin.py:188} INFO - [2024-01-04T02:14:49.816+0000] {dag.py:3055} INFO - Creating ORM DAG for dataset_produces_1
[2024-01-04T02:14:49.817+0000] {logging_mixin.py:188} INFO - [2024-01-04T02:14:49.817+0000] {dag.py:3055} INFO - Creating ORM DAG for dataset_consumes_1
[2024-01-04T02:14:49.830+0000] {logging_mixin.py:188} INFO - [2024-01-04T02:14:49.830+0000] {dag.py:3820} INFO - Setting next_dagrun for dataset_consumes_1 to None, run_after=None
[2024-01-04T02:14:49.832+0000] {logging_mixin.py:188} INFO - [2024-01-04T02:14:49.832+0000] {dag.py:3820} INFO - Setting next_dagrun for dataset_consumes_1_and_2 to None, run_after=None
[2024-01-04T02:14:49.832+0000] {logging_mixin.py:188} INFO - [2024-01-04T02:14:49.832+0000] {dag.py:3820} INFO - Setting next_dagrun for dataset_consumes_1_never_scheduled to None, run_after=None
[2024-01-04T02:14:49.833+0000] {logging_mixin.py:188} INFO - [2024-01-04T02:14:49.833+0000] {dag.py:3820} INFO - Setting next_dagrun for dataset_consumes_unknown_never_scheduled to None, run_after=None
[2024-01-04T02:14:49.836+0000] {logging_mixin.py:188} INFO - [2024-01-04T02:14:49.836+0000] {dag.py:3820} INFO - Setting next_dagrun for dataset_produces_1 to 2024-01-03T00:00:00+00:00, run_after=2024-01-04T00:00:00+00:00
[2024-01-04T02:14:49.837+0000] {logging_mixin.py:188} INFO - [2024-01-04T02:14:49.837+0000] {dag.py:3820} INFO - Setting next_dagrun for dataset_produces_2 to None, run_after=None
[2024-01-04T02:14:49.892+0000] {processor.py:183} INFO - Processing /home/airflow/.local/lib/python3.8/site-packages/airflow/example_dags/example_datasets.py took 0.432 seconds
[2024-01-04T02:15:19.984+0000] {processor.py:161} INFO - Started process (PID=132) to work on /home/airflow/.local/lib/python3.8/site-packages/airflow/example_dags/example_datasets.py
[2024-01-04T02:15:19.985+0000] {processor.py:830} INFO - Processing file /home/airflow/.local/lib/python3.8/site-packages/airflow/example_dags/example_datasets.py for tasks to queue
[2024-01-04T02:15:19.987+0000] {logging_mixin.py:188} INFO - [2024-01-04T02:15:19.987+0000] {dagbag.py:538} INFO - Filling up the DagBag from /home/airflow/.local/lib/python3.8/site-packages/airflow/example_dags/example_datasets.py
[2024-01-04T02:15:19.994+0000] {processor.py:840} INFO - DAG(s) 'dataset_produces_2', 'dataset_consumes_unknown_never_scheduled', 'dataset_produces_1', 'dataset_consumes_1', 'dataset_consumes_1_never_scheduled', 'dataset_consumes_1_and_2' retrieved from /home/airflow/.local/lib/python3.8/site-packages/airflow/example_dags/example_datasets.py
[2024-01-04T02:15:20.024+0000] {logging_mixin.py:188} INFO - [2024-01-04T02:15:20.024+0000] {dag.py:3033} INFO - Sync 6 DAGs
[2024-01-04T02:15:20.044+0000] {logging_mixin.py:188} INFO - [2024-01-04T02:15:20.043+0000] {dag.py:3820} INFO - Setting next_dagrun for dataset_consumes_1 to None, run_after=None
[2024-01-04T02:15:20.046+0000] {logging_mixin.py:188} INFO - [2024-01-04T02:15:20.046+0000] {dag.py:3820} INFO - Setting next_dagrun for dataset_consumes_1_and_2 to None, run_after=None
[2024-01-04T02:15:20.047+0000] {logging_mixin.py:188} INFO - [2024-01-04T02:15:20.047+0000] {dag.py:3820} INFO - Setting next_dagrun for dataset_consumes_1_never_scheduled to None, run_after=None
[2024-01-04T02:15:20.049+0000] {logging_mixin.py:188} INFO - [2024-01-04T02:15:20.048+0000] {dag.py:3820} INFO - Setting next_dagrun for dataset_consumes_unknown_never_scheduled to None, run_after=None
[2024-01-04T02:15:20.051+0000] {logging_mixin.py:188} INFO - [2024-01-04T02:15:20.050+0000] {dag.py:3820} INFO - Setting next_dagrun for dataset_produces_1 to 2024-01-03T00:00:00+00:00, run_after=2024-01-04T00:00:00+00:00
[2024-01-04T02:15:20.052+0000] {logging_mixin.py:188} INFO - [2024-01-04T02:15:20.051+0000] {dag.py:3820} INFO - Setting next_dagrun for dataset_produces_2 to None, run_after=None
[2024-01-04T02:15:20.082+0000] {processor.py:183} INFO - Processing /home/airflow/.local/lib/python3.8/site-packages/airflow/example_dags/example_datasets.py took 0.100 seconds
[2024-01-04T02:15:50.547+0000] {processor.py:161} INFO - Started process (PID=187) to work on /home/airflow/.local/lib/python3.8/site-packages/airflow/example_dags/example_datasets.py
[2024-01-04T02:15:50.548+0000] {processor.py:830} INFO - Processing file /home/airflow/.local/lib/python3.8/site-packages/airflow/example_dags/example_datasets.py for tasks to queue
[2024-01-04T02:15:50.549+0000] {logging_mixin.py:188} INFO - [2024-01-04T02:15:50.549+0000] {dagbag.py:538} INFO - Filling up the DagBag from /home/airflow/.local/lib/python3.8/site-packages/airflow/example_dags/example_datasets.py
[2024-01-04T02:15:50.555+0000] {processor.py:840} INFO - DAG(s) 'dataset_consumes_1_never_scheduled', 'dataset_produces_2', 'dataset_consumes_unknown_never_scheduled', 'dataset_consumes_1_and_2', 'dataset_consumes_1', 'dataset_produces_1' retrieved from /home/airflow/.local/lib/python3.8/site-packages/airflow/example_dags/example_datasets.py
[2024-01-04T02:15:50.584+0000] {logging_mixin.py:188} INFO - [2024-01-04T02:15:50.583+0000] {dag.py:3033} INFO - Sync 6 DAGs
[2024-01-04T02:15:50.599+0000] {logging_mixin.py:188} INFO - [2024-01-04T02:15:50.599+0000] {dag.py:3820} INFO - Setting next_dagrun for dataset_consumes_1 to None, run_after=None
[2024-01-04T02:15:50.602+0000] {logging_mixin.py:188} INFO - [2024-01-04T02:15:50.602+0000] {dag.py:3820} INFO - Setting next_dagrun for dataset_consumes_1_and_2 to None, run_after=None
[2024-01-04T02:15:50.603+0000] {logging_mixin.py:188} INFO - [2024-01-04T02:15:50.603+0000] {dag.py:3820} INFO - Setting next_dagrun for dataset_consumes_1_never_scheduled to None, run_after=None
[2024-01-04T02:15:50.605+0000] {logging_mixin.py:188} INFO - [2024-01-04T02:15:50.605+0000] {dag.py:3820} INFO - Setting next_dagrun for dataset_consumes_unknown_never_scheduled to None, run_after=None
[2024-01-04T02:15:50.607+0000] {logging_mixin.py:188} INFO - [2024-01-04T02:15:50.607+0000] {dag.py:3820} INFO - Setting next_dagrun for dataset_produces_1 to 2024-01-03T00:00:00+00:00, run_after=2024-01-04T00:00:00+00:00
[2024-01-04T02:15:50.608+0000] {logging_mixin.py:188} INFO - [2024-01-04T02:15:50.608+0000] {dag.py:3820} INFO - Setting next_dagrun for dataset_produces_2 to None, run_after=None
[2024-01-04T02:15:50.630+0000] {processor.py:183} INFO - Processing /home/airflow/.local/lib/python3.8/site-packages/airflow/example_dags/example_datasets.py took 0.086 seconds
[2024-01-04T02:16:20.807+0000] {processor.py:161} INFO - Started process (PID=242) to work on /home/airflow/.local/lib/python3.8/site-packages/airflow/example_dags/example_datasets.py
[2024-01-04T02:16:20.808+0000] {processor.py:830} INFO - Processing file /home/airflow/.local/lib/python3.8/site-packages/airflow/example_dags/example_datasets.py for tasks to queue
[2024-01-04T02:16:20.809+0000] {logging_mixin.py:188} INFO - [2024-01-04T02:16:20.809+0000] {dagbag.py:538} INFO - Filling up the DagBag from /home/airflow/.local/lib/python3.8/site-packages/airflow/example_dags/example_datasets.py
[2024-01-04T02:16:20.816+0000] {processor.py:840} INFO - DAG(s) 'dataset_produces_2', 'dataset_consumes_1', 'dataset_consumes_1_never_scheduled', 'dataset_produces_1', 'dataset_consumes_unknown_never_scheduled', 'dataset_consumes_1_and_2' retrieved from /home/airflow/.local/lib/python3.8/site-packages/airflow/example_dags/example_datasets.py
[2024-01-04T02:16:20.843+0000] {logging_mixin.py:188} INFO - [2024-01-04T02:16:20.843+0000] {dag.py:3033} INFO - Sync 6 DAGs
[2024-01-04T02:16:20.860+0000] {logging_mixin.py:188} INFO - [2024-01-04T02:16:20.860+0000] {dag.py:3820} INFO - Setting next_dagrun for dataset_consumes_1 to None, run_after=None
[2024-01-04T02:16:20.863+0000] {logging_mixin.py:188} INFO - [2024-01-04T02:16:20.863+0000] {dag.py:3820} INFO - Setting next_dagrun for dataset_consumes_1_and_2 to None, run_after=None
[2024-01-04T02:16:20.865+0000] {logging_mixin.py:188} INFO - [2024-01-04T02:16:20.864+0000] {dag.py:3820} INFO - Setting next_dagrun for dataset_consumes_1_never_scheduled to None, run_after=None
[2024-01-04T02:16:20.866+0000] {logging_mixin.py:188} INFO - [2024-01-04T02:16:20.866+0000] {dag.py:3820} INFO - Setting next_dagrun for dataset_consumes_unknown_never_scheduled to None, run_after=None
[2024-01-04T02:16:20.869+0000] {logging_mixin.py:188} INFO - [2024-01-04T02:16:20.869+0000] {dag.py:3820} INFO - Setting next_dagrun for dataset_produces_1 to 2024-01-03T00:00:00+00:00, run_after=2024-01-04T00:00:00+00:00
[2024-01-04T02:16:20.871+0000] {logging_mixin.py:188} INFO - [2024-01-04T02:16:20.870+0000] {dag.py:3820} INFO - Setting next_dagrun for dataset_produces_2 to None, run_after=None
[2024-01-04T02:16:20.897+0000] {processor.py:183} INFO - Processing /home/airflow/.local/lib/python3.8/site-packages/airflow/example_dags/example_datasets.py took 0.093 seconds
[2024-01-04T02:16:51.260+0000] {processor.py:161} INFO - Started process (PID=297) to work on /home/airflow/.local/lib/python3.8/site-packages/airflow/example_dags/example_datasets.py
[2024-01-04T02:16:51.261+0000] {processor.py:830} INFO - Processing file /home/airflow/.local/lib/python3.8/site-packages/airflow/example_dags/example_datasets.py for tasks to queue
[2024-01-04T02:16:51.263+0000] {logging_mixin.py:188} INFO - [2024-01-04T02:16:51.263+0000] {dagbag.py:538} INFO - Filling up the DagBag from /home/airflow/.local/lib/python3.8/site-packages/airflow/example_dags/example_datasets.py
[2024-01-04T02:16:51.269+0000] {processor.py:840} INFO - DAG(s) 'dataset_consumes_1_and_2', 'dataset_consumes_1', 'dataset_consumes_1_never_scheduled', 'dataset_produces_1', 'dataset_consumes_unknown_never_scheduled', 'dataset_produces_2' retrieved from /home/airflow/.local/lib/python3.8/site-packages/airflow/example_dags/example_datasets.py
[2024-01-04T02:16:51.298+0000] {logging_mixin.py:188} INFO - [2024-01-04T02:16:51.298+0000] {dag.py:3033} INFO - Sync 6 DAGs
[2024-01-04T02:16:51.314+0000] {logging_mixin.py:188} INFO - [2024-01-04T02:16:51.314+0000] {dag.py:3820} INFO - Setting next_dagrun for dataset_consumes_1 to None, run_after=None
[2024-01-04T02:16:51.316+0000] {logging_mixin.py:188} INFO - [2024-01-04T02:16:51.316+0000] {dag.py:3820} INFO - Setting next_dagrun for dataset_consumes_1_and_2 to None, run_after=None
[2024-01-04T02:16:51.318+0000] {logging_mixin.py:188} INFO - [2024-01-04T02:16:51.318+0000] {dag.py:3820} INFO - Setting next_dagrun for dataset_consumes_1_never_scheduled to None, run_after=None
[2024-01-04T02:16:51.319+0000] {logging_mixin.py:188} INFO - [2024-01-04T02:16:51.319+0000] {dag.py:3820} INFO - Setting next_dagrun for dataset_consumes_unknown_never_scheduled to None, run_after=None
[2024-01-04T02:16:51.321+0000] {logging_mixin.py:188} INFO - [2024-01-04T02:16:51.321+0000] {dag.py:3820} INFO - Setting next_dagrun for dataset_produces_1 to 2024-01-03T00:00:00+00:00, run_after=2024-01-04T00:00:00+00:00
[2024-01-04T02:16:51.323+0000] {logging_mixin.py:188} INFO - [2024-01-04T02:16:51.323+0000] {dag.py:3820} INFO - Setting next_dagrun for dataset_produces_2 to None, run_after=None
[2024-01-04T02:16:51.343+0000] {processor.py:183} INFO - Processing /home/airflow/.local/lib/python3.8/site-packages/airflow/example_dags/example_datasets.py took 0.086 seconds
[2024-01-04T02:17:21.378+0000] {processor.py:161} INFO - Started process (PID=352) to work on /home/airflow/.local/lib/python3.8/site-packages/airflow/example_dags/example_datasets.py
[2024-01-04T02:17:21.379+0000] {processor.py:830} INFO - Processing file /home/airflow/.local/lib/python3.8/site-packages/airflow/example_dags/example_datasets.py for tasks to queue
[2024-01-04T02:17:21.381+0000] {logging_mixin.py:188} INFO - [2024-01-04T02:17:21.381+0000] {dagbag.py:538} INFO - Filling up the DagBag from /home/airflow/.local/lib/python3.8/site-packages/airflow/example_dags/example_datasets.py
[2024-01-04T02:17:21.387+0000] {processor.py:840} INFO - DAG(s) 'dataset_produces_1', 'dataset_consumes_unknown_never_scheduled', 'dataset_produces_2', 'dataset_consumes_1_and_2', 'dataset_consumes_1', 'dataset_consumes_1_never_scheduled' retrieved from /home/airflow/.local/lib/python3.8/site-packages/airflow/example_dags/example_datasets.py
[2024-01-04T02:17:21.413+0000] {logging_mixin.py:188} INFO - [2024-01-04T02:17:21.413+0000] {dag.py:3033} INFO - Sync 6 DAGs
[2024-01-04T02:17:21.435+0000] {logging_mixin.py:188} INFO - [2024-01-04T02:17:21.434+0000] {dag.py:3820} INFO - Setting next_dagrun for dataset_consumes_1 to None, run_after=None
[2024-01-04T02:17:21.438+0000] {logging_mixin.py:188} INFO - [2024-01-04T02:17:21.438+0000] {dag.py:3820} INFO - Setting next_dagrun for dataset_consumes_1_and_2 to None, run_after=None
[2024-01-04T02:17:21.440+0000] {logging_mixin.py:188} INFO - [2024-01-04T02:17:21.440+0000] {dag.py:3820} INFO - Setting next_dagrun for dataset_consumes_1_never_scheduled to None, run_after=None
[2024-01-04T02:17:21.441+0000] {logging_mixin.py:188} INFO - [2024-01-04T02:17:21.441+0000] {dag.py:3820} INFO - Setting next_dagrun for dataset_consumes_unknown_never_scheduled to None, run_after=None
[2024-01-04T02:17:21.443+0000] {logging_mixin.py:188} INFO - [2024-01-04T02:17:21.443+0000] {dag.py:3820} INFO - Setting next_dagrun for dataset_produces_1 to 2024-01-03T00:00:00+00:00, run_after=2024-01-04T00:00:00+00:00
[2024-01-04T02:17:21.444+0000] {logging_mixin.py:188} INFO - [2024-01-04T02:17:21.444+0000] {dag.py:3820} INFO - Setting next_dagrun for dataset_produces_2 to None, run_after=None
[2024-01-04T02:17:21.470+0000] {processor.py:183} INFO - Processing /home/airflow/.local/lib/python3.8/site-packages/airflow/example_dags/example_datasets.py took 0.094 seconds
[2024-01-04T02:17:52.424+0000] {processor.py:161} INFO - Started process (PID=407) to work on /home/airflow/.local/lib/python3.8/site-packages/airflow/example_dags/example_datasets.py
[2024-01-04T02:17:52.425+0000] {processor.py:830} INFO - Processing file /home/airflow/.local/lib/python3.8/site-packages/airflow/example_dags/example_datasets.py for tasks to queue
[2024-01-04T02:17:52.427+0000] {logging_mixin.py:188} INFO - [2024-01-04T02:17:52.427+0000] {dagbag.py:538} INFO - Filling up the DagBag from /home/airflow/.local/lib/python3.8/site-packages/airflow/example_dags/example_datasets.py
[2024-01-04T02:17:52.434+0000] {processor.py:840} INFO - DAG(s) 'dataset_consumes_1', 'dataset_produces_2', 'dataset_produces_1', 'dataset_consumes_1_and_2', 'dataset_consumes_unknown_never_scheduled', 'dataset_consumes_1_never_scheduled' retrieved from /home/airflow/.local/lib/python3.8/site-packages/airflow/example_dags/example_datasets.py
[2024-01-04T02:17:52.458+0000] {logging_mixin.py:188} INFO - [2024-01-04T02:17:52.457+0000] {dag.py:3033} INFO - Sync 6 DAGs
[2024-01-04T02:17:52.474+0000] {logging_mixin.py:188} INFO - [2024-01-04T02:17:52.474+0000] {dag.py:3820} INFO - Setting next_dagrun for dataset_consumes_1 to None, run_after=None
[2024-01-04T02:17:52.477+0000] {logging_mixin.py:188} INFO - [2024-01-04T02:17:52.477+0000] {dag.py:3820} INFO - Setting next_dagrun for dataset_consumes_1_and_2 to None, run_after=None
[2024-01-04T02:17:52.479+0000] {logging_mixin.py:188} INFO - [2024-01-04T02:17:52.479+0000] {dag.py:3820} INFO - Setting next_dagrun for dataset_consumes_1_never_scheduled to None, run_after=None
[2024-01-04T02:17:52.481+0000] {logging_mixin.py:188} INFO - [2024-01-04T02:17:52.480+0000] {dag.py:3820} INFO - Setting next_dagrun for dataset_consumes_unknown_never_scheduled to None, run_after=None
[2024-01-04T02:17:52.484+0000] {logging_mixin.py:188} INFO - [2024-01-04T02:17:52.483+0000] {dag.py:3820} INFO - Setting next_dagrun for dataset_produces_1 to 2024-01-03T00:00:00+00:00, run_after=2024-01-04T00:00:00+00:00
[2024-01-04T02:17:52.486+0000] {logging_mixin.py:188} INFO - [2024-01-04T02:17:52.486+0000] {dag.py:3820} INFO - Setting next_dagrun for dataset_produces_2 to None, run_after=None
[2024-01-04T02:17:52.513+0000] {processor.py:183} INFO - Processing /home/airflow/.local/lib/python3.8/site-packages/airflow/example_dags/example_datasets.py took 0.091 seconds
[2024-01-04T02:18:22.876+0000] {processor.py:161} INFO - Started process (PID=463) to work on /home/airflow/.local/lib/python3.8/site-packages/airflow/example_dags/example_datasets.py
[2024-01-04T02:18:22.877+0000] {processor.py:830} INFO - Processing file /home/airflow/.local/lib/python3.8/site-packages/airflow/example_dags/example_datasets.py for tasks to queue
[2024-01-04T02:18:22.878+0000] {logging_mixin.py:188} INFO - [2024-01-04T02:18:22.878+0000] {dagbag.py:538} INFO - Filling up the DagBag from /home/airflow/.local/lib/python3.8/site-packages/airflow/example_dags/example_datasets.py
[2024-01-04T02:18:22.887+0000] {processor.py:840} INFO - DAG(s) 'dataset_consumes_1_never_scheduled', 'dataset_consumes_1', 'dataset_produces_1', 'dataset_consumes_1_and_2', 'dataset_consumes_unknown_never_scheduled', 'dataset_produces_2' retrieved from /home/airflow/.local/lib/python3.8/site-packages/airflow/example_dags/example_datasets.py
[2024-01-04T02:18:22.920+0000] {logging_mixin.py:188} INFO - [2024-01-04T02:18:22.920+0000] {dag.py:3033} INFO - Sync 6 DAGs
[2024-01-04T02:18:22.943+0000] {logging_mixin.py:188} INFO - [2024-01-04T02:18:22.943+0000] {dag.py:3820} INFO - Setting next_dagrun for dataset_consumes_1 to None, run_after=None
[2024-01-04T02:18:22.949+0000] {logging_mixin.py:188} INFO - [2024-01-04T02:18:22.949+0000] {dag.py:3820} INFO - Setting next_dagrun for dataset_consumes_1_and_2 to None, run_after=None
[2024-01-04T02:18:22.951+0000] {logging_mixin.py:188} INFO - [2024-01-04T02:18:22.950+0000] {dag.py:3820} INFO - Setting next_dagrun for dataset_consumes_1_never_scheduled to None, run_after=None
[2024-01-04T02:18:22.952+0000] {logging_mixin.py:188} INFO - [2024-01-04T02:18:22.952+0000] {dag.py:3820} INFO - Setting next_dagrun for dataset_consumes_unknown_never_scheduled to None, run_after=None
[2024-01-04T02:18:22.955+0000] {logging_mixin.py:188} INFO - [2024-01-04T02:18:22.955+0000] {dag.py:3820} INFO - Setting next_dagrun for dataset_produces_1 to 2024-01-03T00:00:00+00:00, run_after=2024-01-04T00:00:00+00:00
[2024-01-04T02:18:22.958+0000] {logging_mixin.py:188} INFO - [2024-01-04T02:18:22.958+0000] {dag.py:3820} INFO - Setting next_dagrun for dataset_produces_2 to None, run_after=None
[2024-01-04T02:18:22.995+0000] {processor.py:183} INFO - Processing /home/airflow/.local/lib/python3.8/site-packages/airflow/example_dags/example_datasets.py took 0.122 seconds
[2024-01-04T02:18:53.911+0000] {processor.py:161} INFO - Started process (PID=518) to work on /home/airflow/.local/lib/python3.8/site-packages/airflow/example_dags/example_datasets.py
[2024-01-04T02:18:53.912+0000] {processor.py:830} INFO - Processing file /home/airflow/.local/lib/python3.8/site-packages/airflow/example_dags/example_datasets.py for tasks to queue
[2024-01-04T02:18:53.913+0000] {logging_mixin.py:188} INFO - [2024-01-04T02:18:53.913+0000] {dagbag.py:538} INFO - Filling up the DagBag from /home/airflow/.local/lib/python3.8/site-packages/airflow/example_dags/example_datasets.py
[2024-01-04T02:18:53.919+0000] {processor.py:840} INFO - DAG(s) 'dataset_consumes_1_never_scheduled', 'dataset_consumes_1', 'dataset_consumes_1_and_2', 'dataset_produces_1', 'dataset_produces_2', 'dataset_consumes_unknown_never_scheduled' retrieved from /home/airflow/.local/lib/python3.8/site-packages/airflow/example_dags/example_datasets.py
[2024-01-04T02:18:53.944+0000] {logging_mixin.py:188} INFO - [2024-01-04T02:18:53.944+0000] {dag.py:3033} INFO - Sync 6 DAGs
[2024-01-04T02:18:53.959+0000] {logging_mixin.py:188} INFO - [2024-01-04T02:18:53.958+0000] {dag.py:3820} INFO - Setting next_dagrun for dataset_consumes_1 to None, run_after=None
[2024-01-04T02:18:53.961+0000] {logging_mixin.py:188} INFO - [2024-01-04T02:18:53.961+0000] {dag.py:3820} INFO - Setting next_dagrun for dataset_consumes_1_and_2 to None, run_after=None
[2024-01-04T02:18:53.963+0000] {logging_mixin.py:188} INFO - [2024-01-04T02:18:53.963+0000] {dag.py:3820} INFO - Setting next_dagrun for dataset_consumes_1_never_scheduled to None, run_after=None
[2024-01-04T02:18:53.964+0000] {logging_mixin.py:188} INFO - [2024-01-04T02:18:53.964+0000] {dag.py:3820} INFO - Setting next_dagrun for dataset_consumes_unknown_never_scheduled to None, run_after=None
[2024-01-04T02:18:53.966+0000] {logging_mixin.py:188} INFO - [2024-01-04T02:18:53.966+0000] {dag.py:3820} INFO - Setting next_dagrun for dataset_produces_1 to 2024-01-03T00:00:00+00:00, run_after=2024-01-04T00:00:00+00:00
[2024-01-04T02:18:53.968+0000] {logging_mixin.py:188} INFO - [2024-01-04T02:18:53.968+0000] {dag.py:3820} INFO - Setting next_dagrun for dataset_produces_2 to None, run_after=None
[2024-01-04T02:18:53.997+0000] {processor.py:183} INFO - Processing /home/airflow/.local/lib/python3.8/site-packages/airflow/example_dags/example_datasets.py took 0.088 seconds
[2024-01-04T02:19:24.152+0000] {processor.py:161} INFO - Started process (PID=573) to work on /home/airflow/.local/lib/python3.8/site-packages/airflow/example_dags/example_datasets.py
[2024-01-04T02:19:24.153+0000] {processor.py:830} INFO - Processing file /home/airflow/.local/lib/python3.8/site-packages/airflow/example_dags/example_datasets.py for tasks to queue
[2024-01-04T02:19:24.155+0000] {logging_mixin.py:188} INFO - [2024-01-04T02:19:24.154+0000] {dagbag.py:538} INFO - Filling up the DagBag from /home/airflow/.local/lib/python3.8/site-packages/airflow/example_dags/example_datasets.py
[2024-01-04T02:19:24.160+0000] {processor.py:840} INFO - DAG(s) 'dataset_consumes_1_and_2', 'dataset_produces_1', 'dataset_consumes_1', 'dataset_consumes_unknown_never_scheduled', 'dataset_consumes_1_never_scheduled', 'dataset_produces_2' retrieved from /home/airflow/.local/lib/python3.8/site-packages/airflow/example_dags/example_datasets.py
[2024-01-04T02:19:24.188+0000] {logging_mixin.py:188} INFO - [2024-01-04T02:19:24.188+0000] {dag.py:3033} INFO - Sync 6 DAGs
[2024-01-04T02:19:24.205+0000] {logging_mixin.py:188} INFO - [2024-01-04T02:19:24.205+0000] {dag.py:3820} INFO - Setting next_dagrun for dataset_consumes_1 to None, run_after=None
[2024-01-04T02:19:24.208+0000] {logging_mixin.py:188} INFO - [2024-01-04T02:19:24.208+0000] {dag.py:3820} INFO - Setting next_dagrun for dataset_consumes_1_and_2 to None, run_after=None
[2024-01-04T02:19:24.210+0000] {logging_mixin.py:188} INFO - [2024-01-04T02:19:24.209+0000] {dag.py:3820} INFO - Setting next_dagrun for dataset_consumes_1_never_scheduled to None, run_after=None
[2024-01-04T02:19:24.211+0000] {logging_mixin.py:188} INFO - [2024-01-04T02:19:24.211+0000] {dag.py:3820} INFO - Setting next_dagrun for dataset_consumes_unknown_never_scheduled to None, run_after=None
[2024-01-04T02:19:24.213+0000] {logging_mixin.py:188} INFO - [2024-01-04T02:19:24.213+0000] {dag.py:3820} INFO - Setting next_dagrun for dataset_produces_1 to 2024-01-03T00:00:00+00:00, run_after=2024-01-04T00:00:00+00:00
[2024-01-04T02:19:24.214+0000] {logging_mixin.py:188} INFO - [2024-01-04T02:19:24.214+0000] {dag.py:3820} INFO - Setting next_dagrun for dataset_produces_2 to None, run_after=None
[2024-01-04T02:19:24.238+0000] {processor.py:183} INFO - Processing /home/airflow/.local/lib/python3.8/site-packages/airflow/example_dags/example_datasets.py took 0.089 seconds
[2024-01-04T02:19:54.373+0000] {processor.py:161} INFO - Started process (PID=628) to work on /home/airflow/.local/lib/python3.8/site-packages/airflow/example_dags/example_datasets.py
[2024-01-04T02:19:54.374+0000] {processor.py:830} INFO - Processing file /home/airflow/.local/lib/python3.8/site-packages/airflow/example_dags/example_datasets.py for tasks to queue
[2024-01-04T02:19:54.375+0000] {logging_mixin.py:188} INFO - [2024-01-04T02:19:54.375+0000] {dagbag.py:538} INFO - Filling up the DagBag from /home/airflow/.local/lib/python3.8/site-packages/airflow/example_dags/example_datasets.py
[2024-01-04T02:19:54.382+0000] {processor.py:840} INFO - DAG(s) 'dataset_consumes_1_and_2', 'dataset_produces_1', 'dataset_consumes_unknown_never_scheduled', 'dataset_produces_2', 'dataset_consumes_1_never_scheduled', 'dataset_consumes_1' retrieved from /home/airflow/.local/lib/python3.8/site-packages/airflow/example_dags/example_datasets.py
[2024-01-04T02:19:54.412+0000] {logging_mixin.py:188} INFO - [2024-01-04T02:19:54.412+0000] {dag.py:3033} INFO - Sync 6 DAGs
[2024-01-04T02:19:54.431+0000] {logging_mixin.py:188} INFO - [2024-01-04T02:19:54.430+0000] {dag.py:3820} INFO - Setting next_dagrun for dataset_consumes_1 to None, run_after=None
[2024-01-04T02:19:54.434+0000] {logging_mixin.py:188} INFO - [2024-01-04T02:19:54.434+0000] {dag.py:3820} INFO - Setting next_dagrun for dataset_consumes_1_and_2 to None, run_after=None
[2024-01-04T02:19:54.435+0000] {logging_mixin.py:188} INFO - [2024-01-04T02:19:54.435+0000] {dag.py:3820} INFO - Setting next_dagrun for dataset_consumes_1_never_scheduled to None, run_after=None
[2024-01-04T02:19:54.436+0000] {logging_mixin.py:188} INFO - [2024-01-04T02:19:54.436+0000] {dag.py:3820} INFO - Setting next_dagrun for dataset_consumes_unknown_never_scheduled to None, run_after=None
[2024-01-04T02:19:54.439+0000] {logging_mixin.py:188} INFO - [2024-01-04T02:19:54.439+0000] {dag.py:3820} INFO - Setting next_dagrun for dataset_produces_1 to 2024-01-03T00:00:00+00:00, run_after=2024-01-04T00:00:00+00:00
[2024-01-04T02:19:54.440+0000] {logging_mixin.py:188} INFO - [2024-01-04T02:19:54.440+0000] {dag.py:3820} INFO - Setting next_dagrun for dataset_produces_2 to None, run_after=None
[2024-01-04T02:19:54.466+0000] {processor.py:183} INFO - Processing /home/airflow/.local/lib/python3.8/site-packages/airflow/example_dags/example_datasets.py took 0.095 seconds
[2024-01-04T02:20:24.596+0000] {processor.py:161} INFO - Started process (PID=683) to work on /home/airflow/.local/lib/python3.8/site-packages/airflow/example_dags/example_datasets.py
[2024-01-04T02:20:24.597+0000] {processor.py:830} INFO - Processing file /home/airflow/.local/lib/python3.8/site-packages/airflow/example_dags/example_datasets.py for tasks to queue
[2024-01-04T02:20:24.598+0000] {logging_mixin.py:188} INFO - [2024-01-04T02:20:24.598+0000] {dagbag.py:538} INFO - Filling up the DagBag from /home/airflow/.local/lib/python3.8/site-packages/airflow/example_dags/example_datasets.py
[2024-01-04T02:20:24.605+0000] {processor.py:840} INFO - DAG(s) 'dataset_consumes_1_never_scheduled', 'dataset_produces_2', 'dataset_consumes_1', 'dataset_consumes_1_and_2', 'dataset_consumes_unknown_never_scheduled', 'dataset_produces_1' retrieved from /home/airflow/.local/lib/python3.8/site-packages/airflow/example_dags/example_datasets.py
[2024-01-04T02:20:24.630+0000] {logging_mixin.py:188} INFO - [2024-01-04T02:20:24.630+0000] {dag.py:3033} INFO - Sync 6 DAGs
[2024-01-04T02:20:24.646+0000] {logging_mixin.py:188} INFO - [2024-01-04T02:20:24.646+0000] {dag.py:3820} INFO - Setting next_dagrun for dataset_consumes_1 to None, run_after=None
[2024-01-04T02:20:24.649+0000] {logging_mixin.py:188} INFO - [2024-01-04T02:20:24.649+0000] {dag.py:3820} INFO - Setting next_dagrun for dataset_consumes_1_and_2 to None, run_after=None
[2024-01-04T02:20:24.650+0000] {logging_mixin.py:188} INFO - [2024-01-04T02:20:24.650+0000] {dag.py:3820} INFO - Setting next_dagrun for dataset_consumes_1_never_scheduled to None, run_after=None
[2024-01-04T02:20:24.651+0000] {logging_mixin.py:188} INFO - [2024-01-04T02:20:24.651+0000] {dag.py:3820} INFO - Setting next_dagrun for dataset_consumes_unknown_never_scheduled to None, run_after=None
[2024-01-04T02:20:24.653+0000] {logging_mixin.py:188} INFO - [2024-01-04T02:20:24.653+0000] {dag.py:3820} INFO - Setting next_dagrun for dataset_produces_1 to 2024-01-03T00:00:00+00:00, run_after=2024-01-04T00:00:00+00:00
[2024-01-04T02:20:24.655+0000] {logging_mixin.py:188} INFO - [2024-01-04T02:20:24.655+0000] {dag.py:3820} INFO - Setting next_dagrun for dataset_produces_2 to None, run_after=None
[2024-01-04T02:20:24.682+0000] {processor.py:183} INFO - Processing /home/airflow/.local/lib/python3.8/site-packages/airflow/example_dags/example_datasets.py took 0.088 seconds
[2024-01-04T02:20:54.918+0000] {processor.py:161} INFO - Started process (PID=738) to work on /home/airflow/.local/lib/python3.8/site-packages/airflow/example_dags/example_datasets.py
[2024-01-04T02:20:54.919+0000] {processor.py:830} INFO - Processing file /home/airflow/.local/lib/python3.8/site-packages/airflow/example_dags/example_datasets.py for tasks to queue
[2024-01-04T02:20:54.921+0000] {logging_mixin.py:188} INFO - [2024-01-04T02:20:54.921+0000] {dagbag.py:538} INFO - Filling up the DagBag from /home/airflow/.local/lib/python3.8/site-packages/airflow/example_dags/example_datasets.py
[2024-01-04T02:20:54.927+0000] {processor.py:840} INFO - DAG(s) 'dataset_consumes_1_never_scheduled', 'dataset_produces_2', 'dataset_consumes_1_and_2', 'dataset_consumes_1', 'dataset_produces_1', 'dataset_consumes_unknown_never_scheduled' retrieved from /home/airflow/.local/lib/python3.8/site-packages/airflow/example_dags/example_datasets.py
[2024-01-04T02:20:54.956+0000] {logging_mixin.py:188} INFO - [2024-01-04T02:20:54.956+0000] {dag.py:3033} INFO - Sync 6 DAGs
[2024-01-04T02:20:54.975+0000] {logging_mixin.py:188} INFO - [2024-01-04T02:20:54.975+0000] {dag.py:3820} INFO - Setting next_dagrun for dataset_consumes_1 to None, run_after=None
[2024-01-04T02:20:54.979+0000] {logging_mixin.py:188} INFO - [2024-01-04T02:20:54.979+0000] {dag.py:3820} INFO - Setting next_dagrun for dataset_consumes_1_and_2 to None, run_after=None
[2024-01-04T02:20:54.981+0000] {logging_mixin.py:188} INFO - [2024-01-04T02:20:54.981+0000] {dag.py:3820} INFO - Setting next_dagrun for dataset_consumes_1_never_scheduled to None, run_after=None
[2024-01-04T02:20:54.982+0000] {logging_mixin.py:188} INFO - [2024-01-04T02:20:54.982+0000] {dag.py:3820} INFO - Setting next_dagrun for dataset_consumes_unknown_never_scheduled to None, run_after=None
[2024-01-04T02:20:54.985+0000] {logging_mixin.py:188} INFO - [2024-01-04T02:20:54.985+0000] {dag.py:3820} INFO - Setting next_dagrun for dataset_produces_1 to 2024-01-03T00:00:00+00:00, run_after=2024-01-04T00:00:00+00:00
[2024-01-04T02:20:54.986+0000] {logging_mixin.py:188} INFO - [2024-01-04T02:20:54.986+0000] {dag.py:3820} INFO - Setting next_dagrun for dataset_produces_2 to None, run_after=None
[2024-01-04T02:20:55.012+0000] {processor.py:183} INFO - Processing /home/airflow/.local/lib/python3.8/site-packages/airflow/example_dags/example_datasets.py took 0.097 seconds
[2024-01-04T02:21:25.161+0000] {processor.py:161} INFO - Started process (PID=793) to work on /home/airflow/.local/lib/python3.8/site-packages/airflow/example_dags/example_datasets.py
[2024-01-04T02:21:25.162+0000] {processor.py:830} INFO - Processing file /home/airflow/.local/lib/python3.8/site-packages/airflow/example_dags/example_datasets.py for tasks to queue
[2024-01-04T02:21:25.164+0000] {logging_mixin.py:188} INFO - [2024-01-04T02:21:25.164+0000] {dagbag.py:538} INFO - Filling up the DagBag from /home/airflow/.local/lib/python3.8/site-packages/airflow/example_dags/example_datasets.py
[2024-01-04T02:21:25.170+0000] {processor.py:840} INFO - DAG(s) 'dataset_consumes_1', 'dataset_consumes_unknown_never_scheduled', 'dataset_produces_2', 'dataset_consumes_1_never_scheduled', 'dataset_consumes_1_and_2', 'dataset_produces_1' retrieved from /home/airflow/.local/lib/python3.8/site-packages/airflow/example_dags/example_datasets.py
[2024-01-04T02:21:25.194+0000] {logging_mixin.py:188} INFO - [2024-01-04T02:21:25.193+0000] {dag.py:3033} INFO - Sync 6 DAGs
[2024-01-04T02:21:25.209+0000] {logging_mixin.py:188} INFO - [2024-01-04T02:21:25.209+0000] {dag.py:3820} INFO - Setting next_dagrun for dataset_consumes_1 to None, run_after=None
[2024-01-04T02:21:25.213+0000] {logging_mixin.py:188} INFO - [2024-01-04T02:21:25.213+0000] {dag.py:3820} INFO - Setting next_dagrun for dataset_consumes_1_and_2 to None, run_after=None
[2024-01-04T02:21:25.214+0000] {logging_mixin.py:188} INFO - [2024-01-04T02:21:25.214+0000] {dag.py:3820} INFO - Setting next_dagrun for dataset_consumes_1_never_scheduled to None, run_after=None
[2024-01-04T02:21:25.216+0000] {logging_mixin.py:188} INFO - [2024-01-04T02:21:25.215+0000] {dag.py:3820} INFO - Setting next_dagrun for dataset_consumes_unknown_never_scheduled to None, run_after=None
[2024-01-04T02:21:25.218+0000] {logging_mixin.py:188} INFO - [2024-01-04T02:21:25.218+0000] {dag.py:3820} INFO - Setting next_dagrun for dataset_produces_1 to 2024-01-03T00:00:00+00:00, run_after=2024-01-04T00:00:00+00:00
[2024-01-04T02:21:25.219+0000] {logging_mixin.py:188} INFO - [2024-01-04T02:21:25.219+0000] {dag.py:3820} INFO - Setting next_dagrun for dataset_produces_2 to None, run_after=None
[2024-01-04T02:21:25.243+0000] {processor.py:183} INFO - Processing /home/airflow/.local/lib/python3.8/site-packages/airflow/example_dags/example_datasets.py took 0.084 seconds
[2024-01-04T02:21:55.396+0000] {processor.py:161} INFO - Started process (PID=849) to work on /home/airflow/.local/lib/python3.8/site-packages/airflow/example_dags/example_datasets.py
[2024-01-04T02:21:55.397+0000] {processor.py:830} INFO - Processing file /home/airflow/.local/lib/python3.8/site-packages/airflow/example_dags/example_datasets.py for tasks to queue
[2024-01-04T02:21:55.399+0000] {logging_mixin.py:188} INFO - [2024-01-04T02:21:55.399+0000] {dagbag.py:538} INFO - Filling up the DagBag from /home/airflow/.local/lib/python3.8/site-packages/airflow/example_dags/example_datasets.py
[2024-01-04T02:21:55.406+0000] {processor.py:840} INFO - DAG(s) 'dataset_produces_2', 'dataset_consumes_1_and_2', 'dataset_consumes_1_never_scheduled', 'dataset_consumes_unknown_never_scheduled', 'dataset_produces_1', 'dataset_consumes_1' retrieved from /home/airflow/.local/lib/python3.8/site-packages/airflow/example_dags/example_datasets.py
[2024-01-04T02:21:55.436+0000] {logging_mixin.py:188} INFO - [2024-01-04T02:21:55.436+0000] {dag.py:3033} INFO - Sync 6 DAGs
[2024-01-04T02:21:55.456+0000] {logging_mixin.py:188} INFO - [2024-01-04T02:21:55.455+0000] {dag.py:3820} INFO - Setting next_dagrun for dataset_consumes_1 to None, run_after=None
[2024-01-04T02:21:55.459+0000] {logging_mixin.py:188} INFO - [2024-01-04T02:21:55.459+0000] {dag.py:3820} INFO - Setting next_dagrun for dataset_consumes_1_and_2 to None, run_after=None
[2024-01-04T02:21:55.460+0000] {logging_mixin.py:188} INFO - [2024-01-04T02:21:55.460+0000] {dag.py:3820} INFO - Setting next_dagrun for dataset_consumes_1_never_scheduled to None, run_after=None
[2024-01-04T02:21:55.462+0000] {logging_mixin.py:188} INFO - [2024-01-04T02:21:55.462+0000] {dag.py:3820} INFO - Setting next_dagrun for dataset_consumes_unknown_never_scheduled to None, run_after=None
[2024-01-04T02:21:55.465+0000] {logging_mixin.py:188} INFO - [2024-01-04T02:21:55.465+0000] {dag.py:3820} INFO - Setting next_dagrun for dataset_produces_1 to 2024-01-03T00:00:00+00:00, run_after=2024-01-04T00:00:00+00:00
[2024-01-04T02:21:55.467+0000] {logging_mixin.py:188} INFO - [2024-01-04T02:21:55.467+0000] {dag.py:3820} INFO - Setting next_dagrun for dataset_produces_2 to None, run_after=None
[2024-01-04T02:21:55.496+0000] {processor.py:183} INFO - Processing /home/airflow/.local/lib/python3.8/site-packages/airflow/example_dags/example_datasets.py took 0.102 seconds
[2024-01-04T02:22:25.670+0000] {processor.py:161} INFO - Started process (PID=904) to work on /home/airflow/.local/lib/python3.8/site-packages/airflow/example_dags/example_datasets.py
[2024-01-04T02:22:25.671+0000] {processor.py:830} INFO - Processing file /home/airflow/.local/lib/python3.8/site-packages/airflow/example_dags/example_datasets.py for tasks to queue
[2024-01-04T02:22:25.673+0000] {logging_mixin.py:188} INFO - [2024-01-04T02:22:25.673+0000] {dagbag.py:538} INFO - Filling up the DagBag from /home/airflow/.local/lib/python3.8/site-packages/airflow/example_dags/example_datasets.py
[2024-01-04T02:22:25.679+0000] {processor.py:840} INFO - DAG(s) 'dataset_produces_2', 'dataset_produces_1', 'dataset_consumes_1_and_2', 'dataset_consumes_1', 'dataset_consumes_unknown_never_scheduled', 'dataset_consumes_1_never_scheduled' retrieved from /home/airflow/.local/lib/python3.8/site-packages/airflow/example_dags/example_datasets.py
[2024-01-04T02:22:25.707+0000] {logging_mixin.py:188} INFO - [2024-01-04T02:22:25.706+0000] {dag.py:3033} INFO - Sync 6 DAGs
[2024-01-04T02:22:25.723+0000] {logging_mixin.py:188} INFO - [2024-01-04T02:22:25.723+0000] {dag.py:3820} INFO - Setting next_dagrun for dataset_consumes_1 to None, run_after=None
[2024-01-04T02:22:25.726+0000] {logging_mixin.py:188} INFO - [2024-01-04T02:22:25.726+0000] {dag.py:3820} INFO - Setting next_dagrun for dataset_consumes_1_and_2 to None, run_after=None
[2024-01-04T02:22:25.727+0000] {logging_mixin.py:188} INFO - [2024-01-04T02:22:25.727+0000] {dag.py:3820} INFO - Setting next_dagrun for dataset_consumes_1_never_scheduled to None, run_after=None
[2024-01-04T02:22:25.729+0000] {logging_mixin.py:188} INFO - [2024-01-04T02:22:25.729+0000] {dag.py:3820} INFO - Setting next_dagrun for dataset_consumes_unknown_never_scheduled to None, run_after=None
[2024-01-04T02:22:25.731+0000] {logging_mixin.py:188} INFO - [2024-01-04T02:22:25.731+0000] {dag.py:3820} INFO - Setting next_dagrun for dataset_produces_1 to 2024-01-03T00:00:00+00:00, run_after=2024-01-04T00:00:00+00:00
[2024-01-04T02:22:25.732+0000] {logging_mixin.py:188} INFO - [2024-01-04T02:22:25.732+0000] {dag.py:3820} INFO - Setting next_dagrun for dataset_produces_2 to None, run_after=None
[2024-01-04T02:22:25.758+0000] {processor.py:183} INFO - Processing /home/airflow/.local/lib/python3.8/site-packages/airflow/example_dags/example_datasets.py took 0.090 seconds
