[2024-01-04T02:14:48.728+0000] {processor.py:161} INFO - Started process (PID=73) to work on /home/airflow/.local/lib/python3.8/site-packages/airflow/example_dags/example_task_group_decorator.py
[2024-01-04T02:14:48.730+0000] {processor.py:830} INFO - Processing file /home/airflow/.local/lib/python3.8/site-packages/airflow/example_dags/example_task_group_decorator.py for tasks to queue
[2024-01-04T02:14:48.740+0000] {logging_mixin.py:188} INFO - [2024-01-04T02:14:48.739+0000] {dagbag.py:538} INFO - Filling up the DagBag from /home/airflow/.local/lib/python3.8/site-packages/airflow/example_dags/example_task_group_decorator.py
[2024-01-04T02:14:48.768+0000] {processor.py:840} INFO - DAG(s) 'example_task_group_decorator' retrieved from /home/airflow/.local/lib/python3.8/site-packages/airflow/example_dags/example_task_group_decorator.py
[2024-01-04T02:14:48.932+0000] {logging_mixin.py:188} INFO - [2024-01-04T02:14:48.930+0000] {override.py:1769} INFO - Created Permission View: can edit on DAG:example_task_group_decorator
[2024-01-04T02:14:48.947+0000] {logging_mixin.py:188} INFO - [2024-01-04T02:14:48.947+0000] {override.py:1769} INFO - Created Permission View: can read on DAG:example_task_group_decorator
[2024-01-04T02:14:48.958+0000] {logging_mixin.py:188} INFO - [2024-01-04T02:14:48.958+0000] {override.py:1769} INFO - Created Permission View: can delete on DAG:example_task_group_decorator
[2024-01-04T02:14:48.959+0000] {logging_mixin.py:188} INFO - [2024-01-04T02:14:48.959+0000] {dag.py:3033} INFO - Sync 1 DAGs
[2024-01-04T02:14:48.975+0000] {logging_mixin.py:188} INFO - [2024-01-04T02:14:48.975+0000] {dag.py:3055} INFO - Creating ORM DAG for example_task_group_decorator
[2024-01-04T02:14:48.989+0000] {logging_mixin.py:188} INFO - [2024-01-04T02:14:48.989+0000] {dag.py:3820} INFO - Setting next_dagrun for example_task_group_decorator to 2024-01-03T00:00:00+00:00, run_after=2024-01-04T00:00:00+00:00
[2024-01-04T02:14:49.014+0000] {processor.py:183} INFO - Processing /home/airflow/.local/lib/python3.8/site-packages/airflow/example_dags/example_task_group_decorator.py took 0.292 seconds
[2024-01-04T02:15:19.775+0000] {processor.py:161} INFO - Started process (PID=128) to work on /home/airflow/.local/lib/python3.8/site-packages/airflow/example_dags/example_task_group_decorator.py
[2024-01-04T02:15:19.776+0000] {processor.py:830} INFO - Processing file /home/airflow/.local/lib/python3.8/site-packages/airflow/example_dags/example_task_group_decorator.py for tasks to queue
[2024-01-04T02:15:19.778+0000] {logging_mixin.py:188} INFO - [2024-01-04T02:15:19.778+0000] {dagbag.py:538} INFO - Filling up the DagBag from /home/airflow/.local/lib/python3.8/site-packages/airflow/example_dags/example_task_group_decorator.py
[2024-01-04T02:15:19.789+0000] {processor.py:840} INFO - DAG(s) 'example_task_group_decorator' retrieved from /home/airflow/.local/lib/python3.8/site-packages/airflow/example_dags/example_task_group_decorator.py
[2024-01-04T02:15:19.810+0000] {logging_mixin.py:188} INFO - [2024-01-04T02:15:19.810+0000] {dag.py:3033} INFO - Sync 1 DAGs
[2024-01-04T02:15:19.828+0000] {logging_mixin.py:188} INFO - [2024-01-04T02:15:19.827+0000] {dag.py:3820} INFO - Setting next_dagrun for example_task_group_decorator to 2024-01-03T00:00:00+00:00, run_after=2024-01-04T00:00:00+00:00
[2024-01-04T02:15:19.846+0000] {processor.py:183} INFO - Processing /home/airflow/.local/lib/python3.8/site-packages/airflow/example_dags/example_task_group_decorator.py took 0.073 seconds
[2024-01-04T02:15:50.298+0000] {processor.py:161} INFO - Started process (PID=183) to work on /home/airflow/.local/lib/python3.8/site-packages/airflow/example_dags/example_task_group_decorator.py
[2024-01-04T02:15:50.299+0000] {processor.py:830} INFO - Processing file /home/airflow/.local/lib/python3.8/site-packages/airflow/example_dags/example_task_group_decorator.py for tasks to queue
[2024-01-04T02:15:50.302+0000] {logging_mixin.py:188} INFO - [2024-01-04T02:15:50.302+0000] {dagbag.py:538} INFO - Filling up the DagBag from /home/airflow/.local/lib/python3.8/site-packages/airflow/example_dags/example_task_group_decorator.py
[2024-01-04T02:15:50.313+0000] {processor.py:840} INFO - DAG(s) 'example_task_group_decorator' retrieved from /home/airflow/.local/lib/python3.8/site-packages/airflow/example_dags/example_task_group_decorator.py
[2024-01-04T02:15:50.333+0000] {logging_mixin.py:188} INFO - [2024-01-04T02:15:50.333+0000] {dag.py:3033} INFO - Sync 1 DAGs
[2024-01-04T02:15:50.350+0000] {logging_mixin.py:188} INFO - [2024-01-04T02:15:50.350+0000] {dag.py:3820} INFO - Setting next_dagrun for example_task_group_decorator to 2024-01-03T00:00:00+00:00, run_after=2024-01-04T00:00:00+00:00
[2024-01-04T02:15:50.376+0000] {processor.py:183} INFO - Processing /home/airflow/.local/lib/python3.8/site-packages/airflow/example_dags/example_task_group_decorator.py took 0.080 seconds
[2024-01-04T02:16:20.553+0000] {processor.py:161} INFO - Started process (PID=238) to work on /home/airflow/.local/lib/python3.8/site-packages/airflow/example_dags/example_task_group_decorator.py
[2024-01-04T02:16:20.554+0000] {processor.py:830} INFO - Processing file /home/airflow/.local/lib/python3.8/site-packages/airflow/example_dags/example_task_group_decorator.py for tasks to queue
[2024-01-04T02:16:20.556+0000] {logging_mixin.py:188} INFO - [2024-01-04T02:16:20.555+0000] {dagbag.py:538} INFO - Filling up the DagBag from /home/airflow/.local/lib/python3.8/site-packages/airflow/example_dags/example_task_group_decorator.py
[2024-01-04T02:16:20.566+0000] {processor.py:840} INFO - DAG(s) 'example_task_group_decorator' retrieved from /home/airflow/.local/lib/python3.8/site-packages/airflow/example_dags/example_task_group_decorator.py
[2024-01-04T02:16:20.589+0000] {logging_mixin.py:188} INFO - [2024-01-04T02:16:20.589+0000] {dag.py:3033} INFO - Sync 1 DAGs
[2024-01-04T02:16:20.607+0000] {logging_mixin.py:188} INFO - [2024-01-04T02:16:20.607+0000] {dag.py:3820} INFO - Setting next_dagrun for example_task_group_decorator to 2024-01-03T00:00:00+00:00, run_after=2024-01-04T00:00:00+00:00
[2024-01-04T02:16:20.624+0000] {processor.py:183} INFO - Processing /home/airflow/.local/lib/python3.8/site-packages/airflow/example_dags/example_task_group_decorator.py took 0.073 seconds
[2024-01-04T02:16:51.026+0000] {processor.py:161} INFO - Started process (PID=293) to work on /home/airflow/.local/lib/python3.8/site-packages/airflow/example_dags/example_task_group_decorator.py
[2024-01-04T02:16:51.026+0000] {processor.py:830} INFO - Processing file /home/airflow/.local/lib/python3.8/site-packages/airflow/example_dags/example_task_group_decorator.py for tasks to queue
[2024-01-04T02:16:51.028+0000] {logging_mixin.py:188} INFO - [2024-01-04T02:16:51.028+0000] {dagbag.py:538} INFO - Filling up the DagBag from /home/airflow/.local/lib/python3.8/site-packages/airflow/example_dags/example_task_group_decorator.py
[2024-01-04T02:16:51.038+0000] {processor.py:840} INFO - DAG(s) 'example_task_group_decorator' retrieved from /home/airflow/.local/lib/python3.8/site-packages/airflow/example_dags/example_task_group_decorator.py
[2024-01-04T02:16:51.057+0000] {logging_mixin.py:188} INFO - [2024-01-04T02:16:51.057+0000] {dag.py:3033} INFO - Sync 1 DAGs
[2024-01-04T02:16:51.074+0000] {logging_mixin.py:188} INFO - [2024-01-04T02:16:51.074+0000] {dag.py:3820} INFO - Setting next_dagrun for example_task_group_decorator to 2024-01-03T00:00:00+00:00, run_after=2024-01-04T00:00:00+00:00
[2024-01-04T02:16:51.090+0000] {processor.py:183} INFO - Processing /home/airflow/.local/lib/python3.8/site-packages/airflow/example_dags/example_task_group_decorator.py took 0.067 seconds
[2024-01-04T02:17:21.215+0000] {processor.py:161} INFO - Started process (PID=348) to work on /home/airflow/.local/lib/python3.8/site-packages/airflow/example_dags/example_task_group_decorator.py
[2024-01-04T02:17:21.215+0000] {processor.py:830} INFO - Processing file /home/airflow/.local/lib/python3.8/site-packages/airflow/example_dags/example_task_group_decorator.py for tasks to queue
[2024-01-04T02:17:21.217+0000] {logging_mixin.py:188} INFO - [2024-01-04T02:17:21.217+0000] {dagbag.py:538} INFO - Filling up the DagBag from /home/airflow/.local/lib/python3.8/site-packages/airflow/example_dags/example_task_group_decorator.py
[2024-01-04T02:17:21.227+0000] {processor.py:840} INFO - DAG(s) 'example_task_group_decorator' retrieved from /home/airflow/.local/lib/python3.8/site-packages/airflow/example_dags/example_task_group_decorator.py
[2024-01-04T02:17:21.246+0000] {logging_mixin.py:188} INFO - [2024-01-04T02:17:21.245+0000] {dag.py:3033} INFO - Sync 1 DAGs
[2024-01-04T02:17:21.261+0000] {logging_mixin.py:188} INFO - [2024-01-04T02:17:21.261+0000] {dag.py:3820} INFO - Setting next_dagrun for example_task_group_decorator to 2024-01-03T00:00:00+00:00, run_after=2024-01-04T00:00:00+00:00
[2024-01-04T02:17:21.278+0000] {processor.py:183} INFO - Processing /home/airflow/.local/lib/python3.8/site-packages/airflow/example_dags/example_task_group_decorator.py took 0.065 seconds
[2024-01-04T02:17:52.194+0000] {processor.py:161} INFO - Started process (PID=403) to work on /home/airflow/.local/lib/python3.8/site-packages/airflow/example_dags/example_task_group_decorator.py
[2024-01-04T02:17:52.195+0000] {processor.py:830} INFO - Processing file /home/airflow/.local/lib/python3.8/site-packages/airflow/example_dags/example_task_group_decorator.py for tasks to queue
[2024-01-04T02:17:52.197+0000] {logging_mixin.py:188} INFO - [2024-01-04T02:17:52.197+0000] {dagbag.py:538} INFO - Filling up the DagBag from /home/airflow/.local/lib/python3.8/site-packages/airflow/example_dags/example_task_group_decorator.py
[2024-01-04T02:17:52.206+0000] {processor.py:840} INFO - DAG(s) 'example_task_group_decorator' retrieved from /home/airflow/.local/lib/python3.8/site-packages/airflow/example_dags/example_task_group_decorator.py
[2024-01-04T02:17:52.226+0000] {logging_mixin.py:188} INFO - [2024-01-04T02:17:52.226+0000] {dag.py:3033} INFO - Sync 1 DAGs
[2024-01-04T02:17:52.243+0000] {logging_mixin.py:188} INFO - [2024-01-04T02:17:52.243+0000] {dag.py:3820} INFO - Setting next_dagrun for example_task_group_decorator to 2024-01-03T00:00:00+00:00, run_after=2024-01-04T00:00:00+00:00
[2024-01-04T02:17:52.262+0000] {processor.py:183} INFO - Processing /home/airflow/.local/lib/python3.8/site-packages/airflow/example_dags/example_task_group_decorator.py took 0.070 seconds
[2024-01-04T02:18:22.530+0000] {processor.py:161} INFO - Started process (PID=458) to work on /home/airflow/.local/lib/python3.8/site-packages/airflow/example_dags/example_task_group_decorator.py
[2024-01-04T02:18:22.531+0000] {processor.py:830} INFO - Processing file /home/airflow/.local/lib/python3.8/site-packages/airflow/example_dags/example_task_group_decorator.py for tasks to queue
[2024-01-04T02:18:22.533+0000] {logging_mixin.py:188} INFO - [2024-01-04T02:18:22.533+0000] {dagbag.py:538} INFO - Filling up the DagBag from /home/airflow/.local/lib/python3.8/site-packages/airflow/example_dags/example_task_group_decorator.py
[2024-01-04T02:18:22.544+0000] {processor.py:840} INFO - DAG(s) 'example_task_group_decorator' retrieved from /home/airflow/.local/lib/python3.8/site-packages/airflow/example_dags/example_task_group_decorator.py
[2024-01-04T02:18:22.562+0000] {logging_mixin.py:188} INFO - [2024-01-04T02:18:22.562+0000] {dag.py:3033} INFO - Sync 1 DAGs
[2024-01-04T02:18:22.579+0000] {logging_mixin.py:188} INFO - [2024-01-04T02:18:22.579+0000] {dag.py:3820} INFO - Setting next_dagrun for example_task_group_decorator to 2024-01-03T00:00:00+00:00, run_after=2024-01-04T00:00:00+00:00
[2024-01-04T02:18:22.594+0000] {processor.py:183} INFO - Processing /home/airflow/.local/lib/python3.8/site-packages/airflow/example_dags/example_task_group_decorator.py took 0.066 seconds
[2024-01-04T02:18:52.673+0000] {processor.py:161} INFO - Started process (PID=513) to work on /home/airflow/.local/lib/python3.8/site-packages/airflow/example_dags/example_task_group_decorator.py
[2024-01-04T02:18:52.674+0000] {processor.py:830} INFO - Processing file /home/airflow/.local/lib/python3.8/site-packages/airflow/example_dags/example_task_group_decorator.py for tasks to queue
[2024-01-04T02:18:52.676+0000] {logging_mixin.py:188} INFO - [2024-01-04T02:18:52.675+0000] {dagbag.py:538} INFO - Filling up the DagBag from /home/airflow/.local/lib/python3.8/site-packages/airflow/example_dags/example_task_group_decorator.py
[2024-01-04T02:18:52.685+0000] {processor.py:840} INFO - DAG(s) 'example_task_group_decorator' retrieved from /home/airflow/.local/lib/python3.8/site-packages/airflow/example_dags/example_task_group_decorator.py
[2024-01-04T02:18:52.704+0000] {logging_mixin.py:188} INFO - [2024-01-04T02:18:52.703+0000] {dag.py:3033} INFO - Sync 1 DAGs
[2024-01-04T02:18:52.720+0000] {logging_mixin.py:188} INFO - [2024-01-04T02:18:52.719+0000] {dag.py:3820} INFO - Setting next_dagrun for example_task_group_decorator to 2024-01-03T00:00:00+00:00, run_after=2024-01-04T00:00:00+00:00
[2024-01-04T02:18:52.737+0000] {processor.py:183} INFO - Processing /home/airflow/.local/lib/python3.8/site-packages/airflow/example_dags/example_task_group_decorator.py took 0.065 seconds
[2024-01-04T02:19:22.910+0000] {processor.py:161} INFO - Started process (PID=568) to work on /home/airflow/.local/lib/python3.8/site-packages/airflow/example_dags/example_task_group_decorator.py
[2024-01-04T02:19:22.910+0000] {processor.py:830} INFO - Processing file /home/airflow/.local/lib/python3.8/site-packages/airflow/example_dags/example_task_group_decorator.py for tasks to queue
[2024-01-04T02:19:22.912+0000] {logging_mixin.py:188} INFO - [2024-01-04T02:19:22.912+0000] {dagbag.py:538} INFO - Filling up the DagBag from /home/airflow/.local/lib/python3.8/site-packages/airflow/example_dags/example_task_group_decorator.py
[2024-01-04T02:19:22.923+0000] {processor.py:840} INFO - DAG(s) 'example_task_group_decorator' retrieved from /home/airflow/.local/lib/python3.8/site-packages/airflow/example_dags/example_task_group_decorator.py
[2024-01-04T02:19:22.942+0000] {logging_mixin.py:188} INFO - [2024-01-04T02:19:22.942+0000] {dag.py:3033} INFO - Sync 1 DAGs
[2024-01-04T02:19:22.958+0000] {logging_mixin.py:188} INFO - [2024-01-04T02:19:22.958+0000] {dag.py:3820} INFO - Setting next_dagrun for example_task_group_decorator to 2024-01-03T00:00:00+00:00, run_after=2024-01-04T00:00:00+00:00
[2024-01-04T02:19:22.974+0000] {processor.py:183} INFO - Processing /home/airflow/.local/lib/python3.8/site-packages/airflow/example_dags/example_task_group_decorator.py took 0.067 seconds
[2024-01-04T02:19:53.119+0000] {processor.py:161} INFO - Started process (PID=623) to work on /home/airflow/.local/lib/python3.8/site-packages/airflow/example_dags/example_task_group_decorator.py
[2024-01-04T02:19:53.120+0000] {processor.py:830} INFO - Processing file /home/airflow/.local/lib/python3.8/site-packages/airflow/example_dags/example_task_group_decorator.py for tasks to queue
[2024-01-04T02:19:53.122+0000] {logging_mixin.py:188} INFO - [2024-01-04T02:19:53.122+0000] {dagbag.py:538} INFO - Filling up the DagBag from /home/airflow/.local/lib/python3.8/site-packages/airflow/example_dags/example_task_group_decorator.py
[2024-01-04T02:19:53.135+0000] {processor.py:840} INFO - DAG(s) 'example_task_group_decorator' retrieved from /home/airflow/.local/lib/python3.8/site-packages/airflow/example_dags/example_task_group_decorator.py
[2024-01-04T02:19:53.155+0000] {logging_mixin.py:188} INFO - [2024-01-04T02:19:53.155+0000] {dag.py:3033} INFO - Sync 1 DAGs
[2024-01-04T02:19:53.172+0000] {logging_mixin.py:188} INFO - [2024-01-04T02:19:53.172+0000] {dag.py:3820} INFO - Setting next_dagrun for example_task_group_decorator to 2024-01-03T00:00:00+00:00, run_after=2024-01-04T00:00:00+00:00
[2024-01-04T02:19:53.188+0000] {processor.py:183} INFO - Processing /home/airflow/.local/lib/python3.8/site-packages/airflow/example_dags/example_task_group_decorator.py took 0.071 seconds
[2024-01-04T02:20:23.247+0000] {processor.py:161} INFO - Started process (PID=678) to work on /home/airflow/.local/lib/python3.8/site-packages/airflow/example_dags/example_task_group_decorator.py
[2024-01-04T02:20:23.248+0000] {processor.py:830} INFO - Processing file /home/airflow/.local/lib/python3.8/site-packages/airflow/example_dags/example_task_group_decorator.py for tasks to queue
[2024-01-04T02:20:23.250+0000] {logging_mixin.py:188} INFO - [2024-01-04T02:20:23.250+0000] {dagbag.py:538} INFO - Filling up the DagBag from /home/airflow/.local/lib/python3.8/site-packages/airflow/example_dags/example_task_group_decorator.py
[2024-01-04T02:20:23.260+0000] {processor.py:840} INFO - DAG(s) 'example_task_group_decorator' retrieved from /home/airflow/.local/lib/python3.8/site-packages/airflow/example_dags/example_task_group_decorator.py
[2024-01-04T02:20:23.279+0000] {logging_mixin.py:188} INFO - [2024-01-04T02:20:23.278+0000] {dag.py:3033} INFO - Sync 1 DAGs
[2024-01-04T02:20:23.295+0000] {logging_mixin.py:188} INFO - [2024-01-04T02:20:23.295+0000] {dag.py:3820} INFO - Setting next_dagrun for example_task_group_decorator to 2024-01-03T00:00:00+00:00, run_after=2024-01-04T00:00:00+00:00
[2024-01-04T02:20:23.311+0000] {processor.py:183} INFO - Processing /home/airflow/.local/lib/python3.8/site-packages/airflow/example_dags/example_task_group_decorator.py took 0.067 seconds
[2024-01-04T02:20:53.672+0000] {processor.py:161} INFO - Started process (PID=733) to work on /home/airflow/.local/lib/python3.8/site-packages/airflow/example_dags/example_task_group_decorator.py
[2024-01-04T02:20:53.673+0000] {processor.py:830} INFO - Processing file /home/airflow/.local/lib/python3.8/site-packages/airflow/example_dags/example_task_group_decorator.py for tasks to queue
[2024-01-04T02:20:53.676+0000] {logging_mixin.py:188} INFO - [2024-01-04T02:20:53.675+0000] {dagbag.py:538} INFO - Filling up the DagBag from /home/airflow/.local/lib/python3.8/site-packages/airflow/example_dags/example_task_group_decorator.py
[2024-01-04T02:20:53.685+0000] {processor.py:840} INFO - DAG(s) 'example_task_group_decorator' retrieved from /home/airflow/.local/lib/python3.8/site-packages/airflow/example_dags/example_task_group_decorator.py
[2024-01-04T02:20:53.703+0000] {logging_mixin.py:188} INFO - [2024-01-04T02:20:53.703+0000] {dag.py:3033} INFO - Sync 1 DAGs
[2024-01-04T02:20:53.720+0000] {logging_mixin.py:188} INFO - [2024-01-04T02:20:53.720+0000] {dag.py:3820} INFO - Setting next_dagrun for example_task_group_decorator to 2024-01-03T00:00:00+00:00, run_after=2024-01-04T00:00:00+00:00
[2024-01-04T02:20:53.738+0000] {processor.py:183} INFO - Processing /home/airflow/.local/lib/python3.8/site-packages/airflow/example_dags/example_task_group_decorator.py took 0.068 seconds
[2024-01-04T02:21:23.902+0000] {processor.py:161} INFO - Started process (PID=788) to work on /home/airflow/.local/lib/python3.8/site-packages/airflow/example_dags/example_task_group_decorator.py
[2024-01-04T02:21:23.903+0000] {processor.py:830} INFO - Processing file /home/airflow/.local/lib/python3.8/site-packages/airflow/example_dags/example_task_group_decorator.py for tasks to queue
[2024-01-04T02:21:23.905+0000] {logging_mixin.py:188} INFO - [2024-01-04T02:21:23.905+0000] {dagbag.py:538} INFO - Filling up the DagBag from /home/airflow/.local/lib/python3.8/site-packages/airflow/example_dags/example_task_group_decorator.py
[2024-01-04T02:21:23.917+0000] {processor.py:840} INFO - DAG(s) 'example_task_group_decorator' retrieved from /home/airflow/.local/lib/python3.8/site-packages/airflow/example_dags/example_task_group_decorator.py
[2024-01-04T02:21:23.939+0000] {logging_mixin.py:188} INFO - [2024-01-04T02:21:23.939+0000] {dag.py:3033} INFO - Sync 1 DAGs
[2024-01-04T02:21:23.958+0000] {logging_mixin.py:188} INFO - [2024-01-04T02:21:23.958+0000] {dag.py:3820} INFO - Setting next_dagrun for example_task_group_decorator to 2024-01-03T00:00:00+00:00, run_after=2024-01-04T00:00:00+00:00
[2024-01-04T02:21:23.977+0000] {processor.py:183} INFO - Processing /home/airflow/.local/lib/python3.8/site-packages/airflow/example_dags/example_task_group_decorator.py took 0.078 seconds
[2024-01-04T02:21:54.078+0000] {processor.py:161} INFO - Started process (PID=844) to work on /home/airflow/.local/lib/python3.8/site-packages/airflow/example_dags/example_task_group_decorator.py
[2024-01-04T02:21:54.079+0000] {processor.py:830} INFO - Processing file /home/airflow/.local/lib/python3.8/site-packages/airflow/example_dags/example_task_group_decorator.py for tasks to queue
[2024-01-04T02:21:54.080+0000] {logging_mixin.py:188} INFO - [2024-01-04T02:21:54.080+0000] {dagbag.py:538} INFO - Filling up the DagBag from /home/airflow/.local/lib/python3.8/site-packages/airflow/example_dags/example_task_group_decorator.py
[2024-01-04T02:21:54.091+0000] {processor.py:840} INFO - DAG(s) 'example_task_group_decorator' retrieved from /home/airflow/.local/lib/python3.8/site-packages/airflow/example_dags/example_task_group_decorator.py
[2024-01-04T02:21:54.109+0000] {logging_mixin.py:188} INFO - [2024-01-04T02:21:54.109+0000] {dag.py:3033} INFO - Sync 1 DAGs
[2024-01-04T02:21:54.125+0000] {logging_mixin.py:188} INFO - [2024-01-04T02:21:54.125+0000] {dag.py:3820} INFO - Setting next_dagrun for example_task_group_decorator to 2024-01-03T00:00:00+00:00, run_after=2024-01-04T00:00:00+00:00
[2024-01-04T02:21:54.140+0000] {processor.py:183} INFO - Processing /home/airflow/.local/lib/python3.8/site-packages/airflow/example_dags/example_task_group_decorator.py took 0.064 seconds
[2024-01-04T02:22:24.318+0000] {processor.py:161} INFO - Started process (PID=899) to work on /home/airflow/.local/lib/python3.8/site-packages/airflow/example_dags/example_task_group_decorator.py
[2024-01-04T02:22:24.319+0000] {processor.py:830} INFO - Processing file /home/airflow/.local/lib/python3.8/site-packages/airflow/example_dags/example_task_group_decorator.py for tasks to queue
[2024-01-04T02:22:24.321+0000] {logging_mixin.py:188} INFO - [2024-01-04T02:22:24.321+0000] {dagbag.py:538} INFO - Filling up the DagBag from /home/airflow/.local/lib/python3.8/site-packages/airflow/example_dags/example_task_group_decorator.py
[2024-01-04T02:22:24.331+0000] {processor.py:840} INFO - DAG(s) 'example_task_group_decorator' retrieved from /home/airflow/.local/lib/python3.8/site-packages/airflow/example_dags/example_task_group_decorator.py
[2024-01-04T02:22:24.350+0000] {logging_mixin.py:188} INFO - [2024-01-04T02:22:24.349+0000] {dag.py:3033} INFO - Sync 1 DAGs
[2024-01-04T02:22:24.365+0000] {logging_mixin.py:188} INFO - [2024-01-04T02:22:24.365+0000] {dag.py:3820} INFO - Setting next_dagrun for example_task_group_decorator to 2024-01-03T00:00:00+00:00, run_after=2024-01-04T00:00:00+00:00
[2024-01-04T02:22:24.383+0000] {processor.py:183} INFO - Processing /home/airflow/.local/lib/python3.8/site-packages/airflow/example_dags/example_task_group_decorator.py took 0.067 seconds
