[2024-01-04T02:14:50.479+0000] {processor.py:161} INFO - Started process (PID=84) to work on /home/airflow/.local/lib/python3.8/site-packages/airflow/example_dags/example_branch_python_dop_operator_3.py
[2024-01-04T02:14:50.481+0000] {processor.py:830} INFO - Processing file /home/airflow/.local/lib/python3.8/site-packages/airflow/example_dags/example_branch_python_dop_operator_3.py for tasks to queue
[2024-01-04T02:14:50.484+0000] {logging_mixin.py:188} INFO - [2024-01-04T02:14:50.484+0000] {dagbag.py:538} INFO - Filling up the DagBag from /home/airflow/.local/lib/python3.8/site-packages/airflow/example_dags/example_branch_python_dop_operator_3.py
[2024-01-04T02:14:50.499+0000] {processor.py:840} INFO - DAG(s) 'example_branch_dop_operator_v3' retrieved from /home/airflow/.local/lib/python3.8/site-packages/airflow/example_dags/example_branch_python_dop_operator_3.py
[2024-01-04T02:14:50.648+0000] {logging_mixin.py:188} INFO - [2024-01-04T02:14:50.647+0000] {override.py:1769} INFO - Created Permission View: can edit on DAG:example_branch_dop_operator_v3
[2024-01-04T02:14:50.662+0000] {logging_mixin.py:188} INFO - [2024-01-04T02:14:50.662+0000] {override.py:1769} INFO - Created Permission View: can read on DAG:example_branch_dop_operator_v3
[2024-01-04T02:14:50.672+0000] {logging_mixin.py:188} INFO - [2024-01-04T02:14:50.671+0000] {override.py:1769} INFO - Created Permission View: can delete on DAG:example_branch_dop_operator_v3
[2024-01-04T02:14:50.673+0000] {logging_mixin.py:188} INFO - [2024-01-04T02:14:50.672+0000] {dag.py:3033} INFO - Sync 1 DAGs
[2024-01-04T02:14:50.689+0000] {logging_mixin.py:188} INFO - [2024-01-04T02:14:50.689+0000] {dag.py:3055} INFO - Creating ORM DAG for example_branch_dop_operator_v3
[2024-01-04T02:14:50.712+0000] {logging_mixin.py:188} INFO - [2024-01-04T02:14:50.711+0000] {dag.py:3820} INFO - Setting next_dagrun for example_branch_dop_operator_v3 to 2024-01-04T02:13:00+00:00, run_after=2024-01-04T02:14:00+00:00
[2024-01-04T02:14:50.736+0000] {processor.py:183} INFO - Processing /home/airflow/.local/lib/python3.8/site-packages/airflow/example_dags/example_branch_python_dop_operator_3.py took 0.262 seconds
[2024-01-04T02:15:21.654+0000] {processor.py:161} INFO - Started process (PID=139) to work on /home/airflow/.local/lib/python3.8/site-packages/airflow/example_dags/example_branch_python_dop_operator_3.py
[2024-01-04T02:15:21.655+0000] {processor.py:830} INFO - Processing file /home/airflow/.local/lib/python3.8/site-packages/airflow/example_dags/example_branch_python_dop_operator_3.py for tasks to queue
[2024-01-04T02:15:21.658+0000] {logging_mixin.py:188} INFO - [2024-01-04T02:15:21.658+0000] {dagbag.py:538} INFO - Filling up the DagBag from /home/airflow/.local/lib/python3.8/site-packages/airflow/example_dags/example_branch_python_dop_operator_3.py
[2024-01-04T02:15:21.670+0000] {processor.py:840} INFO - DAG(s) 'example_branch_dop_operator_v3' retrieved from /home/airflow/.local/lib/python3.8/site-packages/airflow/example_dags/example_branch_python_dop_operator_3.py
[2024-01-04T02:15:21.686+0000] {logging_mixin.py:188} INFO - [2024-01-04T02:15:21.686+0000] {dag.py:3033} INFO - Sync 1 DAGs
[2024-01-04T02:15:21.706+0000] {logging_mixin.py:188} INFO - [2024-01-04T02:15:21.706+0000] {dag.py:3820} INFO - Setting next_dagrun for example_branch_dop_operator_v3 to 2024-01-04T02:14:00+00:00, run_after=2024-01-04T02:15:00+00:00
[2024-01-04T02:15:21.720+0000] {processor.py:183} INFO - Processing /home/airflow/.local/lib/python3.8/site-packages/airflow/example_dags/example_branch_python_dop_operator_3.py took 0.069 seconds
[2024-01-04T02:15:51.864+0000] {processor.py:161} INFO - Started process (PID=194) to work on /home/airflow/.local/lib/python3.8/site-packages/airflow/example_dags/example_branch_python_dop_operator_3.py
[2024-01-04T02:15:51.865+0000] {processor.py:830} INFO - Processing file /home/airflow/.local/lib/python3.8/site-packages/airflow/example_dags/example_branch_python_dop_operator_3.py for tasks to queue
[2024-01-04T02:15:51.866+0000] {logging_mixin.py:188} INFO - [2024-01-04T02:15:51.866+0000] {dagbag.py:538} INFO - Filling up the DagBag from /home/airflow/.local/lib/python3.8/site-packages/airflow/example_dags/example_branch_python_dop_operator_3.py
[2024-01-04T02:15:51.873+0000] {processor.py:840} INFO - DAG(s) 'example_branch_dop_operator_v3' retrieved from /home/airflow/.local/lib/python3.8/site-packages/airflow/example_dags/example_branch_python_dop_operator_3.py
[2024-01-04T02:15:51.888+0000] {logging_mixin.py:188} INFO - [2024-01-04T02:15:51.888+0000] {dag.py:3033} INFO - Sync 1 DAGs
[2024-01-04T02:15:51.907+0000] {logging_mixin.py:188} INFO - [2024-01-04T02:15:51.907+0000] {dag.py:3820} INFO - Setting next_dagrun for example_branch_dop_operator_v3 to 2024-01-04T02:14:00+00:00, run_after=2024-01-04T02:15:00+00:00
[2024-01-04T02:15:51.922+0000] {processor.py:183} INFO - Processing /home/airflow/.local/lib/python3.8/site-packages/airflow/example_dags/example_branch_python_dop_operator_3.py took 0.061 seconds
[2024-01-04T02:16:22.129+0000] {processor.py:161} INFO - Started process (PID=249) to work on /home/airflow/.local/lib/python3.8/site-packages/airflow/example_dags/example_branch_python_dop_operator_3.py
[2024-01-04T02:16:22.130+0000] {processor.py:830} INFO - Processing file /home/airflow/.local/lib/python3.8/site-packages/airflow/example_dags/example_branch_python_dop_operator_3.py for tasks to queue
[2024-01-04T02:16:22.132+0000] {logging_mixin.py:188} INFO - [2024-01-04T02:16:22.132+0000] {dagbag.py:538} INFO - Filling up the DagBag from /home/airflow/.local/lib/python3.8/site-packages/airflow/example_dags/example_branch_python_dop_operator_3.py
[2024-01-04T02:16:22.139+0000] {processor.py:840} INFO - DAG(s) 'example_branch_dop_operator_v3' retrieved from /home/airflow/.local/lib/python3.8/site-packages/airflow/example_dags/example_branch_python_dop_operator_3.py
[2024-01-04T02:16:22.154+0000] {logging_mixin.py:188} INFO - [2024-01-04T02:16:22.154+0000] {dag.py:3033} INFO - Sync 1 DAGs
[2024-01-04T02:16:22.174+0000] {logging_mixin.py:188} INFO - [2024-01-04T02:16:22.174+0000] {dag.py:3820} INFO - Setting next_dagrun for example_branch_dop_operator_v3 to 2024-01-04T02:15:00+00:00, run_after=2024-01-04T02:16:00+00:00
[2024-01-04T02:16:22.188+0000] {processor.py:183} INFO - Processing /home/airflow/.local/lib/python3.8/site-packages/airflow/example_dags/example_branch_python_dop_operator_3.py took 0.061 seconds
[2024-01-04T02:16:52.585+0000] {processor.py:161} INFO - Started process (PID=304) to work on /home/airflow/.local/lib/python3.8/site-packages/airflow/example_dags/example_branch_python_dop_operator_3.py
[2024-01-04T02:16:52.586+0000] {processor.py:830} INFO - Processing file /home/airflow/.local/lib/python3.8/site-packages/airflow/example_dags/example_branch_python_dop_operator_3.py for tasks to queue
[2024-01-04T02:16:52.588+0000] {logging_mixin.py:188} INFO - [2024-01-04T02:16:52.587+0000] {dagbag.py:538} INFO - Filling up the DagBag from /home/airflow/.local/lib/python3.8/site-packages/airflow/example_dags/example_branch_python_dop_operator_3.py
[2024-01-04T02:16:52.594+0000] {processor.py:840} INFO - DAG(s) 'example_branch_dop_operator_v3' retrieved from /home/airflow/.local/lib/python3.8/site-packages/airflow/example_dags/example_branch_python_dop_operator_3.py
[2024-01-04T02:16:52.608+0000] {logging_mixin.py:188} INFO - [2024-01-04T02:16:52.608+0000] {dag.py:3033} INFO - Sync 1 DAGs
[2024-01-04T02:16:52.626+0000] {logging_mixin.py:188} INFO - [2024-01-04T02:16:52.626+0000] {dag.py:3820} INFO - Setting next_dagrun for example_branch_dop_operator_v3 to 2024-01-04T02:15:00+00:00, run_after=2024-01-04T02:16:00+00:00
[2024-01-04T02:16:52.641+0000] {processor.py:183} INFO - Processing /home/airflow/.local/lib/python3.8/site-packages/airflow/example_dags/example_branch_python_dop_operator_3.py took 0.058 seconds
[2024-01-04T02:17:22.731+0000] {processor.py:161} INFO - Started process (PID=359) to work on /home/airflow/.local/lib/python3.8/site-packages/airflow/example_dags/example_branch_python_dop_operator_3.py
[2024-01-04T02:17:22.732+0000] {processor.py:830} INFO - Processing file /home/airflow/.local/lib/python3.8/site-packages/airflow/example_dags/example_branch_python_dop_operator_3.py for tasks to queue
[2024-01-04T02:17:22.734+0000] {logging_mixin.py:188} INFO - [2024-01-04T02:17:22.733+0000] {dagbag.py:538} INFO - Filling up the DagBag from /home/airflow/.local/lib/python3.8/site-packages/airflow/example_dags/example_branch_python_dop_operator_3.py
[2024-01-04T02:17:22.740+0000] {processor.py:840} INFO - DAG(s) 'example_branch_dop_operator_v3' retrieved from /home/airflow/.local/lib/python3.8/site-packages/airflow/example_dags/example_branch_python_dop_operator_3.py
[2024-01-04T02:17:22.754+0000] {logging_mixin.py:188} INFO - [2024-01-04T02:17:22.754+0000] {dag.py:3033} INFO - Sync 1 DAGs
[2024-01-04T02:17:22.774+0000] {logging_mixin.py:188} INFO - [2024-01-04T02:17:22.774+0000] {dag.py:3820} INFO - Setting next_dagrun for example_branch_dop_operator_v3 to 2024-01-04T02:16:00+00:00, run_after=2024-01-04T02:17:00+00:00
[2024-01-04T02:17:22.788+0000] {processor.py:183} INFO - Processing /home/airflow/.local/lib/python3.8/site-packages/airflow/example_dags/example_branch_python_dop_operator_3.py took 0.060 seconds
[2024-01-04T02:17:53.748+0000] {processor.py:161} INFO - Started process (PID=414) to work on /home/airflow/.local/lib/python3.8/site-packages/airflow/example_dags/example_branch_python_dop_operator_3.py
[2024-01-04T02:17:53.749+0000] {processor.py:830} INFO - Processing file /home/airflow/.local/lib/python3.8/site-packages/airflow/example_dags/example_branch_python_dop_operator_3.py for tasks to queue
[2024-01-04T02:17:53.751+0000] {logging_mixin.py:188} INFO - [2024-01-04T02:17:53.750+0000] {dagbag.py:538} INFO - Filling up the DagBag from /home/airflow/.local/lib/python3.8/site-packages/airflow/example_dags/example_branch_python_dop_operator_3.py
[2024-01-04T02:17:53.757+0000] {processor.py:840} INFO - DAG(s) 'example_branch_dop_operator_v3' retrieved from /home/airflow/.local/lib/python3.8/site-packages/airflow/example_dags/example_branch_python_dop_operator_3.py
[2024-01-04T02:17:53.773+0000] {logging_mixin.py:188} INFO - [2024-01-04T02:17:53.772+0000] {dag.py:3033} INFO - Sync 1 DAGs
[2024-01-04T02:17:53.791+0000] {logging_mixin.py:188} INFO - [2024-01-04T02:17:53.791+0000] {dag.py:3820} INFO - Setting next_dagrun for example_branch_dop_operator_v3 to 2024-01-04T02:16:00+00:00, run_after=2024-01-04T02:17:00+00:00
[2024-01-04T02:17:53.805+0000] {processor.py:183} INFO - Processing /home/airflow/.local/lib/python3.8/site-packages/airflow/example_dags/example_branch_python_dop_operator_3.py took 0.060 seconds
[2024-01-04T02:18:24.098+0000] {processor.py:161} INFO - Started process (PID=469) to work on /home/airflow/.local/lib/python3.8/site-packages/airflow/example_dags/example_branch_python_dop_operator_3.py
[2024-01-04T02:18:24.099+0000] {processor.py:830} INFO - Processing file /home/airflow/.local/lib/python3.8/site-packages/airflow/example_dags/example_branch_python_dop_operator_3.py for tasks to queue
[2024-01-04T02:18:24.101+0000] {logging_mixin.py:188} INFO - [2024-01-04T02:18:24.101+0000] {dagbag.py:538} INFO - Filling up the DagBag from /home/airflow/.local/lib/python3.8/site-packages/airflow/example_dags/example_branch_python_dop_operator_3.py
[2024-01-04T02:18:24.108+0000] {processor.py:840} INFO - DAG(s) 'example_branch_dop_operator_v3' retrieved from /home/airflow/.local/lib/python3.8/site-packages/airflow/example_dags/example_branch_python_dop_operator_3.py
[2024-01-04T02:18:24.123+0000] {logging_mixin.py:188} INFO - [2024-01-04T02:18:24.123+0000] {dag.py:3033} INFO - Sync 1 DAGs
[2024-01-04T02:18:24.143+0000] {logging_mixin.py:188} INFO - [2024-01-04T02:18:24.143+0000] {dag.py:3820} INFO - Setting next_dagrun for example_branch_dop_operator_v3 to 2024-01-04T02:17:00+00:00, run_after=2024-01-04T02:18:00+00:00
[2024-01-04T02:18:24.158+0000] {processor.py:183} INFO - Processing /home/airflow/.local/lib/python3.8/site-packages/airflow/example_dags/example_branch_python_dop_operator_3.py took 0.062 seconds
[2024-01-04T02:18:54.209+0000] {processor.py:161} INFO - Started process (PID=524) to work on /home/airflow/.local/lib/python3.8/site-packages/airflow/example_dags/example_branch_python_dop_operator_3.py
[2024-01-04T02:18:54.210+0000] {processor.py:830} INFO - Processing file /home/airflow/.local/lib/python3.8/site-packages/airflow/example_dags/example_branch_python_dop_operator_3.py for tasks to queue
[2024-01-04T02:18:54.211+0000] {logging_mixin.py:188} INFO - [2024-01-04T02:18:54.211+0000] {dagbag.py:538} INFO - Filling up the DagBag from /home/airflow/.local/lib/python3.8/site-packages/airflow/example_dags/example_branch_python_dop_operator_3.py
[2024-01-04T02:18:54.217+0000] {processor.py:840} INFO - DAG(s) 'example_branch_dop_operator_v3' retrieved from /home/airflow/.local/lib/python3.8/site-packages/airflow/example_dags/example_branch_python_dop_operator_3.py
[2024-01-04T02:18:54.232+0000] {logging_mixin.py:188} INFO - [2024-01-04T02:18:54.231+0000] {dag.py:3033} INFO - Sync 1 DAGs
[2024-01-04T02:18:54.250+0000] {logging_mixin.py:188} INFO - [2024-01-04T02:18:54.250+0000] {dag.py:3820} INFO - Setting next_dagrun for example_branch_dop_operator_v3 to 2024-01-04T02:17:00+00:00, run_after=2024-01-04T02:18:00+00:00
[2024-01-04T02:18:54.268+0000] {processor.py:183} INFO - Processing /home/airflow/.local/lib/python3.8/site-packages/airflow/example_dags/example_branch_python_dop_operator_3.py took 0.061 seconds
[2024-01-04T02:19:24.377+0000] {processor.py:161} INFO - Started process (PID=579) to work on /home/airflow/.local/lib/python3.8/site-packages/airflow/example_dags/example_branch_python_dop_operator_3.py
[2024-01-04T02:19:24.378+0000] {processor.py:830} INFO - Processing file /home/airflow/.local/lib/python3.8/site-packages/airflow/example_dags/example_branch_python_dop_operator_3.py for tasks to queue
[2024-01-04T02:19:24.379+0000] {logging_mixin.py:188} INFO - [2024-01-04T02:19:24.379+0000] {dagbag.py:538} INFO - Filling up the DagBag from /home/airflow/.local/lib/python3.8/site-packages/airflow/example_dags/example_branch_python_dop_operator_3.py
[2024-01-04T02:19:24.386+0000] {processor.py:840} INFO - DAG(s) 'example_branch_dop_operator_v3' retrieved from /home/airflow/.local/lib/python3.8/site-packages/airflow/example_dags/example_branch_python_dop_operator_3.py
[2024-01-04T02:19:24.401+0000] {logging_mixin.py:188} INFO - [2024-01-04T02:19:24.401+0000] {dag.py:3033} INFO - Sync 1 DAGs
[2024-01-04T02:19:24.422+0000] {logging_mixin.py:188} INFO - [2024-01-04T02:19:24.421+0000] {dag.py:3820} INFO - Setting next_dagrun for example_branch_dop_operator_v3 to 2024-01-04T02:18:00+00:00, run_after=2024-01-04T02:19:00+00:00
[2024-01-04T02:19:24.437+0000] {processor.py:183} INFO - Processing /home/airflow/.local/lib/python3.8/site-packages/airflow/example_dags/example_branch_python_dop_operator_3.py took 0.062 seconds
[2024-01-04T02:19:54.602+0000] {processor.py:161} INFO - Started process (PID=634) to work on /home/airflow/.local/lib/python3.8/site-packages/airflow/example_dags/example_branch_python_dop_operator_3.py
[2024-01-04T02:19:54.603+0000] {processor.py:830} INFO - Processing file /home/airflow/.local/lib/python3.8/site-packages/airflow/example_dags/example_branch_python_dop_operator_3.py for tasks to queue
[2024-01-04T02:19:54.605+0000] {logging_mixin.py:188} INFO - [2024-01-04T02:19:54.604+0000] {dagbag.py:538} INFO - Filling up the DagBag from /home/airflow/.local/lib/python3.8/site-packages/airflow/example_dags/example_branch_python_dop_operator_3.py
[2024-01-04T02:19:54.611+0000] {processor.py:840} INFO - DAG(s) 'example_branch_dop_operator_v3' retrieved from /home/airflow/.local/lib/python3.8/site-packages/airflow/example_dags/example_branch_python_dop_operator_3.py
[2024-01-04T02:19:54.627+0000] {logging_mixin.py:188} INFO - [2024-01-04T02:19:54.626+0000] {dag.py:3033} INFO - Sync 1 DAGs
[2024-01-04T02:19:54.647+0000] {logging_mixin.py:188} INFO - [2024-01-04T02:19:54.647+0000] {dag.py:3820} INFO - Setting next_dagrun for example_branch_dop_operator_v3 to 2024-01-04T02:18:00+00:00, run_after=2024-01-04T02:19:00+00:00
[2024-01-04T02:19:54.662+0000] {processor.py:183} INFO - Processing /home/airflow/.local/lib/python3.8/site-packages/airflow/example_dags/example_branch_python_dop_operator_3.py took 0.063 seconds
[2024-01-04T02:20:24.821+0000] {processor.py:161} INFO - Started process (PID=689) to work on /home/airflow/.local/lib/python3.8/site-packages/airflow/example_dags/example_branch_python_dop_operator_3.py
[2024-01-04T02:20:24.821+0000] {processor.py:830} INFO - Processing file /home/airflow/.local/lib/python3.8/site-packages/airflow/example_dags/example_branch_python_dop_operator_3.py for tasks to queue
[2024-01-04T02:20:24.823+0000] {logging_mixin.py:188} INFO - [2024-01-04T02:20:24.823+0000] {dagbag.py:538} INFO - Filling up the DagBag from /home/airflow/.local/lib/python3.8/site-packages/airflow/example_dags/example_branch_python_dop_operator_3.py
[2024-01-04T02:20:24.830+0000] {processor.py:840} INFO - DAG(s) 'example_branch_dop_operator_v3' retrieved from /home/airflow/.local/lib/python3.8/site-packages/airflow/example_dags/example_branch_python_dop_operator_3.py
[2024-01-04T02:20:24.847+0000] {logging_mixin.py:188} INFO - [2024-01-04T02:20:24.846+0000] {dag.py:3033} INFO - Sync 1 DAGs
[2024-01-04T02:20:24.868+0000] {logging_mixin.py:188} INFO - [2024-01-04T02:20:24.868+0000] {dag.py:3820} INFO - Setting next_dagrun for example_branch_dop_operator_v3 to 2024-01-04T02:19:00+00:00, run_after=2024-01-04T02:20:00+00:00
[2024-01-04T02:20:24.882+0000] {processor.py:183} INFO - Processing /home/airflow/.local/lib/python3.8/site-packages/airflow/example_dags/example_branch_python_dop_operator_3.py took 0.064 seconds
[2024-01-04T02:20:55.145+0000] {processor.py:161} INFO - Started process (PID=744) to work on /home/airflow/.local/lib/python3.8/site-packages/airflow/example_dags/example_branch_python_dop_operator_3.py
[2024-01-04T02:20:55.146+0000] {processor.py:830} INFO - Processing file /home/airflow/.local/lib/python3.8/site-packages/airflow/example_dags/example_branch_python_dop_operator_3.py for tasks to queue
[2024-01-04T02:20:55.148+0000] {logging_mixin.py:188} INFO - [2024-01-04T02:20:55.148+0000] {dagbag.py:538} INFO - Filling up the DagBag from /home/airflow/.local/lib/python3.8/site-packages/airflow/example_dags/example_branch_python_dop_operator_3.py
[2024-01-04T02:20:55.155+0000] {processor.py:840} INFO - DAG(s) 'example_branch_dop_operator_v3' retrieved from /home/airflow/.local/lib/python3.8/site-packages/airflow/example_dags/example_branch_python_dop_operator_3.py
[2024-01-04T02:20:55.171+0000] {logging_mixin.py:188} INFO - [2024-01-04T02:20:55.171+0000] {dag.py:3033} INFO - Sync 1 DAGs
[2024-01-04T02:20:55.192+0000] {logging_mixin.py:188} INFO - [2024-01-04T02:20:55.192+0000] {dag.py:3820} INFO - Setting next_dagrun for example_branch_dop_operator_v3 to 2024-01-04T02:19:00+00:00, run_after=2024-01-04T02:20:00+00:00
[2024-01-04T02:20:55.209+0000] {processor.py:183} INFO - Processing /home/airflow/.local/lib/python3.8/site-packages/airflow/example_dags/example_branch_python_dop_operator_3.py took 0.067 seconds
[2024-01-04T02:21:25.388+0000] {processor.py:161} INFO - Started process (PID=799) to work on /home/airflow/.local/lib/python3.8/site-packages/airflow/example_dags/example_branch_python_dop_operator_3.py
[2024-01-04T02:21:25.389+0000] {processor.py:830} INFO - Processing file /home/airflow/.local/lib/python3.8/site-packages/airflow/example_dags/example_branch_python_dop_operator_3.py for tasks to queue
[2024-01-04T02:21:25.391+0000] {logging_mixin.py:188} INFO - [2024-01-04T02:21:25.391+0000] {dagbag.py:538} INFO - Filling up the DagBag from /home/airflow/.local/lib/python3.8/site-packages/airflow/example_dags/example_branch_python_dop_operator_3.py
[2024-01-04T02:21:25.398+0000] {processor.py:840} INFO - DAG(s) 'example_branch_dop_operator_v3' retrieved from /home/airflow/.local/lib/python3.8/site-packages/airflow/example_dags/example_branch_python_dop_operator_3.py
[2024-01-04T02:21:25.414+0000] {logging_mixin.py:188} INFO - [2024-01-04T02:21:25.414+0000] {dag.py:3033} INFO - Sync 1 DAGs
[2024-01-04T02:21:25.432+0000] {logging_mixin.py:188} INFO - [2024-01-04T02:21:25.432+0000] {dag.py:3820} INFO - Setting next_dagrun for example_branch_dop_operator_v3 to 2024-01-04T02:20:00+00:00, run_after=2024-01-04T02:21:00+00:00
[2024-01-04T02:21:25.448+0000] {processor.py:183} INFO - Processing /home/airflow/.local/lib/python3.8/site-packages/airflow/example_dags/example_branch_python_dop_operator_3.py took 0.062 seconds
[2024-01-04T02:21:55.644+0000] {processor.py:161} INFO - Started process (PID=855) to work on /home/airflow/.local/lib/python3.8/site-packages/airflow/example_dags/example_branch_python_dop_operator_3.py
[2024-01-04T02:21:55.645+0000] {processor.py:830} INFO - Processing file /home/airflow/.local/lib/python3.8/site-packages/airflow/example_dags/example_branch_python_dop_operator_3.py for tasks to queue
[2024-01-04T02:21:55.647+0000] {logging_mixin.py:188} INFO - [2024-01-04T02:21:55.647+0000] {dagbag.py:538} INFO - Filling up the DagBag from /home/airflow/.local/lib/python3.8/site-packages/airflow/example_dags/example_branch_python_dop_operator_3.py
[2024-01-04T02:21:55.653+0000] {processor.py:840} INFO - DAG(s) 'example_branch_dop_operator_v3' retrieved from /home/airflow/.local/lib/python3.8/site-packages/airflow/example_dags/example_branch_python_dop_operator_3.py
[2024-01-04T02:21:55.668+0000] {logging_mixin.py:188} INFO - [2024-01-04T02:21:55.668+0000] {dag.py:3033} INFO - Sync 1 DAGs
[2024-01-04T02:21:55.688+0000] {logging_mixin.py:188} INFO - [2024-01-04T02:21:55.688+0000] {dag.py:3820} INFO - Setting next_dagrun for example_branch_dop_operator_v3 to 2024-01-04T02:20:00+00:00, run_after=2024-01-04T02:21:00+00:00
[2024-01-04T02:21:55.705+0000] {processor.py:183} INFO - Processing /home/airflow/.local/lib/python3.8/site-packages/airflow/example_dags/example_branch_python_dop_operator_3.py took 0.063 seconds
[2024-01-04T02:22:25.899+0000] {processor.py:161} INFO - Started process (PID=910) to work on /home/airflow/.local/lib/python3.8/site-packages/airflow/example_dags/example_branch_python_dop_operator_3.py
[2024-01-04T02:22:25.900+0000] {processor.py:830} INFO - Processing file /home/airflow/.local/lib/python3.8/site-packages/airflow/example_dags/example_branch_python_dop_operator_3.py for tasks to queue
[2024-01-04T02:22:25.902+0000] {logging_mixin.py:188} INFO - [2024-01-04T02:22:25.902+0000] {dagbag.py:538} INFO - Filling up the DagBag from /home/airflow/.local/lib/python3.8/site-packages/airflow/example_dags/example_branch_python_dop_operator_3.py
[2024-01-04T02:22:25.908+0000] {processor.py:840} INFO - DAG(s) 'example_branch_dop_operator_v3' retrieved from /home/airflow/.local/lib/python3.8/site-packages/airflow/example_dags/example_branch_python_dop_operator_3.py
[2024-01-04T02:22:25.924+0000] {logging_mixin.py:188} INFO - [2024-01-04T02:22:25.924+0000] {dag.py:3033} INFO - Sync 1 DAGs
[2024-01-04T02:22:25.943+0000] {logging_mixin.py:188} INFO - [2024-01-04T02:22:25.943+0000] {dag.py:3820} INFO - Setting next_dagrun for example_branch_dop_operator_v3 to 2024-01-04T02:21:00+00:00, run_after=2024-01-04T02:22:00+00:00
[2024-01-04T02:22:25.961+0000] {processor.py:183} INFO - Processing /home/airflow/.local/lib/python3.8/site-packages/airflow/example_dags/example_branch_python_dop_operator_3.py took 0.064 seconds
