[2024-01-04T02:14:49.286+0000] {processor.py:161} INFO - Started process (PID=76) to work on /home/airflow/.local/lib/python3.8/site-packages/airflow/example_dags/example_skip_dag.py
[2024-01-04T02:14:49.291+0000] {processor.py:830} INFO - Processing file /home/airflow/.local/lib/python3.8/site-packages/airflow/example_dags/example_skip_dag.py for tasks to queue
[2024-01-04T02:14:49.294+0000] {logging_mixin.py:188} INFO - [2024-01-04T02:14:49.294+0000] {dagbag.py:538} INFO - Filling up the DagBag from /home/airflow/.local/lib/python3.8/site-packages/airflow/example_dags/example_skip_dag.py
[2024-01-04T02:14:49.318+0000] {processor.py:840} INFO - DAG(s) 'example_skip_dag' retrieved from /home/airflow/.local/lib/python3.8/site-packages/airflow/example_dags/example_skip_dag.py
[2024-01-04T02:14:49.497+0000] {logging_mixin.py:188} INFO - [2024-01-04T02:14:49.495+0000] {override.py:1769} INFO - Created Permission View: can edit on DAG:example_skip_dag
[2024-01-04T02:14:49.513+0000] {logging_mixin.py:188} INFO - [2024-01-04T02:14:49.513+0000] {override.py:1769} INFO - Created Permission View: can read on DAG:example_skip_dag
[2024-01-04T02:14:49.521+0000] {logging_mixin.py:188} INFO - [2024-01-04T02:14:49.521+0000] {override.py:1769} INFO - Created Permission View: can delete on DAG:example_skip_dag
[2024-01-04T02:14:49.522+0000] {logging_mixin.py:188} INFO - [2024-01-04T02:14:49.522+0000] {dag.py:3033} INFO - Sync 1 DAGs
[2024-01-04T02:14:49.539+0000] {logging_mixin.py:188} INFO - [2024-01-04T02:14:49.538+0000] {dag.py:3055} INFO - Creating ORM DAG for example_skip_dag
[2024-01-04T02:14:49.549+0000] {logging_mixin.py:188} INFO - [2024-01-04T02:14:49.549+0000] {dag.py:3820} INFO - Setting next_dagrun for example_skip_dag to 2024-01-03T00:00:00+00:00, run_after=2024-01-04T00:00:00+00:00
[2024-01-04T02:14:49.566+0000] {processor.py:183} INFO - Processing /home/airflow/.local/lib/python3.8/site-packages/airflow/example_dags/example_skip_dag.py took 0.287 seconds
[2024-01-04T02:15:19.970+0000] {processor.py:161} INFO - Started process (PID=131) to work on /home/airflow/.local/lib/python3.8/site-packages/airflow/example_dags/example_skip_dag.py
[2024-01-04T02:15:19.971+0000] {processor.py:830} INFO - Processing file /home/airflow/.local/lib/python3.8/site-packages/airflow/example_dags/example_skip_dag.py for tasks to queue
[2024-01-04T02:15:19.972+0000] {logging_mixin.py:188} INFO - [2024-01-04T02:15:19.972+0000] {dagbag.py:538} INFO - Filling up the DagBag from /home/airflow/.local/lib/python3.8/site-packages/airflow/example_dags/example_skip_dag.py
[2024-01-04T02:15:19.978+0000] {processor.py:840} INFO - DAG(s) 'example_skip_dag' retrieved from /home/airflow/.local/lib/python3.8/site-packages/airflow/example_dags/example_skip_dag.py
[2024-01-04T02:15:19.994+0000] {logging_mixin.py:188} INFO - [2024-01-04T02:15:19.994+0000] {dag.py:3033} INFO - Sync 1 DAGs
[2024-01-04T02:15:20.011+0000] {logging_mixin.py:188} INFO - [2024-01-04T02:15:20.011+0000] {dag.py:3820} INFO - Setting next_dagrun for example_skip_dag to 2024-01-03T00:00:00+00:00, run_after=2024-01-04T00:00:00+00:00
[2024-01-04T02:15:20.025+0000] {processor.py:183} INFO - Processing /home/airflow/.local/lib/python3.8/site-packages/airflow/example_dags/example_skip_dag.py took 0.057 seconds
[2024-01-04T02:15:50.471+0000] {processor.py:161} INFO - Started process (PID=186) to work on /home/airflow/.local/lib/python3.8/site-packages/airflow/example_dags/example_skip_dag.py
[2024-01-04T02:15:50.472+0000] {processor.py:830} INFO - Processing file /home/airflow/.local/lib/python3.8/site-packages/airflow/example_dags/example_skip_dag.py for tasks to queue
[2024-01-04T02:15:50.473+0000] {logging_mixin.py:188} INFO - [2024-01-04T02:15:50.473+0000] {dagbag.py:538} INFO - Filling up the DagBag from /home/airflow/.local/lib/python3.8/site-packages/airflow/example_dags/example_skip_dag.py
[2024-01-04T02:15:50.478+0000] {processor.py:840} INFO - DAG(s) 'example_skip_dag' retrieved from /home/airflow/.local/lib/python3.8/site-packages/airflow/example_dags/example_skip_dag.py
[2024-01-04T02:15:50.492+0000] {logging_mixin.py:188} INFO - [2024-01-04T02:15:50.492+0000] {dag.py:3033} INFO - Sync 1 DAGs
[2024-01-04T02:15:50.507+0000] {logging_mixin.py:188} INFO - [2024-01-04T02:15:50.507+0000] {dag.py:3820} INFO - Setting next_dagrun for example_skip_dag to 2024-01-03T00:00:00+00:00, run_after=2024-01-04T00:00:00+00:00
[2024-01-04T02:15:50.522+0000] {processor.py:183} INFO - Processing /home/airflow/.local/lib/python3.8/site-packages/airflow/example_dags/example_skip_dag.py took 0.054 seconds
[2024-01-04T02:16:20.722+0000] {processor.py:161} INFO - Started process (PID=241) to work on /home/airflow/.local/lib/python3.8/site-packages/airflow/example_dags/example_skip_dag.py
[2024-01-04T02:16:20.723+0000] {processor.py:830} INFO - Processing file /home/airflow/.local/lib/python3.8/site-packages/airflow/example_dags/example_skip_dag.py for tasks to queue
[2024-01-04T02:16:20.725+0000] {logging_mixin.py:188} INFO - [2024-01-04T02:16:20.725+0000] {dagbag.py:538} INFO - Filling up the DagBag from /home/airflow/.local/lib/python3.8/site-packages/airflow/example_dags/example_skip_dag.py
[2024-01-04T02:16:20.730+0000] {processor.py:840} INFO - DAG(s) 'example_skip_dag' retrieved from /home/airflow/.local/lib/python3.8/site-packages/airflow/example_dags/example_skip_dag.py
[2024-01-04T02:16:20.747+0000] {logging_mixin.py:188} INFO - [2024-01-04T02:16:20.746+0000] {dag.py:3033} INFO - Sync 1 DAGs
[2024-01-04T02:16:20.763+0000] {logging_mixin.py:188} INFO - [2024-01-04T02:16:20.763+0000] {dag.py:3820} INFO - Setting next_dagrun for example_skip_dag to 2024-01-03T00:00:00+00:00, run_after=2024-01-04T00:00:00+00:00
[2024-01-04T02:16:20.778+0000] {processor.py:183} INFO - Processing /home/airflow/.local/lib/python3.8/site-packages/airflow/example_dags/example_skip_dag.py took 0.058 seconds
[2024-01-04T02:16:51.182+0000] {processor.py:161} INFO - Started process (PID=296) to work on /home/airflow/.local/lib/python3.8/site-packages/airflow/example_dags/example_skip_dag.py
[2024-01-04T02:16:51.183+0000] {processor.py:830} INFO - Processing file /home/airflow/.local/lib/python3.8/site-packages/airflow/example_dags/example_skip_dag.py for tasks to queue
[2024-01-04T02:16:51.184+0000] {logging_mixin.py:188} INFO - [2024-01-04T02:16:51.184+0000] {dagbag.py:538} INFO - Filling up the DagBag from /home/airflow/.local/lib/python3.8/site-packages/airflow/example_dags/example_skip_dag.py
[2024-01-04T02:16:51.189+0000] {processor.py:840} INFO - DAG(s) 'example_skip_dag' retrieved from /home/airflow/.local/lib/python3.8/site-packages/airflow/example_dags/example_skip_dag.py
[2024-01-04T02:16:51.206+0000] {logging_mixin.py:188} INFO - [2024-01-04T02:16:51.206+0000] {dag.py:3033} INFO - Sync 1 DAGs
[2024-01-04T02:16:51.220+0000] {logging_mixin.py:188} INFO - [2024-01-04T02:16:51.220+0000] {dag.py:3820} INFO - Setting next_dagrun for example_skip_dag to 2024-01-03T00:00:00+00:00, run_after=2024-01-04T00:00:00+00:00
[2024-01-04T02:16:51.235+0000] {processor.py:183} INFO - Processing /home/airflow/.local/lib/python3.8/site-packages/airflow/example_dags/example_skip_dag.py took 0.055 seconds
[2024-01-04T02:17:21.365+0000] {processor.py:161} INFO - Started process (PID=351) to work on /home/airflow/.local/lib/python3.8/site-packages/airflow/example_dags/example_skip_dag.py
[2024-01-04T02:17:21.366+0000] {processor.py:830} INFO - Processing file /home/airflow/.local/lib/python3.8/site-packages/airflow/example_dags/example_skip_dag.py for tasks to queue
[2024-01-04T02:17:21.368+0000] {logging_mixin.py:188} INFO - [2024-01-04T02:17:21.368+0000] {dagbag.py:538} INFO - Filling up the DagBag from /home/airflow/.local/lib/python3.8/site-packages/airflow/example_dags/example_skip_dag.py
[2024-01-04T02:17:21.372+0000] {processor.py:840} INFO - DAG(s) 'example_skip_dag' retrieved from /home/airflow/.local/lib/python3.8/site-packages/airflow/example_dags/example_skip_dag.py
[2024-01-04T02:17:21.387+0000] {logging_mixin.py:188} INFO - [2024-01-04T02:17:21.387+0000] {dag.py:3033} INFO - Sync 1 DAGs
[2024-01-04T02:17:21.402+0000] {logging_mixin.py:188} INFO - [2024-01-04T02:17:21.401+0000] {dag.py:3820} INFO - Setting next_dagrun for example_skip_dag to 2024-01-03T00:00:00+00:00, run_after=2024-01-04T00:00:00+00:00
[2024-01-04T02:17:21.417+0000] {processor.py:183} INFO - Processing /home/airflow/.local/lib/python3.8/site-packages/airflow/example_dags/example_skip_dag.py took 0.054 seconds
[2024-01-04T02:17:52.351+0000] {processor.py:161} INFO - Started process (PID=406) to work on /home/airflow/.local/lib/python3.8/site-packages/airflow/example_dags/example_skip_dag.py
[2024-01-04T02:17:52.352+0000] {processor.py:830} INFO - Processing file /home/airflow/.local/lib/python3.8/site-packages/airflow/example_dags/example_skip_dag.py for tasks to queue
[2024-01-04T02:17:52.353+0000] {logging_mixin.py:188} INFO - [2024-01-04T02:17:52.353+0000] {dagbag.py:538} INFO - Filling up the DagBag from /home/airflow/.local/lib/python3.8/site-packages/airflow/example_dags/example_skip_dag.py
[2024-01-04T02:17:52.358+0000] {processor.py:840} INFO - DAG(s) 'example_skip_dag' retrieved from /home/airflow/.local/lib/python3.8/site-packages/airflow/example_dags/example_skip_dag.py
[2024-01-04T02:17:52.373+0000] {logging_mixin.py:188} INFO - [2024-01-04T02:17:52.373+0000] {dag.py:3033} INFO - Sync 1 DAGs
[2024-01-04T02:17:52.386+0000] {logging_mixin.py:188} INFO - [2024-01-04T02:17:52.386+0000] {dag.py:3820} INFO - Setting next_dagrun for example_skip_dag to 2024-01-03T00:00:00+00:00, run_after=2024-01-04T00:00:00+00:00
[2024-01-04T02:17:52.399+0000] {processor.py:183} INFO - Processing /home/airflow/.local/lib/python3.8/site-packages/airflow/example_dags/example_skip_dag.py took 0.051 seconds
[2024-01-04T02:18:22.681+0000] {processor.py:161} INFO - Started process (PID=461) to work on /home/airflow/.local/lib/python3.8/site-packages/airflow/example_dags/example_skip_dag.py
[2024-01-04T02:18:22.682+0000] {processor.py:830} INFO - Processing file /home/airflow/.local/lib/python3.8/site-packages/airflow/example_dags/example_skip_dag.py for tasks to queue
[2024-01-04T02:18:22.684+0000] {logging_mixin.py:188} INFO - [2024-01-04T02:18:22.683+0000] {dagbag.py:538} INFO - Filling up the DagBag from /home/airflow/.local/lib/python3.8/site-packages/airflow/example_dags/example_skip_dag.py
[2024-01-04T02:18:22.689+0000] {processor.py:840} INFO - DAG(s) 'example_skip_dag' retrieved from /home/airflow/.local/lib/python3.8/site-packages/airflow/example_dags/example_skip_dag.py
[2024-01-04T02:18:22.703+0000] {logging_mixin.py:188} INFO - [2024-01-04T02:18:22.703+0000] {dag.py:3033} INFO - Sync 1 DAGs
[2024-01-04T02:18:22.718+0000] {logging_mixin.py:188} INFO - [2024-01-04T02:18:22.718+0000] {dag.py:3820} INFO - Setting next_dagrun for example_skip_dag to 2024-01-03T00:00:00+00:00, run_after=2024-01-04T00:00:00+00:00
[2024-01-04T02:18:22.732+0000] {processor.py:183} INFO - Processing /home/airflow/.local/lib/python3.8/site-packages/airflow/example_dags/example_skip_dag.py took 0.053 seconds
[2024-01-04T02:18:52.832+0000] {processor.py:161} INFO - Started process (PID=516) to work on /home/airflow/.local/lib/python3.8/site-packages/airflow/example_dags/example_skip_dag.py
[2024-01-04T02:18:52.833+0000] {processor.py:830} INFO - Processing file /home/airflow/.local/lib/python3.8/site-packages/airflow/example_dags/example_skip_dag.py for tasks to queue
[2024-01-04T02:18:52.834+0000] {logging_mixin.py:188} INFO - [2024-01-04T02:18:52.834+0000] {dagbag.py:538} INFO - Filling up the DagBag from /home/airflow/.local/lib/python3.8/site-packages/airflow/example_dags/example_skip_dag.py
[2024-01-04T02:18:52.838+0000] {processor.py:840} INFO - DAG(s) 'example_skip_dag' retrieved from /home/airflow/.local/lib/python3.8/site-packages/airflow/example_dags/example_skip_dag.py
[2024-01-04T02:18:52.854+0000] {logging_mixin.py:188} INFO - [2024-01-04T02:18:52.854+0000] {dag.py:3033} INFO - Sync 1 DAGs
[2024-01-04T02:18:52.867+0000] {logging_mixin.py:188} INFO - [2024-01-04T02:18:52.867+0000] {dag.py:3820} INFO - Setting next_dagrun for example_skip_dag to 2024-01-03T00:00:00+00:00, run_after=2024-01-04T00:00:00+00:00
[2024-01-04T02:18:52.880+0000] {processor.py:183} INFO - Processing /home/airflow/.local/lib/python3.8/site-packages/airflow/example_dags/example_skip_dag.py took 0.051 seconds
[2024-01-04T02:19:23.066+0000] {processor.py:161} INFO - Started process (PID=571) to work on /home/airflow/.local/lib/python3.8/site-packages/airflow/example_dags/example_skip_dag.py
[2024-01-04T02:19:23.067+0000] {processor.py:830} INFO - Processing file /home/airflow/.local/lib/python3.8/site-packages/airflow/example_dags/example_skip_dag.py for tasks to queue
[2024-01-04T02:19:23.069+0000] {logging_mixin.py:188} INFO - [2024-01-04T02:19:23.069+0000] {dagbag.py:538} INFO - Filling up the DagBag from /home/airflow/.local/lib/python3.8/site-packages/airflow/example_dags/example_skip_dag.py
[2024-01-04T02:19:23.075+0000] {processor.py:840} INFO - DAG(s) 'example_skip_dag' retrieved from /home/airflow/.local/lib/python3.8/site-packages/airflow/example_dags/example_skip_dag.py
[2024-01-04T02:19:23.090+0000] {logging_mixin.py:188} INFO - [2024-01-04T02:19:23.090+0000] {dag.py:3033} INFO - Sync 1 DAGs
[2024-01-04T02:19:23.105+0000] {logging_mixin.py:188} INFO - [2024-01-04T02:19:23.105+0000] {dag.py:3820} INFO - Setting next_dagrun for example_skip_dag to 2024-01-03T00:00:00+00:00, run_after=2024-01-04T00:00:00+00:00
[2024-01-04T02:19:23.118+0000] {processor.py:183} INFO - Processing /home/airflow/.local/lib/python3.8/site-packages/airflow/example_dags/example_skip_dag.py took 0.054 seconds
[2024-01-04T02:19:53.278+0000] {processor.py:161} INFO - Started process (PID=626) to work on /home/airflow/.local/lib/python3.8/site-packages/airflow/example_dags/example_skip_dag.py
[2024-01-04T02:19:53.279+0000] {processor.py:830} INFO - Processing file /home/airflow/.local/lib/python3.8/site-packages/airflow/example_dags/example_skip_dag.py for tasks to queue
[2024-01-04T02:19:53.281+0000] {logging_mixin.py:188} INFO - [2024-01-04T02:19:53.281+0000] {dagbag.py:538} INFO - Filling up the DagBag from /home/airflow/.local/lib/python3.8/site-packages/airflow/example_dags/example_skip_dag.py
[2024-01-04T02:19:53.286+0000] {processor.py:840} INFO - DAG(s) 'example_skip_dag' retrieved from /home/airflow/.local/lib/python3.8/site-packages/airflow/example_dags/example_skip_dag.py
[2024-01-04T02:19:53.302+0000] {logging_mixin.py:188} INFO - [2024-01-04T02:19:53.302+0000] {dag.py:3033} INFO - Sync 1 DAGs
[2024-01-04T02:19:53.320+0000] {logging_mixin.py:188} INFO - [2024-01-04T02:19:53.319+0000] {dag.py:3820} INFO - Setting next_dagrun for example_skip_dag to 2024-01-03T00:00:00+00:00, run_after=2024-01-04T00:00:00+00:00
[2024-01-04T02:19:53.338+0000] {processor.py:183} INFO - Processing /home/airflow/.local/lib/python3.8/site-packages/airflow/example_dags/example_skip_dag.py took 0.062 seconds
[2024-01-04T02:20:23.504+0000] {processor.py:161} INFO - Started process (PID=681) to work on /home/airflow/.local/lib/python3.8/site-packages/airflow/example_dags/example_skip_dag.py
[2024-01-04T02:20:23.505+0000] {processor.py:830} INFO - Processing file /home/airflow/.local/lib/python3.8/site-packages/airflow/example_dags/example_skip_dag.py for tasks to queue
[2024-01-04T02:20:23.506+0000] {logging_mixin.py:188} INFO - [2024-01-04T02:20:23.506+0000] {dagbag.py:538} INFO - Filling up the DagBag from /home/airflow/.local/lib/python3.8/site-packages/airflow/example_dags/example_skip_dag.py
[2024-01-04T02:20:23.511+0000] {processor.py:840} INFO - DAG(s) 'example_skip_dag' retrieved from /home/airflow/.local/lib/python3.8/site-packages/airflow/example_dags/example_skip_dag.py
[2024-01-04T02:20:23.530+0000] {logging_mixin.py:188} INFO - [2024-01-04T02:20:23.530+0000] {dag.py:3033} INFO - Sync 1 DAGs
[2024-01-04T02:20:23.547+0000] {logging_mixin.py:188} INFO - [2024-01-04T02:20:23.547+0000] {dag.py:3820} INFO - Setting next_dagrun for example_skip_dag to 2024-01-03T00:00:00+00:00, run_after=2024-01-04T00:00:00+00:00
[2024-01-04T02:20:23.565+0000] {processor.py:183} INFO - Processing /home/airflow/.local/lib/python3.8/site-packages/airflow/example_dags/example_skip_dag.py took 0.064 seconds
[2024-01-04T02:20:53.830+0000] {processor.py:161} INFO - Started process (PID=736) to work on /home/airflow/.local/lib/python3.8/site-packages/airflow/example_dags/example_skip_dag.py
[2024-01-04T02:20:53.830+0000] {processor.py:830} INFO - Processing file /home/airflow/.local/lib/python3.8/site-packages/airflow/example_dags/example_skip_dag.py for tasks to queue
[2024-01-04T02:20:53.832+0000] {logging_mixin.py:188} INFO - [2024-01-04T02:20:53.832+0000] {dagbag.py:538} INFO - Filling up the DagBag from /home/airflow/.local/lib/python3.8/site-packages/airflow/example_dags/example_skip_dag.py
[2024-01-04T02:20:53.837+0000] {processor.py:840} INFO - DAG(s) 'example_skip_dag' retrieved from /home/airflow/.local/lib/python3.8/site-packages/airflow/example_dags/example_skip_dag.py
[2024-01-04T02:20:53.853+0000] {logging_mixin.py:188} INFO - [2024-01-04T02:20:53.853+0000] {dag.py:3033} INFO - Sync 1 DAGs
[2024-01-04T02:20:53.869+0000] {logging_mixin.py:188} INFO - [2024-01-04T02:20:53.869+0000] {dag.py:3820} INFO - Setting next_dagrun for example_skip_dag to 2024-01-03T00:00:00+00:00, run_after=2024-01-04T00:00:00+00:00
[2024-01-04T02:20:53.884+0000] {processor.py:183} INFO - Processing /home/airflow/.local/lib/python3.8/site-packages/airflow/example_dags/example_skip_dag.py took 0.057 seconds
[2024-01-04T02:21:24.072+0000] {processor.py:161} INFO - Started process (PID=791) to work on /home/airflow/.local/lib/python3.8/site-packages/airflow/example_dags/example_skip_dag.py
[2024-01-04T02:21:24.074+0000] {processor.py:830} INFO - Processing file /home/airflow/.local/lib/python3.8/site-packages/airflow/example_dags/example_skip_dag.py for tasks to queue
[2024-01-04T02:21:24.076+0000] {logging_mixin.py:188} INFO - [2024-01-04T02:21:24.075+0000] {dagbag.py:538} INFO - Filling up the DagBag from /home/airflow/.local/lib/python3.8/site-packages/airflow/example_dags/example_skip_dag.py
[2024-01-04T02:21:24.081+0000] {processor.py:840} INFO - DAG(s) 'example_skip_dag' retrieved from /home/airflow/.local/lib/python3.8/site-packages/airflow/example_dags/example_skip_dag.py
[2024-01-04T02:21:24.096+0000] {logging_mixin.py:188} INFO - [2024-01-04T02:21:24.096+0000] {dag.py:3033} INFO - Sync 1 DAGs
[2024-01-04T02:21:24.112+0000] {logging_mixin.py:188} INFO - [2024-01-04T02:21:24.111+0000] {dag.py:3820} INFO - Setting next_dagrun for example_skip_dag to 2024-01-03T00:00:00+00:00, run_after=2024-01-04T00:00:00+00:00
[2024-01-04T02:21:24.128+0000] {processor.py:183} INFO - Processing /home/airflow/.local/lib/python3.8/site-packages/airflow/example_dags/example_skip_dag.py took 0.058 seconds
[2024-01-04T02:21:54.307+0000] {processor.py:161} INFO - Started process (PID=847) to work on /home/airflow/.local/lib/python3.8/site-packages/airflow/example_dags/example_skip_dag.py
[2024-01-04T02:21:54.309+0000] {processor.py:830} INFO - Processing file /home/airflow/.local/lib/python3.8/site-packages/airflow/example_dags/example_skip_dag.py for tasks to queue
[2024-01-04T02:21:54.311+0000] {logging_mixin.py:188} INFO - [2024-01-04T02:21:54.311+0000] {dagbag.py:538} INFO - Filling up the DagBag from /home/airflow/.local/lib/python3.8/site-packages/airflow/example_dags/example_skip_dag.py
[2024-01-04T02:21:54.316+0000] {processor.py:840} INFO - DAG(s) 'example_skip_dag' retrieved from /home/airflow/.local/lib/python3.8/site-packages/airflow/example_dags/example_skip_dag.py
[2024-01-04T02:21:54.331+0000] {logging_mixin.py:188} INFO - [2024-01-04T02:21:54.331+0000] {dag.py:3033} INFO - Sync 1 DAGs
[2024-01-04T02:21:54.345+0000] {logging_mixin.py:188} INFO - [2024-01-04T02:21:54.345+0000] {dag.py:3820} INFO - Setting next_dagrun for example_skip_dag to 2024-01-03T00:00:00+00:00, run_after=2024-01-04T00:00:00+00:00
[2024-01-04T02:21:54.360+0000] {processor.py:183} INFO - Processing /home/airflow/.local/lib/python3.8/site-packages/airflow/example_dags/example_skip_dag.py took 0.055 seconds
[2024-01-04T02:22:24.574+0000] {processor.py:161} INFO - Started process (PID=902) to work on /home/airflow/.local/lib/python3.8/site-packages/airflow/example_dags/example_skip_dag.py
[2024-01-04T02:22:24.575+0000] {processor.py:830} INFO - Processing file /home/airflow/.local/lib/python3.8/site-packages/airflow/example_dags/example_skip_dag.py for tasks to queue
[2024-01-04T02:22:24.577+0000] {logging_mixin.py:188} INFO - [2024-01-04T02:22:24.576+0000] {dagbag.py:538} INFO - Filling up the DagBag from /home/airflow/.local/lib/python3.8/site-packages/airflow/example_dags/example_skip_dag.py
[2024-01-04T02:22:24.581+0000] {processor.py:840} INFO - DAG(s) 'example_skip_dag' retrieved from /home/airflow/.local/lib/python3.8/site-packages/airflow/example_dags/example_skip_dag.py
[2024-01-04T02:22:24.602+0000] {logging_mixin.py:188} INFO - [2024-01-04T02:22:24.602+0000] {dag.py:3033} INFO - Sync 1 DAGs
[2024-01-04T02:22:24.623+0000] {logging_mixin.py:188} INFO - [2024-01-04T02:22:24.623+0000] {dag.py:3820} INFO - Setting next_dagrun for example_skip_dag to 2024-01-03T00:00:00+00:00, run_after=2024-01-04T00:00:00+00:00
[2024-01-04T02:22:24.639+0000] {processor.py:183} INFO - Processing /home/airflow/.local/lib/python3.8/site-packages/airflow/example_dags/example_skip_dag.py took 0.067 seconds
