[2024-01-04T02:14:46.943+0000] {processor.py:161} INFO - Started process (PID=61) to work on /home/airflow/.local/lib/python3.8/site-packages/airflow/example_dags/example_complex.py
[2024-01-04T02:14:46.944+0000] {processor.py:830} INFO - Processing file /home/airflow/.local/lib/python3.8/site-packages/airflow/example_dags/example_complex.py for tasks to queue
[2024-01-04T02:14:46.945+0000] {logging_mixin.py:188} INFO - [2024-01-04T02:14:46.945+0000] {dagbag.py:538} INFO - Filling up the DagBag from /home/airflow/.local/lib/python3.8/site-packages/airflow/example_dags/example_complex.py
[2024-01-04T02:14:46.962+0000] {processor.py:840} INFO - DAG(s) 'example_complex' retrieved from /home/airflow/.local/lib/python3.8/site-packages/airflow/example_dags/example_complex.py
[2024-01-04T02:14:47.062+0000] {logging_mixin.py:188} INFO - [2024-01-04T02:14:47.061+0000] {override.py:1769} INFO - Created Permission View: can edit on DAG:example_complex
[2024-01-04T02:14:47.076+0000] {logging_mixin.py:188} INFO - [2024-01-04T02:14:47.075+0000] {override.py:1769} INFO - Created Permission View: can read on DAG:example_complex
[2024-01-04T02:14:47.085+0000] {logging_mixin.py:188} INFO - [2024-01-04T02:14:47.085+0000] {override.py:1769} INFO - Created Permission View: can delete on DAG:example_complex
[2024-01-04T02:14:47.086+0000] {logging_mixin.py:188} INFO - [2024-01-04T02:14:47.086+0000] {dag.py:3033} INFO - Sync 1 DAGs
[2024-01-04T02:14:47.102+0000] {logging_mixin.py:188} INFO - [2024-01-04T02:14:47.102+0000] {dag.py:3055} INFO - Creating ORM DAG for example_complex
[2024-01-04T02:14:47.103+0000] {logging_mixin.py:188} INFO - [2024-01-04T02:14:47.102+0000] {dag.py:3820} INFO - Setting next_dagrun for example_complex to None, run_after=None
[2024-01-04T02:14:47.128+0000] {processor.py:183} INFO - Processing /home/airflow/.local/lib/python3.8/site-packages/airflow/example_dags/example_complex.py took 0.187 seconds
[2024-01-04T02:15:17.242+0000] {processor.py:161} INFO - Started process (PID=116) to work on /home/airflow/.local/lib/python3.8/site-packages/airflow/example_dags/example_complex.py
[2024-01-04T02:15:17.243+0000] {processor.py:830} INFO - Processing file /home/airflow/.local/lib/python3.8/site-packages/airflow/example_dags/example_complex.py for tasks to queue
[2024-01-04T02:15:17.246+0000] {logging_mixin.py:188} INFO - [2024-01-04T02:15:17.245+0000] {dagbag.py:538} INFO - Filling up the DagBag from /home/airflow/.local/lib/python3.8/site-packages/airflow/example_dags/example_complex.py
[2024-01-04T02:15:17.258+0000] {processor.py:840} INFO - DAG(s) 'example_complex' retrieved from /home/airflow/.local/lib/python3.8/site-packages/airflow/example_dags/example_complex.py
[2024-01-04T02:15:17.288+0000] {logging_mixin.py:188} INFO - [2024-01-04T02:15:17.287+0000] {dag.py:3033} INFO - Sync 1 DAGs
[2024-01-04T02:15:17.299+0000] {logging_mixin.py:188} INFO - [2024-01-04T02:15:17.299+0000] {dag.py:3820} INFO - Setting next_dagrun for example_complex to None, run_after=None
[2024-01-04T02:15:17.316+0000] {processor.py:183} INFO - Processing /home/airflow/.local/lib/python3.8/site-packages/airflow/example_dags/example_complex.py took 0.077 seconds
[2024-01-04T02:15:47.826+0000] {processor.py:161} INFO - Started process (PID=171) to work on /home/airflow/.local/lib/python3.8/site-packages/airflow/example_dags/example_complex.py
[2024-01-04T02:15:47.827+0000] {processor.py:830} INFO - Processing file /home/airflow/.local/lib/python3.8/site-packages/airflow/example_dags/example_complex.py for tasks to queue
[2024-01-04T02:15:47.829+0000] {logging_mixin.py:188} INFO - [2024-01-04T02:15:47.829+0000] {dagbag.py:538} INFO - Filling up the DagBag from /home/airflow/.local/lib/python3.8/site-packages/airflow/example_dags/example_complex.py
[2024-01-04T02:15:47.840+0000] {processor.py:840} INFO - DAG(s) 'example_complex' retrieved from /home/airflow/.local/lib/python3.8/site-packages/airflow/example_dags/example_complex.py
[2024-01-04T02:15:47.870+0000] {logging_mixin.py:188} INFO - [2024-01-04T02:15:47.870+0000] {dag.py:3033} INFO - Sync 1 DAGs
[2024-01-04T02:15:47.882+0000] {logging_mixin.py:188} INFO - [2024-01-04T02:15:47.882+0000] {dag.py:3820} INFO - Setting next_dagrun for example_complex to None, run_after=None
[2024-01-04T02:15:47.910+0000] {processor.py:183} INFO - Processing /home/airflow/.local/lib/python3.8/site-packages/airflow/example_dags/example_complex.py took 0.085 seconds
[2024-01-04T02:16:18.063+0000] {processor.py:161} INFO - Started process (PID=226) to work on /home/airflow/.local/lib/python3.8/site-packages/airflow/example_dags/example_complex.py
[2024-01-04T02:16:18.064+0000] {processor.py:830} INFO - Processing file /home/airflow/.local/lib/python3.8/site-packages/airflow/example_dags/example_complex.py for tasks to queue
[2024-01-04T02:16:18.067+0000] {logging_mixin.py:188} INFO - [2024-01-04T02:16:18.066+0000] {dagbag.py:538} INFO - Filling up the DagBag from /home/airflow/.local/lib/python3.8/site-packages/airflow/example_dags/example_complex.py
[2024-01-04T02:16:18.076+0000] {processor.py:840} INFO - DAG(s) 'example_complex' retrieved from /home/airflow/.local/lib/python3.8/site-packages/airflow/example_dags/example_complex.py
[2024-01-04T02:16:18.104+0000] {logging_mixin.py:188} INFO - [2024-01-04T02:16:18.104+0000] {dag.py:3033} INFO - Sync 1 DAGs
[2024-01-04T02:16:18.115+0000] {logging_mixin.py:188} INFO - [2024-01-04T02:16:18.114+0000] {dag.py:3820} INFO - Setting next_dagrun for example_complex to None, run_after=None
[2024-01-04T02:16:18.136+0000] {processor.py:183} INFO - Processing /home/airflow/.local/lib/python3.8/site-packages/airflow/example_dags/example_complex.py took 0.075 seconds
[2024-01-04T02:16:48.473+0000] {processor.py:161} INFO - Started process (PID=281) to work on /home/airflow/.local/lib/python3.8/site-packages/airflow/example_dags/example_complex.py
[2024-01-04T02:16:48.473+0000] {processor.py:830} INFO - Processing file /home/airflow/.local/lib/python3.8/site-packages/airflow/example_dags/example_complex.py for tasks to queue
[2024-01-04T02:16:48.475+0000] {logging_mixin.py:188} INFO - [2024-01-04T02:16:48.475+0000] {dagbag.py:538} INFO - Filling up the DagBag from /home/airflow/.local/lib/python3.8/site-packages/airflow/example_dags/example_complex.py
[2024-01-04T02:16:48.483+0000] {processor.py:840} INFO - DAG(s) 'example_complex' retrieved from /home/airflow/.local/lib/python3.8/site-packages/airflow/example_dags/example_complex.py
[2024-01-04T02:16:48.507+0000] {logging_mixin.py:188} INFO - [2024-01-04T02:16:48.507+0000] {dag.py:3033} INFO - Sync 1 DAGs
[2024-01-04T02:16:48.518+0000] {logging_mixin.py:188} INFO - [2024-01-04T02:16:48.518+0000] {dag.py:3820} INFO - Setting next_dagrun for example_complex to None, run_after=None
[2024-01-04T02:16:48.533+0000] {processor.py:183} INFO - Processing /home/airflow/.local/lib/python3.8/site-packages/airflow/example_dags/example_complex.py took 0.063 seconds
[2024-01-04T02:17:18.772+0000] {processor.py:161} INFO - Started process (PID=336) to work on /home/airflow/.local/lib/python3.8/site-packages/airflow/example_dags/example_complex.py
[2024-01-04T02:17:18.772+0000] {processor.py:830} INFO - Processing file /home/airflow/.local/lib/python3.8/site-packages/airflow/example_dags/example_complex.py for tasks to queue
[2024-01-04T02:17:18.774+0000] {logging_mixin.py:188} INFO - [2024-01-04T02:17:18.774+0000] {dagbag.py:538} INFO - Filling up the DagBag from /home/airflow/.local/lib/python3.8/site-packages/airflow/example_dags/example_complex.py
[2024-01-04T02:17:18.782+0000] {processor.py:840} INFO - DAG(s) 'example_complex' retrieved from /home/airflow/.local/lib/python3.8/site-packages/airflow/example_dags/example_complex.py
[2024-01-04T02:17:18.805+0000] {logging_mixin.py:188} INFO - [2024-01-04T02:17:18.805+0000] {dag.py:3033} INFO - Sync 1 DAGs
[2024-01-04T02:17:18.814+0000] {logging_mixin.py:188} INFO - [2024-01-04T02:17:18.814+0000] {dag.py:3820} INFO - Setting next_dagrun for example_complex to None, run_after=None
[2024-01-04T02:17:18.833+0000] {processor.py:183} INFO - Processing /home/airflow/.local/lib/python3.8/site-packages/airflow/example_dags/example_complex.py took 0.064 seconds
[2024-01-04T02:17:49.753+0000] {processor.py:161} INFO - Started process (PID=391) to work on /home/airflow/.local/lib/python3.8/site-packages/airflow/example_dags/example_complex.py
[2024-01-04T02:17:49.754+0000] {processor.py:830} INFO - Processing file /home/airflow/.local/lib/python3.8/site-packages/airflow/example_dags/example_complex.py for tasks to queue
[2024-01-04T02:17:49.756+0000] {logging_mixin.py:188} INFO - [2024-01-04T02:17:49.755+0000] {dagbag.py:538} INFO - Filling up the DagBag from /home/airflow/.local/lib/python3.8/site-packages/airflow/example_dags/example_complex.py
[2024-01-04T02:17:49.764+0000] {processor.py:840} INFO - DAG(s) 'example_complex' retrieved from /home/airflow/.local/lib/python3.8/site-packages/airflow/example_dags/example_complex.py
[2024-01-04T02:17:49.790+0000] {logging_mixin.py:188} INFO - [2024-01-04T02:17:49.790+0000] {dag.py:3033} INFO - Sync 1 DAGs
[2024-01-04T02:17:49.801+0000] {logging_mixin.py:188} INFO - [2024-01-04T02:17:49.800+0000] {dag.py:3820} INFO - Setting next_dagrun for example_complex to None, run_after=None
[2024-01-04T02:17:49.819+0000] {processor.py:183} INFO - Processing /home/airflow/.local/lib/python3.8/site-packages/airflow/example_dags/example_complex.py took 0.069 seconds
[2024-01-04T02:18:20.087+0000] {processor.py:161} INFO - Started process (PID=446) to work on /home/airflow/.local/lib/python3.8/site-packages/airflow/example_dags/example_complex.py
[2024-01-04T02:18:20.088+0000] {processor.py:830} INFO - Processing file /home/airflow/.local/lib/python3.8/site-packages/airflow/example_dags/example_complex.py for tasks to queue
[2024-01-04T02:18:20.090+0000] {logging_mixin.py:188} INFO - [2024-01-04T02:18:20.090+0000] {dagbag.py:538} INFO - Filling up the DagBag from /home/airflow/.local/lib/python3.8/site-packages/airflow/example_dags/example_complex.py
[2024-01-04T02:18:20.097+0000] {processor.py:840} INFO - DAG(s) 'example_complex' retrieved from /home/airflow/.local/lib/python3.8/site-packages/airflow/example_dags/example_complex.py
[2024-01-04T02:18:20.123+0000] {logging_mixin.py:188} INFO - [2024-01-04T02:18:20.123+0000] {dag.py:3033} INFO - Sync 1 DAGs
[2024-01-04T02:18:20.132+0000] {logging_mixin.py:188} INFO - [2024-01-04T02:18:20.131+0000] {dag.py:3820} INFO - Setting next_dagrun for example_complex to None, run_after=None
[2024-01-04T02:18:20.147+0000] {processor.py:183} INFO - Processing /home/airflow/.local/lib/python3.8/site-packages/airflow/example_dags/example_complex.py took 0.062 seconds
[2024-01-04T02:18:50.235+0000] {processor.py:161} INFO - Started process (PID=501) to work on /home/airflow/.local/lib/python3.8/site-packages/airflow/example_dags/example_complex.py
[2024-01-04T02:18:50.236+0000] {processor.py:830} INFO - Processing file /home/airflow/.local/lib/python3.8/site-packages/airflow/example_dags/example_complex.py for tasks to queue
[2024-01-04T02:18:50.238+0000] {logging_mixin.py:188} INFO - [2024-01-04T02:18:50.238+0000] {dagbag.py:538} INFO - Filling up the DagBag from /home/airflow/.local/lib/python3.8/site-packages/airflow/example_dags/example_complex.py
[2024-01-04T02:18:50.246+0000] {processor.py:840} INFO - DAG(s) 'example_complex' retrieved from /home/airflow/.local/lib/python3.8/site-packages/airflow/example_dags/example_complex.py
[2024-01-04T02:18:50.268+0000] {logging_mixin.py:188} INFO - [2024-01-04T02:18:50.268+0000] {dag.py:3033} INFO - Sync 1 DAGs
[2024-01-04T02:18:50.278+0000] {logging_mixin.py:188} INFO - [2024-01-04T02:18:50.278+0000] {dag.py:3820} INFO - Setting next_dagrun for example_complex to None, run_after=None
[2024-01-04T02:18:50.294+0000] {processor.py:183} INFO - Processing /home/airflow/.local/lib/python3.8/site-packages/airflow/example_dags/example_complex.py took 0.062 seconds
[2024-01-04T02:19:20.467+0000] {processor.py:161} INFO - Started process (PID=556) to work on /home/airflow/.local/lib/python3.8/site-packages/airflow/example_dags/example_complex.py
[2024-01-04T02:19:20.469+0000] {processor.py:830} INFO - Processing file /home/airflow/.local/lib/python3.8/site-packages/airflow/example_dags/example_complex.py for tasks to queue
[2024-01-04T02:19:20.470+0000] {logging_mixin.py:188} INFO - [2024-01-04T02:19:20.470+0000] {dagbag.py:538} INFO - Filling up the DagBag from /home/airflow/.local/lib/python3.8/site-packages/airflow/example_dags/example_complex.py
[2024-01-04T02:19:20.479+0000] {processor.py:840} INFO - DAG(s) 'example_complex' retrieved from /home/airflow/.local/lib/python3.8/site-packages/airflow/example_dags/example_complex.py
[2024-01-04T02:19:20.502+0000] {logging_mixin.py:188} INFO - [2024-01-04T02:19:20.502+0000] {dag.py:3033} INFO - Sync 1 DAGs
[2024-01-04T02:19:20.511+0000] {logging_mixin.py:188} INFO - [2024-01-04T02:19:20.511+0000] {dag.py:3820} INFO - Setting next_dagrun for example_complex to None, run_after=None
[2024-01-04T02:19:20.525+0000] {processor.py:183} INFO - Processing /home/airflow/.local/lib/python3.8/site-packages/airflow/example_dags/example_complex.py took 0.059 seconds
[2024-01-04T02:19:50.572+0000] {processor.py:161} INFO - Started process (PID=611) to work on /home/airflow/.local/lib/python3.8/site-packages/airflow/example_dags/example_complex.py
[2024-01-04T02:19:50.573+0000] {processor.py:830} INFO - Processing file /home/airflow/.local/lib/python3.8/site-packages/airflow/example_dags/example_complex.py for tasks to queue
[2024-01-04T02:19:50.575+0000] {logging_mixin.py:188} INFO - [2024-01-04T02:19:50.575+0000] {dagbag.py:538} INFO - Filling up the DagBag from /home/airflow/.local/lib/python3.8/site-packages/airflow/example_dags/example_complex.py
[2024-01-04T02:19:50.584+0000] {processor.py:840} INFO - DAG(s) 'example_complex' retrieved from /home/airflow/.local/lib/python3.8/site-packages/airflow/example_dags/example_complex.py
[2024-01-04T02:19:50.608+0000] {logging_mixin.py:188} INFO - [2024-01-04T02:19:50.608+0000] {dag.py:3033} INFO - Sync 1 DAGs
[2024-01-04T02:19:50.617+0000] {logging_mixin.py:188} INFO - [2024-01-04T02:19:50.617+0000] {dag.py:3820} INFO - Setting next_dagrun for example_complex to None, run_after=None
[2024-01-04T02:19:50.633+0000] {processor.py:183} INFO - Processing /home/airflow/.local/lib/python3.8/site-packages/airflow/example_dags/example_complex.py took 0.066 seconds
[2024-01-04T02:20:21.601+0000] {processor.py:161} INFO - Started process (PID=666) to work on /home/airflow/.local/lib/python3.8/site-packages/airflow/example_dags/example_complex.py
[2024-01-04T02:20:21.602+0000] {processor.py:830} INFO - Processing file /home/airflow/.local/lib/python3.8/site-packages/airflow/example_dags/example_complex.py for tasks to queue
[2024-01-04T02:20:21.604+0000] {logging_mixin.py:188} INFO - [2024-01-04T02:20:21.603+0000] {dagbag.py:538} INFO - Filling up the DagBag from /home/airflow/.local/lib/python3.8/site-packages/airflow/example_dags/example_complex.py
[2024-01-04T02:20:21.612+0000] {processor.py:840} INFO - DAG(s) 'example_complex' retrieved from /home/airflow/.local/lib/python3.8/site-packages/airflow/example_dags/example_complex.py
[2024-01-04T02:20:21.636+0000] {logging_mixin.py:188} INFO - [2024-01-04T02:20:21.635+0000] {dag.py:3033} INFO - Sync 1 DAGs
[2024-01-04T02:20:21.645+0000] {logging_mixin.py:188} INFO - [2024-01-04T02:20:21.645+0000] {dag.py:3820} INFO - Setting next_dagrun for example_complex to None, run_after=None
[2024-01-04T02:20:21.661+0000] {processor.py:183} INFO - Processing /home/airflow/.local/lib/python3.8/site-packages/airflow/example_dags/example_complex.py took 0.062 seconds
[2024-01-04T02:20:52.026+0000] {processor.py:161} INFO - Started process (PID=721) to work on /home/airflow/.local/lib/python3.8/site-packages/airflow/example_dags/example_complex.py
[2024-01-04T02:20:52.027+0000] {processor.py:830} INFO - Processing file /home/airflow/.local/lib/python3.8/site-packages/airflow/example_dags/example_complex.py for tasks to queue
[2024-01-04T02:20:52.029+0000] {logging_mixin.py:188} INFO - [2024-01-04T02:20:52.028+0000] {dagbag.py:538} INFO - Filling up the DagBag from /home/airflow/.local/lib/python3.8/site-packages/airflow/example_dags/example_complex.py
[2024-01-04T02:20:52.037+0000] {processor.py:840} INFO - DAG(s) 'example_complex' retrieved from /home/airflow/.local/lib/python3.8/site-packages/airflow/example_dags/example_complex.py
[2024-01-04T02:20:52.062+0000] {logging_mixin.py:188} INFO - [2024-01-04T02:20:52.061+0000] {dag.py:3033} INFO - Sync 1 DAGs
[2024-01-04T02:20:52.073+0000] {logging_mixin.py:188} INFO - [2024-01-04T02:20:52.072+0000] {dag.py:3820} INFO - Setting next_dagrun for example_complex to None, run_after=None
[2024-01-04T02:20:52.096+0000] {processor.py:183} INFO - Processing /home/airflow/.local/lib/python3.8/site-packages/airflow/example_dags/example_complex.py took 0.072 seconds
[2024-01-04T02:21:22.202+0000] {processor.py:161} INFO - Started process (PID=775) to work on /home/airflow/.local/lib/python3.8/site-packages/airflow/example_dags/example_complex.py
[2024-01-04T02:21:22.203+0000] {processor.py:830} INFO - Processing file /home/airflow/.local/lib/python3.8/site-packages/airflow/example_dags/example_complex.py for tasks to queue
[2024-01-04T02:21:22.204+0000] {logging_mixin.py:188} INFO - [2024-01-04T02:21:22.204+0000] {dagbag.py:538} INFO - Filling up the DagBag from /home/airflow/.local/lib/python3.8/site-packages/airflow/example_dags/example_complex.py
[2024-01-04T02:21:22.212+0000] {processor.py:840} INFO - DAG(s) 'example_complex' retrieved from /home/airflow/.local/lib/python3.8/site-packages/airflow/example_dags/example_complex.py
[2024-01-04T02:21:22.235+0000] {logging_mixin.py:188} INFO - [2024-01-04T02:21:22.235+0000] {dag.py:3033} INFO - Sync 1 DAGs
[2024-01-04T02:21:22.244+0000] {logging_mixin.py:188} INFO - [2024-01-04T02:21:22.243+0000] {dag.py:3820} INFO - Setting next_dagrun for example_complex to None, run_after=None
[2024-01-04T02:21:22.260+0000] {processor.py:183} INFO - Processing /home/airflow/.local/lib/python3.8/site-packages/airflow/example_dags/example_complex.py took 0.060 seconds
[2024-01-04T02:21:52.520+0000] {processor.py:161} INFO - Started process (PID=831) to work on /home/airflow/.local/lib/python3.8/site-packages/airflow/example_dags/example_complex.py
[2024-01-04T02:21:52.521+0000] {processor.py:830} INFO - Processing file /home/airflow/.local/lib/python3.8/site-packages/airflow/example_dags/example_complex.py for tasks to queue
[2024-01-04T02:21:52.523+0000] {logging_mixin.py:188} INFO - [2024-01-04T02:21:52.523+0000] {dagbag.py:538} INFO - Filling up the DagBag from /home/airflow/.local/lib/python3.8/site-packages/airflow/example_dags/example_complex.py
[2024-01-04T02:21:52.531+0000] {processor.py:840} INFO - DAG(s) 'example_complex' retrieved from /home/airflow/.local/lib/python3.8/site-packages/airflow/example_dags/example_complex.py
[2024-01-04T02:21:52.556+0000] {logging_mixin.py:188} INFO - [2024-01-04T02:21:52.556+0000] {dag.py:3033} INFO - Sync 1 DAGs
[2024-01-04T02:21:52.566+0000] {logging_mixin.py:188} INFO - [2024-01-04T02:21:52.566+0000] {dag.py:3820} INFO - Setting next_dagrun for example_complex to None, run_after=None
[2024-01-04T02:21:52.583+0000] {processor.py:183} INFO - Processing /home/airflow/.local/lib/python3.8/site-packages/airflow/example_dags/example_complex.py took 0.065 seconds
[2024-01-04T02:22:22.684+0000] {processor.py:161} INFO - Started process (PID=886) to work on /home/airflow/.local/lib/python3.8/site-packages/airflow/example_dags/example_complex.py
[2024-01-04T02:22:22.685+0000] {processor.py:830} INFO - Processing file /home/airflow/.local/lib/python3.8/site-packages/airflow/example_dags/example_complex.py for tasks to queue
[2024-01-04T02:22:22.687+0000] {logging_mixin.py:188} INFO - [2024-01-04T02:22:22.686+0000] {dagbag.py:538} INFO - Filling up the DagBag from /home/airflow/.local/lib/python3.8/site-packages/airflow/example_dags/example_complex.py
[2024-01-04T02:22:22.694+0000] {processor.py:840} INFO - DAG(s) 'example_complex' retrieved from /home/airflow/.local/lib/python3.8/site-packages/airflow/example_dags/example_complex.py
[2024-01-04T02:22:22.721+0000] {logging_mixin.py:188} INFO - [2024-01-04T02:22:22.721+0000] {dag.py:3033} INFO - Sync 1 DAGs
[2024-01-04T02:22:22.732+0000] {logging_mixin.py:188} INFO - [2024-01-04T02:22:22.732+0000] {dag.py:3820} INFO - Setting next_dagrun for example_complex to None, run_after=None
[2024-01-04T02:22:22.751+0000] {processor.py:183} INFO - Processing /home/airflow/.local/lib/python3.8/site-packages/airflow/example_dags/example_complex.py took 0.069 seconds
