[2024-01-04T02:14:49.927+0000] {processor.py:161} INFO - Started process (PID=80) to work on /home/airflow/.local/lib/python3.8/site-packages/airflow/example_dags/example_latest_only.py
[2024-01-04T02:14:49.928+0000] {processor.py:830} INFO - Processing file /home/airflow/.local/lib/python3.8/site-packages/airflow/example_dags/example_latest_only.py for tasks to queue
[2024-01-04T02:14:49.931+0000] {logging_mixin.py:188} INFO - [2024-01-04T02:14:49.931+0000] {dagbag.py:538} INFO - Filling up the DagBag from /home/airflow/.local/lib/python3.8/site-packages/airflow/example_dags/example_latest_only.py
[2024-01-04T02:14:49.940+0000] {processor.py:840} INFO - DAG(s) 'latest_only' retrieved from /home/airflow/.local/lib/python3.8/site-packages/airflow/example_dags/example_latest_only.py
[2024-01-04T02:14:50.090+0000] {logging_mixin.py:188} INFO - [2024-01-04T02:14:50.089+0000] {override.py:1769} INFO - Created Permission View: can edit on DAG:latest_only
[2024-01-04T02:14:50.104+0000] {logging_mixin.py:188} INFO - [2024-01-04T02:14:50.103+0000] {override.py:1769} INFO - Created Permission View: can read on DAG:latest_only
[2024-01-04T02:14:50.117+0000] {logging_mixin.py:188} INFO - [2024-01-04T02:14:50.116+0000] {override.py:1769} INFO - Created Permission View: can delete on DAG:latest_only
[2024-01-04T02:14:50.118+0000] {logging_mixin.py:188} INFO - [2024-01-04T02:14:50.117+0000] {dag.py:3033} INFO - Sync 1 DAGs
[2024-01-04T02:14:50.134+0000] {logging_mixin.py:188} INFO - [2024-01-04T02:14:50.134+0000] {dag.py:3055} INFO - Creating ORM DAG for latest_only
[2024-01-04T02:14:50.149+0000] {logging_mixin.py:188} INFO - [2024-01-04T02:14:50.149+0000] {dag.py:3820} INFO - Setting next_dagrun for latest_only to 2024-01-03T20:00:00+00:00, run_after=2024-01-04T00:00:00+00:00
[2024-01-04T02:14:50.175+0000] {processor.py:183} INFO - Processing /home/airflow/.local/lib/python3.8/site-packages/airflow/example_dags/example_latest_only.py took 0.253 seconds
[2024-01-04T02:15:21.119+0000] {processor.py:161} INFO - Started process (PID=135) to work on /home/airflow/.local/lib/python3.8/site-packages/airflow/example_dags/example_latest_only.py
[2024-01-04T02:15:21.120+0000] {processor.py:830} INFO - Processing file /home/airflow/.local/lib/python3.8/site-packages/airflow/example_dags/example_latest_only.py for tasks to queue
[2024-01-04T02:15:21.122+0000] {logging_mixin.py:188} INFO - [2024-01-04T02:15:21.122+0000] {dagbag.py:538} INFO - Filling up the DagBag from /home/airflow/.local/lib/python3.8/site-packages/airflow/example_dags/example_latest_only.py
[2024-01-04T02:15:21.127+0000] {processor.py:840} INFO - DAG(s) 'latest_only' retrieved from /home/airflow/.local/lib/python3.8/site-packages/airflow/example_dags/example_latest_only.py
[2024-01-04T02:15:21.151+0000] {logging_mixin.py:188} INFO - [2024-01-04T02:15:21.150+0000] {dag.py:3033} INFO - Sync 1 DAGs
[2024-01-04T02:15:21.172+0000] {logging_mixin.py:188} INFO - [2024-01-04T02:15:21.171+0000] {dag.py:3820} INFO - Setting next_dagrun for latest_only to 2024-01-03T20:00:00+00:00, run_after=2024-01-04T00:00:00+00:00
[2024-01-04T02:15:21.201+0000] {processor.py:183} INFO - Processing /home/airflow/.local/lib/python3.8/site-packages/airflow/example_dags/example_latest_only.py took 0.085 seconds
[2024-01-04T02:15:51.646+0000] {processor.py:161} INFO - Started process (PID=190) to work on /home/airflow/.local/lib/python3.8/site-packages/airflow/example_dags/example_latest_only.py
[2024-01-04T02:15:51.647+0000] {processor.py:830} INFO - Processing file /home/airflow/.local/lib/python3.8/site-packages/airflow/example_dags/example_latest_only.py for tasks to queue
[2024-01-04T02:15:51.648+0000] {logging_mixin.py:188} INFO - [2024-01-04T02:15:51.648+0000] {dagbag.py:538} INFO - Filling up the DagBag from /home/airflow/.local/lib/python3.8/site-packages/airflow/example_dags/example_latest_only.py
[2024-01-04T02:15:51.652+0000] {processor.py:840} INFO - DAG(s) 'latest_only' retrieved from /home/airflow/.local/lib/python3.8/site-packages/airflow/example_dags/example_latest_only.py
[2024-01-04T02:15:51.666+0000] {logging_mixin.py:188} INFO - [2024-01-04T02:15:51.666+0000] {dag.py:3033} INFO - Sync 1 DAGs
[2024-01-04T02:15:51.683+0000] {logging_mixin.py:188} INFO - [2024-01-04T02:15:51.683+0000] {dag.py:3820} INFO - Setting next_dagrun for latest_only to 2024-01-03T20:00:00+00:00, run_after=2024-01-04T00:00:00+00:00
[2024-01-04T02:15:51.698+0000] {processor.py:183} INFO - Processing /home/airflow/.local/lib/python3.8/site-packages/airflow/example_dags/example_latest_only.py took 0.054 seconds
[2024-01-04T02:16:21.909+0000] {processor.py:161} INFO - Started process (PID=245) to work on /home/airflow/.local/lib/python3.8/site-packages/airflow/example_dags/example_latest_only.py
[2024-01-04T02:16:21.910+0000] {processor.py:830} INFO - Processing file /home/airflow/.local/lib/python3.8/site-packages/airflow/example_dags/example_latest_only.py for tasks to queue
[2024-01-04T02:16:21.912+0000] {logging_mixin.py:188} INFO - [2024-01-04T02:16:21.912+0000] {dagbag.py:538} INFO - Filling up the DagBag from /home/airflow/.local/lib/python3.8/site-packages/airflow/example_dags/example_latest_only.py
[2024-01-04T02:16:21.916+0000] {processor.py:840} INFO - DAG(s) 'latest_only' retrieved from /home/airflow/.local/lib/python3.8/site-packages/airflow/example_dags/example_latest_only.py
[2024-01-04T02:16:21.932+0000] {logging_mixin.py:188} INFO - [2024-01-04T02:16:21.932+0000] {dag.py:3033} INFO - Sync 1 DAGs
[2024-01-04T02:16:21.951+0000] {logging_mixin.py:188} INFO - [2024-01-04T02:16:21.951+0000] {dag.py:3820} INFO - Setting next_dagrun for latest_only to 2024-01-03T20:00:00+00:00, run_after=2024-01-04T00:00:00+00:00
[2024-01-04T02:16:21.966+0000] {processor.py:183} INFO - Processing /home/airflow/.local/lib/python3.8/site-packages/airflow/example_dags/example_latest_only.py took 0.059 seconds
[2024-01-04T02:16:52.366+0000] {processor.py:161} INFO - Started process (PID=300) to work on /home/airflow/.local/lib/python3.8/site-packages/airflow/example_dags/example_latest_only.py
[2024-01-04T02:16:52.367+0000] {processor.py:830} INFO - Processing file /home/airflow/.local/lib/python3.8/site-packages/airflow/example_dags/example_latest_only.py for tasks to queue
[2024-01-04T02:16:52.369+0000] {logging_mixin.py:188} INFO - [2024-01-04T02:16:52.369+0000] {dagbag.py:538} INFO - Filling up the DagBag from /home/airflow/.local/lib/python3.8/site-packages/airflow/example_dags/example_latest_only.py
[2024-01-04T02:16:52.372+0000] {processor.py:840} INFO - DAG(s) 'latest_only' retrieved from /home/airflow/.local/lib/python3.8/site-packages/airflow/example_dags/example_latest_only.py
[2024-01-04T02:16:52.387+0000] {logging_mixin.py:188} INFO - [2024-01-04T02:16:52.387+0000] {dag.py:3033} INFO - Sync 1 DAGs
[2024-01-04T02:16:52.403+0000] {logging_mixin.py:188} INFO - [2024-01-04T02:16:52.403+0000] {dag.py:3820} INFO - Setting next_dagrun for latest_only to 2024-01-03T20:00:00+00:00, run_after=2024-01-04T00:00:00+00:00
[2024-01-04T02:16:52.417+0000] {processor.py:183} INFO - Processing /home/airflow/.local/lib/python3.8/site-packages/airflow/example_dags/example_latest_only.py took 0.053 seconds
[2024-01-04T02:17:22.500+0000] {processor.py:161} INFO - Started process (PID=355) to work on /home/airflow/.local/lib/python3.8/site-packages/airflow/example_dags/example_latest_only.py
[2024-01-04T02:17:22.500+0000] {processor.py:830} INFO - Processing file /home/airflow/.local/lib/python3.8/site-packages/airflow/example_dags/example_latest_only.py for tasks to queue
[2024-01-04T02:17:22.502+0000] {logging_mixin.py:188} INFO - [2024-01-04T02:17:22.502+0000] {dagbag.py:538} INFO - Filling up the DagBag from /home/airflow/.local/lib/python3.8/site-packages/airflow/example_dags/example_latest_only.py
[2024-01-04T02:17:22.506+0000] {processor.py:840} INFO - DAG(s) 'latest_only' retrieved from /home/airflow/.local/lib/python3.8/site-packages/airflow/example_dags/example_latest_only.py
[2024-01-04T02:17:22.523+0000] {logging_mixin.py:188} INFO - [2024-01-04T02:17:22.522+0000] {dag.py:3033} INFO - Sync 1 DAGs
[2024-01-04T02:17:22.541+0000] {logging_mixin.py:188} INFO - [2024-01-04T02:17:22.541+0000] {dag.py:3820} INFO - Setting next_dagrun for latest_only to 2024-01-03T20:00:00+00:00, run_after=2024-01-04T00:00:00+00:00
[2024-01-04T02:17:22.557+0000] {processor.py:183} INFO - Processing /home/airflow/.local/lib/python3.8/site-packages/airflow/example_dags/example_latest_only.py took 0.060 seconds
[2024-01-04T02:17:53.527+0000] {processor.py:161} INFO - Started process (PID=410) to work on /home/airflow/.local/lib/python3.8/site-packages/airflow/example_dags/example_latest_only.py
[2024-01-04T02:17:53.528+0000] {processor.py:830} INFO - Processing file /home/airflow/.local/lib/python3.8/site-packages/airflow/example_dags/example_latest_only.py for tasks to queue
[2024-01-04T02:17:53.530+0000] {logging_mixin.py:188} INFO - [2024-01-04T02:17:53.530+0000] {dagbag.py:538} INFO - Filling up the DagBag from /home/airflow/.local/lib/python3.8/site-packages/airflow/example_dags/example_latest_only.py
[2024-01-04T02:17:53.533+0000] {processor.py:840} INFO - DAG(s) 'latest_only' retrieved from /home/airflow/.local/lib/python3.8/site-packages/airflow/example_dags/example_latest_only.py
[2024-01-04T02:17:53.549+0000] {logging_mixin.py:188} INFO - [2024-01-04T02:17:53.549+0000] {dag.py:3033} INFO - Sync 1 DAGs
[2024-01-04T02:17:53.565+0000] {logging_mixin.py:188} INFO - [2024-01-04T02:17:53.565+0000] {dag.py:3820} INFO - Setting next_dagrun for latest_only to 2024-01-03T20:00:00+00:00, run_after=2024-01-04T00:00:00+00:00
[2024-01-04T02:17:53.583+0000] {processor.py:183} INFO - Processing /home/airflow/.local/lib/python3.8/site-packages/airflow/example_dags/example_latest_only.py took 0.058 seconds
[2024-01-04T02:18:23.876+0000] {processor.py:161} INFO - Started process (PID=465) to work on /home/airflow/.local/lib/python3.8/site-packages/airflow/example_dags/example_latest_only.py
[2024-01-04T02:18:23.877+0000] {processor.py:830} INFO - Processing file /home/airflow/.local/lib/python3.8/site-packages/airflow/example_dags/example_latest_only.py for tasks to queue
[2024-01-04T02:18:23.879+0000] {logging_mixin.py:188} INFO - [2024-01-04T02:18:23.878+0000] {dagbag.py:538} INFO - Filling up the DagBag from /home/airflow/.local/lib/python3.8/site-packages/airflow/example_dags/example_latest_only.py
[2024-01-04T02:18:23.882+0000] {processor.py:840} INFO - DAG(s) 'latest_only' retrieved from /home/airflow/.local/lib/python3.8/site-packages/airflow/example_dags/example_latest_only.py
[2024-01-04T02:18:23.898+0000] {logging_mixin.py:188} INFO - [2024-01-04T02:18:23.898+0000] {dag.py:3033} INFO - Sync 1 DAGs
[2024-01-04T02:18:23.914+0000] {logging_mixin.py:188} INFO - [2024-01-04T02:18:23.914+0000] {dag.py:3820} INFO - Setting next_dagrun for latest_only to 2024-01-03T20:00:00+00:00, run_after=2024-01-04T00:00:00+00:00
[2024-01-04T02:18:23.931+0000] {processor.py:183} INFO - Processing /home/airflow/.local/lib/python3.8/site-packages/airflow/example_dags/example_latest_only.py took 0.057 seconds
[2024-01-04T02:18:54.018+0000] {processor.py:161} INFO - Started process (PID=520) to work on /home/airflow/.local/lib/python3.8/site-packages/airflow/example_dags/example_latest_only.py
[2024-01-04T02:18:54.019+0000] {processor.py:830} INFO - Processing file /home/airflow/.local/lib/python3.8/site-packages/airflow/example_dags/example_latest_only.py for tasks to queue
[2024-01-04T02:18:54.021+0000] {logging_mixin.py:188} INFO - [2024-01-04T02:18:54.020+0000] {dagbag.py:538} INFO - Filling up the DagBag from /home/airflow/.local/lib/python3.8/site-packages/airflow/example_dags/example_latest_only.py
[2024-01-04T02:18:54.024+0000] {processor.py:840} INFO - DAG(s) 'latest_only' retrieved from /home/airflow/.local/lib/python3.8/site-packages/airflow/example_dags/example_latest_only.py
[2024-01-04T02:18:54.040+0000] {logging_mixin.py:188} INFO - [2024-01-04T02:18:54.040+0000] {dag.py:3033} INFO - Sync 1 DAGs
[2024-01-04T02:18:54.055+0000] {logging_mixin.py:188} INFO - [2024-01-04T02:18:54.055+0000] {dag.py:3820} INFO - Setting next_dagrun for latest_only to 2024-01-03T20:00:00+00:00, run_after=2024-01-04T00:00:00+00:00
[2024-01-04T02:18:54.072+0000] {processor.py:183} INFO - Processing /home/airflow/.local/lib/python3.8/site-packages/airflow/example_dags/example_latest_only.py took 0.056 seconds
[2024-01-04T02:19:24.232+0000] {processor.py:161} INFO - Started process (PID=575) to work on /home/airflow/.local/lib/python3.8/site-packages/airflow/example_dags/example_latest_only.py
[2024-01-04T02:19:24.233+0000] {processor.py:830} INFO - Processing file /home/airflow/.local/lib/python3.8/site-packages/airflow/example_dags/example_latest_only.py for tasks to queue
[2024-01-04T02:19:24.235+0000] {logging_mixin.py:188} INFO - [2024-01-04T02:19:24.235+0000] {dagbag.py:538} INFO - Filling up the DagBag from /home/airflow/.local/lib/python3.8/site-packages/airflow/example_dags/example_latest_only.py
[2024-01-04T02:19:24.239+0000] {processor.py:840} INFO - DAG(s) 'latest_only' retrieved from /home/airflow/.local/lib/python3.8/site-packages/airflow/example_dags/example_latest_only.py
[2024-01-04T02:19:24.255+0000] {logging_mixin.py:188} INFO - [2024-01-04T02:19:24.255+0000] {dag.py:3033} INFO - Sync 1 DAGs
[2024-01-04T02:19:24.271+0000] {logging_mixin.py:188} INFO - [2024-01-04T02:19:24.271+0000] {dag.py:3820} INFO - Setting next_dagrun for latest_only to 2024-01-03T20:00:00+00:00, run_after=2024-01-04T00:00:00+00:00
[2024-01-04T02:19:24.288+0000] {processor.py:183} INFO - Processing /home/airflow/.local/lib/python3.8/site-packages/airflow/example_dags/example_latest_only.py took 0.058 seconds
[2024-01-04T02:19:54.451+0000] {processor.py:161} INFO - Started process (PID=630) to work on /home/airflow/.local/lib/python3.8/site-packages/airflow/example_dags/example_latest_only.py
[2024-01-04T02:19:54.453+0000] {processor.py:830} INFO - Processing file /home/airflow/.local/lib/python3.8/site-packages/airflow/example_dags/example_latest_only.py for tasks to queue
[2024-01-04T02:19:54.455+0000] {logging_mixin.py:188} INFO - [2024-01-04T02:19:54.454+0000] {dagbag.py:538} INFO - Filling up the DagBag from /home/airflow/.local/lib/python3.8/site-packages/airflow/example_dags/example_latest_only.py
[2024-01-04T02:19:54.459+0000] {processor.py:840} INFO - DAG(s) 'latest_only' retrieved from /home/airflow/.local/lib/python3.8/site-packages/airflow/example_dags/example_latest_only.py
[2024-01-04T02:19:54.473+0000] {logging_mixin.py:188} INFO - [2024-01-04T02:19:54.473+0000] {dag.py:3033} INFO - Sync 1 DAGs
[2024-01-04T02:19:54.489+0000] {logging_mixin.py:188} INFO - [2024-01-04T02:19:54.489+0000] {dag.py:3820} INFO - Setting next_dagrun for latest_only to 2024-01-03T20:00:00+00:00, run_after=2024-01-04T00:00:00+00:00
[2024-01-04T02:19:54.507+0000] {processor.py:183} INFO - Processing /home/airflow/.local/lib/python3.8/site-packages/airflow/example_dags/example_latest_only.py took 0.058 seconds
[2024-01-04T02:20:24.670+0000] {processor.py:161} INFO - Started process (PID=685) to work on /home/airflow/.local/lib/python3.8/site-packages/airflow/example_dags/example_latest_only.py
[2024-01-04T02:20:24.671+0000] {processor.py:830} INFO - Processing file /home/airflow/.local/lib/python3.8/site-packages/airflow/example_dags/example_latest_only.py for tasks to queue
[2024-01-04T02:20:24.673+0000] {logging_mixin.py:188} INFO - [2024-01-04T02:20:24.672+0000] {dagbag.py:538} INFO - Filling up the DagBag from /home/airflow/.local/lib/python3.8/site-packages/airflow/example_dags/example_latest_only.py
[2024-01-04T02:20:24.676+0000] {processor.py:840} INFO - DAG(s) 'latest_only' retrieved from /home/airflow/.local/lib/python3.8/site-packages/airflow/example_dags/example_latest_only.py
[2024-01-04T02:20:24.691+0000] {logging_mixin.py:188} INFO - [2024-01-04T02:20:24.691+0000] {dag.py:3033} INFO - Sync 1 DAGs
[2024-01-04T02:20:24.707+0000] {logging_mixin.py:188} INFO - [2024-01-04T02:20:24.707+0000] {dag.py:3820} INFO - Setting next_dagrun for latest_only to 2024-01-03T20:00:00+00:00, run_after=2024-01-04T00:00:00+00:00
[2024-01-04T02:20:24.726+0000] {processor.py:183} INFO - Processing /home/airflow/.local/lib/python3.8/site-packages/airflow/example_dags/example_latest_only.py took 0.058 seconds
[2024-01-04T02:20:54.998+0000] {processor.py:161} INFO - Started process (PID=740) to work on /home/airflow/.local/lib/python3.8/site-packages/airflow/example_dags/example_latest_only.py
[2024-01-04T02:20:54.999+0000] {processor.py:830} INFO - Processing file /home/airflow/.local/lib/python3.8/site-packages/airflow/example_dags/example_latest_only.py for tasks to queue
[2024-01-04T02:20:55.001+0000] {logging_mixin.py:188} INFO - [2024-01-04T02:20:55.001+0000] {dagbag.py:538} INFO - Filling up the DagBag from /home/airflow/.local/lib/python3.8/site-packages/airflow/example_dags/example_latest_only.py
[2024-01-04T02:20:55.005+0000] {processor.py:840} INFO - DAG(s) 'latest_only' retrieved from /home/airflow/.local/lib/python3.8/site-packages/airflow/example_dags/example_latest_only.py
[2024-01-04T02:20:55.022+0000] {logging_mixin.py:188} INFO - [2024-01-04T02:20:55.022+0000] {dag.py:3033} INFO - Sync 1 DAGs
[2024-01-04T02:20:55.038+0000] {logging_mixin.py:188} INFO - [2024-01-04T02:20:55.038+0000] {dag.py:3820} INFO - Setting next_dagrun for latest_only to 2024-01-03T20:00:00+00:00, run_after=2024-01-04T00:00:00+00:00
[2024-01-04T02:20:55.056+0000] {processor.py:183} INFO - Processing /home/airflow/.local/lib/python3.8/site-packages/airflow/example_dags/example_latest_only.py took 0.061 seconds
[2024-01-04T02:21:25.240+0000] {processor.py:161} INFO - Started process (PID=795) to work on /home/airflow/.local/lib/python3.8/site-packages/airflow/example_dags/example_latest_only.py
[2024-01-04T02:21:25.241+0000] {processor.py:830} INFO - Processing file /home/airflow/.local/lib/python3.8/site-packages/airflow/example_dags/example_latest_only.py for tasks to queue
[2024-01-04T02:21:25.243+0000] {logging_mixin.py:188} INFO - [2024-01-04T02:21:25.243+0000] {dagbag.py:538} INFO - Filling up the DagBag from /home/airflow/.local/lib/python3.8/site-packages/airflow/example_dags/example_latest_only.py
[2024-01-04T02:21:25.247+0000] {processor.py:840} INFO - DAG(s) 'latest_only' retrieved from /home/airflow/.local/lib/python3.8/site-packages/airflow/example_dags/example_latest_only.py
[2024-01-04T02:21:25.262+0000] {logging_mixin.py:188} INFO - [2024-01-04T02:21:25.261+0000] {dag.py:3033} INFO - Sync 1 DAGs
[2024-01-04T02:21:25.279+0000] {logging_mixin.py:188} INFO - [2024-01-04T02:21:25.278+0000] {dag.py:3820} INFO - Setting next_dagrun for latest_only to 2024-01-03T20:00:00+00:00, run_after=2024-01-04T00:00:00+00:00
[2024-01-04T02:21:25.295+0000] {processor.py:183} INFO - Processing /home/airflow/.local/lib/python3.8/site-packages/airflow/example_dags/example_latest_only.py took 0.057 seconds
[2024-01-04T02:21:55.486+0000] {processor.py:161} INFO - Started process (PID=851) to work on /home/airflow/.local/lib/python3.8/site-packages/airflow/example_dags/example_latest_only.py
[2024-01-04T02:21:55.487+0000] {processor.py:830} INFO - Processing file /home/airflow/.local/lib/python3.8/site-packages/airflow/example_dags/example_latest_only.py for tasks to queue
[2024-01-04T02:21:55.489+0000] {logging_mixin.py:188} INFO - [2024-01-04T02:21:55.489+0000] {dagbag.py:538} INFO - Filling up the DagBag from /home/airflow/.local/lib/python3.8/site-packages/airflow/example_dags/example_latest_only.py
[2024-01-04T02:21:55.493+0000] {processor.py:840} INFO - DAG(s) 'latest_only' retrieved from /home/airflow/.local/lib/python3.8/site-packages/airflow/example_dags/example_latest_only.py
[2024-01-04T02:21:55.512+0000] {logging_mixin.py:188} INFO - [2024-01-04T02:21:55.512+0000] {dag.py:3033} INFO - Sync 1 DAGs
[2024-01-04T02:21:55.531+0000] {logging_mixin.py:188} INFO - [2024-01-04T02:21:55.530+0000] {dag.py:3820} INFO - Setting next_dagrun for latest_only to 2024-01-03T20:00:00+00:00, run_after=2024-01-04T00:00:00+00:00
[2024-01-04T02:21:55.550+0000] {processor.py:183} INFO - Processing /home/airflow/.local/lib/python3.8/site-packages/airflow/example_dags/example_latest_only.py took 0.067 seconds
[2024-01-04T02:22:25.752+0000] {processor.py:161} INFO - Started process (PID=906) to work on /home/airflow/.local/lib/python3.8/site-packages/airflow/example_dags/example_latest_only.py
[2024-01-04T02:22:25.753+0000] {processor.py:830} INFO - Processing file /home/airflow/.local/lib/python3.8/site-packages/airflow/example_dags/example_latest_only.py for tasks to queue
[2024-01-04T02:22:25.755+0000] {logging_mixin.py:188} INFO - [2024-01-04T02:22:25.755+0000] {dagbag.py:538} INFO - Filling up the DagBag from /home/airflow/.local/lib/python3.8/site-packages/airflow/example_dags/example_latest_only.py
[2024-01-04T02:22:25.759+0000] {processor.py:840} INFO - DAG(s) 'latest_only' retrieved from /home/airflow/.local/lib/python3.8/site-packages/airflow/example_dags/example_latest_only.py
[2024-01-04T02:22:25.773+0000] {logging_mixin.py:188} INFO - [2024-01-04T02:22:25.773+0000] {dag.py:3033} INFO - Sync 1 DAGs
[2024-01-04T02:22:25.790+0000] {logging_mixin.py:188} INFO - [2024-01-04T02:22:25.790+0000] {dag.py:3820} INFO - Setting next_dagrun for latest_only to 2024-01-03T20:00:00+00:00, run_after=2024-01-04T00:00:00+00:00
[2024-01-04T02:22:25.807+0000] {processor.py:183} INFO - Processing /home/airflow/.local/lib/python3.8/site-packages/airflow/example_dags/example_latest_only.py took 0.057 seconds
