[2024-01-04T02:14:48.036+0000] {processor.py:161} INFO - Started process (PID=69) to work on /home/airflow/.local/lib/python3.8/site-packages/airflow/example_dags/example_bash_operator.py
[2024-01-04T02:14:48.037+0000] {processor.py:830} INFO - Processing file /home/airflow/.local/lib/python3.8/site-packages/airflow/example_dags/example_bash_operator.py for tasks to queue
[2024-01-04T02:14:48.040+0000] {logging_mixin.py:188} INFO - [2024-01-04T02:14:48.040+0000] {dagbag.py:538} INFO - Filling up the DagBag from /home/airflow/.local/lib/python3.8/site-packages/airflow/example_dags/example_bash_operator.py
[2024-01-04T02:14:48.051+0000] {processor.py:840} INFO - DAG(s) 'example_bash_operator' retrieved from /home/airflow/.local/lib/python3.8/site-packages/airflow/example_dags/example_bash_operator.py
[2024-01-04T02:14:48.211+0000] {logging_mixin.py:188} INFO - [2024-01-04T02:14:48.210+0000] {override.py:1769} INFO - Created Permission View: can edit on DAG:example_bash_operator
[2024-01-04T02:14:48.227+0000] {logging_mixin.py:188} INFO - [2024-01-04T02:14:48.227+0000] {override.py:1769} INFO - Created Permission View: can read on DAG:example_bash_operator
[2024-01-04T02:14:48.237+0000] {logging_mixin.py:188} INFO - [2024-01-04T02:14:48.237+0000] {override.py:1769} INFO - Created Permission View: can delete on DAG:example_bash_operator
[2024-01-04T02:14:48.238+0000] {logging_mixin.py:188} INFO - [2024-01-04T02:14:48.238+0000] {dag.py:3033} INFO - Sync 1 DAGs
[2024-01-04T02:14:48.249+0000] {logging_mixin.py:188} INFO - [2024-01-04T02:14:48.249+0000] {dag.py:3055} INFO - Creating ORM DAG for example_bash_operator
[2024-01-04T02:14:48.260+0000] {logging_mixin.py:188} INFO - [2024-01-04T02:14:48.260+0000] {dag.py:3820} INFO - Setting next_dagrun for example_bash_operator to 2024-01-03T00:00:00+00:00, run_after=2024-01-04T00:00:00+00:00
[2024-01-04T02:14:48.281+0000] {processor.py:183} INFO - Processing /home/airflow/.local/lib/python3.8/site-packages/airflow/example_dags/example_bash_operator.py took 0.247 seconds
[2024-01-04T02:15:18.578+0000] {processor.py:161} INFO - Started process (PID=124) to work on /home/airflow/.local/lib/python3.8/site-packages/airflow/example_dags/example_bash_operator.py
[2024-01-04T02:15:18.579+0000] {processor.py:830} INFO - Processing file /home/airflow/.local/lib/python3.8/site-packages/airflow/example_dags/example_bash_operator.py for tasks to queue
[2024-01-04T02:15:18.581+0000] {logging_mixin.py:188} INFO - [2024-01-04T02:15:18.581+0000] {dagbag.py:538} INFO - Filling up the DagBag from /home/airflow/.local/lib/python3.8/site-packages/airflow/example_dags/example_bash_operator.py
[2024-01-04T02:15:18.589+0000] {processor.py:840} INFO - DAG(s) 'example_bash_operator' retrieved from /home/airflow/.local/lib/python3.8/site-packages/airflow/example_dags/example_bash_operator.py
[2024-01-04T02:15:18.613+0000] {logging_mixin.py:188} INFO - [2024-01-04T02:15:18.613+0000] {dag.py:3033} INFO - Sync 1 DAGs
[2024-01-04T02:15:18.629+0000] {logging_mixin.py:188} INFO - [2024-01-04T02:15:18.629+0000] {dag.py:3820} INFO - Setting next_dagrun for example_bash_operator to 2024-01-03T00:00:00+00:00, run_after=2024-01-04T00:00:00+00:00
[2024-01-04T02:15:18.643+0000] {processor.py:183} INFO - Processing /home/airflow/.local/lib/python3.8/site-packages/airflow/example_dags/example_bash_operator.py took 0.067 seconds
[2024-01-04T02:15:49.164+0000] {processor.py:161} INFO - Started process (PID=179) to work on /home/airflow/.local/lib/python3.8/site-packages/airflow/example_dags/example_bash_operator.py
[2024-01-04T02:15:49.165+0000] {processor.py:830} INFO - Processing file /home/airflow/.local/lib/python3.8/site-packages/airflow/example_dags/example_bash_operator.py for tasks to queue
[2024-01-04T02:15:49.167+0000] {logging_mixin.py:188} INFO - [2024-01-04T02:15:49.166+0000] {dagbag.py:538} INFO - Filling up the DagBag from /home/airflow/.local/lib/python3.8/site-packages/airflow/example_dags/example_bash_operator.py
[2024-01-04T02:15:49.175+0000] {processor.py:840} INFO - DAG(s) 'example_bash_operator' retrieved from /home/airflow/.local/lib/python3.8/site-packages/airflow/example_dags/example_bash_operator.py
[2024-01-04T02:15:49.199+0000] {logging_mixin.py:188} INFO - [2024-01-04T02:15:49.199+0000] {dag.py:3033} INFO - Sync 1 DAGs
[2024-01-04T02:15:49.217+0000] {logging_mixin.py:188} INFO - [2024-01-04T02:15:49.217+0000] {dag.py:3820} INFO - Setting next_dagrun for example_bash_operator to 2024-01-03T00:00:00+00:00, run_after=2024-01-04T00:00:00+00:00
[2024-01-04T02:15:49.233+0000] {processor.py:183} INFO - Processing /home/airflow/.local/lib/python3.8/site-packages/airflow/example_dags/example_bash_operator.py took 0.071 seconds
[2024-01-04T02:16:19.405+0000] {processor.py:161} INFO - Started process (PID=234) to work on /home/airflow/.local/lib/python3.8/site-packages/airflow/example_dags/example_bash_operator.py
[2024-01-04T02:16:19.407+0000] {processor.py:830} INFO - Processing file /home/airflow/.local/lib/python3.8/site-packages/airflow/example_dags/example_bash_operator.py for tasks to queue
[2024-01-04T02:16:19.409+0000] {logging_mixin.py:188} INFO - [2024-01-04T02:16:19.409+0000] {dagbag.py:538} INFO - Filling up the DagBag from /home/airflow/.local/lib/python3.8/site-packages/airflow/example_dags/example_bash_operator.py
[2024-01-04T02:16:19.420+0000] {processor.py:840} INFO - DAG(s) 'example_bash_operator' retrieved from /home/airflow/.local/lib/python3.8/site-packages/airflow/example_dags/example_bash_operator.py
[2024-01-04T02:16:19.448+0000] {logging_mixin.py:188} INFO - [2024-01-04T02:16:19.447+0000] {dag.py:3033} INFO - Sync 1 DAGs
[2024-01-04T02:16:19.466+0000] {logging_mixin.py:188} INFO - [2024-01-04T02:16:19.466+0000] {dag.py:3820} INFO - Setting next_dagrun for example_bash_operator to 2024-01-03T00:00:00+00:00, run_after=2024-01-04T00:00:00+00:00
[2024-01-04T02:16:19.485+0000] {processor.py:183} INFO - Processing /home/airflow/.local/lib/python3.8/site-packages/airflow/example_dags/example_bash_operator.py took 0.082 seconds
[2024-01-04T02:16:49.827+0000] {processor.py:161} INFO - Started process (PID=289) to work on /home/airflow/.local/lib/python3.8/site-packages/airflow/example_dags/example_bash_operator.py
[2024-01-04T02:16:49.828+0000] {processor.py:830} INFO - Processing file /home/airflow/.local/lib/python3.8/site-packages/airflow/example_dags/example_bash_operator.py for tasks to queue
[2024-01-04T02:16:49.830+0000] {logging_mixin.py:188} INFO - [2024-01-04T02:16:49.830+0000] {dagbag.py:538} INFO - Filling up the DagBag from /home/airflow/.local/lib/python3.8/site-packages/airflow/example_dags/example_bash_operator.py
[2024-01-04T02:16:49.838+0000] {processor.py:840} INFO - DAG(s) 'example_bash_operator' retrieved from /home/airflow/.local/lib/python3.8/site-packages/airflow/example_dags/example_bash_operator.py
[2024-01-04T02:16:49.859+0000] {logging_mixin.py:188} INFO - [2024-01-04T02:16:49.859+0000] {dag.py:3033} INFO - Sync 1 DAGs
[2024-01-04T02:16:49.879+0000] {logging_mixin.py:188} INFO - [2024-01-04T02:16:49.878+0000] {dag.py:3820} INFO - Setting next_dagrun for example_bash_operator to 2024-01-03T00:00:00+00:00, run_after=2024-01-04T00:00:00+00:00
[2024-01-04T02:16:49.896+0000] {processor.py:183} INFO - Processing /home/airflow/.local/lib/python3.8/site-packages/airflow/example_dags/example_bash_operator.py took 0.071 seconds
[2024-01-04T02:17:20.077+0000] {processor.py:161} INFO - Started process (PID=344) to work on /home/airflow/.local/lib/python3.8/site-packages/airflow/example_dags/example_bash_operator.py
[2024-01-04T02:17:20.078+0000] {processor.py:830} INFO - Processing file /home/airflow/.local/lib/python3.8/site-packages/airflow/example_dags/example_bash_operator.py for tasks to queue
[2024-01-04T02:17:20.079+0000] {logging_mixin.py:188} INFO - [2024-01-04T02:17:20.079+0000] {dagbag.py:538} INFO - Filling up the DagBag from /home/airflow/.local/lib/python3.8/site-packages/airflow/example_dags/example_bash_operator.py
[2024-01-04T02:17:20.088+0000] {processor.py:840} INFO - DAG(s) 'example_bash_operator' retrieved from /home/airflow/.local/lib/python3.8/site-packages/airflow/example_dags/example_bash_operator.py
[2024-01-04T02:17:20.113+0000] {logging_mixin.py:188} INFO - [2024-01-04T02:17:20.113+0000] {dag.py:3033} INFO - Sync 1 DAGs
[2024-01-04T02:17:20.130+0000] {logging_mixin.py:188} INFO - [2024-01-04T02:17:20.130+0000] {dag.py:3820} INFO - Setting next_dagrun for example_bash_operator to 2024-01-03T00:00:00+00:00, run_after=2024-01-04T00:00:00+00:00
[2024-01-04T02:17:20.144+0000] {processor.py:183} INFO - Processing /home/airflow/.local/lib/python3.8/site-packages/airflow/example_dags/example_bash_operator.py took 0.069 seconds
[2024-01-04T02:17:51.061+0000] {processor.py:161} INFO - Started process (PID=399) to work on /home/airflow/.local/lib/python3.8/site-packages/airflow/example_dags/example_bash_operator.py
[2024-01-04T02:17:51.062+0000] {processor.py:830} INFO - Processing file /home/airflow/.local/lib/python3.8/site-packages/airflow/example_dags/example_bash_operator.py for tasks to queue
[2024-01-04T02:17:51.064+0000] {logging_mixin.py:188} INFO - [2024-01-04T02:17:51.064+0000] {dagbag.py:538} INFO - Filling up the DagBag from /home/airflow/.local/lib/python3.8/site-packages/airflow/example_dags/example_bash_operator.py
[2024-01-04T02:17:51.072+0000] {processor.py:840} INFO - DAG(s) 'example_bash_operator' retrieved from /home/airflow/.local/lib/python3.8/site-packages/airflow/example_dags/example_bash_operator.py
[2024-01-04T02:17:51.096+0000] {logging_mixin.py:188} INFO - [2024-01-04T02:17:51.096+0000] {dag.py:3033} INFO - Sync 1 DAGs
[2024-01-04T02:17:51.112+0000] {logging_mixin.py:188} INFO - [2024-01-04T02:17:51.112+0000] {dag.py:3820} INFO - Setting next_dagrun for example_bash_operator to 2024-01-03T00:00:00+00:00, run_after=2024-01-04T00:00:00+00:00
[2024-01-04T02:17:51.128+0000] {processor.py:183} INFO - Processing /home/airflow/.local/lib/python3.8/site-packages/airflow/example_dags/example_bash_operator.py took 0.069 seconds
[2024-01-04T02:18:21.382+0000] {processor.py:161} INFO - Started process (PID=454) to work on /home/airflow/.local/lib/python3.8/site-packages/airflow/example_dags/example_bash_operator.py
[2024-01-04T02:18:21.383+0000] {processor.py:830} INFO - Processing file /home/airflow/.local/lib/python3.8/site-packages/airflow/example_dags/example_bash_operator.py for tasks to queue
[2024-01-04T02:18:21.384+0000] {logging_mixin.py:188} INFO - [2024-01-04T02:18:21.384+0000] {dagbag.py:538} INFO - Filling up the DagBag from /home/airflow/.local/lib/python3.8/site-packages/airflow/example_dags/example_bash_operator.py
[2024-01-04T02:18:21.393+0000] {processor.py:840} INFO - DAG(s) 'example_bash_operator' retrieved from /home/airflow/.local/lib/python3.8/site-packages/airflow/example_dags/example_bash_operator.py
[2024-01-04T02:18:21.414+0000] {logging_mixin.py:188} INFO - [2024-01-04T02:18:21.414+0000] {dag.py:3033} INFO - Sync 1 DAGs
[2024-01-04T02:18:21.430+0000] {logging_mixin.py:188} INFO - [2024-01-04T02:18:21.430+0000] {dag.py:3820} INFO - Setting next_dagrun for example_bash_operator to 2024-01-03T00:00:00+00:00, run_after=2024-01-04T00:00:00+00:00
[2024-01-04T02:18:21.443+0000] {processor.py:183} INFO - Processing /home/airflow/.local/lib/python3.8/site-packages/airflow/example_dags/example_bash_operator.py took 0.064 seconds
[2024-01-04T02:18:51.540+0000] {processor.py:161} INFO - Started process (PID=509) to work on /home/airflow/.local/lib/python3.8/site-packages/airflow/example_dags/example_bash_operator.py
[2024-01-04T02:18:51.541+0000] {processor.py:830} INFO - Processing file /home/airflow/.local/lib/python3.8/site-packages/airflow/example_dags/example_bash_operator.py for tasks to queue
[2024-01-04T02:18:51.543+0000] {logging_mixin.py:188} INFO - [2024-01-04T02:18:51.543+0000] {dagbag.py:538} INFO - Filling up the DagBag from /home/airflow/.local/lib/python3.8/site-packages/airflow/example_dags/example_bash_operator.py
[2024-01-04T02:18:51.552+0000] {processor.py:840} INFO - DAG(s) 'example_bash_operator' retrieved from /home/airflow/.local/lib/python3.8/site-packages/airflow/example_dags/example_bash_operator.py
[2024-01-04T02:18:51.574+0000] {logging_mixin.py:188} INFO - [2024-01-04T02:18:51.574+0000] {dag.py:3033} INFO - Sync 1 DAGs
[2024-01-04T02:18:51.592+0000] {logging_mixin.py:188} INFO - [2024-01-04T02:18:51.591+0000] {dag.py:3820} INFO - Setting next_dagrun for example_bash_operator to 2024-01-03T00:00:00+00:00, run_after=2024-01-04T00:00:00+00:00
[2024-01-04T02:18:51.608+0000] {processor.py:183} INFO - Processing /home/airflow/.local/lib/python3.8/site-packages/airflow/example_dags/example_bash_operator.py took 0.070 seconds
[2024-01-04T02:19:21.769+0000] {processor.py:161} INFO - Started process (PID=564) to work on /home/airflow/.local/lib/python3.8/site-packages/airflow/example_dags/example_bash_operator.py
[2024-01-04T02:19:21.770+0000] {processor.py:830} INFO - Processing file /home/airflow/.local/lib/python3.8/site-packages/airflow/example_dags/example_bash_operator.py for tasks to queue
[2024-01-04T02:19:21.773+0000] {logging_mixin.py:188} INFO - [2024-01-04T02:19:21.772+0000] {dagbag.py:538} INFO - Filling up the DagBag from /home/airflow/.local/lib/python3.8/site-packages/airflow/example_dags/example_bash_operator.py
[2024-01-04T02:19:21.781+0000] {processor.py:840} INFO - DAG(s) 'example_bash_operator' retrieved from /home/airflow/.local/lib/python3.8/site-packages/airflow/example_dags/example_bash_operator.py
[2024-01-04T02:19:21.806+0000] {logging_mixin.py:188} INFO - [2024-01-04T02:19:21.805+0000] {dag.py:3033} INFO - Sync 1 DAGs
[2024-01-04T02:19:21.823+0000] {logging_mixin.py:188} INFO - [2024-01-04T02:19:21.822+0000] {dag.py:3820} INFO - Setting next_dagrun for example_bash_operator to 2024-01-03T00:00:00+00:00, run_after=2024-01-04T00:00:00+00:00
[2024-01-04T02:19:21.837+0000] {processor.py:183} INFO - Processing /home/airflow/.local/lib/python3.8/site-packages/airflow/example_dags/example_bash_operator.py took 0.070 seconds
[2024-01-04T02:19:51.982+0000] {processor.py:161} INFO - Started process (PID=619) to work on /home/airflow/.local/lib/python3.8/site-packages/airflow/example_dags/example_bash_operator.py
[2024-01-04T02:19:51.983+0000] {processor.py:830} INFO - Processing file /home/airflow/.local/lib/python3.8/site-packages/airflow/example_dags/example_bash_operator.py for tasks to queue
[2024-01-04T02:19:51.984+0000] {logging_mixin.py:188} INFO - [2024-01-04T02:19:51.984+0000] {dagbag.py:538} INFO - Filling up the DagBag from /home/airflow/.local/lib/python3.8/site-packages/airflow/example_dags/example_bash_operator.py
[2024-01-04T02:19:51.992+0000] {processor.py:840} INFO - DAG(s) 'example_bash_operator' retrieved from /home/airflow/.local/lib/python3.8/site-packages/airflow/example_dags/example_bash_operator.py
[2024-01-04T02:19:52.015+0000] {logging_mixin.py:188} INFO - [2024-01-04T02:19:52.015+0000] {dag.py:3033} INFO - Sync 1 DAGs
[2024-01-04T02:19:52.032+0000] {logging_mixin.py:188} INFO - [2024-01-04T02:19:52.032+0000] {dag.py:3820} INFO - Setting next_dagrun for example_bash_operator to 2024-01-03T00:00:00+00:00, run_after=2024-01-04T00:00:00+00:00
[2024-01-04T02:19:52.048+0000] {processor.py:183} INFO - Processing /home/airflow/.local/lib/python3.8/site-packages/airflow/example_dags/example_bash_operator.py took 0.068 seconds
[2024-01-04T02:20:22.102+0000] {processor.py:161} INFO - Started process (PID=674) to work on /home/airflow/.local/lib/python3.8/site-packages/airflow/example_dags/example_bash_operator.py
[2024-01-04T02:20:22.103+0000] {processor.py:830} INFO - Processing file /home/airflow/.local/lib/python3.8/site-packages/airflow/example_dags/example_bash_operator.py for tasks to queue
[2024-01-04T02:20:22.104+0000] {logging_mixin.py:188} INFO - [2024-01-04T02:20:22.104+0000] {dagbag.py:538} INFO - Filling up the DagBag from /home/airflow/.local/lib/python3.8/site-packages/airflow/example_dags/example_bash_operator.py
[2024-01-04T02:20:22.113+0000] {processor.py:840} INFO - DAG(s) 'example_bash_operator' retrieved from /home/airflow/.local/lib/python3.8/site-packages/airflow/example_dags/example_bash_operator.py
[2024-01-04T02:20:22.136+0000] {logging_mixin.py:188} INFO - [2024-01-04T02:20:22.136+0000] {dag.py:3033} INFO - Sync 1 DAGs
[2024-01-04T02:20:22.154+0000] {logging_mixin.py:188} INFO - [2024-01-04T02:20:22.154+0000] {dag.py:3820} INFO - Setting next_dagrun for example_bash_operator to 2024-01-03T00:00:00+00:00, run_after=2024-01-04T00:00:00+00:00
[2024-01-04T02:20:22.167+0000] {processor.py:183} INFO - Processing /home/airflow/.local/lib/python3.8/site-packages/airflow/example_dags/example_bash_operator.py took 0.068 seconds
[2024-01-04T02:20:52.503+0000] {processor.py:161} INFO - Started process (PID=729) to work on /home/airflow/.local/lib/python3.8/site-packages/airflow/example_dags/example_bash_operator.py
[2024-01-04T02:20:52.504+0000] {processor.py:830} INFO - Processing file /home/airflow/.local/lib/python3.8/site-packages/airflow/example_dags/example_bash_operator.py for tasks to queue
[2024-01-04T02:20:52.506+0000] {logging_mixin.py:188} INFO - [2024-01-04T02:20:52.506+0000] {dagbag.py:538} INFO - Filling up the DagBag from /home/airflow/.local/lib/python3.8/site-packages/airflow/example_dags/example_bash_operator.py
[2024-01-04T02:20:52.514+0000] {processor.py:840} INFO - DAG(s) 'example_bash_operator' retrieved from /home/airflow/.local/lib/python3.8/site-packages/airflow/example_dags/example_bash_operator.py
[2024-01-04T02:20:52.542+0000] {logging_mixin.py:188} INFO - [2024-01-04T02:20:52.542+0000] {dag.py:3033} INFO - Sync 1 DAGs
[2024-01-04T02:20:52.561+0000] {logging_mixin.py:188} INFO - [2024-01-04T02:20:52.561+0000] {dag.py:3820} INFO - Setting next_dagrun for example_bash_operator to 2024-01-03T00:00:00+00:00, run_after=2024-01-04T00:00:00+00:00
[2024-01-04T02:20:52.581+0000] {processor.py:183} INFO - Processing /home/airflow/.local/lib/python3.8/site-packages/airflow/example_dags/example_bash_operator.py took 0.081 seconds
[2024-01-04T02:21:22.747+0000] {processor.py:161} INFO - Started process (PID=784) to work on /home/airflow/.local/lib/python3.8/site-packages/airflow/example_dags/example_bash_operator.py
[2024-01-04T02:21:22.748+0000] {processor.py:830} INFO - Processing file /home/airflow/.local/lib/python3.8/site-packages/airflow/example_dags/example_bash_operator.py for tasks to queue
[2024-01-04T02:21:22.750+0000] {logging_mixin.py:188} INFO - [2024-01-04T02:21:22.750+0000] {dagbag.py:538} INFO - Filling up the DagBag from /home/airflow/.local/lib/python3.8/site-packages/airflow/example_dags/example_bash_operator.py
[2024-01-04T02:21:22.758+0000] {processor.py:840} INFO - DAG(s) 'example_bash_operator' retrieved from /home/airflow/.local/lib/python3.8/site-packages/airflow/example_dags/example_bash_operator.py
[2024-01-04T02:21:22.780+0000] {logging_mixin.py:188} INFO - [2024-01-04T02:21:22.780+0000] {dag.py:3033} INFO - Sync 1 DAGs
[2024-01-04T02:21:22.798+0000] {logging_mixin.py:188} INFO - [2024-01-04T02:21:22.798+0000] {dag.py:3820} INFO - Setting next_dagrun for example_bash_operator to 2024-01-03T00:00:00+00:00, run_after=2024-01-04T00:00:00+00:00
[2024-01-04T02:21:22.815+0000] {processor.py:183} INFO - Processing /home/airflow/.local/lib/python3.8/site-packages/airflow/example_dags/example_bash_operator.py took 0.070 seconds
[2024-01-04T02:21:52.949+0000] {processor.py:161} INFO - Started process (PID=840) to work on /home/airflow/.local/lib/python3.8/site-packages/airflow/example_dags/example_bash_operator.py
[2024-01-04T02:21:52.950+0000] {processor.py:830} INFO - Processing file /home/airflow/.local/lib/python3.8/site-packages/airflow/example_dags/example_bash_operator.py for tasks to queue
[2024-01-04T02:21:52.952+0000] {logging_mixin.py:188} INFO - [2024-01-04T02:21:52.952+0000] {dagbag.py:538} INFO - Filling up the DagBag from /home/airflow/.local/lib/python3.8/site-packages/airflow/example_dags/example_bash_operator.py
[2024-01-04T02:21:52.962+0000] {processor.py:840} INFO - DAG(s) 'example_bash_operator' retrieved from /home/airflow/.local/lib/python3.8/site-packages/airflow/example_dags/example_bash_operator.py
[2024-01-04T02:21:52.985+0000] {logging_mixin.py:188} INFO - [2024-01-04T02:21:52.985+0000] {dag.py:3033} INFO - Sync 1 DAGs
[2024-01-04T02:21:53.006+0000] {logging_mixin.py:188} INFO - [2024-01-04T02:21:53.005+0000] {dag.py:3820} INFO - Setting next_dagrun for example_bash_operator to 2024-01-03T00:00:00+00:00, run_after=2024-01-04T00:00:00+00:00
[2024-01-04T02:21:53.023+0000] {processor.py:183} INFO - Processing /home/airflow/.local/lib/python3.8/site-packages/airflow/example_dags/example_bash_operator.py took 0.076 seconds
[2024-01-04T02:22:23.146+0000] {processor.py:161} INFO - Started process (PID=895) to work on /home/airflow/.local/lib/python3.8/site-packages/airflow/example_dags/example_bash_operator.py
[2024-01-04T02:22:23.147+0000] {processor.py:830} INFO - Processing file /home/airflow/.local/lib/python3.8/site-packages/airflow/example_dags/example_bash_operator.py for tasks to queue
[2024-01-04T02:22:23.149+0000] {logging_mixin.py:188} INFO - [2024-01-04T02:22:23.149+0000] {dagbag.py:538} INFO - Filling up the DagBag from /home/airflow/.local/lib/python3.8/site-packages/airflow/example_dags/example_bash_operator.py
[2024-01-04T02:22:23.157+0000] {processor.py:840} INFO - DAG(s) 'example_bash_operator' retrieved from /home/airflow/.local/lib/python3.8/site-packages/airflow/example_dags/example_bash_operator.py
[2024-01-04T02:22:23.185+0000] {logging_mixin.py:188} INFO - [2024-01-04T02:22:23.185+0000] {dag.py:3033} INFO - Sync 1 DAGs
[2024-01-04T02:22:23.203+0000] {logging_mixin.py:188} INFO - [2024-01-04T02:22:23.203+0000] {dag.py:3820} INFO - Setting next_dagrun for example_bash_operator to 2024-01-03T00:00:00+00:00, run_after=2024-01-04T00:00:00+00:00
[2024-01-04T02:22:23.219+0000] {processor.py:183} INFO - Processing /home/airflow/.local/lib/python3.8/site-packages/airflow/example_dags/example_bash_operator.py took 0.076 seconds
