[2024-01-04T02:14:46.433+0000] {processor.py:161} INFO - Started process (PID=56) to work on /home/airflow/.local/lib/python3.8/site-packages/airflow/example_dags/example_setup_teardown.py
[2024-01-04T02:14:46.434+0000] {processor.py:830} INFO - Processing file /home/airflow/.local/lib/python3.8/site-packages/airflow/example_dags/example_setup_teardown.py for tasks to queue
[2024-01-04T02:14:46.439+0000] {logging_mixin.py:188} INFO - [2024-01-04T02:14:46.439+0000] {dagbag.py:538} INFO - Filling up the DagBag from /home/airflow/.local/lib/python3.8/site-packages/airflow/example_dags/example_setup_teardown.py
[2024-01-04T02:14:46.446+0000] {processor.py:840} INFO - DAG(s) 'example_setup_teardown' retrieved from /home/airflow/.local/lib/python3.8/site-packages/airflow/example_dags/example_setup_teardown.py
[2024-01-04T02:14:46.542+0000] {logging_mixin.py:188} INFO - [2024-01-04T02:14:46.541+0000] {override.py:1769} INFO - Created Permission View: can edit on DAG:example_setup_teardown
[2024-01-04T02:14:46.550+0000] {logging_mixin.py:188} INFO - [2024-01-04T02:14:46.550+0000] {override.py:1769} INFO - Created Permission View: can read on DAG:example_setup_teardown
[2024-01-04T02:14:46.555+0000] {logging_mixin.py:188} INFO - [2024-01-04T02:14:46.555+0000] {override.py:1769} INFO - Created Permission View: can delete on DAG:example_setup_teardown
[2024-01-04T02:14:46.556+0000] {logging_mixin.py:188} INFO - [2024-01-04T02:14:46.556+0000] {dag.py:3033} INFO - Sync 1 DAGs
[2024-01-04T02:14:46.565+0000] {logging_mixin.py:188} INFO - [2024-01-04T02:14:46.565+0000] {dag.py:3055} INFO - Creating ORM DAG for example_setup_teardown
[2024-01-04T02:14:46.573+0000] {logging_mixin.py:188} INFO - [2024-01-04T02:14:46.573+0000] {dag.py:3820} INFO - Setting next_dagrun for example_setup_teardown to 2024-01-03T00:00:00+00:00, run_after=2024-01-04T00:00:00+00:00
[2024-01-04T02:14:46.588+0000] {processor.py:183} INFO - Processing /home/airflow/.local/lib/python3.8/site-packages/airflow/example_dags/example_setup_teardown.py took 0.158 seconds
[2024-01-04T02:15:16.985+0000] {processor.py:161} INFO - Started process (PID=111) to work on /home/airflow/.local/lib/python3.8/site-packages/airflow/example_dags/example_setup_teardown.py
[2024-01-04T02:15:16.986+0000] {processor.py:830} INFO - Processing file /home/airflow/.local/lib/python3.8/site-packages/airflow/example_dags/example_setup_teardown.py for tasks to queue
[2024-01-04T02:15:16.989+0000] {logging_mixin.py:188} INFO - [2024-01-04T02:15:16.989+0000] {dagbag.py:538} INFO - Filling up the DagBag from /home/airflow/.local/lib/python3.8/site-packages/airflow/example_dags/example_setup_teardown.py
[2024-01-04T02:15:16.996+0000] {processor.py:840} INFO - DAG(s) 'example_setup_teardown' retrieved from /home/airflow/.local/lib/python3.8/site-packages/airflow/example_dags/example_setup_teardown.py
[2024-01-04T02:15:17.016+0000] {logging_mixin.py:188} INFO - [2024-01-04T02:15:17.015+0000] {dag.py:3033} INFO - Sync 1 DAGs
[2024-01-04T02:15:17.039+0000] {logging_mixin.py:188} INFO - [2024-01-04T02:15:17.039+0000] {dag.py:3820} INFO - Setting next_dagrun for example_setup_teardown to 2024-01-03T00:00:00+00:00, run_after=2024-01-04T00:00:00+00:00
[2024-01-04T02:15:17.058+0000] {processor.py:183} INFO - Processing /home/airflow/.local/lib/python3.8/site-packages/airflow/example_dags/example_setup_teardown.py took 0.076 seconds
[2024-01-04T02:15:47.606+0000] {processor.py:161} INFO - Started process (PID=166) to work on /home/airflow/.local/lib/python3.8/site-packages/airflow/example_dags/example_setup_teardown.py
[2024-01-04T02:15:47.607+0000] {processor.py:830} INFO - Processing file /home/airflow/.local/lib/python3.8/site-packages/airflow/example_dags/example_setup_teardown.py for tasks to queue
[2024-01-04T02:15:47.609+0000] {logging_mixin.py:188} INFO - [2024-01-04T02:15:47.609+0000] {dagbag.py:538} INFO - Filling up the DagBag from /home/airflow/.local/lib/python3.8/site-packages/airflow/example_dags/example_setup_teardown.py
[2024-01-04T02:15:47.614+0000] {processor.py:840} INFO - DAG(s) 'example_setup_teardown' retrieved from /home/airflow/.local/lib/python3.8/site-packages/airflow/example_dags/example_setup_teardown.py
[2024-01-04T02:15:47.631+0000] {logging_mixin.py:188} INFO - [2024-01-04T02:15:47.630+0000] {dag.py:3033} INFO - Sync 1 DAGs
[2024-01-04T02:15:47.652+0000] {logging_mixin.py:188} INFO - [2024-01-04T02:15:47.652+0000] {dag.py:3820} INFO - Setting next_dagrun for example_setup_teardown to 2024-01-03T00:00:00+00:00, run_after=2024-01-04T00:00:00+00:00
[2024-01-04T02:15:47.671+0000] {processor.py:183} INFO - Processing /home/airflow/.local/lib/python3.8/site-packages/airflow/example_dags/example_setup_teardown.py took 0.067 seconds
[2024-01-04T02:16:17.855+0000] {processor.py:161} INFO - Started process (PID=221) to work on /home/airflow/.local/lib/python3.8/site-packages/airflow/example_dags/example_setup_teardown.py
[2024-01-04T02:16:17.856+0000] {processor.py:830} INFO - Processing file /home/airflow/.local/lib/python3.8/site-packages/airflow/example_dags/example_setup_teardown.py for tasks to queue
[2024-01-04T02:16:17.859+0000] {logging_mixin.py:188} INFO - [2024-01-04T02:16:17.858+0000] {dagbag.py:538} INFO - Filling up the DagBag from /home/airflow/.local/lib/python3.8/site-packages/airflow/example_dags/example_setup_teardown.py
[2024-01-04T02:16:17.863+0000] {processor.py:840} INFO - DAG(s) 'example_setup_teardown' retrieved from /home/airflow/.local/lib/python3.8/site-packages/airflow/example_dags/example_setup_teardown.py
[2024-01-04T02:16:17.879+0000] {logging_mixin.py:188} INFO - [2024-01-04T02:16:17.879+0000] {dag.py:3033} INFO - Sync 1 DAGs
[2024-01-04T02:16:17.896+0000] {logging_mixin.py:188} INFO - [2024-01-04T02:16:17.895+0000] {dag.py:3820} INFO - Setting next_dagrun for example_setup_teardown to 2024-01-03T00:00:00+00:00, run_after=2024-01-04T00:00:00+00:00
[2024-01-04T02:16:17.915+0000] {processor.py:183} INFO - Processing /home/airflow/.local/lib/python3.8/site-packages/airflow/example_dags/example_setup_teardown.py took 0.063 seconds
[2024-01-04T02:16:48.234+0000] {processor.py:161} INFO - Started process (PID=276) to work on /home/airflow/.local/lib/python3.8/site-packages/airflow/example_dags/example_setup_teardown.py
[2024-01-04T02:16:48.235+0000] {processor.py:830} INFO - Processing file /home/airflow/.local/lib/python3.8/site-packages/airflow/example_dags/example_setup_teardown.py for tasks to queue
[2024-01-04T02:16:48.237+0000] {logging_mixin.py:188} INFO - [2024-01-04T02:16:48.237+0000] {dagbag.py:538} INFO - Filling up the DagBag from /home/airflow/.local/lib/python3.8/site-packages/airflow/example_dags/example_setup_teardown.py
[2024-01-04T02:16:48.242+0000] {processor.py:840} INFO - DAG(s) 'example_setup_teardown' retrieved from /home/airflow/.local/lib/python3.8/site-packages/airflow/example_dags/example_setup_teardown.py
[2024-01-04T02:16:48.258+0000] {logging_mixin.py:188} INFO - [2024-01-04T02:16:48.257+0000] {dag.py:3033} INFO - Sync 1 DAGs
[2024-01-04T02:16:48.276+0000] {logging_mixin.py:188} INFO - [2024-01-04T02:16:48.276+0000] {dag.py:3820} INFO - Setting next_dagrun for example_setup_teardown to 2024-01-03T00:00:00+00:00, run_after=2024-01-04T00:00:00+00:00
[2024-01-04T02:16:48.294+0000] {processor.py:183} INFO - Processing /home/airflow/.local/lib/python3.8/site-packages/airflow/example_dags/example_setup_teardown.py took 0.062 seconds
[2024-01-04T02:17:18.544+0000] {processor.py:161} INFO - Started process (PID=331) to work on /home/airflow/.local/lib/python3.8/site-packages/airflow/example_dags/example_setup_teardown.py
[2024-01-04T02:17:18.544+0000] {processor.py:830} INFO - Processing file /home/airflow/.local/lib/python3.8/site-packages/airflow/example_dags/example_setup_teardown.py for tasks to queue
[2024-01-04T02:17:18.546+0000] {logging_mixin.py:188} INFO - [2024-01-04T02:17:18.546+0000] {dagbag.py:538} INFO - Filling up the DagBag from /home/airflow/.local/lib/python3.8/site-packages/airflow/example_dags/example_setup_teardown.py
[2024-01-04T02:17:18.551+0000] {processor.py:840} INFO - DAG(s) 'example_setup_teardown' retrieved from /home/airflow/.local/lib/python3.8/site-packages/airflow/example_dags/example_setup_teardown.py
[2024-01-04T02:17:18.566+0000] {logging_mixin.py:188} INFO - [2024-01-04T02:17:18.566+0000] {dag.py:3033} INFO - Sync 1 DAGs
[2024-01-04T02:17:18.581+0000] {logging_mixin.py:188} INFO - [2024-01-04T02:17:18.581+0000] {dag.py:3820} INFO - Setting next_dagrun for example_setup_teardown to 2024-01-03T00:00:00+00:00, run_after=2024-01-04T00:00:00+00:00
[2024-01-04T02:17:18.595+0000] {processor.py:183} INFO - Processing /home/airflow/.local/lib/python3.8/site-packages/airflow/example_dags/example_setup_teardown.py took 0.054 seconds
[2024-01-04T02:17:49.559+0000] {processor.py:161} INFO - Started process (PID=386) to work on /home/airflow/.local/lib/python3.8/site-packages/airflow/example_dags/example_setup_teardown.py
[2024-01-04T02:17:49.559+0000] {processor.py:830} INFO - Processing file /home/airflow/.local/lib/python3.8/site-packages/airflow/example_dags/example_setup_teardown.py for tasks to queue
[2024-01-04T02:17:49.562+0000] {logging_mixin.py:188} INFO - [2024-01-04T02:17:49.561+0000] {dagbag.py:538} INFO - Filling up the DagBag from /home/airflow/.local/lib/python3.8/site-packages/airflow/example_dags/example_setup_teardown.py
[2024-01-04T02:17:49.566+0000] {processor.py:840} INFO - DAG(s) 'example_setup_teardown' retrieved from /home/airflow/.local/lib/python3.8/site-packages/airflow/example_dags/example_setup_teardown.py
[2024-01-04T02:17:49.581+0000] {logging_mixin.py:188} INFO - [2024-01-04T02:17:49.581+0000] {dag.py:3033} INFO - Sync 1 DAGs
[2024-01-04T02:17:49.599+0000] {logging_mixin.py:188} INFO - [2024-01-04T02:17:49.599+0000] {dag.py:3820} INFO - Setting next_dagrun for example_setup_teardown to 2024-01-03T00:00:00+00:00, run_after=2024-01-04T00:00:00+00:00
[2024-01-04T02:17:49.616+0000] {processor.py:183} INFO - Processing /home/airflow/.local/lib/python3.8/site-packages/airflow/example_dags/example_setup_teardown.py took 0.060 seconds
[2024-01-04T02:18:19.900+0000] {processor.py:161} INFO - Started process (PID=441) to work on /home/airflow/.local/lib/python3.8/site-packages/airflow/example_dags/example_setup_teardown.py
[2024-01-04T02:18:19.901+0000] {processor.py:830} INFO - Processing file /home/airflow/.local/lib/python3.8/site-packages/airflow/example_dags/example_setup_teardown.py for tasks to queue
[2024-01-04T02:18:19.903+0000] {logging_mixin.py:188} INFO - [2024-01-04T02:18:19.903+0000] {dagbag.py:538} INFO - Filling up the DagBag from /home/airflow/.local/lib/python3.8/site-packages/airflow/example_dags/example_setup_teardown.py
[2024-01-04T02:18:19.907+0000] {processor.py:840} INFO - DAG(s) 'example_setup_teardown' retrieved from /home/airflow/.local/lib/python3.8/site-packages/airflow/example_dags/example_setup_teardown.py
[2024-01-04T02:18:19.922+0000] {logging_mixin.py:188} INFO - [2024-01-04T02:18:19.921+0000] {dag.py:3033} INFO - Sync 1 DAGs
[2024-01-04T02:18:19.938+0000] {logging_mixin.py:188} INFO - [2024-01-04T02:18:19.937+0000] {dag.py:3820} INFO - Setting next_dagrun for example_setup_teardown to 2024-01-03T00:00:00+00:00, run_after=2024-01-04T00:00:00+00:00
[2024-01-04T02:18:19.953+0000] {processor.py:183} INFO - Processing /home/airflow/.local/lib/python3.8/site-packages/airflow/example_dags/example_setup_teardown.py took 0.055 seconds
[2024-01-04T02:18:49.995+0000] {processor.py:161} INFO - Started process (PID=496) to work on /home/airflow/.local/lib/python3.8/site-packages/airflow/example_dags/example_setup_teardown.py
[2024-01-04T02:18:49.996+0000] {processor.py:830} INFO - Processing file /home/airflow/.local/lib/python3.8/site-packages/airflow/example_dags/example_setup_teardown.py for tasks to queue
[2024-01-04T02:18:49.998+0000] {logging_mixin.py:188} INFO - [2024-01-04T02:18:49.998+0000] {dagbag.py:538} INFO - Filling up the DagBag from /home/airflow/.local/lib/python3.8/site-packages/airflow/example_dags/example_setup_teardown.py
[2024-01-04T02:18:50.003+0000] {processor.py:840} INFO - DAG(s) 'example_setup_teardown' retrieved from /home/airflow/.local/lib/python3.8/site-packages/airflow/example_dags/example_setup_teardown.py
[2024-01-04T02:18:50.019+0000] {logging_mixin.py:188} INFO - [2024-01-04T02:18:50.019+0000] {dag.py:3033} INFO - Sync 1 DAGs
[2024-01-04T02:18:50.035+0000] {logging_mixin.py:188} INFO - [2024-01-04T02:18:50.035+0000] {dag.py:3820} INFO - Setting next_dagrun for example_setup_teardown to 2024-01-03T00:00:00+00:00, run_after=2024-01-04T00:00:00+00:00
[2024-01-04T02:18:50.051+0000] {processor.py:183} INFO - Processing /home/airflow/.local/lib/python3.8/site-packages/airflow/example_dags/example_setup_teardown.py took 0.058 seconds
[2024-01-04T02:19:20.115+0000] {processor.py:161} INFO - Started process (PID=550) to work on /home/airflow/.local/lib/python3.8/site-packages/airflow/example_dags/example_setup_teardown.py
[2024-01-04T02:19:20.116+0000] {processor.py:830} INFO - Processing file /home/airflow/.local/lib/python3.8/site-packages/airflow/example_dags/example_setup_teardown.py for tasks to queue
[2024-01-04T02:19:20.118+0000] {logging_mixin.py:188} INFO - [2024-01-04T02:19:20.118+0000] {dagbag.py:538} INFO - Filling up the DagBag from /home/airflow/.local/lib/python3.8/site-packages/airflow/example_dags/example_setup_teardown.py
[2024-01-04T02:19:20.122+0000] {processor.py:840} INFO - DAG(s) 'example_setup_teardown' retrieved from /home/airflow/.local/lib/python3.8/site-packages/airflow/example_dags/example_setup_teardown.py
[2024-01-04T02:19:20.136+0000] {logging_mixin.py:188} INFO - [2024-01-04T02:19:20.136+0000] {dag.py:3033} INFO - Sync 1 DAGs
[2024-01-04T02:19:20.149+0000] {logging_mixin.py:188} INFO - [2024-01-04T02:19:20.149+0000] {dag.py:3820} INFO - Setting next_dagrun for example_setup_teardown to 2024-01-03T00:00:00+00:00, run_after=2024-01-04T00:00:00+00:00
[2024-01-04T02:19:20.162+0000] {processor.py:183} INFO - Processing /home/airflow/.local/lib/python3.8/site-packages/airflow/example_dags/example_setup_teardown.py took 0.049 seconds
[2024-01-04T02:19:50.265+0000] {processor.py:161} INFO - Started process (PID=605) to work on /home/airflow/.local/lib/python3.8/site-packages/airflow/example_dags/example_setup_teardown.py
[2024-01-04T02:19:50.266+0000] {processor.py:830} INFO - Processing file /home/airflow/.local/lib/python3.8/site-packages/airflow/example_dags/example_setup_teardown.py for tasks to queue
[2024-01-04T02:19:50.269+0000] {logging_mixin.py:188} INFO - [2024-01-04T02:19:50.268+0000] {dagbag.py:538} INFO - Filling up the DagBag from /home/airflow/.local/lib/python3.8/site-packages/airflow/example_dags/example_setup_teardown.py
[2024-01-04T02:19:50.273+0000] {processor.py:840} INFO - DAG(s) 'example_setup_teardown' retrieved from /home/airflow/.local/lib/python3.8/site-packages/airflow/example_dags/example_setup_teardown.py
[2024-01-04T02:19:50.288+0000] {logging_mixin.py:188} INFO - [2024-01-04T02:19:50.288+0000] {dag.py:3033} INFO - Sync 1 DAGs
[2024-01-04T02:19:50.306+0000] {logging_mixin.py:188} INFO - [2024-01-04T02:19:50.306+0000] {dag.py:3820} INFO - Setting next_dagrun for example_setup_teardown to 2024-01-03T00:00:00+00:00, run_after=2024-01-04T00:00:00+00:00
[2024-01-04T02:19:50.320+0000] {processor.py:183} INFO - Processing /home/airflow/.local/lib/python3.8/site-packages/airflow/example_dags/example_setup_teardown.py took 0.058 seconds
[2024-01-04T02:20:20.436+0000] {processor.py:161} INFO - Started process (PID=661) to work on /home/airflow/.local/lib/python3.8/site-packages/airflow/example_dags/example_setup_teardown.py
[2024-01-04T02:20:20.436+0000] {processor.py:830} INFO - Processing file /home/airflow/.local/lib/python3.8/site-packages/airflow/example_dags/example_setup_teardown.py for tasks to queue
[2024-01-04T02:20:20.439+0000] {logging_mixin.py:188} INFO - [2024-01-04T02:20:20.438+0000] {dagbag.py:538} INFO - Filling up the DagBag from /home/airflow/.local/lib/python3.8/site-packages/airflow/example_dags/example_setup_teardown.py
[2024-01-04T02:20:20.445+0000] {processor.py:840} INFO - DAG(s) 'example_setup_teardown' retrieved from /home/airflow/.local/lib/python3.8/site-packages/airflow/example_dags/example_setup_teardown.py
[2024-01-04T02:20:20.463+0000] {logging_mixin.py:188} INFO - [2024-01-04T02:20:20.463+0000] {dag.py:3033} INFO - Sync 1 DAGs
[2024-01-04T02:20:20.481+0000] {logging_mixin.py:188} INFO - [2024-01-04T02:20:20.481+0000] {dag.py:3820} INFO - Setting next_dagrun for example_setup_teardown to 2024-01-03T00:00:00+00:00, run_after=2024-01-04T00:00:00+00:00
[2024-01-04T02:20:20.498+0000] {processor.py:183} INFO - Processing /home/airflow/.local/lib/python3.8/site-packages/airflow/example_dags/example_setup_teardown.py took 0.065 seconds
[2024-01-04T02:20:50.774+0000] {processor.py:161} INFO - Started process (PID=715) to work on /home/airflow/.local/lib/python3.8/site-packages/airflow/example_dags/example_setup_teardown.py
[2024-01-04T02:20:50.775+0000] {processor.py:830} INFO - Processing file /home/airflow/.local/lib/python3.8/site-packages/airflow/example_dags/example_setup_teardown.py for tasks to queue
[2024-01-04T02:20:50.777+0000] {logging_mixin.py:188} INFO - [2024-01-04T02:20:50.776+0000] {dagbag.py:538} INFO - Filling up the DagBag from /home/airflow/.local/lib/python3.8/site-packages/airflow/example_dags/example_setup_teardown.py
[2024-01-04T02:20:50.781+0000] {processor.py:840} INFO - DAG(s) 'example_setup_teardown' retrieved from /home/airflow/.local/lib/python3.8/site-packages/airflow/example_dags/example_setup_teardown.py
[2024-01-04T02:20:50.797+0000] {logging_mixin.py:188} INFO - [2024-01-04T02:20:50.797+0000] {dag.py:3033} INFO - Sync 1 DAGs
[2024-01-04T02:20:50.814+0000] {logging_mixin.py:188} INFO - [2024-01-04T02:20:50.813+0000] {dag.py:3820} INFO - Setting next_dagrun for example_setup_teardown to 2024-01-03T00:00:00+00:00, run_after=2024-01-04T00:00:00+00:00
[2024-01-04T02:20:50.831+0000] {processor.py:183} INFO - Processing /home/airflow/.local/lib/python3.8/site-packages/airflow/example_dags/example_setup_teardown.py took 0.059 seconds
[2024-01-04T02:21:20.937+0000] {processor.py:161} INFO - Started process (PID=770) to work on /home/airflow/.local/lib/python3.8/site-packages/airflow/example_dags/example_setup_teardown.py
[2024-01-04T02:21:20.938+0000] {processor.py:830} INFO - Processing file /home/airflow/.local/lib/python3.8/site-packages/airflow/example_dags/example_setup_teardown.py for tasks to queue
[2024-01-04T02:21:20.940+0000] {logging_mixin.py:188} INFO - [2024-01-04T02:21:20.940+0000] {dagbag.py:538} INFO - Filling up the DagBag from /home/airflow/.local/lib/python3.8/site-packages/airflow/example_dags/example_setup_teardown.py
[2024-01-04T02:21:20.944+0000] {processor.py:840} INFO - DAG(s) 'example_setup_teardown' retrieved from /home/airflow/.local/lib/python3.8/site-packages/airflow/example_dags/example_setup_teardown.py
[2024-01-04T02:21:20.960+0000] {logging_mixin.py:188} INFO - [2024-01-04T02:21:20.960+0000] {dag.py:3033} INFO - Sync 1 DAGs
[2024-01-04T02:21:20.979+0000] {logging_mixin.py:188} INFO - [2024-01-04T02:21:20.979+0000] {dag.py:3820} INFO - Setting next_dagrun for example_setup_teardown to 2024-01-03T00:00:00+00:00, run_after=2024-01-04T00:00:00+00:00
[2024-01-04T02:21:20.999+0000] {processor.py:183} INFO - Processing /home/airflow/.local/lib/python3.8/site-packages/airflow/example_dags/example_setup_teardown.py took 0.064 seconds
[2024-01-04T02:21:51.265+0000] {processor.py:161} INFO - Started process (PID=826) to work on /home/airflow/.local/lib/python3.8/site-packages/airflow/example_dags/example_setup_teardown.py
[2024-01-04T02:21:51.266+0000] {processor.py:830} INFO - Processing file /home/airflow/.local/lib/python3.8/site-packages/airflow/example_dags/example_setup_teardown.py for tasks to queue
[2024-01-04T02:21:51.268+0000] {logging_mixin.py:188} INFO - [2024-01-04T02:21:51.268+0000] {dagbag.py:538} INFO - Filling up the DagBag from /home/airflow/.local/lib/python3.8/site-packages/airflow/example_dags/example_setup_teardown.py
[2024-01-04T02:21:51.274+0000] {processor.py:840} INFO - DAG(s) 'example_setup_teardown' retrieved from /home/airflow/.local/lib/python3.8/site-packages/airflow/example_dags/example_setup_teardown.py
[2024-01-04T02:21:51.292+0000] {logging_mixin.py:188} INFO - [2024-01-04T02:21:51.292+0000] {dag.py:3033} INFO - Sync 1 DAGs
[2024-01-04T02:21:51.311+0000] {logging_mixin.py:188} INFO - [2024-01-04T02:21:51.310+0000] {dag.py:3820} INFO - Setting next_dagrun for example_setup_teardown to 2024-01-03T00:00:00+00:00, run_after=2024-01-04T00:00:00+00:00
[2024-01-04T02:21:51.333+0000] {processor.py:183} INFO - Processing /home/airflow/.local/lib/python3.8/site-packages/airflow/example_dags/example_setup_teardown.py took 0.071 seconds
[2024-01-04T02:22:21.511+0000] {processor.py:161} INFO - Started process (PID=881) to work on /home/airflow/.local/lib/python3.8/site-packages/airflow/example_dags/example_setup_teardown.py
[2024-01-04T02:22:21.512+0000] {processor.py:830} INFO - Processing file /home/airflow/.local/lib/python3.8/site-packages/airflow/example_dags/example_setup_teardown.py for tasks to queue
[2024-01-04T02:22:21.514+0000] {logging_mixin.py:188} INFO - [2024-01-04T02:22:21.514+0000] {dagbag.py:538} INFO - Filling up the DagBag from /home/airflow/.local/lib/python3.8/site-packages/airflow/example_dags/example_setup_teardown.py
[2024-01-04T02:22:21.518+0000] {processor.py:840} INFO - DAG(s) 'example_setup_teardown' retrieved from /home/airflow/.local/lib/python3.8/site-packages/airflow/example_dags/example_setup_teardown.py
[2024-01-04T02:22:21.536+0000] {logging_mixin.py:188} INFO - [2024-01-04T02:22:21.536+0000] {dag.py:3033} INFO - Sync 1 DAGs
[2024-01-04T02:22:21.552+0000] {logging_mixin.py:188} INFO - [2024-01-04T02:22:21.552+0000] {dag.py:3820} INFO - Setting next_dagrun for example_setup_teardown to 2024-01-03T00:00:00+00:00, run_after=2024-01-04T00:00:00+00:00
[2024-01-04T02:22:21.567+0000] {processor.py:183} INFO - Processing /home/airflow/.local/lib/python3.8/site-packages/airflow/example_dags/example_setup_teardown.py took 0.058 seconds
