[2024-01-04T02:14:44.800+0000] {processor.py:161} INFO - Started process (PID=44) to work on /home/airflow/.local/lib/python3.8/site-packages/airflow/example_dags/example_kubernetes_executor.py
[2024-01-04T02:14:44.801+0000] {processor.py:830} INFO - Processing file /home/airflow/.local/lib/python3.8/site-packages/airflow/example_dags/example_kubernetes_executor.py for tasks to queue
[2024-01-04T02:14:44.803+0000] {logging_mixin.py:188} INFO - [2024-01-04T02:14:44.803+0000] {dagbag.py:538} INFO - Filling up the DagBag from /home/airflow/.local/lib/python3.8/site-packages/airflow/example_dags/example_kubernetes_executor.py
[2024-01-04T02:14:44.821+0000] {processor.py:840} INFO - DAG(s) 'example_kubernetes_executor' retrieved from /home/airflow/.local/lib/python3.8/site-packages/airflow/example_dags/example_kubernetes_executor.py
[2024-01-04T02:14:44.961+0000] {logging_mixin.py:188} INFO - [2024-01-04T02:14:44.960+0000] {override.py:1769} INFO - Created Permission View: can edit on DAG:example_kubernetes_executor
[2024-01-04T02:14:44.980+0000] {logging_mixin.py:188} INFO - [2024-01-04T02:14:44.978+0000] {override.py:1769} INFO - Created Permission View: can read on DAG:example_kubernetes_executor
[2024-01-04T02:14:44.989+0000] {logging_mixin.py:188} INFO - [2024-01-04T02:14:44.989+0000] {override.py:1769} INFO - Created Permission View: can delete on DAG:example_kubernetes_executor
[2024-01-04T02:14:44.990+0000] {logging_mixin.py:188} INFO - [2024-01-04T02:14:44.990+0000] {dag.py:3033} INFO - Sync 1 DAGs
[2024-01-04T02:14:45.004+0000] {logging_mixin.py:188} INFO - [2024-01-04T02:14:45.004+0000] {dag.py:3055} INFO - Creating ORM DAG for example_kubernetes_executor
[2024-01-04T02:14:45.005+0000] {logging_mixin.py:188} INFO - [2024-01-04T02:14:45.005+0000] {dag.py:3820} INFO - Setting next_dagrun for example_kubernetes_executor to None, run_after=None
[2024-01-04T02:14:45.026+0000] {processor.py:183} INFO - Processing /home/airflow/.local/lib/python3.8/site-packages/airflow/example_dags/example_kubernetes_executor.py took 0.228 seconds
[2024-01-04T02:15:15.294+0000] {processor.py:161} INFO - Started process (PID=99) to work on /home/airflow/.local/lib/python3.8/site-packages/airflow/example_dags/example_kubernetes_executor.py
[2024-01-04T02:15:15.295+0000] {processor.py:830} INFO - Processing file /home/airflow/.local/lib/python3.8/site-packages/airflow/example_dags/example_kubernetes_executor.py for tasks to queue
[2024-01-04T02:15:15.298+0000] {logging_mixin.py:188} INFO - [2024-01-04T02:15:15.297+0000] {dagbag.py:538} INFO - Filling up the DagBag from /home/airflow/.local/lib/python3.8/site-packages/airflow/example_dags/example_kubernetes_executor.py
[2024-01-04T02:15:15.314+0000] {processor.py:840} INFO - DAG(s) 'example_kubernetes_executor' retrieved from /home/airflow/.local/lib/python3.8/site-packages/airflow/example_dags/example_kubernetes_executor.py
[2024-01-04T02:15:15.355+0000] {logging_mixin.py:188} INFO - [2024-01-04T02:15:15.354+0000] {dag.py:3033} INFO - Sync 1 DAGs
[2024-01-04T02:15:15.370+0000] {logging_mixin.py:188} INFO - [2024-01-04T02:15:15.370+0000] {dag.py:3820} INFO - Setting next_dagrun for example_kubernetes_executor to None, run_after=None
[2024-01-04T02:15:15.390+0000] {processor.py:183} INFO - Processing /home/airflow/.local/lib/python3.8/site-packages/airflow/example_dags/example_kubernetes_executor.py took 0.100 seconds
[2024-01-04T02:15:46.007+0000] {processor.py:161} INFO - Started process (PID=154) to work on /home/airflow/.local/lib/python3.8/site-packages/airflow/example_dags/example_kubernetes_executor.py
[2024-01-04T02:15:46.008+0000] {processor.py:830} INFO - Processing file /home/airflow/.local/lib/python3.8/site-packages/airflow/example_dags/example_kubernetes_executor.py for tasks to queue
[2024-01-04T02:15:46.010+0000] {logging_mixin.py:188} INFO - [2024-01-04T02:15:46.009+0000] {dagbag.py:538} INFO - Filling up the DagBag from /home/airflow/.local/lib/python3.8/site-packages/airflow/example_dags/example_kubernetes_executor.py
[2024-01-04T02:15:46.020+0000] {processor.py:840} INFO - DAG(s) 'example_kubernetes_executor' retrieved from /home/airflow/.local/lib/python3.8/site-packages/airflow/example_dags/example_kubernetes_executor.py
[2024-01-04T02:15:46.050+0000] {logging_mixin.py:188} INFO - [2024-01-04T02:15:46.050+0000] {dag.py:3033} INFO - Sync 1 DAGs
[2024-01-04T02:15:46.060+0000] {logging_mixin.py:188} INFO - [2024-01-04T02:15:46.060+0000] {dag.py:3820} INFO - Setting next_dagrun for example_kubernetes_executor to None, run_after=None
[2024-01-04T02:15:46.076+0000] {processor.py:183} INFO - Processing /home/airflow/.local/lib/python3.8/site-packages/airflow/example_dags/example_kubernetes_executor.py took 0.072 seconds
[2024-01-04T02:16:16.236+0000] {processor.py:161} INFO - Started process (PID=209) to work on /home/airflow/.local/lib/python3.8/site-packages/airflow/example_dags/example_kubernetes_executor.py
[2024-01-04T02:16:16.237+0000] {processor.py:830} INFO - Processing file /home/airflow/.local/lib/python3.8/site-packages/airflow/example_dags/example_kubernetes_executor.py for tasks to queue
[2024-01-04T02:16:16.239+0000] {logging_mixin.py:188} INFO - [2024-01-04T02:16:16.239+0000] {dagbag.py:538} INFO - Filling up the DagBag from /home/airflow/.local/lib/python3.8/site-packages/airflow/example_dags/example_kubernetes_executor.py
[2024-01-04T02:16:16.249+0000] {processor.py:840} INFO - DAG(s) 'example_kubernetes_executor' retrieved from /home/airflow/.local/lib/python3.8/site-packages/airflow/example_dags/example_kubernetes_executor.py
[2024-01-04T02:16:16.279+0000] {logging_mixin.py:188} INFO - [2024-01-04T02:16:16.279+0000] {dag.py:3033} INFO - Sync 1 DAGs
[2024-01-04T02:16:16.291+0000] {logging_mixin.py:188} INFO - [2024-01-04T02:16:16.290+0000] {dag.py:3820} INFO - Setting next_dagrun for example_kubernetes_executor to None, run_after=None
[2024-01-04T02:16:16.308+0000] {processor.py:183} INFO - Processing /home/airflow/.local/lib/python3.8/site-packages/airflow/example_dags/example_kubernetes_executor.py took 0.074 seconds
[2024-01-04T02:16:46.473+0000] {processor.py:161} INFO - Started process (PID=264) to work on /home/airflow/.local/lib/python3.8/site-packages/airflow/example_dags/example_kubernetes_executor.py
[2024-01-04T02:16:46.474+0000] {processor.py:830} INFO - Processing file /home/airflow/.local/lib/python3.8/site-packages/airflow/example_dags/example_kubernetes_executor.py for tasks to queue
[2024-01-04T02:16:46.476+0000] {logging_mixin.py:188} INFO - [2024-01-04T02:16:46.476+0000] {dagbag.py:538} INFO - Filling up the DagBag from /home/airflow/.local/lib/python3.8/site-packages/airflow/example_dags/example_kubernetes_executor.py
[2024-01-04T02:16:46.485+0000] {processor.py:840} INFO - DAG(s) 'example_kubernetes_executor' retrieved from /home/airflow/.local/lib/python3.8/site-packages/airflow/example_dags/example_kubernetes_executor.py
[2024-01-04T02:16:46.512+0000] {logging_mixin.py:188} INFO - [2024-01-04T02:16:46.512+0000] {dag.py:3033} INFO - Sync 1 DAGs
[2024-01-04T02:16:46.522+0000] {logging_mixin.py:188} INFO - [2024-01-04T02:16:46.521+0000] {dag.py:3820} INFO - Setting next_dagrun for example_kubernetes_executor to None, run_after=None
[2024-01-04T02:16:46.537+0000] {processor.py:183} INFO - Processing /home/airflow/.local/lib/python3.8/site-packages/airflow/example_dags/example_kubernetes_executor.py took 0.066 seconds
[2024-01-04T02:17:16.957+0000] {processor.py:161} INFO - Started process (PID=319) to work on /home/airflow/.local/lib/python3.8/site-packages/airflow/example_dags/example_kubernetes_executor.py
[2024-01-04T02:17:16.957+0000] {processor.py:830} INFO - Processing file /home/airflow/.local/lib/python3.8/site-packages/airflow/example_dags/example_kubernetes_executor.py for tasks to queue
[2024-01-04T02:17:16.959+0000] {logging_mixin.py:188} INFO - [2024-01-04T02:17:16.959+0000] {dagbag.py:538} INFO - Filling up the DagBag from /home/airflow/.local/lib/python3.8/site-packages/airflow/example_dags/example_kubernetes_executor.py
[2024-01-04T02:17:16.973+0000] {processor.py:840} INFO - DAG(s) 'example_kubernetes_executor' retrieved from /home/airflow/.local/lib/python3.8/site-packages/airflow/example_dags/example_kubernetes_executor.py
[2024-01-04T02:17:17.001+0000] {logging_mixin.py:188} INFO - [2024-01-04T02:17:17.000+0000] {dag.py:3033} INFO - Sync 1 DAGs
[2024-01-04T02:17:17.009+0000] {logging_mixin.py:188} INFO - [2024-01-04T02:17:17.009+0000] {dag.py:3820} INFO - Setting next_dagrun for example_kubernetes_executor to None, run_after=None
[2024-01-04T02:17:17.023+0000] {processor.py:183} INFO - Processing /home/airflow/.local/lib/python3.8/site-packages/airflow/example_dags/example_kubernetes_executor.py took 0.068 seconds
[2024-01-04T02:17:47.074+0000] {processor.py:161} INFO - Started process (PID=374) to work on /home/airflow/.local/lib/python3.8/site-packages/airflow/example_dags/example_kubernetes_executor.py
[2024-01-04T02:17:47.075+0000] {processor.py:830} INFO - Processing file /home/airflow/.local/lib/python3.8/site-packages/airflow/example_dags/example_kubernetes_executor.py for tasks to queue
[2024-01-04T02:17:47.077+0000] {logging_mixin.py:188} INFO - [2024-01-04T02:17:47.077+0000] {dagbag.py:538} INFO - Filling up the DagBag from /home/airflow/.local/lib/python3.8/site-packages/airflow/example_dags/example_kubernetes_executor.py
[2024-01-04T02:17:47.086+0000] {processor.py:840} INFO - DAG(s) 'example_kubernetes_executor' retrieved from /home/airflow/.local/lib/python3.8/site-packages/airflow/example_dags/example_kubernetes_executor.py
[2024-01-04T02:17:47.115+0000] {logging_mixin.py:188} INFO - [2024-01-04T02:17:47.115+0000] {dag.py:3033} INFO - Sync 1 DAGs
[2024-01-04T02:17:47.124+0000] {logging_mixin.py:188} INFO - [2024-01-04T02:17:47.124+0000] {dag.py:3820} INFO - Setting next_dagrun for example_kubernetes_executor to None, run_after=None
[2024-01-04T02:17:47.140+0000] {processor.py:183} INFO - Processing /home/airflow/.local/lib/python3.8/site-packages/airflow/example_dags/example_kubernetes_executor.py took 0.068 seconds
[2024-01-04T02:18:17.346+0000] {processor.py:161} INFO - Started process (PID=429) to work on /home/airflow/.local/lib/python3.8/site-packages/airflow/example_dags/example_kubernetes_executor.py
[2024-01-04T02:18:17.347+0000] {processor.py:830} INFO - Processing file /home/airflow/.local/lib/python3.8/site-packages/airflow/example_dags/example_kubernetes_executor.py for tasks to queue
[2024-01-04T02:18:17.349+0000] {logging_mixin.py:188} INFO - [2024-01-04T02:18:17.349+0000] {dagbag.py:538} INFO - Filling up the DagBag from /home/airflow/.local/lib/python3.8/site-packages/airflow/example_dags/example_kubernetes_executor.py
[2024-01-04T02:18:17.358+0000] {processor.py:840} INFO - DAG(s) 'example_kubernetes_executor' retrieved from /home/airflow/.local/lib/python3.8/site-packages/airflow/example_dags/example_kubernetes_executor.py
[2024-01-04T02:18:17.387+0000] {logging_mixin.py:188} INFO - [2024-01-04T02:18:17.387+0000] {dag.py:3033} INFO - Sync 1 DAGs
[2024-01-04T02:18:17.396+0000] {logging_mixin.py:188} INFO - [2024-01-04T02:18:17.396+0000] {dag.py:3820} INFO - Setting next_dagrun for example_kubernetes_executor to None, run_after=None
[2024-01-04T02:18:17.411+0000] {processor.py:183} INFO - Processing /home/airflow/.local/lib/python3.8/site-packages/airflow/example_dags/example_kubernetes_executor.py took 0.067 seconds
[2024-01-04T02:18:47.446+0000] {processor.py:161} INFO - Started process (PID=484) to work on /home/airflow/.local/lib/python3.8/site-packages/airflow/example_dags/example_kubernetes_executor.py
[2024-01-04T02:18:47.447+0000] {processor.py:830} INFO - Processing file /home/airflow/.local/lib/python3.8/site-packages/airflow/example_dags/example_kubernetes_executor.py for tasks to queue
[2024-01-04T02:18:47.448+0000] {logging_mixin.py:188} INFO - [2024-01-04T02:18:47.448+0000] {dagbag.py:538} INFO - Filling up the DagBag from /home/airflow/.local/lib/python3.8/site-packages/airflow/example_dags/example_kubernetes_executor.py
[2024-01-04T02:18:47.460+0000] {processor.py:840} INFO - DAG(s) 'example_kubernetes_executor' retrieved from /home/airflow/.local/lib/python3.8/site-packages/airflow/example_dags/example_kubernetes_executor.py
[2024-01-04T02:18:47.495+0000] {logging_mixin.py:188} INFO - [2024-01-04T02:18:47.495+0000] {dag.py:3033} INFO - Sync 1 DAGs
[2024-01-04T02:18:47.506+0000] {logging_mixin.py:188} INFO - [2024-01-04T02:18:47.506+0000] {dag.py:3820} INFO - Setting next_dagrun for example_kubernetes_executor to None, run_after=None
[2024-01-04T02:18:47.525+0000] {processor.py:183} INFO - Processing /home/airflow/.local/lib/python3.8/site-packages/airflow/example_dags/example_kubernetes_executor.py took 0.081 seconds
[2024-01-04T02:19:17.621+0000] {processor.py:161} INFO - Started process (PID=539) to work on /home/airflow/.local/lib/python3.8/site-packages/airflow/example_dags/example_kubernetes_executor.py
[2024-01-04T02:19:17.622+0000] {processor.py:830} INFO - Processing file /home/airflow/.local/lib/python3.8/site-packages/airflow/example_dags/example_kubernetes_executor.py for tasks to queue
[2024-01-04T02:19:17.623+0000] {logging_mixin.py:188} INFO - [2024-01-04T02:19:17.623+0000] {dagbag.py:538} INFO - Filling up the DagBag from /home/airflow/.local/lib/python3.8/site-packages/airflow/example_dags/example_kubernetes_executor.py
[2024-01-04T02:19:17.632+0000] {processor.py:840} INFO - DAG(s) 'example_kubernetes_executor' retrieved from /home/airflow/.local/lib/python3.8/site-packages/airflow/example_dags/example_kubernetes_executor.py
[2024-01-04T02:19:17.663+0000] {logging_mixin.py:188} INFO - [2024-01-04T02:19:17.663+0000] {dag.py:3033} INFO - Sync 1 DAGs
[2024-01-04T02:19:17.671+0000] {logging_mixin.py:188} INFO - [2024-01-04T02:19:17.671+0000] {dag.py:3820} INFO - Setting next_dagrun for example_kubernetes_executor to None, run_after=None
[2024-01-04T02:19:17.690+0000] {processor.py:183} INFO - Processing /home/airflow/.local/lib/python3.8/site-packages/airflow/example_dags/example_kubernetes_executor.py took 0.072 seconds
[2024-01-04T02:19:47.761+0000] {processor.py:161} INFO - Started process (PID=594) to work on /home/airflow/.local/lib/python3.8/site-packages/airflow/example_dags/example_kubernetes_executor.py
[2024-01-04T02:19:47.761+0000] {processor.py:830} INFO - Processing file /home/airflow/.local/lib/python3.8/site-packages/airflow/example_dags/example_kubernetes_executor.py for tasks to queue
[2024-01-04T02:19:47.763+0000] {logging_mixin.py:188} INFO - [2024-01-04T02:19:47.763+0000] {dagbag.py:538} INFO - Filling up the DagBag from /home/airflow/.local/lib/python3.8/site-packages/airflow/example_dags/example_kubernetes_executor.py
[2024-01-04T02:19:47.773+0000] {processor.py:840} INFO - DAG(s) 'example_kubernetes_executor' retrieved from /home/airflow/.local/lib/python3.8/site-packages/airflow/example_dags/example_kubernetes_executor.py
[2024-01-04T02:19:47.801+0000] {logging_mixin.py:188} INFO - [2024-01-04T02:19:47.801+0000] {dag.py:3033} INFO - Sync 1 DAGs
[2024-01-04T02:19:47.810+0000] {logging_mixin.py:188} INFO - [2024-01-04T02:19:47.810+0000] {dag.py:3820} INFO - Setting next_dagrun for example_kubernetes_executor to None, run_after=None
[2024-01-04T02:19:47.825+0000] {processor.py:183} INFO - Processing /home/airflow/.local/lib/python3.8/site-packages/airflow/example_dags/example_kubernetes_executor.py took 0.067 seconds
[2024-01-04T02:20:17.997+0000] {processor.py:161} INFO - Started process (PID=649) to work on /home/airflow/.local/lib/python3.8/site-packages/airflow/example_dags/example_kubernetes_executor.py
[2024-01-04T02:20:17.998+0000] {processor.py:830} INFO - Processing file /home/airflow/.local/lib/python3.8/site-packages/airflow/example_dags/example_kubernetes_executor.py for tasks to queue
[2024-01-04T02:20:18.000+0000] {logging_mixin.py:188} INFO - [2024-01-04T02:20:17.999+0000] {dagbag.py:538} INFO - Filling up the DagBag from /home/airflow/.local/lib/python3.8/site-packages/airflow/example_dags/example_kubernetes_executor.py
[2024-01-04T02:20:18.009+0000] {processor.py:840} INFO - DAG(s) 'example_kubernetes_executor' retrieved from /home/airflow/.local/lib/python3.8/site-packages/airflow/example_dags/example_kubernetes_executor.py
[2024-01-04T02:20:18.037+0000] {logging_mixin.py:188} INFO - [2024-01-04T02:20:18.037+0000] {dag.py:3033} INFO - Sync 1 DAGs
[2024-01-04T02:20:18.048+0000] {logging_mixin.py:188} INFO - [2024-01-04T02:20:18.048+0000] {dag.py:3820} INFO - Setting next_dagrun for example_kubernetes_executor to None, run_after=None
[2024-01-04T02:20:18.063+0000] {processor.py:183} INFO - Processing /home/airflow/.local/lib/python3.8/site-packages/airflow/example_dags/example_kubernetes_executor.py took 0.068 seconds
[2024-01-04T02:20:48.256+0000] {processor.py:161} INFO - Started process (PID=704) to work on /home/airflow/.local/lib/python3.8/site-packages/airflow/example_dags/example_kubernetes_executor.py
[2024-01-04T02:20:48.257+0000] {processor.py:830} INFO - Processing file /home/airflow/.local/lib/python3.8/site-packages/airflow/example_dags/example_kubernetes_executor.py for tasks to queue
[2024-01-04T02:20:48.259+0000] {logging_mixin.py:188} INFO - [2024-01-04T02:20:48.259+0000] {dagbag.py:538} INFO - Filling up the DagBag from /home/airflow/.local/lib/python3.8/site-packages/airflow/example_dags/example_kubernetes_executor.py
[2024-01-04T02:20:48.270+0000] {processor.py:840} INFO - DAG(s) 'example_kubernetes_executor' retrieved from /home/airflow/.local/lib/python3.8/site-packages/airflow/example_dags/example_kubernetes_executor.py
[2024-01-04T02:20:48.300+0000] {logging_mixin.py:188} INFO - [2024-01-04T02:20:48.299+0000] {dag.py:3033} INFO - Sync 1 DAGs
[2024-01-04T02:20:48.312+0000] {logging_mixin.py:188} INFO - [2024-01-04T02:20:48.312+0000] {dag.py:3820} INFO - Setting next_dagrun for example_kubernetes_executor to None, run_after=None
[2024-01-04T02:20:48.325+0000] {processor.py:183} INFO - Processing /home/airflow/.local/lib/python3.8/site-packages/airflow/example_dags/example_kubernetes_executor.py took 0.072 seconds
[2024-01-04T02:21:18.547+0000] {processor.py:161} INFO - Started process (PID=759) to work on /home/airflow/.local/lib/python3.8/site-packages/airflow/example_dags/example_kubernetes_executor.py
[2024-01-04T02:21:18.548+0000] {processor.py:830} INFO - Processing file /home/airflow/.local/lib/python3.8/site-packages/airflow/example_dags/example_kubernetes_executor.py for tasks to queue
[2024-01-04T02:21:18.550+0000] {logging_mixin.py:188} INFO - [2024-01-04T02:21:18.549+0000] {dagbag.py:538} INFO - Filling up the DagBag from /home/airflow/.local/lib/python3.8/site-packages/airflow/example_dags/example_kubernetes_executor.py
[2024-01-04T02:21:18.559+0000] {processor.py:840} INFO - DAG(s) 'example_kubernetes_executor' retrieved from /home/airflow/.local/lib/python3.8/site-packages/airflow/example_dags/example_kubernetes_executor.py
[2024-01-04T02:21:18.587+0000] {logging_mixin.py:188} INFO - [2024-01-04T02:21:18.586+0000] {dag.py:3033} INFO - Sync 1 DAGs
[2024-01-04T02:21:18.596+0000] {logging_mixin.py:188} INFO - [2024-01-04T02:21:18.596+0000] {dag.py:3820} INFO - Setting next_dagrun for example_kubernetes_executor to None, run_after=None
[2024-01-04T02:21:18.611+0000] {processor.py:183} INFO - Processing /home/airflow/.local/lib/python3.8/site-packages/airflow/example_dags/example_kubernetes_executor.py took 0.066 seconds
[2024-01-04T02:21:48.740+0000] {processor.py:161} INFO - Started process (PID=815) to work on /home/airflow/.local/lib/python3.8/site-packages/airflow/example_dags/example_kubernetes_executor.py
[2024-01-04T02:21:48.741+0000] {processor.py:830} INFO - Processing file /home/airflow/.local/lib/python3.8/site-packages/airflow/example_dags/example_kubernetes_executor.py for tasks to queue
[2024-01-04T02:21:48.743+0000] {logging_mixin.py:188} INFO - [2024-01-04T02:21:48.742+0000] {dagbag.py:538} INFO - Filling up the DagBag from /home/airflow/.local/lib/python3.8/site-packages/airflow/example_dags/example_kubernetes_executor.py
[2024-01-04T02:21:48.753+0000] {processor.py:840} INFO - DAG(s) 'example_kubernetes_executor' retrieved from /home/airflow/.local/lib/python3.8/site-packages/airflow/example_dags/example_kubernetes_executor.py
[2024-01-04T02:21:48.781+0000] {logging_mixin.py:188} INFO - [2024-01-04T02:21:48.781+0000] {dag.py:3033} INFO - Sync 1 DAGs
[2024-01-04T02:21:48.791+0000] {logging_mixin.py:188} INFO - [2024-01-04T02:21:48.791+0000] {dag.py:3820} INFO - Setting next_dagrun for example_kubernetes_executor to None, run_after=None
[2024-01-04T02:21:48.805+0000] {processor.py:183} INFO - Processing /home/airflow/.local/lib/python3.8/site-packages/airflow/example_dags/example_kubernetes_executor.py took 0.067 seconds
[2024-01-04T02:22:19.028+0000] {processor.py:161} INFO - Started process (PID=870) to work on /home/airflow/.local/lib/python3.8/site-packages/airflow/example_dags/example_kubernetes_executor.py
[2024-01-04T02:22:19.029+0000] {processor.py:830} INFO - Processing file /home/airflow/.local/lib/python3.8/site-packages/airflow/example_dags/example_kubernetes_executor.py for tasks to queue
[2024-01-04T02:22:19.031+0000] {logging_mixin.py:188} INFO - [2024-01-04T02:22:19.030+0000] {dagbag.py:538} INFO - Filling up the DagBag from /home/airflow/.local/lib/python3.8/site-packages/airflow/example_dags/example_kubernetes_executor.py
[2024-01-04T02:22:19.040+0000] {processor.py:840} INFO - DAG(s) 'example_kubernetes_executor' retrieved from /home/airflow/.local/lib/python3.8/site-packages/airflow/example_dags/example_kubernetes_executor.py
[2024-01-04T02:22:19.067+0000] {logging_mixin.py:188} INFO - [2024-01-04T02:22:19.067+0000] {dag.py:3033} INFO - Sync 1 DAGs
[2024-01-04T02:22:19.075+0000] {logging_mixin.py:188} INFO - [2024-01-04T02:22:19.075+0000] {dag.py:3820} INFO - Setting next_dagrun for example_kubernetes_executor to None, run_after=None
[2024-01-04T02:22:19.091+0000] {processor.py:183} INFO - Processing /home/airflow/.local/lib/python3.8/site-packages/airflow/example_dags/example_kubernetes_executor.py took 0.066 seconds
