[2024-01-04T02:14:50.211+0000] {processor.py:161} INFO - Started process (PID=82) to work on /home/airflow/.local/lib/python3.8/site-packages/airflow/example_dags/tutorial_taskflow_api.py
[2024-01-04T02:14:50.212+0000] {processor.py:830} INFO - Processing file /home/airflow/.local/lib/python3.8/site-packages/airflow/example_dags/tutorial_taskflow_api.py for tasks to queue
[2024-01-04T02:14:50.215+0000] {logging_mixin.py:188} INFO - [2024-01-04T02:14:50.215+0000] {dagbag.py:538} INFO - Filling up the DagBag from /home/airflow/.local/lib/python3.8/site-packages/airflow/example_dags/tutorial_taskflow_api.py
[2024-01-04T02:14:50.225+0000] {processor.py:840} INFO - DAG(s) 'tutorial_taskflow_api' retrieved from /home/airflow/.local/lib/python3.8/site-packages/airflow/example_dags/tutorial_taskflow_api.py
[2024-01-04T02:14:50.365+0000] {logging_mixin.py:188} INFO - [2024-01-04T02:14:50.364+0000] {override.py:1769} INFO - Created Permission View: can edit on DAG:tutorial_taskflow_api
[2024-01-04T02:14:50.381+0000] {logging_mixin.py:188} INFO - [2024-01-04T02:14:50.380+0000] {override.py:1769} INFO - Created Permission View: can read on DAG:tutorial_taskflow_api
[2024-01-04T02:14:50.392+0000] {logging_mixin.py:188} INFO - [2024-01-04T02:14:50.392+0000] {override.py:1769} INFO - Created Permission View: can delete on DAG:tutorial_taskflow_api
[2024-01-04T02:14:50.394+0000] {logging_mixin.py:188} INFO - [2024-01-04T02:14:50.394+0000] {dag.py:3033} INFO - Sync 1 DAGs
[2024-01-04T02:14:50.417+0000] {logging_mixin.py:188} INFO - [2024-01-04T02:14:50.416+0000] {dag.py:3055} INFO - Creating ORM DAG for tutorial_taskflow_api
[2024-01-04T02:14:50.419+0000] {logging_mixin.py:188} INFO - [2024-01-04T02:14:50.418+0000] {dag.py:3820} INFO - Setting next_dagrun for tutorial_taskflow_api to None, run_after=None
[2024-01-04T02:14:50.445+0000] {processor.py:183} INFO - Processing /home/airflow/.local/lib/python3.8/site-packages/airflow/example_dags/tutorial_taskflow_api.py took 0.239 seconds
[2024-01-04T02:15:21.552+0000] {processor.py:161} INFO - Started process (PID=137) to work on /home/airflow/.local/lib/python3.8/site-packages/airflow/example_dags/tutorial_taskflow_api.py
[2024-01-04T02:15:21.554+0000] {processor.py:830} INFO - Processing file /home/airflow/.local/lib/python3.8/site-packages/airflow/example_dags/tutorial_taskflow_api.py for tasks to queue
[2024-01-04T02:15:21.557+0000] {logging_mixin.py:188} INFO - [2024-01-04T02:15:21.557+0000] {dagbag.py:538} INFO - Filling up the DagBag from /home/airflow/.local/lib/python3.8/site-packages/airflow/example_dags/tutorial_taskflow_api.py
[2024-01-04T02:15:21.567+0000] {processor.py:840} INFO - DAG(s) 'tutorial_taskflow_api' retrieved from /home/airflow/.local/lib/python3.8/site-packages/airflow/example_dags/tutorial_taskflow_api.py
[2024-01-04T02:15:21.586+0000] {logging_mixin.py:188} INFO - [2024-01-04T02:15:21.586+0000] {dag.py:3033} INFO - Sync 1 DAGs
[2024-01-04T02:15:21.600+0000] {logging_mixin.py:188} INFO - [2024-01-04T02:15:21.600+0000] {dag.py:3820} INFO - Setting next_dagrun for tutorial_taskflow_api to None, run_after=None
[2024-01-04T02:15:21.622+0000] {processor.py:183} INFO - Processing /home/airflow/.local/lib/python3.8/site-packages/airflow/example_dags/tutorial_taskflow_api.py took 0.075 seconds
[2024-01-04T02:15:51.796+0000] {processor.py:161} INFO - Started process (PID=192) to work on /home/airflow/.local/lib/python3.8/site-packages/airflow/example_dags/tutorial_taskflow_api.py
[2024-01-04T02:15:51.796+0000] {processor.py:830} INFO - Processing file /home/airflow/.local/lib/python3.8/site-packages/airflow/example_dags/tutorial_taskflow_api.py for tasks to queue
[2024-01-04T02:15:51.798+0000] {logging_mixin.py:188} INFO - [2024-01-04T02:15:51.798+0000] {dagbag.py:538} INFO - Filling up the DagBag from /home/airflow/.local/lib/python3.8/site-packages/airflow/example_dags/tutorial_taskflow_api.py
[2024-01-04T02:15:51.802+0000] {processor.py:840} INFO - DAG(s) 'tutorial_taskflow_api' retrieved from /home/airflow/.local/lib/python3.8/site-packages/airflow/example_dags/tutorial_taskflow_api.py
[2024-01-04T02:15:51.818+0000] {logging_mixin.py:188} INFO - [2024-01-04T02:15:51.818+0000] {dag.py:3033} INFO - Sync 1 DAGs
[2024-01-04T02:15:51.827+0000] {logging_mixin.py:188} INFO - [2024-01-04T02:15:51.827+0000] {dag.py:3820} INFO - Setting next_dagrun for tutorial_taskflow_api to None, run_after=None
[2024-01-04T02:15:51.842+0000] {processor.py:183} INFO - Processing /home/airflow/.local/lib/python3.8/site-packages/airflow/example_dags/tutorial_taskflow_api.py took 0.048 seconds
[2024-01-04T02:16:22.059+0000] {processor.py:161} INFO - Started process (PID=247) to work on /home/airflow/.local/lib/python3.8/site-packages/airflow/example_dags/tutorial_taskflow_api.py
[2024-01-04T02:16:22.060+0000] {processor.py:830} INFO - Processing file /home/airflow/.local/lib/python3.8/site-packages/airflow/example_dags/tutorial_taskflow_api.py for tasks to queue
[2024-01-04T02:16:22.062+0000] {logging_mixin.py:188} INFO - [2024-01-04T02:16:22.062+0000] {dagbag.py:538} INFO - Filling up the DagBag from /home/airflow/.local/lib/python3.8/site-packages/airflow/example_dags/tutorial_taskflow_api.py
[2024-01-04T02:16:22.067+0000] {processor.py:840} INFO - DAG(s) 'tutorial_taskflow_api' retrieved from /home/airflow/.local/lib/python3.8/site-packages/airflow/example_dags/tutorial_taskflow_api.py
[2024-01-04T02:16:22.081+0000] {logging_mixin.py:188} INFO - [2024-01-04T02:16:22.081+0000] {dag.py:3033} INFO - Sync 1 DAGs
[2024-01-04T02:16:22.091+0000] {logging_mixin.py:188} INFO - [2024-01-04T02:16:22.091+0000] {dag.py:3820} INFO - Setting next_dagrun for tutorial_taskflow_api to None, run_after=None
[2024-01-04T02:16:22.108+0000] {processor.py:183} INFO - Processing /home/airflow/.local/lib/python3.8/site-packages/airflow/example_dags/tutorial_taskflow_api.py took 0.051 seconds
[2024-01-04T02:16:52.517+0000] {processor.py:161} INFO - Started process (PID=302) to work on /home/airflow/.local/lib/python3.8/site-packages/airflow/example_dags/tutorial_taskflow_api.py
[2024-01-04T02:16:52.518+0000] {processor.py:830} INFO - Processing file /home/airflow/.local/lib/python3.8/site-packages/airflow/example_dags/tutorial_taskflow_api.py for tasks to queue
[2024-01-04T02:16:52.520+0000] {logging_mixin.py:188} INFO - [2024-01-04T02:16:52.520+0000] {dagbag.py:538} INFO - Filling up the DagBag from /home/airflow/.local/lib/python3.8/site-packages/airflow/example_dags/tutorial_taskflow_api.py
[2024-01-04T02:16:52.524+0000] {processor.py:840} INFO - DAG(s) 'tutorial_taskflow_api' retrieved from /home/airflow/.local/lib/python3.8/site-packages/airflow/example_dags/tutorial_taskflow_api.py
[2024-01-04T02:16:52.540+0000] {logging_mixin.py:188} INFO - [2024-01-04T02:16:52.540+0000] {dag.py:3033} INFO - Sync 1 DAGs
[2024-01-04T02:16:52.549+0000] {logging_mixin.py:188} INFO - [2024-01-04T02:16:52.549+0000] {dag.py:3820} INFO - Setting next_dagrun for tutorial_taskflow_api to None, run_after=None
[2024-01-04T02:16:52.565+0000] {processor.py:183} INFO - Processing /home/airflow/.local/lib/python3.8/site-packages/airflow/example_dags/tutorial_taskflow_api.py took 0.050 seconds
[2024-01-04T02:17:22.662+0000] {processor.py:161} INFO - Started process (PID=357) to work on /home/airflow/.local/lib/python3.8/site-packages/airflow/example_dags/tutorial_taskflow_api.py
[2024-01-04T02:17:22.663+0000] {processor.py:830} INFO - Processing file /home/airflow/.local/lib/python3.8/site-packages/airflow/example_dags/tutorial_taskflow_api.py for tasks to queue
[2024-01-04T02:17:22.665+0000] {logging_mixin.py:188} INFO - [2024-01-04T02:17:22.665+0000] {dagbag.py:538} INFO - Filling up the DagBag from /home/airflow/.local/lib/python3.8/site-packages/airflow/example_dags/tutorial_taskflow_api.py
[2024-01-04T02:17:22.669+0000] {processor.py:840} INFO - DAG(s) 'tutorial_taskflow_api' retrieved from /home/airflow/.local/lib/python3.8/site-packages/airflow/example_dags/tutorial_taskflow_api.py
[2024-01-04T02:17:22.688+0000] {logging_mixin.py:188} INFO - [2024-01-04T02:17:22.687+0000] {dag.py:3033} INFO - Sync 1 DAGs
[2024-01-04T02:17:22.698+0000] {logging_mixin.py:188} INFO - [2024-01-04T02:17:22.698+0000] {dag.py:3820} INFO - Setting next_dagrun for tutorial_taskflow_api to None, run_after=None
[2024-01-04T02:17:22.713+0000] {processor.py:183} INFO - Processing /home/airflow/.local/lib/python3.8/site-packages/airflow/example_dags/tutorial_taskflow_api.py took 0.053 seconds
[2024-01-04T02:17:53.681+0000] {processor.py:161} INFO - Started process (PID=412) to work on /home/airflow/.local/lib/python3.8/site-packages/airflow/example_dags/tutorial_taskflow_api.py
[2024-01-04T02:17:53.682+0000] {processor.py:830} INFO - Processing file /home/airflow/.local/lib/python3.8/site-packages/airflow/example_dags/tutorial_taskflow_api.py for tasks to queue
[2024-01-04T02:17:53.684+0000] {logging_mixin.py:188} INFO - [2024-01-04T02:17:53.684+0000] {dagbag.py:538} INFO - Filling up the DagBag from /home/airflow/.local/lib/python3.8/site-packages/airflow/example_dags/tutorial_taskflow_api.py
[2024-01-04T02:17:53.688+0000] {processor.py:840} INFO - DAG(s) 'tutorial_taskflow_api' retrieved from /home/airflow/.local/lib/python3.8/site-packages/airflow/example_dags/tutorial_taskflow_api.py
[2024-01-04T02:17:53.703+0000] {logging_mixin.py:188} INFO - [2024-01-04T02:17:53.703+0000] {dag.py:3033} INFO - Sync 1 DAGs
[2024-01-04T02:17:53.712+0000] {logging_mixin.py:188} INFO - [2024-01-04T02:17:53.711+0000] {dag.py:3820} INFO - Setting next_dagrun for tutorial_taskflow_api to None, run_after=None
[2024-01-04T02:17:53.726+0000] {processor.py:183} INFO - Processing /home/airflow/.local/lib/python3.8/site-packages/airflow/example_dags/tutorial_taskflow_api.py took 0.047 seconds
[2024-01-04T02:18:24.031+0000] {processor.py:161} INFO - Started process (PID=467) to work on /home/airflow/.local/lib/python3.8/site-packages/airflow/example_dags/tutorial_taskflow_api.py
[2024-01-04T02:18:24.032+0000] {processor.py:830} INFO - Processing file /home/airflow/.local/lib/python3.8/site-packages/airflow/example_dags/tutorial_taskflow_api.py for tasks to queue
[2024-01-04T02:18:24.034+0000] {logging_mixin.py:188} INFO - [2024-01-04T02:18:24.034+0000] {dagbag.py:538} INFO - Filling up the DagBag from /home/airflow/.local/lib/python3.8/site-packages/airflow/example_dags/tutorial_taskflow_api.py
[2024-01-04T02:18:24.038+0000] {processor.py:840} INFO - DAG(s) 'tutorial_taskflow_api' retrieved from /home/airflow/.local/lib/python3.8/site-packages/airflow/example_dags/tutorial_taskflow_api.py
[2024-01-04T02:18:24.053+0000] {logging_mixin.py:188} INFO - [2024-01-04T02:18:24.053+0000] {dag.py:3033} INFO - Sync 1 DAGs
[2024-01-04T02:18:24.062+0000] {logging_mixin.py:188} INFO - [2024-01-04T02:18:24.062+0000] {dag.py:3820} INFO - Setting next_dagrun for tutorial_taskflow_api to None, run_after=None
[2024-01-04T02:18:24.077+0000] {processor.py:183} INFO - Processing /home/airflow/.local/lib/python3.8/site-packages/airflow/example_dags/tutorial_taskflow_api.py took 0.048 seconds
[2024-01-04T02:18:54.141+0000] {processor.py:161} INFO - Started process (PID=522) to work on /home/airflow/.local/lib/python3.8/site-packages/airflow/example_dags/tutorial_taskflow_api.py
[2024-01-04T02:18:54.142+0000] {processor.py:830} INFO - Processing file /home/airflow/.local/lib/python3.8/site-packages/airflow/example_dags/tutorial_taskflow_api.py for tasks to queue
[2024-01-04T02:18:54.144+0000] {logging_mixin.py:188} INFO - [2024-01-04T02:18:54.143+0000] {dagbag.py:538} INFO - Filling up the DagBag from /home/airflow/.local/lib/python3.8/site-packages/airflow/example_dags/tutorial_taskflow_api.py
[2024-01-04T02:18:54.148+0000] {processor.py:840} INFO - DAG(s) 'tutorial_taskflow_api' retrieved from /home/airflow/.local/lib/python3.8/site-packages/airflow/example_dags/tutorial_taskflow_api.py
[2024-01-04T02:18:54.163+0000] {logging_mixin.py:188} INFO - [2024-01-04T02:18:54.162+0000] {dag.py:3033} INFO - Sync 1 DAGs
[2024-01-04T02:18:54.171+0000] {logging_mixin.py:188} INFO - [2024-01-04T02:18:54.171+0000] {dag.py:3820} INFO - Setting next_dagrun for tutorial_taskflow_api to None, run_after=None
[2024-01-04T02:18:54.186+0000] {processor.py:183} INFO - Processing /home/airflow/.local/lib/python3.8/site-packages/airflow/example_dags/tutorial_taskflow_api.py took 0.047 seconds
[2024-01-04T02:19:24.311+0000] {processor.py:161} INFO - Started process (PID=577) to work on /home/airflow/.local/lib/python3.8/site-packages/airflow/example_dags/tutorial_taskflow_api.py
[2024-01-04T02:19:24.312+0000] {processor.py:830} INFO - Processing file /home/airflow/.local/lib/python3.8/site-packages/airflow/example_dags/tutorial_taskflow_api.py for tasks to queue
[2024-01-04T02:19:24.314+0000] {logging_mixin.py:188} INFO - [2024-01-04T02:19:24.314+0000] {dagbag.py:538} INFO - Filling up the DagBag from /home/airflow/.local/lib/python3.8/site-packages/airflow/example_dags/tutorial_taskflow_api.py
[2024-01-04T02:19:24.319+0000] {processor.py:840} INFO - DAG(s) 'tutorial_taskflow_api' retrieved from /home/airflow/.local/lib/python3.8/site-packages/airflow/example_dags/tutorial_taskflow_api.py
[2024-01-04T02:19:24.333+0000] {logging_mixin.py:188} INFO - [2024-01-04T02:19:24.333+0000] {dag.py:3033} INFO - Sync 1 DAGs
[2024-01-04T02:19:24.342+0000] {logging_mixin.py:188} INFO - [2024-01-04T02:19:24.342+0000] {dag.py:3820} INFO - Setting next_dagrun for tutorial_taskflow_api to None, run_after=None
[2024-01-04T02:19:24.358+0000] {processor.py:183} INFO - Processing /home/airflow/.local/lib/python3.8/site-packages/airflow/example_dags/tutorial_taskflow_api.py took 0.049 seconds
[2024-01-04T02:19:54.531+0000] {processor.py:161} INFO - Started process (PID=632) to work on /home/airflow/.local/lib/python3.8/site-packages/airflow/example_dags/tutorial_taskflow_api.py
[2024-01-04T02:19:54.532+0000] {processor.py:830} INFO - Processing file /home/airflow/.local/lib/python3.8/site-packages/airflow/example_dags/tutorial_taskflow_api.py for tasks to queue
[2024-01-04T02:19:54.533+0000] {logging_mixin.py:188} INFO - [2024-01-04T02:19:54.533+0000] {dagbag.py:538} INFO - Filling up the DagBag from /home/airflow/.local/lib/python3.8/site-packages/airflow/example_dags/tutorial_taskflow_api.py
[2024-01-04T02:19:54.538+0000] {processor.py:840} INFO - DAG(s) 'tutorial_taskflow_api' retrieved from /home/airflow/.local/lib/python3.8/site-packages/airflow/example_dags/tutorial_taskflow_api.py
[2024-01-04T02:19:54.556+0000] {logging_mixin.py:188} INFO - [2024-01-04T02:19:54.555+0000] {dag.py:3033} INFO - Sync 1 DAGs
[2024-01-04T02:19:54.566+0000] {logging_mixin.py:188} INFO - [2024-01-04T02:19:54.566+0000] {dag.py:3820} INFO - Setting next_dagrun for tutorial_taskflow_api to None, run_after=None
[2024-01-04T02:19:54.580+0000] {processor.py:183} INFO - Processing /home/airflow/.local/lib/python3.8/site-packages/airflow/example_dags/tutorial_taskflow_api.py took 0.053 seconds
[2024-01-04T02:20:24.750+0000] {processor.py:161} INFO - Started process (PID=687) to work on /home/airflow/.local/lib/python3.8/site-packages/airflow/example_dags/tutorial_taskflow_api.py
[2024-01-04T02:20:24.751+0000] {processor.py:830} INFO - Processing file /home/airflow/.local/lib/python3.8/site-packages/airflow/example_dags/tutorial_taskflow_api.py for tasks to queue
[2024-01-04T02:20:24.753+0000] {logging_mixin.py:188} INFO - [2024-01-04T02:20:24.753+0000] {dagbag.py:538} INFO - Filling up the DagBag from /home/airflow/.local/lib/python3.8/site-packages/airflow/example_dags/tutorial_taskflow_api.py
[2024-01-04T02:20:24.757+0000] {processor.py:840} INFO - DAG(s) 'tutorial_taskflow_api' retrieved from /home/airflow/.local/lib/python3.8/site-packages/airflow/example_dags/tutorial_taskflow_api.py
[2024-01-04T02:20:24.774+0000] {logging_mixin.py:188} INFO - [2024-01-04T02:20:24.774+0000] {dag.py:3033} INFO - Sync 1 DAGs
[2024-01-04T02:20:24.783+0000] {logging_mixin.py:188} INFO - [2024-01-04T02:20:24.783+0000] {dag.py:3820} INFO - Setting next_dagrun for tutorial_taskflow_api to None, run_after=None
[2024-01-04T02:20:24.801+0000] {processor.py:183} INFO - Processing /home/airflow/.local/lib/python3.8/site-packages/airflow/example_dags/tutorial_taskflow_api.py took 0.054 seconds
[2024-01-04T02:20:55.079+0000] {processor.py:161} INFO - Started process (PID=742) to work on /home/airflow/.local/lib/python3.8/site-packages/airflow/example_dags/tutorial_taskflow_api.py
[2024-01-04T02:20:55.080+0000] {processor.py:830} INFO - Processing file /home/airflow/.local/lib/python3.8/site-packages/airflow/example_dags/tutorial_taskflow_api.py for tasks to queue
[2024-01-04T02:20:55.082+0000] {logging_mixin.py:188} INFO - [2024-01-04T02:20:55.082+0000] {dagbag.py:538} INFO - Filling up the DagBag from /home/airflow/.local/lib/python3.8/site-packages/airflow/example_dags/tutorial_taskflow_api.py
[2024-01-04T02:20:55.087+0000] {processor.py:840} INFO - DAG(s) 'tutorial_taskflow_api' retrieved from /home/airflow/.local/lib/python3.8/site-packages/airflow/example_dags/tutorial_taskflow_api.py
[2024-01-04T02:20:55.102+0000] {logging_mixin.py:188} INFO - [2024-01-04T02:20:55.102+0000] {dag.py:3033} INFO - Sync 1 DAGs
[2024-01-04T02:20:55.112+0000] {logging_mixin.py:188} INFO - [2024-01-04T02:20:55.111+0000] {dag.py:3820} INFO - Setting next_dagrun for tutorial_taskflow_api to None, run_after=None
[2024-01-04T02:20:55.126+0000] {processor.py:183} INFO - Processing /home/airflow/.local/lib/python3.8/site-packages/airflow/example_dags/tutorial_taskflow_api.py took 0.049 seconds
[2024-01-04T02:21:25.319+0000] {processor.py:161} INFO - Started process (PID=797) to work on /home/airflow/.local/lib/python3.8/site-packages/airflow/example_dags/tutorial_taskflow_api.py
[2024-01-04T02:21:25.319+0000] {processor.py:830} INFO - Processing file /home/airflow/.local/lib/python3.8/site-packages/airflow/example_dags/tutorial_taskflow_api.py for tasks to queue
[2024-01-04T02:21:25.321+0000] {logging_mixin.py:188} INFO - [2024-01-04T02:21:25.321+0000] {dagbag.py:538} INFO - Filling up the DagBag from /home/airflow/.local/lib/python3.8/site-packages/airflow/example_dags/tutorial_taskflow_api.py
[2024-01-04T02:21:25.325+0000] {processor.py:840} INFO - DAG(s) 'tutorial_taskflow_api' retrieved from /home/airflow/.local/lib/python3.8/site-packages/airflow/example_dags/tutorial_taskflow_api.py
[2024-01-04T02:21:25.341+0000] {logging_mixin.py:188} INFO - [2024-01-04T02:21:25.341+0000] {dag.py:3033} INFO - Sync 1 DAGs
[2024-01-04T02:21:25.350+0000] {logging_mixin.py:188} INFO - [2024-01-04T02:21:25.350+0000] {dag.py:3820} INFO - Setting next_dagrun for tutorial_taskflow_api to None, run_after=None
[2024-01-04T02:21:25.366+0000] {processor.py:183} INFO - Processing /home/airflow/.local/lib/python3.8/site-packages/airflow/example_dags/tutorial_taskflow_api.py took 0.049 seconds
[2024-01-04T02:21:55.574+0000] {processor.py:161} INFO - Started process (PID=853) to work on /home/airflow/.local/lib/python3.8/site-packages/airflow/example_dags/tutorial_taskflow_api.py
[2024-01-04T02:21:55.575+0000] {processor.py:830} INFO - Processing file /home/airflow/.local/lib/python3.8/site-packages/airflow/example_dags/tutorial_taskflow_api.py for tasks to queue
[2024-01-04T02:21:55.576+0000] {logging_mixin.py:188} INFO - [2024-01-04T02:21:55.576+0000] {dagbag.py:538} INFO - Filling up the DagBag from /home/airflow/.local/lib/python3.8/site-packages/airflow/example_dags/tutorial_taskflow_api.py
[2024-01-04T02:21:55.582+0000] {processor.py:840} INFO - DAG(s) 'tutorial_taskflow_api' retrieved from /home/airflow/.local/lib/python3.8/site-packages/airflow/example_dags/tutorial_taskflow_api.py
[2024-01-04T02:21:55.600+0000] {logging_mixin.py:188} INFO - [2024-01-04T02:21:55.600+0000] {dag.py:3033} INFO - Sync 1 DAGs
[2024-01-04T02:21:55.610+0000] {logging_mixin.py:188} INFO - [2024-01-04T02:21:55.610+0000] {dag.py:3820} INFO - Setting next_dagrun for tutorial_taskflow_api to None, run_after=None
[2024-01-04T02:21:55.626+0000] {processor.py:183} INFO - Processing /home/airflow/.local/lib/python3.8/site-packages/airflow/example_dags/tutorial_taskflow_api.py took 0.055 seconds
[2024-01-04T02:22:25.832+0000] {processor.py:161} INFO - Started process (PID=908) to work on /home/airflow/.local/lib/python3.8/site-packages/airflow/example_dags/tutorial_taskflow_api.py
[2024-01-04T02:22:25.833+0000] {processor.py:830} INFO - Processing file /home/airflow/.local/lib/python3.8/site-packages/airflow/example_dags/tutorial_taskflow_api.py for tasks to queue
[2024-01-04T02:22:25.834+0000] {logging_mixin.py:188} INFO - [2024-01-04T02:22:25.834+0000] {dagbag.py:538} INFO - Filling up the DagBag from /home/airflow/.local/lib/python3.8/site-packages/airflow/example_dags/tutorial_taskflow_api.py
[2024-01-04T02:22:25.839+0000] {processor.py:840} INFO - DAG(s) 'tutorial_taskflow_api' retrieved from /home/airflow/.local/lib/python3.8/site-packages/airflow/example_dags/tutorial_taskflow_api.py
[2024-01-04T02:22:25.855+0000] {logging_mixin.py:188} INFO - [2024-01-04T02:22:25.855+0000] {dag.py:3033} INFO - Sync 1 DAGs
[2024-01-04T02:22:25.864+0000] {logging_mixin.py:188} INFO - [2024-01-04T02:22:25.863+0000] {dag.py:3820} INFO - Setting next_dagrun for tutorial_taskflow_api to None, run_after=None
[2024-01-04T02:22:25.880+0000] {processor.py:183} INFO - Processing /home/airflow/.local/lib/python3.8/site-packages/airflow/example_dags/tutorial_taskflow_api.py took 0.051 seconds
