[2024-01-04T02:14:47.306+0000] {processor.py:161} INFO - Started process (PID=63) to work on /home/airflow/.local/lib/python3.8/site-packages/airflow/example_dags/tutorial_objectstorage.py
[2024-01-04T02:14:47.308+0000] {processor.py:830} INFO - Processing file /home/airflow/.local/lib/python3.8/site-packages/airflow/example_dags/tutorial_objectstorage.py for tasks to queue
[2024-01-04T02:14:47.310+0000] {logging_mixin.py:188} INFO - [2024-01-04T02:14:47.310+0000] {dagbag.py:538} INFO - Filling up the DagBag from /home/airflow/.local/lib/python3.8/site-packages/airflow/example_dags/tutorial_objectstorage.py
[2024-01-04T02:14:47.321+0000] {processor.py:840} INFO - DAG(s) 'tutorial_objectstorage' retrieved from /home/airflow/.local/lib/python3.8/site-packages/airflow/example_dags/tutorial_objectstorage.py
[2024-01-04T02:14:47.440+0000] {logging_mixin.py:188} INFO - [2024-01-04T02:14:47.439+0000] {override.py:1769} INFO - Created Permission View: can edit on DAG:tutorial_objectstorage
[2024-01-04T02:14:47.452+0000] {logging_mixin.py:188} INFO - [2024-01-04T02:14:47.452+0000] {override.py:1769} INFO - Created Permission View: can read on DAG:tutorial_objectstorage
[2024-01-04T02:14:47.458+0000] {logging_mixin.py:188} INFO - [2024-01-04T02:14:47.458+0000] {override.py:1769} INFO - Created Permission View: can delete on DAG:tutorial_objectstorage
[2024-01-04T02:14:47.459+0000] {logging_mixin.py:188} INFO - [2024-01-04T02:14:47.458+0000] {dag.py:3033} INFO - Sync 1 DAGs
[2024-01-04T02:14:47.471+0000] {logging_mixin.py:188} INFO - [2024-01-04T02:14:47.471+0000] {dag.py:3055} INFO - Creating ORM DAG for tutorial_objectstorage
[2024-01-04T02:14:47.472+0000] {logging_mixin.py:188} INFO - [2024-01-04T02:14:47.472+0000] {dag.py:3820} INFO - Setting next_dagrun for tutorial_objectstorage to None, run_after=None
[2024-01-04T02:14:47.493+0000] {processor.py:183} INFO - Processing /home/airflow/.local/lib/python3.8/site-packages/airflow/example_dags/tutorial_objectstorage.py took 0.191 seconds
[2024-01-04T02:15:18.350+0000] {processor.py:161} INFO - Started process (PID=118) to work on /home/airflow/.local/lib/python3.8/site-packages/airflow/example_dags/tutorial_objectstorage.py
[2024-01-04T02:15:18.352+0000] {processor.py:830} INFO - Processing file /home/airflow/.local/lib/python3.8/site-packages/airflow/example_dags/tutorial_objectstorage.py for tasks to queue
[2024-01-04T02:15:18.353+0000] {logging_mixin.py:188} INFO - [2024-01-04T02:15:18.353+0000] {dagbag.py:538} INFO - Filling up the DagBag from /home/airflow/.local/lib/python3.8/site-packages/airflow/example_dags/tutorial_objectstorage.py
[2024-01-04T02:15:18.358+0000] {processor.py:840} INFO - DAG(s) 'tutorial_objectstorage' retrieved from /home/airflow/.local/lib/python3.8/site-packages/airflow/example_dags/tutorial_objectstorage.py
[2024-01-04T02:15:18.375+0000] {logging_mixin.py:188} INFO - [2024-01-04T02:15:18.375+0000] {dag.py:3033} INFO - Sync 1 DAGs
[2024-01-04T02:15:18.385+0000] {logging_mixin.py:188} INFO - [2024-01-04T02:15:18.385+0000] {dag.py:3820} INFO - Setting next_dagrun for tutorial_objectstorage to None, run_after=None
[2024-01-04T02:15:18.405+0000] {processor.py:183} INFO - Processing /home/airflow/.local/lib/python3.8/site-packages/airflow/example_dags/tutorial_objectstorage.py took 0.057 seconds
[2024-01-04T02:15:48.944+0000] {processor.py:161} INFO - Started process (PID=173) to work on /home/airflow/.local/lib/python3.8/site-packages/airflow/example_dags/tutorial_objectstorage.py
[2024-01-04T02:15:48.945+0000] {processor.py:830} INFO - Processing file /home/airflow/.local/lib/python3.8/site-packages/airflow/example_dags/tutorial_objectstorage.py for tasks to queue
[2024-01-04T02:15:48.947+0000] {logging_mixin.py:188} INFO - [2024-01-04T02:15:48.947+0000] {dagbag.py:538} INFO - Filling up the DagBag from /home/airflow/.local/lib/python3.8/site-packages/airflow/example_dags/tutorial_objectstorage.py
[2024-01-04T02:15:48.952+0000] {processor.py:840} INFO - DAG(s) 'tutorial_objectstorage' retrieved from /home/airflow/.local/lib/python3.8/site-packages/airflow/example_dags/tutorial_objectstorage.py
[2024-01-04T02:15:48.967+0000] {logging_mixin.py:188} INFO - [2024-01-04T02:15:48.966+0000] {dag.py:3033} INFO - Sync 1 DAGs
[2024-01-04T02:15:48.976+0000] {logging_mixin.py:188} INFO - [2024-01-04T02:15:48.976+0000] {dag.py:3820} INFO - Setting next_dagrun for tutorial_objectstorage to None, run_after=None
[2024-01-04T02:15:48.992+0000] {processor.py:183} INFO - Processing /home/airflow/.local/lib/python3.8/site-packages/airflow/example_dags/tutorial_objectstorage.py took 0.050 seconds
[2024-01-04T02:16:19.175+0000] {processor.py:161} INFO - Started process (PID=228) to work on /home/airflow/.local/lib/python3.8/site-packages/airflow/example_dags/tutorial_objectstorage.py
[2024-01-04T02:16:19.176+0000] {processor.py:830} INFO - Processing file /home/airflow/.local/lib/python3.8/site-packages/airflow/example_dags/tutorial_objectstorage.py for tasks to queue
[2024-01-04T02:16:19.178+0000] {logging_mixin.py:188} INFO - [2024-01-04T02:16:19.178+0000] {dagbag.py:538} INFO - Filling up the DagBag from /home/airflow/.local/lib/python3.8/site-packages/airflow/example_dags/tutorial_objectstorage.py
[2024-01-04T02:16:19.182+0000] {processor.py:840} INFO - DAG(s) 'tutorial_objectstorage' retrieved from /home/airflow/.local/lib/python3.8/site-packages/airflow/example_dags/tutorial_objectstorage.py
[2024-01-04T02:16:19.198+0000] {logging_mixin.py:188} INFO - [2024-01-04T02:16:19.198+0000] {dag.py:3033} INFO - Sync 1 DAGs
[2024-01-04T02:16:19.210+0000] {logging_mixin.py:188} INFO - [2024-01-04T02:16:19.210+0000] {dag.py:3820} INFO - Setting next_dagrun for tutorial_objectstorage to None, run_after=None
[2024-01-04T02:16:19.227+0000] {processor.py:183} INFO - Processing /home/airflow/.local/lib/python3.8/site-packages/airflow/example_dags/tutorial_objectstorage.py took 0.055 seconds
[2024-01-04T02:16:49.566+0000] {processor.py:161} INFO - Started process (PID=283) to work on /home/airflow/.local/lib/python3.8/site-packages/airflow/example_dags/tutorial_objectstorage.py
[2024-01-04T02:16:49.567+0000] {processor.py:830} INFO - Processing file /home/airflow/.local/lib/python3.8/site-packages/airflow/example_dags/tutorial_objectstorage.py for tasks to queue
[2024-01-04T02:16:49.571+0000] {logging_mixin.py:188} INFO - [2024-01-04T02:16:49.570+0000] {dagbag.py:538} INFO - Filling up the DagBag from /home/airflow/.local/lib/python3.8/site-packages/airflow/example_dags/tutorial_objectstorage.py
[2024-01-04T02:16:49.576+0000] {processor.py:840} INFO - DAG(s) 'tutorial_objectstorage' retrieved from /home/airflow/.local/lib/python3.8/site-packages/airflow/example_dags/tutorial_objectstorage.py
[2024-01-04T02:16:49.596+0000] {logging_mixin.py:188} INFO - [2024-01-04T02:16:49.596+0000] {dag.py:3033} INFO - Sync 1 DAGs
[2024-01-04T02:16:49.608+0000] {logging_mixin.py:188} INFO - [2024-01-04T02:16:49.608+0000] {dag.py:3820} INFO - Setting next_dagrun for tutorial_objectstorage to None, run_after=None
[2024-01-04T02:16:49.624+0000] {processor.py:183} INFO - Processing /home/airflow/.local/lib/python3.8/site-packages/airflow/example_dags/tutorial_objectstorage.py took 0.061 seconds
[2024-01-04T02:17:19.864+0000] {processor.py:161} INFO - Started process (PID=338) to work on /home/airflow/.local/lib/python3.8/site-packages/airflow/example_dags/tutorial_objectstorage.py
[2024-01-04T02:17:19.865+0000] {processor.py:830} INFO - Processing file /home/airflow/.local/lib/python3.8/site-packages/airflow/example_dags/tutorial_objectstorage.py for tasks to queue
[2024-01-04T02:17:19.866+0000] {logging_mixin.py:188} INFO - [2024-01-04T02:17:19.866+0000] {dagbag.py:538} INFO - Filling up the DagBag from /home/airflow/.local/lib/python3.8/site-packages/airflow/example_dags/tutorial_objectstorage.py
[2024-01-04T02:17:19.871+0000] {processor.py:840} INFO - DAG(s) 'tutorial_objectstorage' retrieved from /home/airflow/.local/lib/python3.8/site-packages/airflow/example_dags/tutorial_objectstorage.py
[2024-01-04T02:17:19.885+0000] {logging_mixin.py:188} INFO - [2024-01-04T02:17:19.885+0000] {dag.py:3033} INFO - Sync 1 DAGs
[2024-01-04T02:17:19.897+0000] {logging_mixin.py:188} INFO - [2024-01-04T02:17:19.897+0000] {dag.py:3820} INFO - Setting next_dagrun for tutorial_objectstorage to None, run_after=None
[2024-01-04T02:17:19.911+0000] {processor.py:183} INFO - Processing /home/airflow/.local/lib/python3.8/site-packages/airflow/example_dags/tutorial_objectstorage.py took 0.049 seconds
[2024-01-04T02:17:50.850+0000] {processor.py:161} INFO - Started process (PID=393) to work on /home/airflow/.local/lib/python3.8/site-packages/airflow/example_dags/tutorial_objectstorage.py
[2024-01-04T02:17:50.851+0000] {processor.py:830} INFO - Processing file /home/airflow/.local/lib/python3.8/site-packages/airflow/example_dags/tutorial_objectstorage.py for tasks to queue
[2024-01-04T02:17:50.852+0000] {logging_mixin.py:188} INFO - [2024-01-04T02:17:50.852+0000] {dagbag.py:538} INFO - Filling up the DagBag from /home/airflow/.local/lib/python3.8/site-packages/airflow/example_dags/tutorial_objectstorage.py
[2024-01-04T02:17:50.856+0000] {processor.py:840} INFO - DAG(s) 'tutorial_objectstorage' retrieved from /home/airflow/.local/lib/python3.8/site-packages/airflow/example_dags/tutorial_objectstorage.py
[2024-01-04T02:17:50.871+0000] {logging_mixin.py:188} INFO - [2024-01-04T02:17:50.871+0000] {dag.py:3033} INFO - Sync 1 DAGs
[2024-01-04T02:17:50.879+0000] {logging_mixin.py:188} INFO - [2024-01-04T02:17:50.879+0000] {dag.py:3820} INFO - Setting next_dagrun for tutorial_objectstorage to None, run_after=None
[2024-01-04T02:17:50.895+0000] {processor.py:183} INFO - Processing /home/airflow/.local/lib/python3.8/site-packages/airflow/example_dags/tutorial_objectstorage.py took 0.048 seconds
[2024-01-04T02:18:21.180+0000] {processor.py:161} INFO - Started process (PID=448) to work on /home/airflow/.local/lib/python3.8/site-packages/airflow/example_dags/tutorial_objectstorage.py
[2024-01-04T02:18:21.181+0000] {processor.py:830} INFO - Processing file /home/airflow/.local/lib/python3.8/site-packages/airflow/example_dags/tutorial_objectstorage.py for tasks to queue
[2024-01-04T02:18:21.183+0000] {logging_mixin.py:188} INFO - [2024-01-04T02:18:21.182+0000] {dagbag.py:538} INFO - Filling up the DagBag from /home/airflow/.local/lib/python3.8/site-packages/airflow/example_dags/tutorial_objectstorage.py
[2024-01-04T02:18:21.187+0000] {processor.py:840} INFO - DAG(s) 'tutorial_objectstorage' retrieved from /home/airflow/.local/lib/python3.8/site-packages/airflow/example_dags/tutorial_objectstorage.py
[2024-01-04T02:18:21.201+0000] {logging_mixin.py:188} INFO - [2024-01-04T02:18:21.201+0000] {dag.py:3033} INFO - Sync 1 DAGs
[2024-01-04T02:18:21.209+0000] {logging_mixin.py:188} INFO - [2024-01-04T02:18:21.209+0000] {dag.py:3820} INFO - Setting next_dagrun for tutorial_objectstorage to None, run_after=None
[2024-01-04T02:18:21.224+0000] {processor.py:183} INFO - Processing /home/airflow/.local/lib/python3.8/site-packages/airflow/example_dags/tutorial_objectstorage.py took 0.046 seconds
[2024-01-04T02:18:51.326+0000] {processor.py:161} INFO - Started process (PID=503) to work on /home/airflow/.local/lib/python3.8/site-packages/airflow/example_dags/tutorial_objectstorage.py
[2024-01-04T02:18:51.327+0000] {processor.py:830} INFO - Processing file /home/airflow/.local/lib/python3.8/site-packages/airflow/example_dags/tutorial_objectstorage.py for tasks to queue
[2024-01-04T02:18:51.328+0000] {logging_mixin.py:188} INFO - [2024-01-04T02:18:51.328+0000] {dagbag.py:538} INFO - Filling up the DagBag from /home/airflow/.local/lib/python3.8/site-packages/airflow/example_dags/tutorial_objectstorage.py
[2024-01-04T02:18:51.333+0000] {processor.py:840} INFO - DAG(s) 'tutorial_objectstorage' retrieved from /home/airflow/.local/lib/python3.8/site-packages/airflow/example_dags/tutorial_objectstorage.py
[2024-01-04T02:18:51.348+0000] {logging_mixin.py:188} INFO - [2024-01-04T02:18:51.348+0000] {dag.py:3033} INFO - Sync 1 DAGs
[2024-01-04T02:18:51.358+0000] {logging_mixin.py:188} INFO - [2024-01-04T02:18:51.358+0000] {dag.py:3820} INFO - Setting next_dagrun for tutorial_objectstorage to None, run_after=None
[2024-01-04T02:18:51.372+0000] {processor.py:183} INFO - Processing /home/airflow/.local/lib/python3.8/site-packages/airflow/example_dags/tutorial_objectstorage.py took 0.049 seconds
[2024-01-04T02:19:21.553+0000] {processor.py:161} INFO - Started process (PID=558) to work on /home/airflow/.local/lib/python3.8/site-packages/airflow/example_dags/tutorial_objectstorage.py
[2024-01-04T02:19:21.554+0000] {processor.py:830} INFO - Processing file /home/airflow/.local/lib/python3.8/site-packages/airflow/example_dags/tutorial_objectstorage.py for tasks to queue
[2024-01-04T02:19:21.556+0000] {logging_mixin.py:188} INFO - [2024-01-04T02:19:21.556+0000] {dagbag.py:538} INFO - Filling up the DagBag from /home/airflow/.local/lib/python3.8/site-packages/airflow/example_dags/tutorial_objectstorage.py
[2024-01-04T02:19:21.560+0000] {processor.py:840} INFO - DAG(s) 'tutorial_objectstorage' retrieved from /home/airflow/.local/lib/python3.8/site-packages/airflow/example_dags/tutorial_objectstorage.py
[2024-01-04T02:19:21.577+0000] {logging_mixin.py:188} INFO - [2024-01-04T02:19:21.576+0000] {dag.py:3033} INFO - Sync 1 DAGs
[2024-01-04T02:19:21.585+0000] {logging_mixin.py:188} INFO - [2024-01-04T02:19:21.585+0000] {dag.py:3820} INFO - Setting next_dagrun for tutorial_objectstorage to None, run_after=None
[2024-01-04T02:19:21.601+0000] {processor.py:183} INFO - Processing /home/airflow/.local/lib/python3.8/site-packages/airflow/example_dags/tutorial_objectstorage.py took 0.051 seconds
[2024-01-04T02:19:51.763+0000] {processor.py:161} INFO - Started process (PID=613) to work on /home/airflow/.local/lib/python3.8/site-packages/airflow/example_dags/tutorial_objectstorage.py
[2024-01-04T02:19:51.764+0000] {processor.py:830} INFO - Processing file /home/airflow/.local/lib/python3.8/site-packages/airflow/example_dags/tutorial_objectstorage.py for tasks to queue
[2024-01-04T02:19:51.765+0000] {logging_mixin.py:188} INFO - [2024-01-04T02:19:51.765+0000] {dagbag.py:538} INFO - Filling up the DagBag from /home/airflow/.local/lib/python3.8/site-packages/airflow/example_dags/tutorial_objectstorage.py
[2024-01-04T02:19:51.770+0000] {processor.py:840} INFO - DAG(s) 'tutorial_objectstorage' retrieved from /home/airflow/.local/lib/python3.8/site-packages/airflow/example_dags/tutorial_objectstorage.py
[2024-01-04T02:19:51.787+0000] {logging_mixin.py:188} INFO - [2024-01-04T02:19:51.786+0000] {dag.py:3033} INFO - Sync 1 DAGs
[2024-01-04T02:19:51.795+0000] {logging_mixin.py:188} INFO - [2024-01-04T02:19:51.795+0000] {dag.py:3820} INFO - Setting next_dagrun for tutorial_objectstorage to None, run_after=None
[2024-01-04T02:19:51.811+0000] {processor.py:183} INFO - Processing /home/airflow/.local/lib/python3.8/site-packages/airflow/example_dags/tutorial_objectstorage.py took 0.051 seconds
[2024-01-04T02:20:21.890+0000] {processor.py:161} INFO - Started process (PID=668) to work on /home/airflow/.local/lib/python3.8/site-packages/airflow/example_dags/tutorial_objectstorage.py
[2024-01-04T02:20:21.891+0000] {processor.py:830} INFO - Processing file /home/airflow/.local/lib/python3.8/site-packages/airflow/example_dags/tutorial_objectstorage.py for tasks to queue
[2024-01-04T02:20:21.893+0000] {logging_mixin.py:188} INFO - [2024-01-04T02:20:21.892+0000] {dagbag.py:538} INFO - Filling up the DagBag from /home/airflow/.local/lib/python3.8/site-packages/airflow/example_dags/tutorial_objectstorage.py
[2024-01-04T02:20:21.897+0000] {processor.py:840} INFO - DAG(s) 'tutorial_objectstorage' retrieved from /home/airflow/.local/lib/python3.8/site-packages/airflow/example_dags/tutorial_objectstorage.py
[2024-01-04T02:20:21.912+0000] {logging_mixin.py:188} INFO - [2024-01-04T02:20:21.912+0000] {dag.py:3033} INFO - Sync 1 DAGs
[2024-01-04T02:20:21.922+0000] {logging_mixin.py:188} INFO - [2024-01-04T02:20:21.922+0000] {dag.py:3820} INFO - Setting next_dagrun for tutorial_objectstorage to None, run_after=None
[2024-01-04T02:20:21.936+0000] {processor.py:183} INFO - Processing /home/airflow/.local/lib/python3.8/site-packages/airflow/example_dags/tutorial_objectstorage.py took 0.049 seconds
[2024-01-04T02:20:52.228+0000] {processor.py:161} INFO - Started process (PID=723) to work on /home/airflow/.local/lib/python3.8/site-packages/airflow/example_dags/tutorial_objectstorage.py
[2024-01-04T02:20:52.229+0000] {processor.py:830} INFO - Processing file /home/airflow/.local/lib/python3.8/site-packages/airflow/example_dags/tutorial_objectstorage.py for tasks to queue
[2024-01-04T02:20:52.231+0000] {logging_mixin.py:188} INFO - [2024-01-04T02:20:52.230+0000] {dagbag.py:538} INFO - Filling up the DagBag from /home/airflow/.local/lib/python3.8/site-packages/airflow/example_dags/tutorial_objectstorage.py
[2024-01-04T02:20:52.235+0000] {processor.py:840} INFO - DAG(s) 'tutorial_objectstorage' retrieved from /home/airflow/.local/lib/python3.8/site-packages/airflow/example_dags/tutorial_objectstorage.py
[2024-01-04T02:20:52.251+0000] {logging_mixin.py:188} INFO - [2024-01-04T02:20:52.250+0000] {dag.py:3033} INFO - Sync 1 DAGs
[2024-01-04T02:20:52.261+0000] {logging_mixin.py:188} INFO - [2024-01-04T02:20:52.261+0000] {dag.py:3820} INFO - Setting next_dagrun for tutorial_objectstorage to None, run_after=None
[2024-01-04T02:20:52.277+0000] {processor.py:183} INFO - Processing /home/airflow/.local/lib/python3.8/site-packages/airflow/example_dags/tutorial_objectstorage.py took 0.052 seconds
[2024-01-04T02:21:22.387+0000] {processor.py:161} INFO - Started process (PID=778) to work on /home/airflow/.local/lib/python3.8/site-packages/airflow/example_dags/tutorial_objectstorage.py
[2024-01-04T02:21:22.388+0000] {processor.py:830} INFO - Processing file /home/airflow/.local/lib/python3.8/site-packages/airflow/example_dags/tutorial_objectstorage.py for tasks to queue
[2024-01-04T02:21:22.391+0000] {logging_mixin.py:188} INFO - [2024-01-04T02:21:22.390+0000] {dagbag.py:538} INFO - Filling up the DagBag from /home/airflow/.local/lib/python3.8/site-packages/airflow/example_dags/tutorial_objectstorage.py
[2024-01-04T02:21:22.396+0000] {processor.py:840} INFO - DAG(s) 'tutorial_objectstorage' retrieved from /home/airflow/.local/lib/python3.8/site-packages/airflow/example_dags/tutorial_objectstorage.py
[2024-01-04T02:21:22.413+0000] {logging_mixin.py:188} INFO - [2024-01-04T02:21:22.413+0000] {dag.py:3033} INFO - Sync 1 DAGs
[2024-01-04T02:21:22.423+0000] {logging_mixin.py:188} INFO - [2024-01-04T02:21:22.423+0000] {dag.py:3820} INFO - Setting next_dagrun for tutorial_objectstorage to None, run_after=None
[2024-01-04T02:21:22.439+0000] {processor.py:183} INFO - Processing /home/airflow/.local/lib/python3.8/site-packages/airflow/example_dags/tutorial_objectstorage.py took 0.054 seconds
[2024-01-04T02:21:52.605+0000] {processor.py:161} INFO - Started process (PID=833) to work on /home/airflow/.local/lib/python3.8/site-packages/airflow/example_dags/tutorial_objectstorage.py
[2024-01-04T02:21:52.606+0000] {processor.py:830} INFO - Processing file /home/airflow/.local/lib/python3.8/site-packages/airflow/example_dags/tutorial_objectstorage.py for tasks to queue
[2024-01-04T02:21:52.607+0000] {logging_mixin.py:188} INFO - [2024-01-04T02:21:52.607+0000] {dagbag.py:538} INFO - Filling up the DagBag from /home/airflow/.local/lib/python3.8/site-packages/airflow/example_dags/tutorial_objectstorage.py
[2024-01-04T02:21:52.612+0000] {processor.py:840} INFO - DAG(s) 'tutorial_objectstorage' retrieved from /home/airflow/.local/lib/python3.8/site-packages/airflow/example_dags/tutorial_objectstorage.py
[2024-01-04T02:21:52.631+0000] {logging_mixin.py:188} INFO - [2024-01-04T02:21:52.631+0000] {dag.py:3033} INFO - Sync 1 DAGs
[2024-01-04T02:21:52.640+0000] {logging_mixin.py:188} INFO - [2024-01-04T02:21:52.640+0000] {dag.py:3820} INFO - Setting next_dagrun for tutorial_objectstorage to None, run_after=None
[2024-01-04T02:21:52.655+0000] {processor.py:183} INFO - Processing /home/airflow/.local/lib/python3.8/site-packages/airflow/example_dags/tutorial_objectstorage.py took 0.053 seconds
[2024-01-04T02:22:22.767+0000] {processor.py:161} INFO - Started process (PID=888) to work on /home/airflow/.local/lib/python3.8/site-packages/airflow/example_dags/tutorial_objectstorage.py
[2024-01-04T02:22:22.767+0000] {processor.py:830} INFO - Processing file /home/airflow/.local/lib/python3.8/site-packages/airflow/example_dags/tutorial_objectstorage.py for tasks to queue
[2024-01-04T02:22:22.769+0000] {logging_mixin.py:188} INFO - [2024-01-04T02:22:22.769+0000] {dagbag.py:538} INFO - Filling up the DagBag from /home/airflow/.local/lib/python3.8/site-packages/airflow/example_dags/tutorial_objectstorage.py
[2024-01-04T02:22:22.773+0000] {processor.py:840} INFO - DAG(s) 'tutorial_objectstorage' retrieved from /home/airflow/.local/lib/python3.8/site-packages/airflow/example_dags/tutorial_objectstorage.py
[2024-01-04T02:22:22.787+0000] {logging_mixin.py:188} INFO - [2024-01-04T02:22:22.787+0000] {dag.py:3033} INFO - Sync 1 DAGs
[2024-01-04T02:22:22.796+0000] {logging_mixin.py:188} INFO - [2024-01-04T02:22:22.796+0000] {dag.py:3820} INFO - Setting next_dagrun for tutorial_objectstorage to None, run_after=None
[2024-01-04T02:22:22.810+0000] {processor.py:183} INFO - Processing /home/airflow/.local/lib/python3.8/site-packages/airflow/example_dags/tutorial_objectstorage.py took 0.046 seconds
