[2024-01-04T02:14:45.337+0000] {processor.py:161} INFO - Started process (PID=47) to work on /home/airflow/.local/lib/python3.8/site-packages/airflow/example_dags/tutorial_dag.py
[2024-01-04T02:14:45.338+0000] {processor.py:830} INFO - Processing file /home/airflow/.local/lib/python3.8/site-packages/airflow/example_dags/tutorial_dag.py for tasks to queue
[2024-01-04T02:14:45.341+0000] {logging_mixin.py:188} INFO - [2024-01-04T02:14:45.341+0000] {dagbag.py:538} INFO - Filling up the DagBag from /home/airflow/.local/lib/python3.8/site-packages/airflow/example_dags/tutorial_dag.py
[2024-01-04T02:14:45.352+0000] {processor.py:840} INFO - DAG(s) 'tutorial_dag' retrieved from /home/airflow/.local/lib/python3.8/site-packages/airflow/example_dags/tutorial_dag.py
[2024-01-04T02:14:45.491+0000] {logging_mixin.py:188} INFO - [2024-01-04T02:14:45.490+0000] {override.py:1769} INFO - Created Permission View: can edit on DAG:tutorial_dag
[2024-01-04T02:14:45.508+0000] {logging_mixin.py:188} INFO - [2024-01-04T02:14:45.508+0000] {override.py:1769} INFO - Created Permission View: can read on DAG:tutorial_dag
[2024-01-04T02:14:45.645+0000] {logging_mixin.py:188} INFO - [2024-01-04T02:14:45.645+0000] {override.py:1769} INFO - Created Permission View: can delete on DAG:tutorial_dag
[2024-01-04T02:14:45.646+0000] {logging_mixin.py:188} INFO - [2024-01-04T02:14:45.646+0000] {dag.py:3033} INFO - Sync 1 DAGs
[2024-01-04T02:14:45.657+0000] {logging_mixin.py:188} INFO - [2024-01-04T02:14:45.657+0000] {dag.py:3055} INFO - Creating ORM DAG for tutorial_dag
[2024-01-04T02:14:45.659+0000] {logging_mixin.py:188} INFO - [2024-01-04T02:14:45.659+0000] {dag.py:3820} INFO - Setting next_dagrun for tutorial_dag to None, run_after=None
[2024-01-04T02:14:45.679+0000] {processor.py:183} INFO - Processing /home/airflow/.local/lib/python3.8/site-packages/airflow/example_dags/tutorial_dag.py took 0.346 seconds
[2024-01-04T02:15:16.441+0000] {processor.py:161} INFO - Started process (PID=102) to work on /home/airflow/.local/lib/python3.8/site-packages/airflow/example_dags/tutorial_dag.py
[2024-01-04T02:15:16.442+0000] {processor.py:830} INFO - Processing file /home/airflow/.local/lib/python3.8/site-packages/airflow/example_dags/tutorial_dag.py for tasks to queue
[2024-01-04T02:15:16.444+0000] {logging_mixin.py:188} INFO - [2024-01-04T02:15:16.444+0000] {dagbag.py:538} INFO - Filling up the DagBag from /home/airflow/.local/lib/python3.8/site-packages/airflow/example_dags/tutorial_dag.py
[2024-01-04T02:15:16.451+0000] {processor.py:840} INFO - DAG(s) 'tutorial_dag' retrieved from /home/airflow/.local/lib/python3.8/site-packages/airflow/example_dags/tutorial_dag.py
[2024-01-04T02:15:16.479+0000] {logging_mixin.py:188} INFO - [2024-01-04T02:15:16.478+0000] {dag.py:3033} INFO - Sync 1 DAGs
[2024-01-04T02:15:16.497+0000] {logging_mixin.py:188} INFO - [2024-01-04T02:15:16.497+0000] {dag.py:3820} INFO - Setting next_dagrun for tutorial_dag to None, run_after=None
[2024-01-04T02:15:16.521+0000] {processor.py:183} INFO - Processing /home/airflow/.local/lib/python3.8/site-packages/airflow/example_dags/tutorial_dag.py took 0.084 seconds
[2024-01-04T02:15:47.110+0000] {processor.py:161} INFO - Started process (PID=157) to work on /home/airflow/.local/lib/python3.8/site-packages/airflow/example_dags/tutorial_dag.py
[2024-01-04T02:15:47.111+0000] {processor.py:830} INFO - Processing file /home/airflow/.local/lib/python3.8/site-packages/airflow/example_dags/tutorial_dag.py for tasks to queue
[2024-01-04T02:15:47.113+0000] {logging_mixin.py:188} INFO - [2024-01-04T02:15:47.113+0000] {dagbag.py:538} INFO - Filling up the DagBag from /home/airflow/.local/lib/python3.8/site-packages/airflow/example_dags/tutorial_dag.py
[2024-01-04T02:15:47.119+0000] {processor.py:840} INFO - DAG(s) 'tutorial_dag' retrieved from /home/airflow/.local/lib/python3.8/site-packages/airflow/example_dags/tutorial_dag.py
[2024-01-04T02:15:47.136+0000] {logging_mixin.py:188} INFO - [2024-01-04T02:15:47.136+0000] {dag.py:3033} INFO - Sync 1 DAGs
[2024-01-04T02:15:47.148+0000] {logging_mixin.py:188} INFO - [2024-01-04T02:15:47.148+0000] {dag.py:3820} INFO - Setting next_dagrun for tutorial_dag to None, run_after=None
[2024-01-04T02:15:47.169+0000] {processor.py:183} INFO - Processing /home/airflow/.local/lib/python3.8/site-packages/airflow/example_dags/tutorial_dag.py took 0.062 seconds
[2024-01-04T02:16:17.434+0000] {processor.py:161} INFO - Started process (PID=212) to work on /home/airflow/.local/lib/python3.8/site-packages/airflow/example_dags/tutorial_dag.py
[2024-01-04T02:16:17.436+0000] {processor.py:830} INFO - Processing file /home/airflow/.local/lib/python3.8/site-packages/airflow/example_dags/tutorial_dag.py for tasks to queue
[2024-01-04T02:16:17.438+0000] {logging_mixin.py:188} INFO - [2024-01-04T02:16:17.438+0000] {dagbag.py:538} INFO - Filling up the DagBag from /home/airflow/.local/lib/python3.8/site-packages/airflow/example_dags/tutorial_dag.py
[2024-01-04T02:16:17.443+0000] {processor.py:840} INFO - DAG(s) 'tutorial_dag' retrieved from /home/airflow/.local/lib/python3.8/site-packages/airflow/example_dags/tutorial_dag.py
[2024-01-04T02:16:17.458+0000] {logging_mixin.py:188} INFO - [2024-01-04T02:16:17.458+0000] {dag.py:3033} INFO - Sync 1 DAGs
[2024-01-04T02:16:17.471+0000] {logging_mixin.py:188} INFO - [2024-01-04T02:16:17.471+0000] {dag.py:3820} INFO - Setting next_dagrun for tutorial_dag to None, run_after=None
[2024-01-04T02:16:17.489+0000] {processor.py:183} INFO - Processing /home/airflow/.local/lib/python3.8/site-packages/airflow/example_dags/tutorial_dag.py took 0.058 seconds
[2024-01-04T02:16:47.582+0000] {processor.py:161} INFO - Started process (PID=267) to work on /home/airflow/.local/lib/python3.8/site-packages/airflow/example_dags/tutorial_dag.py
[2024-01-04T02:16:47.583+0000] {processor.py:830} INFO - Processing file /home/airflow/.local/lib/python3.8/site-packages/airflow/example_dags/tutorial_dag.py for tasks to queue
[2024-01-04T02:16:47.585+0000] {logging_mixin.py:188} INFO - [2024-01-04T02:16:47.585+0000] {dagbag.py:538} INFO - Filling up the DagBag from /home/airflow/.local/lib/python3.8/site-packages/airflow/example_dags/tutorial_dag.py
[2024-01-04T02:16:47.589+0000] {processor.py:840} INFO - DAG(s) 'tutorial_dag' retrieved from /home/airflow/.local/lib/python3.8/site-packages/airflow/example_dags/tutorial_dag.py
[2024-01-04T02:16:47.604+0000] {logging_mixin.py:188} INFO - [2024-01-04T02:16:47.604+0000] {dag.py:3033} INFO - Sync 1 DAGs
[2024-01-04T02:16:47.613+0000] {logging_mixin.py:188} INFO - [2024-01-04T02:16:47.613+0000] {dag.py:3820} INFO - Setting next_dagrun for tutorial_dag to None, run_after=None
[2024-01-04T02:16:47.631+0000] {processor.py:183} INFO - Processing /home/airflow/.local/lib/python3.8/site-packages/airflow/example_dags/tutorial_dag.py took 0.051 seconds
[2024-01-04T02:17:18.061+0000] {processor.py:161} INFO - Started process (PID=322) to work on /home/airflow/.local/lib/python3.8/site-packages/airflow/example_dags/tutorial_dag.py
[2024-01-04T02:17:18.062+0000] {processor.py:830} INFO - Processing file /home/airflow/.local/lib/python3.8/site-packages/airflow/example_dags/tutorial_dag.py for tasks to queue
[2024-01-04T02:17:18.064+0000] {logging_mixin.py:188} INFO - [2024-01-04T02:17:18.064+0000] {dagbag.py:538} INFO - Filling up the DagBag from /home/airflow/.local/lib/python3.8/site-packages/airflow/example_dags/tutorial_dag.py
[2024-01-04T02:17:18.068+0000] {processor.py:840} INFO - DAG(s) 'tutorial_dag' retrieved from /home/airflow/.local/lib/python3.8/site-packages/airflow/example_dags/tutorial_dag.py
[2024-01-04T02:17:18.082+0000] {logging_mixin.py:188} INFO - [2024-01-04T02:17:18.082+0000] {dag.py:3033} INFO - Sync 1 DAGs
[2024-01-04T02:17:18.092+0000] {logging_mixin.py:188} INFO - [2024-01-04T02:17:18.092+0000] {dag.py:3820} INFO - Setting next_dagrun for tutorial_dag to None, run_after=None
[2024-01-04T02:17:18.109+0000] {processor.py:183} INFO - Processing /home/airflow/.local/lib/python3.8/site-packages/airflow/example_dags/tutorial_dag.py took 0.050 seconds
[2024-01-04T02:17:48.183+0000] {processor.py:161} INFO - Started process (PID=377) to work on /home/airflow/.local/lib/python3.8/site-packages/airflow/example_dags/tutorial_dag.py
[2024-01-04T02:17:48.184+0000] {processor.py:830} INFO - Processing file /home/airflow/.local/lib/python3.8/site-packages/airflow/example_dags/tutorial_dag.py for tasks to queue
[2024-01-04T02:17:48.186+0000] {logging_mixin.py:188} INFO - [2024-01-04T02:17:48.185+0000] {dagbag.py:538} INFO - Filling up the DagBag from /home/airflow/.local/lib/python3.8/site-packages/airflow/example_dags/tutorial_dag.py
[2024-01-04T02:17:48.189+0000] {processor.py:840} INFO - DAG(s) 'tutorial_dag' retrieved from /home/airflow/.local/lib/python3.8/site-packages/airflow/example_dags/tutorial_dag.py
[2024-01-04T02:17:48.204+0000] {logging_mixin.py:188} INFO - [2024-01-04T02:17:48.203+0000] {dag.py:3033} INFO - Sync 1 DAGs
[2024-01-04T02:17:48.213+0000] {logging_mixin.py:188} INFO - [2024-01-04T02:17:48.212+0000] {dag.py:3820} INFO - Setting next_dagrun for tutorial_dag to None, run_after=None
[2024-01-04T02:17:48.228+0000] {processor.py:183} INFO - Processing /home/airflow/.local/lib/python3.8/site-packages/airflow/example_dags/tutorial_dag.py took 0.048 seconds
[2024-01-04T02:18:18.512+0000] {processor.py:161} INFO - Started process (PID=432) to work on /home/airflow/.local/lib/python3.8/site-packages/airflow/example_dags/tutorial_dag.py
[2024-01-04T02:18:18.513+0000] {processor.py:830} INFO - Processing file /home/airflow/.local/lib/python3.8/site-packages/airflow/example_dags/tutorial_dag.py for tasks to queue
[2024-01-04T02:18:18.516+0000] {logging_mixin.py:188} INFO - [2024-01-04T02:18:18.515+0000] {dagbag.py:538} INFO - Filling up the DagBag from /home/airflow/.local/lib/python3.8/site-packages/airflow/example_dags/tutorial_dag.py
[2024-01-04T02:18:18.519+0000] {processor.py:840} INFO - DAG(s) 'tutorial_dag' retrieved from /home/airflow/.local/lib/python3.8/site-packages/airflow/example_dags/tutorial_dag.py
[2024-01-04T02:18:18.537+0000] {logging_mixin.py:188} INFO - [2024-01-04T02:18:18.537+0000] {dag.py:3033} INFO - Sync 1 DAGs
[2024-01-04T02:18:18.546+0000] {logging_mixin.py:188} INFO - [2024-01-04T02:18:18.545+0000] {dag.py:3820} INFO - Setting next_dagrun for tutorial_dag to None, run_after=None
[2024-01-04T02:18:18.561+0000] {processor.py:183} INFO - Processing /home/airflow/.local/lib/python3.8/site-packages/airflow/example_dags/tutorial_dag.py took 0.050 seconds
[2024-01-04T02:18:48.652+0000] {processor.py:161} INFO - Started process (PID=487) to work on /home/airflow/.local/lib/python3.8/site-packages/airflow/example_dags/tutorial_dag.py
[2024-01-04T02:18:48.653+0000] {processor.py:830} INFO - Processing file /home/airflow/.local/lib/python3.8/site-packages/airflow/example_dags/tutorial_dag.py for tasks to queue
[2024-01-04T02:18:48.656+0000] {logging_mixin.py:188} INFO - [2024-01-04T02:18:48.656+0000] {dagbag.py:538} INFO - Filling up the DagBag from /home/airflow/.local/lib/python3.8/site-packages/airflow/example_dags/tutorial_dag.py
[2024-01-04T02:18:48.661+0000] {processor.py:840} INFO - DAG(s) 'tutorial_dag' retrieved from /home/airflow/.local/lib/python3.8/site-packages/airflow/example_dags/tutorial_dag.py
[2024-01-04T02:18:48.679+0000] {logging_mixin.py:188} INFO - [2024-01-04T02:18:48.679+0000] {dag.py:3033} INFO - Sync 1 DAGs
[2024-01-04T02:18:48.693+0000] {logging_mixin.py:188} INFO - [2024-01-04T02:18:48.693+0000] {dag.py:3820} INFO - Setting next_dagrun for tutorial_dag to None, run_after=None
[2024-01-04T02:18:48.709+0000] {processor.py:183} INFO - Processing /home/airflow/.local/lib/python3.8/site-packages/airflow/example_dags/tutorial_dag.py took 0.060 seconds
[2024-01-04T02:19:18.807+0000] {processor.py:161} INFO - Started process (PID=542) to work on /home/airflow/.local/lib/python3.8/site-packages/airflow/example_dags/tutorial_dag.py
[2024-01-04T02:19:18.808+0000] {processor.py:830} INFO - Processing file /home/airflow/.local/lib/python3.8/site-packages/airflow/example_dags/tutorial_dag.py for tasks to queue
[2024-01-04T02:19:18.810+0000] {logging_mixin.py:188} INFO - [2024-01-04T02:19:18.810+0000] {dagbag.py:538} INFO - Filling up the DagBag from /home/airflow/.local/lib/python3.8/site-packages/airflow/example_dags/tutorial_dag.py
[2024-01-04T02:19:18.814+0000] {processor.py:840} INFO - DAG(s) 'tutorial_dag' retrieved from /home/airflow/.local/lib/python3.8/site-packages/airflow/example_dags/tutorial_dag.py
[2024-01-04T02:19:18.833+0000] {logging_mixin.py:188} INFO - [2024-01-04T02:19:18.833+0000] {dag.py:3033} INFO - Sync 1 DAGs
[2024-01-04T02:19:18.845+0000] {logging_mixin.py:188} INFO - [2024-01-04T02:19:18.844+0000] {dag.py:3820} INFO - Setting next_dagrun for tutorial_dag to None, run_after=None
[2024-01-04T02:19:18.860+0000] {processor.py:183} INFO - Processing /home/airflow/.local/lib/python3.8/site-packages/airflow/example_dags/tutorial_dag.py took 0.055 seconds
[2024-01-04T02:19:48.938+0000] {processor.py:161} INFO - Started process (PID=597) to work on /home/airflow/.local/lib/python3.8/site-packages/airflow/example_dags/tutorial_dag.py
[2024-01-04T02:19:48.939+0000] {processor.py:830} INFO - Processing file /home/airflow/.local/lib/python3.8/site-packages/airflow/example_dags/tutorial_dag.py for tasks to queue
[2024-01-04T02:19:48.941+0000] {logging_mixin.py:188} INFO - [2024-01-04T02:19:48.941+0000] {dagbag.py:538} INFO - Filling up the DagBag from /home/airflow/.local/lib/python3.8/site-packages/airflow/example_dags/tutorial_dag.py
[2024-01-04T02:19:48.945+0000] {processor.py:840} INFO - DAG(s) 'tutorial_dag' retrieved from /home/airflow/.local/lib/python3.8/site-packages/airflow/example_dags/tutorial_dag.py
[2024-01-04T02:19:48.960+0000] {logging_mixin.py:188} INFO - [2024-01-04T02:19:48.960+0000] {dag.py:3033} INFO - Sync 1 DAGs
[2024-01-04T02:19:48.970+0000] {logging_mixin.py:188} INFO - [2024-01-04T02:19:48.970+0000] {dag.py:3820} INFO - Setting next_dagrun for tutorial_dag to None, run_after=None
[2024-01-04T02:19:48.989+0000] {processor.py:183} INFO - Processing /home/airflow/.local/lib/python3.8/site-packages/airflow/example_dags/tutorial_dag.py took 0.053 seconds
[2024-01-04T02:20:19.101+0000] {processor.py:161} INFO - Started process (PID=652) to work on /home/airflow/.local/lib/python3.8/site-packages/airflow/example_dags/tutorial_dag.py
[2024-01-04T02:20:19.103+0000] {processor.py:830} INFO - Processing file /home/airflow/.local/lib/python3.8/site-packages/airflow/example_dags/tutorial_dag.py for tasks to queue
[2024-01-04T02:20:19.105+0000] {logging_mixin.py:188} INFO - [2024-01-04T02:20:19.105+0000] {dagbag.py:538} INFO - Filling up the DagBag from /home/airflow/.local/lib/python3.8/site-packages/airflow/example_dags/tutorial_dag.py
[2024-01-04T02:20:19.109+0000] {processor.py:840} INFO - DAG(s) 'tutorial_dag' retrieved from /home/airflow/.local/lib/python3.8/site-packages/airflow/example_dags/tutorial_dag.py
[2024-01-04T02:20:19.126+0000] {logging_mixin.py:188} INFO - [2024-01-04T02:20:19.125+0000] {dag.py:3033} INFO - Sync 1 DAGs
[2024-01-04T02:20:19.135+0000] {logging_mixin.py:188} INFO - [2024-01-04T02:20:19.135+0000] {dag.py:3820} INFO - Setting next_dagrun for tutorial_dag to None, run_after=None
[2024-01-04T02:20:19.152+0000] {processor.py:183} INFO - Processing /home/airflow/.local/lib/python3.8/site-packages/airflow/example_dags/tutorial_dag.py took 0.052 seconds
[2024-01-04T02:20:49.433+0000] {processor.py:161} INFO - Started process (PID=707) to work on /home/airflow/.local/lib/python3.8/site-packages/airflow/example_dags/tutorial_dag.py
[2024-01-04T02:20:49.434+0000] {processor.py:830} INFO - Processing file /home/airflow/.local/lib/python3.8/site-packages/airflow/example_dags/tutorial_dag.py for tasks to queue
[2024-01-04T02:20:49.436+0000] {logging_mixin.py:188} INFO - [2024-01-04T02:20:49.436+0000] {dagbag.py:538} INFO - Filling up the DagBag from /home/airflow/.local/lib/python3.8/site-packages/airflow/example_dags/tutorial_dag.py
[2024-01-04T02:20:49.440+0000] {processor.py:840} INFO - DAG(s) 'tutorial_dag' retrieved from /home/airflow/.local/lib/python3.8/site-packages/airflow/example_dags/tutorial_dag.py
[2024-01-04T02:20:49.460+0000] {logging_mixin.py:188} INFO - [2024-01-04T02:20:49.459+0000] {dag.py:3033} INFO - Sync 1 DAGs
[2024-01-04T02:20:49.471+0000] {logging_mixin.py:188} INFO - [2024-01-04T02:20:49.470+0000] {dag.py:3820} INFO - Setting next_dagrun for tutorial_dag to None, run_after=None
[2024-01-04T02:20:49.490+0000] {processor.py:183} INFO - Processing /home/airflow/.local/lib/python3.8/site-packages/airflow/example_dags/tutorial_dag.py took 0.060 seconds
[2024-01-04T02:21:19.646+0000] {processor.py:161} INFO - Started process (PID=762) to work on /home/airflow/.local/lib/python3.8/site-packages/airflow/example_dags/tutorial_dag.py
[2024-01-04T02:21:19.647+0000] {processor.py:830} INFO - Processing file /home/airflow/.local/lib/python3.8/site-packages/airflow/example_dags/tutorial_dag.py for tasks to queue
[2024-01-04T02:21:19.649+0000] {logging_mixin.py:188} INFO - [2024-01-04T02:21:19.649+0000] {dagbag.py:538} INFO - Filling up the DagBag from /home/airflow/.local/lib/python3.8/site-packages/airflow/example_dags/tutorial_dag.py
[2024-01-04T02:21:19.653+0000] {processor.py:840} INFO - DAG(s) 'tutorial_dag' retrieved from /home/airflow/.local/lib/python3.8/site-packages/airflow/example_dags/tutorial_dag.py
[2024-01-04T02:21:19.668+0000] {logging_mixin.py:188} INFO - [2024-01-04T02:21:19.668+0000] {dag.py:3033} INFO - Sync 1 DAGs
[2024-01-04T02:21:19.678+0000] {logging_mixin.py:188} INFO - [2024-01-04T02:21:19.678+0000] {dag.py:3820} INFO - Setting next_dagrun for tutorial_dag to None, run_after=None
[2024-01-04T02:21:19.693+0000] {processor.py:183} INFO - Processing /home/airflow/.local/lib/python3.8/site-packages/airflow/example_dags/tutorial_dag.py took 0.048 seconds
[2024-01-04T02:21:49.921+0000] {processor.py:161} INFO - Started process (PID=818) to work on /home/airflow/.local/lib/python3.8/site-packages/airflow/example_dags/tutorial_dag.py
[2024-01-04T02:21:49.922+0000] {processor.py:830} INFO - Processing file /home/airflow/.local/lib/python3.8/site-packages/airflow/example_dags/tutorial_dag.py for tasks to queue
[2024-01-04T02:21:49.925+0000] {logging_mixin.py:188} INFO - [2024-01-04T02:21:49.925+0000] {dagbag.py:538} INFO - Filling up the DagBag from /home/airflow/.local/lib/python3.8/site-packages/airflow/example_dags/tutorial_dag.py
[2024-01-04T02:21:49.929+0000] {processor.py:840} INFO - DAG(s) 'tutorial_dag' retrieved from /home/airflow/.local/lib/python3.8/site-packages/airflow/example_dags/tutorial_dag.py
[2024-01-04T02:21:49.949+0000] {logging_mixin.py:188} INFO - [2024-01-04T02:21:49.949+0000] {dag.py:3033} INFO - Sync 1 DAGs
[2024-01-04T02:21:49.959+0000] {logging_mixin.py:188} INFO - [2024-01-04T02:21:49.959+0000] {dag.py:3820} INFO - Setting next_dagrun for tutorial_dag to None, run_after=None
[2024-01-04T02:21:49.978+0000] {processor.py:183} INFO - Processing /home/airflow/.local/lib/python3.8/site-packages/airflow/example_dags/tutorial_dag.py took 0.060 seconds
[2024-01-04T02:22:20.210+0000] {processor.py:161} INFO - Started process (PID=873) to work on /home/airflow/.local/lib/python3.8/site-packages/airflow/example_dags/tutorial_dag.py
[2024-01-04T02:22:20.211+0000] {processor.py:830} INFO - Processing file /home/airflow/.local/lib/python3.8/site-packages/airflow/example_dags/tutorial_dag.py for tasks to queue
[2024-01-04T02:22:20.213+0000] {logging_mixin.py:188} INFO - [2024-01-04T02:22:20.213+0000] {dagbag.py:538} INFO - Filling up the DagBag from /home/airflow/.local/lib/python3.8/site-packages/airflow/example_dags/tutorial_dag.py
[2024-01-04T02:22:20.217+0000] {processor.py:840} INFO - DAG(s) 'tutorial_dag' retrieved from /home/airflow/.local/lib/python3.8/site-packages/airflow/example_dags/tutorial_dag.py
[2024-01-04T02:22:20.231+0000] {logging_mixin.py:188} INFO - [2024-01-04T02:22:20.231+0000] {dag.py:3033} INFO - Sync 1 DAGs
[2024-01-04T02:22:20.240+0000] {logging_mixin.py:188} INFO - [2024-01-04T02:22:20.240+0000] {dag.py:3820} INFO - Setting next_dagrun for tutorial_dag to None, run_after=None
[2024-01-04T02:22:20.256+0000] {processor.py:183} INFO - Processing /home/airflow/.local/lib/python3.8/site-packages/airflow/example_dags/tutorial_dag.py took 0.049 seconds
