[2024-01-04T02:14:46.091+0000] {processor.py:161} INFO - Started process (PID=53) to work on /home/airflow/.local/lib/python3.8/site-packages/airflow/example_dags/tutorial.py
[2024-01-04T02:14:46.092+0000] {processor.py:830} INFO - Processing file /home/airflow/.local/lib/python3.8/site-packages/airflow/example_dags/tutorial.py for tasks to queue
[2024-01-04T02:14:46.094+0000] {logging_mixin.py:188} INFO - [2024-01-04T02:14:46.093+0000] {dagbag.py:538} INFO - Filling up the DagBag from /home/airflow/.local/lib/python3.8/site-packages/airflow/example_dags/tutorial.py
[2024-01-04T02:14:46.102+0000] {processor.py:840} INFO - DAG(s) 'tutorial' retrieved from /home/airflow/.local/lib/python3.8/site-packages/airflow/example_dags/tutorial.py
[2024-01-04T02:14:46.186+0000] {logging_mixin.py:188} INFO - [2024-01-04T02:14:46.185+0000] {override.py:1769} INFO - Created Permission View: can edit on DAG:tutorial
[2024-01-04T02:14:46.194+0000] {logging_mixin.py:188} INFO - [2024-01-04T02:14:46.194+0000] {override.py:1769} INFO - Created Permission View: can read on DAG:tutorial
[2024-01-04T02:14:46.200+0000] {logging_mixin.py:188} INFO - [2024-01-04T02:14:46.200+0000] {override.py:1769} INFO - Created Permission View: can delete on DAG:tutorial
[2024-01-04T02:14:46.200+0000] {logging_mixin.py:188} INFO - [2024-01-04T02:14:46.200+0000] {dag.py:3033} INFO - Sync 1 DAGs
[2024-01-04T02:14:46.209+0000] {logging_mixin.py:188} INFO - [2024-01-04T02:14:46.209+0000] {dag.py:3055} INFO - Creating ORM DAG for tutorial
[2024-01-04T02:14:46.217+0000] {logging_mixin.py:188} INFO - [2024-01-04T02:14:46.217+0000] {dag.py:3820} INFO - Setting next_dagrun for tutorial to 2024-01-03T00:00:00+00:00, run_after=2024-01-04T00:00:00+00:00
[2024-01-04T02:14:46.231+0000] {processor.py:183} INFO - Processing /home/airflow/.local/lib/python3.8/site-packages/airflow/example_dags/tutorial.py took 0.143 seconds
[2024-01-04T02:15:16.800+0000] {processor.py:161} INFO - Started process (PID=108) to work on /home/airflow/.local/lib/python3.8/site-packages/airflow/example_dags/tutorial.py
[2024-01-04T02:15:16.801+0000] {processor.py:830} INFO - Processing file /home/airflow/.local/lib/python3.8/site-packages/airflow/example_dags/tutorial.py for tasks to queue
[2024-01-04T02:15:16.804+0000] {logging_mixin.py:188} INFO - [2024-01-04T02:15:16.804+0000] {dagbag.py:538} INFO - Filling up the DagBag from /home/airflow/.local/lib/python3.8/site-packages/airflow/example_dags/tutorial.py
[2024-01-04T02:15:16.809+0000] {processor.py:840} INFO - DAG(s) 'tutorial' retrieved from /home/airflow/.local/lib/python3.8/site-packages/airflow/example_dags/tutorial.py
[2024-01-04T02:15:16.828+0000] {logging_mixin.py:188} INFO - [2024-01-04T02:15:16.828+0000] {dag.py:3033} INFO - Sync 1 DAGs
[2024-01-04T02:15:16.849+0000] {logging_mixin.py:188} INFO - [2024-01-04T02:15:16.849+0000] {dag.py:3820} INFO - Setting next_dagrun for tutorial to 2024-01-03T00:00:00+00:00, run_after=2024-01-04T00:00:00+00:00
[2024-01-04T02:15:16.866+0000] {processor.py:183} INFO - Processing /home/airflow/.local/lib/python3.8/site-packages/airflow/example_dags/tutorial.py took 0.068 seconds
[2024-01-04T02:15:47.384+0000] {processor.py:161} INFO - Started process (PID=163) to work on /home/airflow/.local/lib/python3.8/site-packages/airflow/example_dags/tutorial.py
[2024-01-04T02:15:47.385+0000] {processor.py:830} INFO - Processing file /home/airflow/.local/lib/python3.8/site-packages/airflow/example_dags/tutorial.py for tasks to queue
[2024-01-04T02:15:47.387+0000] {logging_mixin.py:188} INFO - [2024-01-04T02:15:47.387+0000] {dagbag.py:538} INFO - Filling up the DagBag from /home/airflow/.local/lib/python3.8/site-packages/airflow/example_dags/tutorial.py
[2024-01-04T02:15:47.392+0000] {processor.py:840} INFO - DAG(s) 'tutorial' retrieved from /home/airflow/.local/lib/python3.8/site-packages/airflow/example_dags/tutorial.py
[2024-01-04T02:15:47.409+0000] {logging_mixin.py:188} INFO - [2024-01-04T02:15:47.409+0000] {dag.py:3033} INFO - Sync 1 DAGs
[2024-01-04T02:15:47.428+0000] {logging_mixin.py:188} INFO - [2024-01-04T02:15:47.428+0000] {dag.py:3820} INFO - Setting next_dagrun for tutorial to 2024-01-03T00:00:00+00:00, run_after=2024-01-04T00:00:00+00:00
[2024-01-04T02:15:47.445+0000] {processor.py:183} INFO - Processing /home/airflow/.local/lib/python3.8/site-packages/airflow/example_dags/tutorial.py took 0.064 seconds
[2024-01-04T02:16:17.691+0000] {processor.py:161} INFO - Started process (PID=218) to work on /home/airflow/.local/lib/python3.8/site-packages/airflow/example_dags/tutorial.py
[2024-01-04T02:16:17.691+0000] {processor.py:830} INFO - Processing file /home/airflow/.local/lib/python3.8/site-packages/airflow/example_dags/tutorial.py for tasks to queue
[2024-01-04T02:16:17.694+0000] {logging_mixin.py:188} INFO - [2024-01-04T02:16:17.694+0000] {dagbag.py:538} INFO - Filling up the DagBag from /home/airflow/.local/lib/python3.8/site-packages/airflow/example_dags/tutorial.py
[2024-01-04T02:16:17.700+0000] {processor.py:840} INFO - DAG(s) 'tutorial' retrieved from /home/airflow/.local/lib/python3.8/site-packages/airflow/example_dags/tutorial.py
[2024-01-04T02:16:17.719+0000] {logging_mixin.py:188} INFO - [2024-01-04T02:16:17.719+0000] {dag.py:3033} INFO - Sync 1 DAGs
[2024-01-04T02:16:17.742+0000] {logging_mixin.py:188} INFO - [2024-01-04T02:16:17.741+0000] {dag.py:3820} INFO - Setting next_dagrun for tutorial to 2024-01-03T00:00:00+00:00, run_after=2024-01-04T00:00:00+00:00
[2024-01-04T02:16:17.759+0000] {processor.py:183} INFO - Processing /home/airflow/.local/lib/python3.8/site-packages/airflow/example_dags/tutorial.py took 0.072 seconds
[2024-01-04T02:16:47.818+0000] {processor.py:161} INFO - Started process (PID=272) to work on /home/airflow/.local/lib/python3.8/site-packages/airflow/example_dags/tutorial.py
[2024-01-04T02:16:47.818+0000] {processor.py:830} INFO - Processing file /home/airflow/.local/lib/python3.8/site-packages/airflow/example_dags/tutorial.py for tasks to queue
[2024-01-04T02:16:47.820+0000] {logging_mixin.py:188} INFO - [2024-01-04T02:16:47.820+0000] {dagbag.py:538} INFO - Filling up the DagBag from /home/airflow/.local/lib/python3.8/site-packages/airflow/example_dags/tutorial.py
[2024-01-04T02:16:47.824+0000] {processor.py:840} INFO - DAG(s) 'tutorial' retrieved from /home/airflow/.local/lib/python3.8/site-packages/airflow/example_dags/tutorial.py
[2024-01-04T02:16:47.838+0000] {logging_mixin.py:188} INFO - [2024-01-04T02:16:47.838+0000] {dag.py:3033} INFO - Sync 1 DAGs
[2024-01-04T02:16:47.854+0000] {logging_mixin.py:188} INFO - [2024-01-04T02:16:47.854+0000] {dag.py:3820} INFO - Setting next_dagrun for tutorial to 2024-01-03T00:00:00+00:00, run_after=2024-01-04T00:00:00+00:00
[2024-01-04T02:16:47.870+0000] {processor.py:183} INFO - Processing /home/airflow/.local/lib/python3.8/site-packages/airflow/example_dags/tutorial.py took 0.054 seconds
[2024-01-04T02:17:18.221+0000] {processor.py:161} INFO - Started process (PID=327) to work on /home/airflow/.local/lib/python3.8/site-packages/airflow/example_dags/tutorial.py
[2024-01-04T02:17:18.222+0000] {processor.py:830} INFO - Processing file /home/airflow/.local/lib/python3.8/site-packages/airflow/example_dags/tutorial.py for tasks to queue
[2024-01-04T02:17:18.223+0000] {logging_mixin.py:188} INFO - [2024-01-04T02:17:18.223+0000] {dagbag.py:538} INFO - Filling up the DagBag from /home/airflow/.local/lib/python3.8/site-packages/airflow/example_dags/tutorial.py
[2024-01-04T02:17:18.227+0000] {processor.py:840} INFO - DAG(s) 'tutorial' retrieved from /home/airflow/.local/lib/python3.8/site-packages/airflow/example_dags/tutorial.py
[2024-01-04T02:17:18.243+0000] {logging_mixin.py:188} INFO - [2024-01-04T02:17:18.243+0000] {dag.py:3033} INFO - Sync 1 DAGs
[2024-01-04T02:17:18.258+0000] {logging_mixin.py:188} INFO - [2024-01-04T02:17:18.258+0000] {dag.py:3820} INFO - Setting next_dagrun for tutorial to 2024-01-03T00:00:00+00:00, run_after=2024-01-04T00:00:00+00:00
[2024-01-04T02:17:18.274+0000] {processor.py:183} INFO - Processing /home/airflow/.local/lib/python3.8/site-packages/airflow/example_dags/tutorial.py took 0.055 seconds
[2024-01-04T02:17:48.342+0000] {processor.py:161} INFO - Started process (PID=382) to work on /home/airflow/.local/lib/python3.8/site-packages/airflow/example_dags/tutorial.py
[2024-01-04T02:17:48.343+0000] {processor.py:830} INFO - Processing file /home/airflow/.local/lib/python3.8/site-packages/airflow/example_dags/tutorial.py for tasks to queue
[2024-01-04T02:17:48.345+0000] {logging_mixin.py:188} INFO - [2024-01-04T02:17:48.344+0000] {dagbag.py:538} INFO - Filling up the DagBag from /home/airflow/.local/lib/python3.8/site-packages/airflow/example_dags/tutorial.py
[2024-01-04T02:17:48.349+0000] {processor.py:840} INFO - DAG(s) 'tutorial' retrieved from /home/airflow/.local/lib/python3.8/site-packages/airflow/example_dags/tutorial.py
[2024-01-04T02:17:48.363+0000] {logging_mixin.py:188} INFO - [2024-01-04T02:17:48.363+0000] {dag.py:3033} INFO - Sync 1 DAGs
[2024-01-04T02:17:48.379+0000] {logging_mixin.py:188} INFO - [2024-01-04T02:17:48.378+0000] {dag.py:3820} INFO - Setting next_dagrun for tutorial to 2024-01-03T00:00:00+00:00, run_after=2024-01-04T00:00:00+00:00
[2024-01-04T02:17:48.394+0000] {processor.py:183} INFO - Processing /home/airflow/.local/lib/python3.8/site-packages/airflow/example_dags/tutorial.py took 0.054 seconds
[2024-01-04T02:18:18.739+0000] {processor.py:161} INFO - Started process (PID=437) to work on /home/airflow/.local/lib/python3.8/site-packages/airflow/example_dags/tutorial.py
[2024-01-04T02:18:18.740+0000] {processor.py:830} INFO - Processing file /home/airflow/.local/lib/python3.8/site-packages/airflow/example_dags/tutorial.py for tasks to queue
[2024-01-04T02:18:18.742+0000] {logging_mixin.py:188} INFO - [2024-01-04T02:18:18.742+0000] {dagbag.py:538} INFO - Filling up the DagBag from /home/airflow/.local/lib/python3.8/site-packages/airflow/example_dags/tutorial.py
[2024-01-04T02:18:18.746+0000] {processor.py:840} INFO - DAG(s) 'tutorial' retrieved from /home/airflow/.local/lib/python3.8/site-packages/airflow/example_dags/tutorial.py
[2024-01-04T02:18:18.759+0000] {logging_mixin.py:188} INFO - [2024-01-04T02:18:18.759+0000] {dag.py:3033} INFO - Sync 1 DAGs
[2024-01-04T02:18:18.773+0000] {logging_mixin.py:188} INFO - [2024-01-04T02:18:18.773+0000] {dag.py:3820} INFO - Setting next_dagrun for tutorial to 2024-01-03T00:00:00+00:00, run_after=2024-01-04T00:00:00+00:00
[2024-01-04T02:18:18.788+0000] {processor.py:183} INFO - Processing /home/airflow/.local/lib/python3.8/site-packages/airflow/example_dags/tutorial.py took 0.050 seconds
[2024-01-04T02:18:48.897+0000] {processor.py:161} INFO - Started process (PID=492) to work on /home/airflow/.local/lib/python3.8/site-packages/airflow/example_dags/tutorial.py
[2024-01-04T02:18:48.898+0000] {processor.py:830} INFO - Processing file /home/airflow/.local/lib/python3.8/site-packages/airflow/example_dags/tutorial.py for tasks to queue
[2024-01-04T02:18:48.900+0000] {logging_mixin.py:188} INFO - [2024-01-04T02:18:48.900+0000] {dagbag.py:538} INFO - Filling up the DagBag from /home/airflow/.local/lib/python3.8/site-packages/airflow/example_dags/tutorial.py
[2024-01-04T02:18:48.906+0000] {processor.py:840} INFO - DAG(s) 'tutorial' retrieved from /home/airflow/.local/lib/python3.8/site-packages/airflow/example_dags/tutorial.py
[2024-01-04T02:18:48.923+0000] {logging_mixin.py:188} INFO - [2024-01-04T02:18:48.923+0000] {dag.py:3033} INFO - Sync 1 DAGs
[2024-01-04T02:18:48.939+0000] {logging_mixin.py:188} INFO - [2024-01-04T02:18:48.939+0000] {dag.py:3820} INFO - Setting next_dagrun for tutorial to 2024-01-03T00:00:00+00:00, run_after=2024-01-04T00:00:00+00:00
[2024-01-04T02:18:48.952+0000] {processor.py:183} INFO - Processing /home/airflow/.local/lib/python3.8/site-packages/airflow/example_dags/tutorial.py took 0.057 seconds
[2024-01-04T02:19:19.034+0000] {processor.py:161} INFO - Started process (PID=547) to work on /home/airflow/.local/lib/python3.8/site-packages/airflow/example_dags/tutorial.py
[2024-01-04T02:19:19.035+0000] {processor.py:830} INFO - Processing file /home/airflow/.local/lib/python3.8/site-packages/airflow/example_dags/tutorial.py for tasks to queue
[2024-01-04T02:19:19.037+0000] {logging_mixin.py:188} INFO - [2024-01-04T02:19:19.036+0000] {dagbag.py:538} INFO - Filling up the DagBag from /home/airflow/.local/lib/python3.8/site-packages/airflow/example_dags/tutorial.py
[2024-01-04T02:19:19.041+0000] {processor.py:840} INFO - DAG(s) 'tutorial' retrieved from /home/airflow/.local/lib/python3.8/site-packages/airflow/example_dags/tutorial.py
[2024-01-04T02:19:19.054+0000] {logging_mixin.py:188} INFO - [2024-01-04T02:19:19.054+0000] {dag.py:3033} INFO - Sync 1 DAGs
[2024-01-04T02:19:19.068+0000] {logging_mixin.py:188} INFO - [2024-01-04T02:19:19.068+0000] {dag.py:3820} INFO - Setting next_dagrun for tutorial to 2024-01-03T00:00:00+00:00, run_after=2024-01-04T00:00:00+00:00
[2024-01-04T02:19:19.080+0000] {processor.py:183} INFO - Processing /home/airflow/.local/lib/python3.8/site-packages/airflow/example_dags/tutorial.py took 0.049 seconds
[2024-01-04T02:19:49.171+0000] {processor.py:161} INFO - Started process (PID=602) to work on /home/airflow/.local/lib/python3.8/site-packages/airflow/example_dags/tutorial.py
[2024-01-04T02:19:49.172+0000] {processor.py:830} INFO - Processing file /home/airflow/.local/lib/python3.8/site-packages/airflow/example_dags/tutorial.py for tasks to queue
[2024-01-04T02:19:49.173+0000] {logging_mixin.py:188} INFO - [2024-01-04T02:19:49.173+0000] {dagbag.py:538} INFO - Filling up the DagBag from /home/airflow/.local/lib/python3.8/site-packages/airflow/example_dags/tutorial.py
[2024-01-04T02:19:49.178+0000] {processor.py:840} INFO - DAG(s) 'tutorial' retrieved from /home/airflow/.local/lib/python3.8/site-packages/airflow/example_dags/tutorial.py
[2024-01-04T02:19:49.191+0000] {logging_mixin.py:188} INFO - [2024-01-04T02:19:49.191+0000] {dag.py:3033} INFO - Sync 1 DAGs
[2024-01-04T02:19:49.207+0000] {logging_mixin.py:188} INFO - [2024-01-04T02:19:49.206+0000] {dag.py:3820} INFO - Setting next_dagrun for tutorial to 2024-01-03T00:00:00+00:00, run_after=2024-01-04T00:00:00+00:00
[2024-01-04T02:19:49.222+0000] {processor.py:183} INFO - Processing /home/airflow/.local/lib/python3.8/site-packages/airflow/example_dags/tutorial.py took 0.053 seconds
[2024-01-04T02:20:19.331+0000] {processor.py:161} INFO - Started process (PID=657) to work on /home/airflow/.local/lib/python3.8/site-packages/airflow/example_dags/tutorial.py
[2024-01-04T02:20:19.332+0000] {processor.py:830} INFO - Processing file /home/airflow/.local/lib/python3.8/site-packages/airflow/example_dags/tutorial.py for tasks to queue
[2024-01-04T02:20:19.333+0000] {logging_mixin.py:188} INFO - [2024-01-04T02:20:19.333+0000] {dagbag.py:538} INFO - Filling up the DagBag from /home/airflow/.local/lib/python3.8/site-packages/airflow/example_dags/tutorial.py
[2024-01-04T02:20:19.337+0000] {processor.py:840} INFO - DAG(s) 'tutorial' retrieved from /home/airflow/.local/lib/python3.8/site-packages/airflow/example_dags/tutorial.py
[2024-01-04T02:20:19.352+0000] {logging_mixin.py:188} INFO - [2024-01-04T02:20:19.352+0000] {dag.py:3033} INFO - Sync 1 DAGs
[2024-01-04T02:20:19.367+0000] {logging_mixin.py:188} INFO - [2024-01-04T02:20:19.367+0000] {dag.py:3820} INFO - Setting next_dagrun for tutorial to 2024-01-03T00:00:00+00:00, run_after=2024-01-04T00:00:00+00:00
[2024-01-04T02:20:19.382+0000] {processor.py:183} INFO - Processing /home/airflow/.local/lib/python3.8/site-packages/airflow/example_dags/tutorial.py took 0.054 seconds
[2024-01-04T02:20:49.681+0000] {processor.py:161} INFO - Started process (PID=712) to work on /home/airflow/.local/lib/python3.8/site-packages/airflow/example_dags/tutorial.py
[2024-01-04T02:20:49.682+0000] {processor.py:830} INFO - Processing file /home/airflow/.local/lib/python3.8/site-packages/airflow/example_dags/tutorial.py for tasks to queue
[2024-01-04T02:20:49.683+0000] {logging_mixin.py:188} INFO - [2024-01-04T02:20:49.683+0000] {dagbag.py:538} INFO - Filling up the DagBag from /home/airflow/.local/lib/python3.8/site-packages/airflow/example_dags/tutorial.py
[2024-01-04T02:20:49.687+0000] {processor.py:840} INFO - DAG(s) 'tutorial' retrieved from /home/airflow/.local/lib/python3.8/site-packages/airflow/example_dags/tutorial.py
[2024-01-04T02:20:49.702+0000] {logging_mixin.py:188} INFO - [2024-01-04T02:20:49.702+0000] {dag.py:3033} INFO - Sync 1 DAGs
[2024-01-04T02:20:49.719+0000] {logging_mixin.py:188} INFO - [2024-01-04T02:20:49.719+0000] {dag.py:3820} INFO - Setting next_dagrun for tutorial to 2024-01-03T00:00:00+00:00, run_after=2024-01-04T00:00:00+00:00
[2024-01-04T02:20:49.734+0000] {processor.py:183} INFO - Processing /home/airflow/.local/lib/python3.8/site-packages/airflow/example_dags/tutorial.py took 0.056 seconds
[2024-01-04T02:21:19.807+0000] {processor.py:161} INFO - Started process (PID=767) to work on /home/airflow/.local/lib/python3.8/site-packages/airflow/example_dags/tutorial.py
[2024-01-04T02:21:19.808+0000] {processor.py:830} INFO - Processing file /home/airflow/.local/lib/python3.8/site-packages/airflow/example_dags/tutorial.py for tasks to queue
[2024-01-04T02:21:19.809+0000] {logging_mixin.py:188} INFO - [2024-01-04T02:21:19.809+0000] {dagbag.py:538} INFO - Filling up the DagBag from /home/airflow/.local/lib/python3.8/site-packages/airflow/example_dags/tutorial.py
[2024-01-04T02:21:19.814+0000] {processor.py:840} INFO - DAG(s) 'tutorial' retrieved from /home/airflow/.local/lib/python3.8/site-packages/airflow/example_dags/tutorial.py
[2024-01-04T02:21:19.828+0000] {logging_mixin.py:188} INFO - [2024-01-04T02:21:19.828+0000] {dag.py:3033} INFO - Sync 1 DAGs
[2024-01-04T02:21:19.843+0000] {logging_mixin.py:188} INFO - [2024-01-04T02:21:19.843+0000] {dag.py:3820} INFO - Setting next_dagrun for tutorial to 2024-01-03T00:00:00+00:00, run_after=2024-01-04T00:00:00+00:00
[2024-01-04T02:21:19.857+0000] {processor.py:183} INFO - Processing /home/airflow/.local/lib/python3.8/site-packages/airflow/example_dags/tutorial.py took 0.052 seconds
[2024-01-04T02:21:50.180+0000] {processor.py:161} INFO - Started process (PID=823) to work on /home/airflow/.local/lib/python3.8/site-packages/airflow/example_dags/tutorial.py
[2024-01-04T02:21:50.181+0000] {processor.py:830} INFO - Processing file /home/airflow/.local/lib/python3.8/site-packages/airflow/example_dags/tutorial.py for tasks to queue
[2024-01-04T02:21:50.183+0000] {logging_mixin.py:188} INFO - [2024-01-04T02:21:50.183+0000] {dagbag.py:538} INFO - Filling up the DagBag from /home/airflow/.local/lib/python3.8/site-packages/airflow/example_dags/tutorial.py
[2024-01-04T02:21:50.187+0000] {processor.py:840} INFO - DAG(s) 'tutorial' retrieved from /home/airflow/.local/lib/python3.8/site-packages/airflow/example_dags/tutorial.py
[2024-01-04T02:21:50.204+0000] {logging_mixin.py:188} INFO - [2024-01-04T02:21:50.204+0000] {dag.py:3033} INFO - Sync 1 DAGs
[2024-01-04T02:21:50.219+0000] {logging_mixin.py:188} INFO - [2024-01-04T02:21:50.219+0000] {dag.py:3820} INFO - Setting next_dagrun for tutorial to 2024-01-03T00:00:00+00:00, run_after=2024-01-04T00:00:00+00:00
[2024-01-04T02:21:50.232+0000] {processor.py:183} INFO - Processing /home/airflow/.local/lib/python3.8/site-packages/airflow/example_dags/tutorial.py took 0.054 seconds
[2024-01-04T02:22:20.378+0000] {processor.py:161} INFO - Started process (PID=878) to work on /home/airflow/.local/lib/python3.8/site-packages/airflow/example_dags/tutorial.py
[2024-01-04T02:22:20.379+0000] {processor.py:830} INFO - Processing file /home/airflow/.local/lib/python3.8/site-packages/airflow/example_dags/tutorial.py for tasks to queue
[2024-01-04T02:22:20.380+0000] {logging_mixin.py:188} INFO - [2024-01-04T02:22:20.380+0000] {dagbag.py:538} INFO - Filling up the DagBag from /home/airflow/.local/lib/python3.8/site-packages/airflow/example_dags/tutorial.py
[2024-01-04T02:22:20.385+0000] {processor.py:840} INFO - DAG(s) 'tutorial' retrieved from /home/airflow/.local/lib/python3.8/site-packages/airflow/example_dags/tutorial.py
[2024-01-04T02:22:20.400+0000] {logging_mixin.py:188} INFO - [2024-01-04T02:22:20.400+0000] {dag.py:3033} INFO - Sync 1 DAGs
[2024-01-04T02:22:20.417+0000] {logging_mixin.py:188} INFO - [2024-01-04T02:22:20.417+0000] {dag.py:3820} INFO - Setting next_dagrun for tutorial to 2024-01-03T00:00:00+00:00, run_after=2024-01-04T00:00:00+00:00
[2024-01-04T02:22:20.433+0000] {processor.py:183} INFO - Processing /home/airflow/.local/lib/python3.8/site-packages/airflow/example_dags/tutorial.py took 0.057 seconds
